2020-10-23 01:20:49,962  INFO - Run by: QUALITEST\ramanamma.robbi
2020-10-23 01:20:49,966  INFO - Opening C:\genesys\Genesys-Automation-master\Datasheets\CPQ_Automation_POC_Classic_ExistingAccount_NORAMP_Monthly.xls
2020-10-23 01:20:50,176  INFO - Changing log level
2020-10-23 01:20:50,176  INFO - Log Level has successfuly changed to: TRACE
2020-10-23 01:20:50,176 DEBUG - Loading test case 'Verify  the user is able to  Create a New Quote on a existing Opportunity and add the Products to the same Quote'
2020-10-23 01:20:50,178 DEBUG - Creating test case Verify  the user is able to  Create a New Quote on a existing Opportunity and add the Products to the same Quote
2020-10-23 01:20:50,195 DEBUG - Loading keyword 'LoginToApplication' in app 'Classic'
2020-10-23 01:20:50,199 DEBUG - Checking in com.qualitestgroup.keywords.classic.Classic
2020-10-23 01:20:50,207 DEBUG - Loading keyword 'SearchAndAddWrapperProduct' in app 'Classic'
2020-10-23 01:20:50,208 DEBUG - Checking in com.qualitestgroup.keywords.classic.Classic
2020-10-23 01:20:50,211  INFO - Checking Verify  the user is able to  Create a New Quote on a existing Opportunity and add the Products to the same Quote's dependencies.
2020-10-23 01:20:50,212  INFO - Dependencies OK, running test.
2020-10-23 01:20:50,212  INFO - Changing log level
2020-10-23 01:20:50,212  INFO - Log Level has successfuly changed to: TRACE
2020-10-23 01:20:50,212  INFO - Changing log level
2020-10-23 01:20:50,212  INFO - Log Level has successfuly changed to: TRACE
2020-10-23 01:20:50,238  INFO - Loading test data for Verify  the user is able to  Create a New Quote on a existing Opportunity and add the Products to the same Quote
2020-10-23 01:20:50,253  INFO - Changing log level
2020-10-23 01:20:50,254  INFO - Log Level has successfuly changed to: TRACE
2020-10-23 01:20:50,254  INFO - Verify  the user is able to  Create a New Quote on a existing Opportunity and add the Products to the same Quote run #1
2020-10-23 01:20:50,254 DEBUG - Args: {Username=robbi.ramanamma@genesys.com.qa, URL=https://genesys--qa.my.salesforce.com/, Browser=Chrome, Password=Zen@1234}
2020-10-23 01:20:50,254  INFO - Initializing keyword LoginToApplication
2020-10-23 01:20:50,254  INFO - Executing keyword LoginToApplication
2020-10-23 01:20:50,256 DEBUG - Checking in com.qualitestgroup.keywords.browser.Browser
2020-10-23 01:20:50,256 DEBUG - Checking in com.qualitestgroup.keywords.common.Browser
2020-10-23 01:20:50,261 DEBUG - Args: {Browser=Chrome}
2020-10-23 01:20:50,261  INFO - Initializing keyword Launch
2020-10-23 01:20:50,261  INFO - Executing keyword Launch
2020-10-23 01:20:57,412  INFO - Cleaning up keyword Launch
2020-10-23 01:20:57,412  INFO - Keyword Launch complete.
2020-10-23 01:21:14,025  INFO - Cleaning up keyword LoginToApplication
2020-10-23 01:21:14,026  INFO - Keyword LoginToApplication complete.
2020-10-23 01:21:14,424 DEBUG - Arguments: {Username=robbi.ramanamma@genesys.com.qa, URL=https://genesys--qa.my.salesforce.com/, Browser=Chrome, Password=Zen@1234}
2020-10-23 01:21:15,862 DEBUG - <a href="screenshots/shot_2020-10-23_1h21m14s425ms.jpg">Screen Shot</a>
2020-10-23 01:21:15,863 DEBUG - Args: {BundleProduct1=PureCloud 2 User - Wrapper@1.00|PureCloud 2 User - Ramp@1.00}
2020-10-23 01:21:15,863  INFO - Initializing keyword SearchAndAddWrapperProduct
2020-10-23 01:21:15,863  INFO - Executing keyword SearchAndAddWrapperProduct
2020-10-23 01:22:26,877  WARN - Keyword SearchAndAddWrapperProduct execution fail: Not able to click on an element having xpath - <b>//paper-button/*[text()='Select']</b>
2020-10-23 01:22:26,886  WARN - element click intercepted: Element <sb-i18n class="style-scope sb-product-lookup">...</sb-i18n> is not clickable at point (1073, 192). Other element would receive the click: <div id="mask" class="sbLoadingMask fixed style-scope sf-loading-spinner">...</div>
  (Session info: chrome=86.0.4240.75)
Build info: version: '3.4.0', revision: 'unknown', time: 'unknown'
System info: host: 'QT-INBG-LT0557', ip: '10.31.234.161', os.name: 'Windows 10', os.arch: 'amd64', os.version: '10.0', java.version: '1.8.0_261'
Driver info: org.openqa.selenium.chrome.ChromeDriver
Capabilities [{networkConnectionEnabled=false, chrome={chromedriverVersion=85.0.4183.87 (cd6713ebf92fa1cacc0f1a598df280093af0c5d7-refs/branch-heads/4183@{#1689}), userDataDir=C:\Users\RAMANA~1.ROB\AppData\Local\Temp\scoped_dir16844_1520053377}, timeouts={implicit=0.0, pageLoad=300000.0, script=30000.0}, pageLoadStrategy=normal, unhandledPromptBehavior=dismiss and notify, strictFileInteractability=false, platform=ANY, proxy=Proxy(), goog:chromeOptions={debuggerAddress=localhost:55412}, acceptInsecureCerts=false, browserVersion=86.0.4240.75, browserName=chrome, javascriptEnabled=true, platformName=windows, setWindowRect=true, webauthn:virtualAuthenticators=true}]
Session ID: 83f395cbc7c5792c19338b768e2c34bc
2020-10-23 01:22:26,887  INFO - Cleaning up keyword SearchAndAddWrapperProduct
2020-10-23 01:22:26,888  INFO - Keyword SearchAndAddWrapperProduct complete.
2020-10-23 01:22:27,914 DEBUG - Arguments: {BundleProduct1=PureCloud 2 User - Wrapper@1.00|PureCloud 2 User - Ramp@1.00}
2020-10-23 01:22:28,282 DEBUG - <a href="screenshots/shot_2020-10-23_1h22m27s915ms.jpg">Screen Shot</a>
2020-10-23 01:22:28,283 ERROR - Verify  the user is able to  Create a New Quote on a existing Opportunity and add the Products to the same Quote run #1 failed.
2020-10-23 01:22:28,309  INFO - Verify  the user is able to  Create a New Quote on a existing Opportunity and add the Products to the same Quote completed.
2020-10-23 01:22:29,957  INFO - Test Failed
