2020-10-24 23:07:51,396  INFO - Run by: QUALITEST\ramanamma.robbi
2020-10-24 23:07:51,409  INFO - Opening C:\genesys\Genesys-Automation-master\Datasheets\CPQ_Automation_POC_Classic_ExistingAccount_NORAMP_Monthly.xls
2020-10-24 23:07:51,879  INFO - Changing log level
2020-10-24 23:07:51,880  INFO - Log Level has successfuly changed to: TRACE
2020-10-24 23:07:51,881 DEBUG - Loading test case 'Verify  the user is able to  Create a New Quote on a existing Opportunity and add the Products to the same Quote'
2020-10-24 23:07:52,042 DEBUG - Creating test case Verify  the user is able to  Create a New Quote on a existing Opportunity and add the Products to the same Quote
2020-10-24 23:07:52,150 DEBUG - Loading keyword 'LoginToApplication' in app 'Classic'
2020-10-24 23:07:52,262 DEBUG - Checking in com.qualitestgroup.keywords.classic.Classic
2020-10-24 23:07:52,287 DEBUG - Loading keyword 'EnterQuoteMandatoryDetailsForRAMP' in app 'Classic'
2020-10-24 23:07:52,288 DEBUG - Checking in com.qualitestgroup.keywords.classic.Classic
2020-10-24 23:07:52,295 DEBUG - Loading keyword 'SearchAndAddProducts' in app 'Classic'
2020-10-24 23:07:52,296 DEBUG - Checking in com.qualitestgroup.keywords.classic.Classic
2020-10-24 23:07:52,317 DEBUG - Loading keyword 'SearchAndAddWrapperProduct' in app 'Classic'
2020-10-24 23:07:52,317 DEBUG - Checking in com.qualitestgroup.keywords.classic.Classic
2020-10-24 23:07:52,321 DEBUG - Loading keyword 'ConfigureProducts' in app 'Classic'
2020-10-24 23:07:52,322 DEBUG - Checking in com.qualitestgroup.keywords.classic.Classic
2020-10-24 23:07:52,327 DEBUG - Loading keyword 'EnterValuesToTheProductsForRamp' in app 'Classic'
2020-10-24 23:07:52,328 DEBUG - Checking in com.qualitestgroup.keywords.classic.Classic
2020-10-24 23:07:52,338  INFO - Checking Verify  the user is able to  Create a New Quote on a existing Opportunity and add the Products to the same Quote's dependencies.
2020-10-24 23:07:52,338  INFO - Dependencies OK, running test.
2020-10-24 23:07:52,338  INFO - Changing log level
2020-10-24 23:07:52,338  INFO - Log Level has successfuly changed to: TRACE
2020-10-24 23:07:52,338  INFO - Changing log level
2020-10-24 23:07:52,339  INFO - Log Level has successfuly changed to: TRACE
2020-10-24 23:07:52,389  INFO - Loading test data for Verify  the user is able to  Create a New Quote on a existing Opportunity and add the Products to the same Quote
2020-10-24 23:07:52,426  INFO - Changing log level
2020-10-24 23:07:52,426  INFO - Log Level has successfuly changed to: TRACE
2020-10-24 23:07:52,426  INFO - Verify  the user is able to  Create a New Quote on a existing Opportunity and add the Products to the same Quote run #1
2020-10-24 23:07:52,427 DEBUG - Args: {Username=robbi.ramanamma@genesys.com.qa, URL=https://genesys--qa.my.salesforce.com/, Browser=Chrome, Password=Zen@1234}
2020-10-24 23:07:52,427  INFO - Initializing keyword LoginToApplication
2020-10-24 23:07:52,428  INFO - Executing keyword LoginToApplication
2020-10-24 23:07:52,430 DEBUG - Checking in com.qualitestgroup.keywords.browser.Browser
2020-10-24 23:07:52,431 DEBUG - Checking in com.qualitestgroup.keywords.common.Browser
2020-10-24 23:07:52,491 DEBUG - Args: {Browser=Chrome}
2020-10-24 23:07:52,491  INFO - Initializing keyword Launch
2020-10-24 23:07:52,491  INFO - Executing keyword Launch
2020-10-24 23:08:00,978  INFO - Cleaning up keyword Launch
2020-10-24 23:08:00,979  INFO - Keyword Launch complete.
2020-10-24 23:08:19,130  INFO - Cleaning up keyword LoginToApplication
2020-10-24 23:08:19,131  INFO - Keyword LoginToApplication complete.
2020-10-24 23:08:19,770 DEBUG - Arguments: {Username=robbi.ramanamma@genesys.com.qa, URL=https://genesys--qa.my.salesforce.com/, Browser=Chrome, Password=Zen@1234}
2020-10-24 23:08:20,242 DEBUG - <a href="screenshots/shot_2020-10-24_23h8m19s771ms.jpg">Screen Shot</a>
2020-10-24 23:08:20,245 DEBUG - Args: {QuoteFieldValues=Monthly|2 Years|Test|New Subscription|24|Annual M2M|Net 30|Yes|Yes|Test}
2020-10-24 23:08:20,246  INFO - Initializing keyword EnterQuoteMandatoryDetailsForRAMP
2020-10-24 23:08:20,246  INFO - Executing keyword EnterQuoteMandatoryDetailsForRAMP
2020-10-24 23:09:15,021  WARN - Keyword EnterQuoteMandatoryDetailsForRAMP execution fail: Not able to enter on an element having xpath - <b>//label[text()='PO Date']/../following-sibling::td[1]//input</b>
2020-10-24 23:09:15,035  WARN - element click intercepted: Element <input id="00N11000009beYE" name="00N11000009beYE" onfocus="DatePicker.pickDate(false, '00N11000009beYE', false);" size="12" tabindex="79" type="text"> is not clickable at point (1216, 560). Other element would receive the click: <div class="buttonBar">...</div>
  (Session info: chrome=86.0.4240.111)
Build info: version: '3.4.0', revision: 'unknown', time: 'unknown'
System info: host: 'QT-INBG-LT0557', ip: '10.31.234.198', os.name: 'Windows 10', os.arch: 'amd64', os.version: '10.0', java.version: '1.8.0_261'
Driver info: org.openqa.selenium.chrome.ChromeDriver
Capabilities [{networkConnectionEnabled=false, chrome={chromedriverVersion=85.0.4183.87 (cd6713ebf92fa1cacc0f1a598df280093af0c5d7-refs/branch-heads/4183@{#1689}), userDataDir=C:\Users\RAMANA~1.ROB\AppData\Local\Temp\scoped_dir17552_697020025}, timeouts={implicit=0.0, pageLoad=300000.0, script=30000.0}, pageLoadStrategy=normal, unhandledPromptBehavior=dismiss and notify, strictFileInteractability=false, platform=ANY, proxy=Proxy(), goog:chromeOptions={debuggerAddress=localhost:53841}, acceptInsecureCerts=false, browserVersion=86.0.4240.111, browserName=chrome, javascriptEnabled=true, platformName=windows, setWindowRect=true, webauthn:virtualAuthenticators=true}]
Session ID: f4e81614571689b1f4f54fa485b48ce5
2020-10-24 23:09:15,035  INFO - Cleaning up keyword EnterQuoteMandatoryDetailsForRAMP
2020-10-24 23:09:15,035  INFO - Keyword EnterQuoteMandatoryDetailsForRAMP complete.
2020-10-24 23:09:15,878 DEBUG - Arguments: {QuoteFieldValues=Monthly|2 Years|Test|New Subscription|24|Annual M2M|Net 30|Yes|Yes|Test}
2020-10-24 23:09:16,224 DEBUG - <a href="screenshots/shot_2020-10-24_23h9m15s879ms.jpg">Screen Shot</a>
2020-10-24 23:09:16,225 ERROR - Verify  the user is able to  Create a New Quote on a existing Opportunity and add the Products to the same Quote run #1 failed.
2020-10-24 23:09:16,312  INFO - Verify  the user is able to  Create a New Quote on a existing Opportunity and add the Products to the same Quote completed.
2020-10-24 23:09:18,558  INFO - Test Failed
