2020-09-22 14:07:54,937  INFO - Run by: QUALITEST\ramanamma.robbi
2020-09-22 14:07:54,944  INFO - Opening C:\genesys\Genesys-Automation-master\Datasheets\CPQ_Automation_POC_Classic.xls
2020-09-22 14:07:55,711  INFO - Changing log level
2020-09-22 14:07:55,712  INFO - Log Level has successfuly changed to: TRACE
2020-09-22 14:07:55,712 DEBUG - Loading test case 'Verify  the user is able to  Create a New Quote on a existing Opportunity and add the Products to the same Quote'
2020-09-22 14:07:55,739 DEBUG - Creating test case Verify  the user is able to  Create a New Quote on a existing Opportunity and add the Products to the same Quote
2020-09-22 14:07:55,791 DEBUG - Loading keyword 'LoginToApplication' in app 'Classic'
2020-09-22 14:07:55,801 DEBUG - Checking in com.qualitestgroup.keywords.classic.Classic
2020-09-22 14:07:55,830 DEBUG - Loading keyword 'SearchAndAddOneHardwareProduct' in app 'Classic'
2020-09-22 14:07:55,830 DEBUG - Checking in com.qualitestgroup.keywords.classic.Classic
2020-09-22 14:07:55,840  INFO - Checking Verify  the user is able to  Create a New Quote on a existing Opportunity and add the Products to the same Quote's dependencies.
2020-09-22 14:07:55,840  INFO - Dependencies OK, running test.
2020-09-22 14:07:55,841  INFO - Changing log level
2020-09-22 14:07:55,841  INFO - Log Level has successfuly changed to: TRACE
2020-09-22 14:07:55,842  INFO - Changing log level
2020-09-22 14:07:55,842  INFO - Log Level has successfuly changed to: TRACE
2020-09-22 14:07:55,929  INFO - Loading test data for Verify  the user is able to  Create a New Quote on a existing Opportunity and add the Products to the same Quote
2020-09-22 14:07:55,962  INFO - Changing log level
2020-09-22 14:07:55,962  INFO - Log Level has successfuly changed to: TRACE
2020-09-22 14:07:55,962  INFO - Verify  the user is able to  Create a New Quote on a existing Opportunity and add the Products to the same Quote run #1
2020-09-22 14:07:55,963 DEBUG - Args: {Username=robbi.ramanamma@genesys.com.qa, URL=https://genesys--qa.my.salesforce.com/, Browser=Chrome, Password=Zen@1234}
2020-09-22 14:07:55,966  INFO - Initializing keyword LoginToApplication
2020-09-22 14:07:55,966  INFO - Executing keyword LoginToApplication
2020-09-22 14:07:55,969 DEBUG - Checking in com.qualitestgroup.keywords.browser.Browser
2020-09-22 14:07:55,971 DEBUG - Checking in com.qualitestgroup.keywords.common.Browser
2020-09-22 14:07:56,008 DEBUG - Args: {Browser=Chrome}
2020-09-22 14:07:56,008  INFO - Initializing keyword Launch
2020-09-22 14:07:56,008  INFO - Executing keyword Launch
2020-09-22 14:08:04,030  INFO - Cleaning up keyword Launch
2020-09-22 14:08:04,031  INFO - Keyword Launch complete.
2020-09-22 14:08:22,329  INFO - Cleaning up keyword LoginToApplication
2020-09-22 14:08:22,330  INFO - Keyword LoginToApplication complete.
2020-09-22 14:08:22,870 DEBUG - Arguments: {Username=robbi.ramanamma@genesys.com.qa, URL=https://genesys--qa.my.salesforce.com/, Browser=Chrome, Password=Zen@1234}
2020-09-22 14:08:23,406 DEBUG - <a href="screenshots/shot_2020-9-22_14h8m22s873ms.jpg">Screen Shot</a>
2020-09-22 14:08:23,407 DEBUG - Args: {HardwareProd1=10 Rack Mounting Shelves - Bulk Pack for MP-11x@5.00|2U 15" Rack Shelf@5.00, HardwareProd1MandateFieldValues=12||2, QuoteFieldValues=Monthly|2 Years| 9/9/2020|Test|New Subscription|12|9/9/2020|Annual M2M|Net 30|Yes|Yes|Test}
2020-09-22 14:08:23,407  INFO - Initializing keyword SearchAndAddOneHardwareProduct
2020-09-22 14:08:23,407  INFO - Executing keyword SearchAndAddOneHardwareProduct
2020-09-22 14:10:22,953  WARN - Keyword SearchAndAddOneHardwareProduct execution fail: Not able to clear textbox in an element having xpath - <b>//input[@id='dateInput']</b>
2020-09-22 14:10:22,966  WARN - no such element: Unable to locate element: {"method":"xpath","selector":"//input[@id='dateInput']"}
  (Session info: chrome=84.0.4147.135)
For documentation on this error, please visit: http://seleniumhq.org/exceptions/no_such_element.html
Build info: version: '3.4.0', revision: 'unknown', time: 'unknown'
System info: host: 'QT-INBG-LT0557', ip: '10.31.232.248', os.name: 'Windows 10', os.arch: 'amd64', os.version: '10.0', java.version: '1.8.0_261'
Driver info: org.openqa.selenium.chrome.ChromeDriver
Capabilities [{networkConnectionEnabled=false, chrome={chromedriverVersion=84.0.4147.30 (48b3e868b4cc0aa7e8149519690b6f6949e110a8-refs/branch-heads/4147@{#310}), userDataDir=C:\Users\RAMANA~1.ROB\AppData\Local\Temp\scoped_dir12104_609351416}, timeouts={implicit=0.0, pageLoad=300000.0, script=30000.0}, pageLoadStrategy=normal, unhandledPromptBehavior=dismiss and notify, strictFileInteractability=false, platform=ANY, proxy=Proxy(), goog:chromeOptions={debuggerAddress=localhost:59293}, acceptInsecureCerts=false, browserVersion=84.0.4147.135, browserName=chrome, javascriptEnabled=true, platformName=windows, setWindowRect=true, webauthn:virtualAuthenticators=true}]
Session ID: ec582053a0906238a0451818331f8ac7
*** Element info: {Using=xpath, value=//input[@id='dateInput']}
2020-09-22 14:10:22,967  INFO - Cleaning up keyword SearchAndAddOneHardwareProduct
2020-09-22 14:10:22,967  INFO - Keyword SearchAndAddOneHardwareProduct complete.
2020-09-22 14:10:23,681 DEBUG - Arguments: {HardwareProd1=10 Rack Mounting Shelves - Bulk Pack for MP-11x@5.00|2U 15" Rack Shelf@5.00, HardwareProd1MandateFieldValues=12||2, QuoteFieldValues=Monthly|2 Years| 9/9/2020|Test|New Subscription|12|9/9/2020|Annual M2M|Net 30|Yes|Yes|Test}
2020-09-22 14:10:24,064 DEBUG - <a href="screenshots/shot_2020-9-22_14h10m23s681ms.jpg">Screen Shot</a>
2020-09-22 14:10:24,065 ERROR - Verify  the user is able to  Create a New Quote on a existing Opportunity and add the Products to the same Quote run #1 failed.
2020-09-22 14:10:24,109  INFO - Verify  the user is able to  Create a New Quote on a existing Opportunity and add the Products to the same Quote completed.
2020-09-22 14:10:26,072  INFO - Test Failed
