2020-10-25 23:42:53,435  INFO - Run by: QUALITEST\ramanamma.robbi
2020-10-25 23:42:53,440  INFO - Opening C:\genesys\Genesys-Automation-master\Datasheets\CPQ_Automation_POC_Lightning.xls
2020-10-25 23:42:53,638  INFO - Changing log level
2020-10-25 23:42:53,639  INFO - Log Level has successfuly changed to: TRACE
2020-10-25 23:42:53,639 DEBUG - Loading test case 'Verify Creation of New Account'
2020-10-25 23:42:53,641 DEBUG - Creating test case Verify Creation of New Account
2020-10-25 23:42:53,651 DEBUG - Loading keyword 'LoginToApplication' in app 'Lightning'
2020-10-25 23:42:53,886 DEBUG - Checking in com.qualitestgroup.keywords.lightning.Lightning
2020-10-25 23:42:53,914 DEBUG - Loading keyword 'SaveAccountDetails' in app 'Lightning'
2020-10-25 23:42:53,914 DEBUG - Checking in com.qualitestgroup.keywords.lightning.Lightning
2020-10-25 23:42:53,932  INFO - Checking Verify Creation of New Account's dependencies.
2020-10-25 23:42:53,932  INFO - Dependencies OK, running test.
2020-10-25 23:42:53,932  INFO - Changing log level
2020-10-25 23:42:53,933  INFO - Log Level has successfuly changed to: TRACE
2020-10-25 23:42:53,933  INFO - Changing log level
2020-10-25 23:42:53,933  INFO - Log Level has successfuly changed to: TRACE
2020-10-25 23:42:53,953  INFO - Loading test data for Verify Creation of New Account
2020-10-25 23:42:53,977  INFO - Changing log level
2020-10-25 23:42:53,978  INFO - Log Level has successfuly changed to: TRACE
2020-10-25 23:42:53,978  INFO - Verify Creation of New Account run #1
2020-10-25 23:42:53,978 DEBUG - Args: {Username=robbi.ramanamma@genesys.com.qa, URL=https://genesys--qa.my.salesforce.com/, Browser=Chrome, Password=Zen@1234}
2020-10-25 23:42:53,978  INFO - Initializing keyword LoginToApplication
2020-10-25 23:42:53,979  INFO - Executing keyword LoginToApplication
2020-10-25 23:42:53,980 DEBUG - Checking in com.qualitestgroup.keywords.browser.Browser
2020-10-25 23:42:53,981 DEBUG - Checking in com.qualitestgroup.keywords.common.Browser
2020-10-25 23:42:53,986 DEBUG - Args: {Browser=Chrome}
2020-10-25 23:42:53,986  INFO - Initializing keyword Launch
2020-10-25 23:42:53,987  INFO - Executing keyword Launch
2020-10-25 23:43:10,831  INFO - Cleaning up keyword Launch
2020-10-25 23:43:10,833  INFO - Keyword Launch complete.
2020-10-25 23:43:26,300  INFO - Cleaning up keyword LoginToApplication
2020-10-25 23:43:26,300  INFO - Keyword LoginToApplication complete.
2020-10-25 23:43:26,765 DEBUG - Arguments: {Username=robbi.ramanamma@genesys.com.qa, URL=https://genesys--qa.my.salesforce.com/, Browser=Chrome, Password=Zen@1234}
2020-10-25 23:43:27,695 DEBUG - <a href="screenshots/shot_2020-10-25_23h43m26s766ms.jpg">Screen Shot</a>
2020-10-25 23:43:27,697 DEBUG - Args: {}
2020-10-25 23:43:27,697  INFO - Initializing keyword SaveAccountDetails
2020-10-25 23:43:27,699  INFO - Cleaning up keyword SaveAccountDetails
2020-10-25 23:43:27,699  INFO - Keyword SaveAccountDetails complete.
2020-10-25 23:43:28,716 DEBUG - Arguments: {}
2020-10-25 23:43:29,727 DEBUG - <a href="screenshots/shot_2020-10-25_23h43m28s717ms.jpg">Screen Shot</a>
2020-10-25 23:43:29,728 ERROR - Verify Creation of New Account run #1 failed.
2020-10-25 23:43:29,739  INFO - Verify Creation of New Account completed.
2020-10-25 23:43:31,437  INFO - Test Failed
