2020-09-22 14:11:50,052  INFO - Run by: QUALITEST\ramanamma.robbi
2020-09-22 14:11:50,061  INFO - Opening C:\genesys\Genesys-Automation-master\Datasheets\CPQ_Automation_POC_Classic.xls
2020-09-22 14:11:50,577  INFO - Changing log level
2020-09-22 14:11:50,577  INFO - Log Level has successfuly changed to: TRACE
2020-09-22 14:11:50,578 DEBUG - Loading test case 'Verify  the user is able to  Create a New Quote on a existing Opportunity and add the Products to the same Quote'
2020-09-22 14:11:50,585 DEBUG - Creating test case Verify  the user is able to  Create a New Quote on a existing Opportunity and add the Products to the same Quote
2020-09-22 14:11:50,605 DEBUG - Loading keyword 'LoginToApplication' in app 'Classic'
2020-09-22 14:11:50,649 DEBUG - Checking in com.qualitestgroup.keywords.classic.Classic
2020-09-22 14:11:50,692 DEBUG - Loading keyword 'SearchAndAddOneHardwareProduct' in app 'Classic'
2020-09-22 14:11:50,692 DEBUG - Checking in com.qualitestgroup.keywords.classic.Classic
2020-09-22 14:11:50,711  INFO - Checking Verify  the user is able to  Create a New Quote on a existing Opportunity and add the Products to the same Quote's dependencies.
2020-09-22 14:11:50,711  INFO - Dependencies OK, running test.
2020-09-22 14:11:50,712  INFO - Changing log level
2020-09-22 14:11:50,712  INFO - Log Level has successfuly changed to: TRACE
2020-09-22 14:11:50,712  INFO - Changing log level
2020-09-22 14:11:50,712  INFO - Log Level has successfuly changed to: TRACE
2020-09-22 14:11:50,769  INFO - Loading test data for Verify  the user is able to  Create a New Quote on a existing Opportunity and add the Products to the same Quote
2020-09-22 14:11:50,808  INFO - Changing log level
2020-09-22 14:11:50,808  INFO - Log Level has successfuly changed to: TRACE
2020-09-22 14:11:50,808  INFO - Verify  the user is able to  Create a New Quote on a existing Opportunity and add the Products to the same Quote run #1
2020-09-22 14:11:50,809 DEBUG - Args: {Username=robbi.ramanamma@genesys.com.qa, URL=https://genesys--qa.my.salesforce.com/, Browser=Chrome, Password=Zen@1234}
2020-09-22 14:11:50,810  INFO - Initializing keyword LoginToApplication
2020-09-22 14:11:50,812  INFO - Executing keyword LoginToApplication
2020-09-22 14:11:50,816 DEBUG - Checking in com.qualitestgroup.keywords.browser.Browser
2020-09-22 14:11:50,818 DEBUG - Checking in com.qualitestgroup.keywords.common.Browser
2020-09-22 14:11:50,833 DEBUG - Args: {Browser=Chrome}
2020-09-22 14:11:50,834  INFO - Initializing keyword Launch
2020-09-22 14:11:50,834  INFO - Executing keyword Launch
2020-09-22 14:11:58,667  INFO - Cleaning up keyword Launch
2020-09-22 14:11:58,667  INFO - Keyword Launch complete.
2020-09-22 14:12:14,097  INFO - Cleaning up keyword LoginToApplication
2020-09-22 14:12:14,098  INFO - Keyword LoginToApplication complete.
2020-09-22 14:12:14,576 DEBUG - Arguments: {Username=robbi.ramanamma@genesys.com.qa, URL=https://genesys--qa.my.salesforce.com/, Browser=Chrome, Password=Zen@1234}
2020-09-22 14:12:14,905 DEBUG - <a href="screenshots/shot_2020-9-22_14h12m14s577ms.jpg">Screen Shot</a>
2020-09-22 14:12:14,907 DEBUG - Args: {HardwareProd1=10 Rack Mounting Shelves - Bulk Pack for MP-11x@5.00|2U 15" Rack Shelf@5.00, HardwareProd1MandateFieldValues=12||2, QuoteFieldValues=Monthly|2 Years| 9/9/2020|Test|New Subscription|12|9/9/2020|Annual M2M|Net 30|Yes|Yes|Test}
2020-09-22 14:12:14,909  INFO - Initializing keyword SearchAndAddOneHardwareProduct
2020-09-22 14:12:14,909  INFO - Executing keyword SearchAndAddOneHardwareProduct
