2020-10-23 23:58:33,233  INFO - Run by: QUALITEST\ramanamma.robbi
2020-10-23 23:58:33,239  INFO - Opening C:\genesys\Genesys-Automation-master\Datasheets\CPQ_Automation_POC_Classic_ExistingAccount_NORAMP_Monthly.xls
2020-10-23 23:58:33,455  INFO - Changing log level
2020-10-23 23:58:33,456  INFO - Log Level has successfuly changed to: TRACE
2020-10-23 23:58:33,456 DEBUG - Loading test case 'Verify  the user is able to  Create a New Quote on a existing Opportunity and add the Products to the same Quote'
2020-10-23 23:58:33,458 DEBUG - Creating test case Verify  the user is able to  Create a New Quote on a existing Opportunity and add the Products to the same Quote
2020-10-23 23:58:33,476 DEBUG - Loading keyword 'LoginToApplication' in app 'Classic'
2020-10-23 23:58:33,480 DEBUG - Checking in com.qualitestgroup.keywords.classic.Classic
2020-10-23 23:58:33,491 DEBUG - Loading keyword 'ConfigureProducts' in app 'Classic'
2020-10-23 23:58:33,491 DEBUG - Checking in com.qualitestgroup.keywords.classic.Classic
2020-10-23 23:58:33,496  INFO - Checking Verify  the user is able to  Create a New Quote on a existing Opportunity and add the Products to the same Quote's dependencies.
2020-10-23 23:58:33,496  INFO - Dependencies OK, running test.
2020-10-23 23:58:33,496  INFO - Changing log level
2020-10-23 23:58:33,496  INFO - Log Level has successfuly changed to: TRACE
2020-10-23 23:58:33,496  INFO - Changing log level
2020-10-23 23:58:33,496  INFO - Log Level has successfuly changed to: TRACE
2020-10-23 23:58:33,515  INFO - Loading test data for Verify  the user is able to  Create a New Quote on a existing Opportunity and add the Products to the same Quote
2020-10-23 23:58:33,528  INFO - Changing log level
2020-10-23 23:58:33,529  INFO - Log Level has successfuly changed to: TRACE
2020-10-23 23:58:33,529  INFO - Verify  the user is able to  Create a New Quote on a existing Opportunity and add the Products to the same Quote run #1
2020-10-23 23:58:33,529 DEBUG - Args: {Username=robbi.ramanamma@genesys.com.qa, URL=https://genesys--qa.my.salesforce.com/, Browser=Chrome, Password=Zen@1234}
2020-10-23 23:58:33,529  INFO - Initializing keyword LoginToApplication
2020-10-23 23:58:33,530  INFO - Executing keyword LoginToApplication
2020-10-23 23:58:33,532 DEBUG - Checking in com.qualitestgroup.keywords.browser.Browser
2020-10-23 23:58:33,532 DEBUG - Checking in com.qualitestgroup.keywords.common.Browser
2020-10-23 23:58:33,538 DEBUG - Args: {Browser=Chrome}
2020-10-23 23:58:33,538  INFO - Initializing keyword Launch
2020-10-23 23:58:33,538  INFO - Executing keyword Launch
2020-10-23 23:58:40,134  INFO - Cleaning up keyword Launch
2020-10-23 23:58:40,134  INFO - Keyword Launch complete.
2020-10-23 23:58:54,567  INFO - Cleaning up keyword LoginToApplication
2020-10-23 23:58:54,568  INFO - Keyword LoginToApplication complete.
2020-10-23 23:58:54,929 DEBUG - Arguments: {Username=robbi.ramanamma@genesys.com.qa, URL=https://genesys--qa.my.salesforce.com/, Browser=Chrome, Password=Zen@1234}
2020-10-23 23:58:55,255 DEBUG - <a href="screenshots/shot_2020-10-23_23h58m54s930ms.jpg">Screen Shot</a>
2020-10-23 23:58:55,256 DEBUG - Args: {WrapperSubProducts=PureCloud 2 User|PureCloud Communicate User|PureCloud Collaborate User|PureCloud Communicate Stand-alone Phone|PureCloud for Wallboard Device Charge, HardwareProd1=10 Rack Mounting Shelves - Bulk Pack for MP-11x@5.00, HardwareProd1MandateFieldValues=2|2|30|100, QuoteFieldValues=Monthly|2 Years|Test|New Subscription|24|Annual M2M|Net 30|Yes|Yes|Test}
2020-10-23 23:58:55,256  INFO - Initializing keyword ConfigureProducts
2020-10-23 23:58:55,256  INFO - Executing keyword ConfigureProducts
2020-10-23 23:59:17,949  INFO - Cleaning up keyword ConfigureProducts
2020-10-23 23:59:17,949  INFO - Keyword ConfigureProducts complete.
2020-10-23 23:59:18,599 DEBUG - Arguments: {WrapperSubProducts=PureCloud 2 User|PureCloud Communicate User|PureCloud Collaborate User|PureCloud Communicate Stand-alone Phone|PureCloud for Wallboard Device Charge, HardwareProd1=10 Rack Mounting Shelves - Bulk Pack for MP-11x@5.00, HardwareProd1MandateFieldValues=2|2|30|100, QuoteFieldValues=Monthly|2 Years|Test|New Subscription|24|Annual M2M|Net 30|Yes|Yes|Test}
2020-10-23 23:59:18,933 DEBUG - <a href="screenshots/shot_2020-10-23_23h59m18s600ms.jpg">Screen Shot</a>
2020-10-23 23:59:18,934 ERROR - Verify  the user is able to  Create a New Quote on a existing Opportunity and add the Products to the same Quote run #1 failed.
2020-10-23 23:59:18,941  INFO - Verify  the user is able to  Create a New Quote on a existing Opportunity and add the Products to the same Quote completed.
2020-10-23 23:59:20,196  INFO - Test Failed
