2020-09-22 14:59:32,947  INFO - Run by: QUALITEST\ramanamma.robbi
2020-09-22 14:59:32,953  INFO - Opening C:\genesys\Genesys-Automation-master\Datasheets\CPQ_Automation_POC_Classic.xls
2020-09-22 14:59:33,750  INFO - Changing log level
2020-09-22 14:59:33,750  INFO - Log Level has successfuly changed to: TRACE
2020-09-22 14:59:33,751 DEBUG - Loading test case 'Verify  the user is able to  Create a New Quote on a existing Opportunity and add the Products to the same Quote'
2020-09-22 14:59:33,757 DEBUG - Creating test case Verify  the user is able to  Create a New Quote on a existing Opportunity and add the Products to the same Quote
2020-09-22 14:59:33,787 DEBUG - Loading keyword 'LoginToApplication' in app 'Classic'
2020-09-22 14:59:33,861 DEBUG - Checking in com.qualitestgroup.keywords.classic.Classic
2020-09-22 14:59:33,887 DEBUG - Loading keyword 'SearchAndAddOneHardwareProduct' in app 'Classic'
2020-09-22 14:59:33,888 DEBUG - Checking in com.qualitestgroup.keywords.classic.Classic
2020-09-22 14:59:33,931  INFO - Checking Verify  the user is able to  Create a New Quote on a existing Opportunity and add the Products to the same Quote's dependencies.
2020-09-22 14:59:33,932  INFO - Dependencies OK, running test.
2020-09-22 14:59:33,932  INFO - Changing log level
2020-09-22 14:59:33,932  INFO - Log Level has successfuly changed to: TRACE
2020-09-22 14:59:33,932  INFO - Changing log level
2020-09-22 14:59:33,933  INFO - Log Level has successfuly changed to: TRACE
2020-09-22 14:59:34,019  INFO - Loading test data for Verify  the user is able to  Create a New Quote on a existing Opportunity and add the Products to the same Quote
2020-09-22 14:59:34,069  INFO - Changing log level
2020-09-22 14:59:34,069  INFO - Log Level has successfuly changed to: TRACE
2020-09-22 14:59:34,070  INFO - Verify  the user is able to  Create a New Quote on a existing Opportunity and add the Products to the same Quote run #1
2020-09-22 14:59:34,071 DEBUG - Args: {Username=robbi.ramanamma@genesys.com.qa, URL=https://genesys--qa.my.salesforce.com/, Browser=Chrome, Password=Zen@1234}
2020-09-22 14:59:34,071  INFO - Initializing keyword LoginToApplication
2020-09-22 14:59:34,072  INFO - Executing keyword LoginToApplication
2020-09-22 14:59:34,079 DEBUG - Checking in com.qualitestgroup.keywords.browser.Browser
2020-09-22 14:59:34,080 DEBUG - Checking in com.qualitestgroup.keywords.common.Browser
2020-09-22 14:59:34,102 DEBUG - Args: {Browser=Chrome}
2020-09-22 14:59:34,104  INFO - Initializing keyword Launch
2020-09-22 14:59:34,105  INFO - Executing keyword Launch
2020-09-22 14:59:43,922  INFO - Cleaning up keyword Launch
2020-09-22 14:59:43,923  INFO - Keyword Launch complete.
2020-09-22 15:00:03,310  INFO - Cleaning up keyword LoginToApplication
2020-09-22 15:00:03,312  INFO - Keyword LoginToApplication complete.
2020-09-22 15:00:04,849 DEBUG - Arguments: {Username=robbi.ramanamma@genesys.com.qa, URL=https://genesys--qa.my.salesforce.com/, Browser=Chrome, Password=Zen@1234}
2020-09-22 15:00:05,564 DEBUG - <a href="screenshots/shot_2020-9-22_15h0m4s852ms.jpg">Screen Shot</a>
2020-09-22 15:00:05,568 DEBUG - Args: {HardwareProd1=10 Rack Mounting Shelves - Bulk Pack for MP-11x@5.00|2U 15" Rack Shelf@5.00, HardwareProd1MandateFieldValues=12||2, QuoteFieldValues=Monthly|2 Years| 9/9/2020|Test|New Subscription|12|9/9/2020|Annual M2M|Net 30|Yes|Yes|Test}
2020-09-22 15:00:05,570  INFO - Initializing keyword SearchAndAddOneHardwareProduct
2020-09-22 15:00:05,571  INFO - Executing keyword SearchAndAddOneHardwareProduct
