2020-10-26 00:21:28,352  INFO - Run by: QUALITEST\ramanamma.robbi
2020-10-26 00:21:28,358  INFO - Opening C:\genesys\Genesys-Automation-master\Datasheets\CPQ_Automation_POC_Lightning.xls
2020-10-26 00:21:28,811  INFO - Changing log level
2020-10-26 00:21:28,812  INFO - Log Level has successfuly changed to: TRACE
2020-10-26 00:21:28,814 DEBUG - Loading test case 'Verify Creation of New Account'
2020-10-26 00:21:28,854 DEBUG - Creating test case Verify Creation of New Account
2020-10-26 00:21:28,920 DEBUG - Loading keyword 'LoginToApplication' in app 'Lightning'
2020-10-26 00:21:28,926 DEBUG - Checking in com.qualitestgroup.keywords.lightning.Lightning
2020-10-26 00:21:29,054 DEBUG - Loading keyword 'SaveAccountDetails' in app 'Lightning'
2020-10-26 00:21:29,055 DEBUG - Checking in com.qualitestgroup.keywords.lightning.Lightning
2020-10-26 00:21:29,170  INFO - Checking Verify Creation of New Account's dependencies.
2020-10-26 00:21:29,170  INFO - Dependencies OK, running test.
2020-10-26 00:21:29,170  INFO - Changing log level
2020-10-26 00:21:29,170  INFO - Log Level has successfuly changed to: TRACE
2020-10-26 00:21:29,171  INFO - Changing log level
2020-10-26 00:21:29,171  INFO - Log Level has successfuly changed to: TRACE
2020-10-26 00:21:29,225  INFO - Loading test data for Verify Creation of New Account
2020-10-26 00:21:29,251  INFO - Changing log level
2020-10-26 00:21:29,251  INFO - Log Level has successfuly changed to: TRACE
2020-10-26 00:21:29,251  INFO - Verify Creation of New Account run #1
2020-10-26 00:21:29,251 DEBUG - Args: {Username=robbi.ramanamma@genesys.com.qa, URL=https://genesys--qa.my.salesforce.com/, Browser=Chrome, Password=Zen@1234}
2020-10-26 00:21:29,252  INFO - Initializing keyword LoginToApplication
2020-10-26 00:21:29,252  INFO - Executing keyword LoginToApplication
2020-10-26 00:21:29,253 DEBUG - Checking in com.qualitestgroup.keywords.browser.Browser
2020-10-26 00:21:29,254 DEBUG - Checking in com.qualitestgroup.keywords.common.Browser
2020-10-26 00:21:29,335 DEBUG - Args: {Browser=Chrome}
2020-10-26 00:21:29,335  INFO - Initializing keyword Launch
2020-10-26 00:21:29,335  INFO - Executing keyword Launch
2020-10-26 00:21:39,028  INFO - Cleaning up keyword Launch
2020-10-26 00:21:39,028  INFO - Keyword Launch complete.
2020-10-26 00:21:59,662  INFO - Cleaning up keyword LoginToApplication
2020-10-26 00:21:59,663  INFO - Keyword LoginToApplication complete.
2020-10-26 00:22:00,021 DEBUG - Arguments: {Username=robbi.ramanamma@genesys.com.qa, URL=https://genesys--qa.my.salesforce.com/, Browser=Chrome, Password=Zen@1234}
2020-10-26 00:22:00,290 DEBUG - <a href="screenshots/shot_2020-10-26_0h22m0s21ms.jpg">Screen Shot</a>
2020-10-26 00:22:00,291 DEBUG - Args: {AccountProfiling=OTHER|Non-Classifiable Other|Private|Business-to-Consumer|0 to 5|Sent to SSA, AccountFieldValues=Automation|Creating Account|Active|01. Active|40664|8100|ROBBI RAMANAMMA, ContactFieldValues=400 New York Ave|4th Lane|Near Office|Alamogordo|88310|United States|WA}
2020-10-26 00:22:00,291  INFO - Initializing keyword SaveAccountDetails
2020-10-26 00:22:00,291  INFO - Executing keyword SaveAccountDetails
2020-10-26 00:28:31,725  INFO - Cleaning up keyword SaveAccountDetails
2020-10-26 00:28:31,726  INFO - Keyword SaveAccountDetails complete.
2020-10-26 00:28:33,484 DEBUG - Arguments: {AccountProfiling=OTHER|Non-Classifiable Other|Private|Business-to-Consumer|0 to 5|Sent to SSA, AccountFieldValues=Automation|Creating Account|Active|01. Active|40664|8100|ROBBI RAMANAMMA, ContactFieldValues=400 New York Ave|4th Lane|Near Office|Alamogordo|88310|United States|WA}
2020-10-26 00:28:34,645 DEBUG - <a href="screenshots/shot_2020-10-26_0h28m33s485ms.jpg">Screen Shot</a>
2020-10-26 00:28:35,563  INFO - Verify Creation of New Account completed.
2020-10-26 00:29:11,283  INFO - Test Passed
