2020-10-23 12:34:43,867  INFO - Run by: QUALITEST\ramanamma.robbi
2020-10-23 12:34:43,984  INFO - Opening C:\genesys\Genesys-Automation-master\Datasheets\CPQ_Automation_POC_Classic_ExistingAccount_NORAMP_Monthly.xls
2020-10-23 12:34:44,274  INFO - Changing log level
2020-10-23 12:34:44,274  INFO - Log Level has successfuly changed to: TRACE
2020-10-23 12:34:44,275 DEBUG - Loading test case 'Verify  the user is able to  Create a New Quote on a existing Opportunity and add the Products to the same Quote'
2020-10-23 12:34:44,277 DEBUG - Creating test case Verify  the user is able to  Create a New Quote on a existing Opportunity and add the Products to the same Quote
2020-10-23 12:34:44,290 DEBUG - Loading keyword 'LoginToApplication' in app 'Classic'
2020-10-23 12:34:44,294 DEBUG - Checking in com.qualitestgroup.keywords.classic.Classic
2020-10-23 12:34:44,302 DEBUG - Loading keyword 'SearchAndAddWrapperProduct' in app 'Classic'
2020-10-23 12:34:44,303 DEBUG - Checking in com.qualitestgroup.keywords.classic.Classic
2020-10-23 12:34:44,304 DEBUG - Loading keyword 'EnterValuesToTheProductsForRamp' in app 'Classic'
2020-10-23 12:34:44,304 DEBUG - Checking in com.qualitestgroup.keywords.classic.Classic
2020-10-23 12:34:44,315  INFO - Checking Verify  the user is able to  Create a New Quote on a existing Opportunity and add the Products to the same Quote's dependencies.
2020-10-23 12:34:44,315  INFO - Dependencies OK, running test.
2020-10-23 12:34:44,315  INFO - Changing log level
2020-10-23 12:34:44,316  INFO - Log Level has successfuly changed to: TRACE
2020-10-23 12:34:44,316  INFO - Changing log level
2020-10-23 12:34:44,316  INFO - Log Level has successfuly changed to: TRACE
2020-10-23 12:34:44,340  INFO - Loading test data for Verify  the user is able to  Create a New Quote on a existing Opportunity and add the Products to the same Quote
2020-10-23 12:34:44,358  INFO - Changing log level
2020-10-23 12:34:44,358  INFO - Log Level has successfuly changed to: TRACE
2020-10-23 12:34:44,358  INFO - Verify  the user is able to  Create a New Quote on a existing Opportunity and add the Products to the same Quote run #1
2020-10-23 12:34:44,359 DEBUG - Args: {Username=robbi.ramanamma@genesys.com.qa, URL=https://genesys--qa.my.salesforce.com/, Browser=Chrome, Password=Zen@1234}
2020-10-23 12:34:44,359  INFO - Initializing keyword LoginToApplication
2020-10-23 12:34:44,359  INFO - Executing keyword LoginToApplication
2020-10-23 12:34:44,361 DEBUG - Checking in com.qualitestgroup.keywords.browser.Browser
2020-10-23 12:34:44,362 DEBUG - Checking in com.qualitestgroup.keywords.common.Browser
2020-10-23 12:34:44,373 DEBUG - Args: {Browser=Chrome}
2020-10-23 12:34:44,373  INFO - Initializing keyword Launch
2020-10-23 12:34:44,373  INFO - Executing keyword Launch
2020-10-23 12:34:54,522  INFO - Cleaning up keyword Launch
2020-10-23 12:34:54,523  INFO - Keyword Launch complete.
2020-10-23 12:35:40,365  INFO - Cleaning up keyword LoginToApplication
2020-10-23 12:35:40,365  INFO - Keyword LoginToApplication complete.
2020-10-23 12:35:44,814 DEBUG - Arguments: {Username=robbi.ramanamma@genesys.com.qa, URL=https://genesys--qa.my.salesforce.com/, Browser=Chrome, Password=Zen@1234}
2020-10-23 12:35:45,245 DEBUG - <a href="screenshots/shot_2020-10-23_12h35m44s815ms.jpg">Screen Shot</a>
2020-10-23 12:35:45,246 DEBUG - Args: {BundleProduct1=PureCloud 2 User - Wrapper@1.00|PureCloud 2 User - Ramp@1.00}
2020-10-23 12:35:45,247  INFO - Initializing keyword SearchAndAddWrapperProduct
2020-10-23 12:35:45,247  INFO - Executing keyword SearchAndAddWrapperProduct
2020-10-23 12:37:53,848  WARN - Keyword SearchAndAddWrapperProduct execution fail: Not able to click on an element having xpath - <b>//paper-button[@id='pcSave']/*[text()='Save']</b>
2020-10-23 12:37:53,854  WARN - element click intercepted: Element <sb-i18n class="style-scope sb-product-config">...</sb-i18n> is not clickable at point (1296, 192). Other element would receive the click: <div id="mask" class="sbLoadingMask fixed style-scope sf-loading-spinner">...</div>
  (Session info: chrome=86.0.4240.111)
Build info: version: '3.4.0', revision: 'unknown', time: 'unknown'
System info: host: 'QT-INBG-LT0557', ip: '10.31.234.206', os.name: 'Windows 10', os.arch: 'amd64', os.version: '10.0', java.version: '1.8.0_261'
Driver info: org.openqa.selenium.chrome.ChromeDriver
Capabilities [{networkConnectionEnabled=false, chrome={chromedriverVersion=85.0.4183.87 (cd6713ebf92fa1cacc0f1a598df280093af0c5d7-refs/branch-heads/4183@{#1689}), userDataDir=C:\Users\RAMANA~1.ROB\AppData\Local\Temp\scoped_dir15140_2050444842}, timeouts={implicit=0.0, pageLoad=300000.0, script=30000.0}, pageLoadStrategy=normal, unhandledPromptBehavior=dismiss and notify, strictFileInteractability=false, platform=ANY, proxy=Proxy(), goog:chromeOptions={debuggerAddress=localhost:51015}, acceptInsecureCerts=false, browserVersion=86.0.4240.111, browserName=chrome, javascriptEnabled=true, platformName=windows, setWindowRect=true, webauthn:virtualAuthenticators=true}]
Session ID: 98f7df720905c84bdda916d0480a66d4
2020-10-23 12:37:53,855  INFO - Cleaning up keyword SearchAndAddWrapperProduct
2020-10-23 12:37:53,857  INFO - Keyword SearchAndAddWrapperProduct complete.
2020-10-23 12:37:54,584 DEBUG - Arguments: {BundleProduct1=PureCloud 2 User - Wrapper@1.00|PureCloud 2 User - Ramp@1.00}
2020-10-23 12:37:55,118 DEBUG - <a href="screenshots/shot_2020-10-23_12h37m54s585ms.jpg">Screen Shot</a>
2020-10-23 12:37:55,118 ERROR - Verify  the user is able to  Create a New Quote on a existing Opportunity and add the Products to the same Quote run #1 failed.
2020-10-23 12:37:55,131  INFO - Verify  the user is able to  Create a New Quote on a existing Opportunity and add the Products to the same Quote completed.
2020-10-23 12:37:58,166  INFO - Test Failed
