2020-08-26 22:52:03,579  INFO - Run by: QUALITEST\ramanamma.robbi
2020-08-26 22:52:03,583  INFO - Opening C:\genesys\Genesys-Automation-master\Datasheets\CPQ_Automation_POC_Classic.xls
2020-08-26 22:52:03,769  INFO - Changing log level
2020-08-26 22:52:03,769  INFO - Log Level has successfuly changed to: TRACE
2020-08-26 22:52:03,770 DEBUG - Loading test case 'Verify Creation of New Account'
2020-08-26 22:52:03,772 DEBUG - Creating test case Verify Creation of New Account
2020-08-26 22:52:03,789 DEBUG - Loading keyword 'LoginToApplication' in app 'Classic'
2020-08-26 22:52:03,794 DEBUG - Checking in com.qualitestgroup.keywords.classic.Classic
2020-08-26 22:52:03,801 DEBUG - Loading keyword 'SelectAccountRecordType' in app 'Classic'
2020-08-26 22:52:03,801 DEBUG - Checking in com.qualitestgroup.keywords.classic.Classic
2020-08-26 22:52:03,802 DEBUG - Loading keyword 'AccountSearchByName' in app 'Classic'
2020-08-26 22:52:03,802 DEBUG - Checking in com.qualitestgroup.keywords.classic.Classic
2020-08-26 22:52:03,803 DEBUG - Loading keyword 'EnterAccountMandatoryDetails' in app 'Classic'
2020-08-26 22:52:03,803 DEBUG - Checking in com.qualitestgroup.keywords.classic.Classic
2020-08-26 22:52:03,804 DEBUG - Loading keyword 'SaveAccountDetails' in app 'Classic'
2020-08-26 22:52:03,805 DEBUG - Checking in com.qualitestgroup.keywords.classic.Classic
2020-08-26 22:52:03,806 DEBUG - Loading keyword 'LogoutOfApplication' in app 'Classic'
2020-08-26 22:52:03,806 DEBUG - Checking in com.qualitestgroup.keywords.classic.Classic
2020-08-26 22:52:03,816  INFO - Checking Verify Creation of New Account's dependencies.
2020-08-26 22:52:03,816  INFO - Dependencies OK, running test.
2020-08-26 22:52:03,816  INFO - Changing log level
2020-08-26 22:52:03,816  INFO - Log Level has successfuly changed to: TRACE
2020-08-26 22:52:03,816  INFO - Changing log level
2020-08-26 22:52:03,817  INFO - Log Level has successfuly changed to: TRACE
2020-08-26 22:52:03,831  INFO - Loading test data for Verify Creation of New Account
2020-08-26 22:52:03,848  INFO - Changing log level
2020-08-26 22:52:03,848  INFO - Log Level has successfuly changed to: TRACE
2020-08-26 22:52:03,849  INFO - Verify Creation of New Account run #1
2020-08-26 22:52:03,849 DEBUG - Args: {Username=siva_surya_prasand.arivalagan@genesys.com.qa, URL=https://genesys--qa.my.salesforce.com/, Browser=Chrome, Password=S@lesforce2}
2020-08-26 22:52:03,849  INFO - Initializing keyword LoginToApplication
2020-08-26 22:52:03,849  INFO - Executing keyword LoginToApplication
2020-08-26 22:52:03,850 DEBUG - Checking in com.qualitestgroup.keywords.browser.Browser
2020-08-26 22:52:03,851 DEBUG - Checking in com.qualitestgroup.keywords.common.Browser
2020-08-26 22:52:03,856 DEBUG - Args: {Browser=Chrome}
2020-08-26 22:52:03,856  INFO - Initializing keyword Launch
2020-08-26 22:52:03,858  INFO - Executing keyword Launch
2020-08-26 22:52:10,341  INFO - Cleaning up keyword Launch
2020-08-26 22:52:10,341  INFO - Keyword Launch complete.
2020-08-26 22:52:28,132  INFO - Cleaning up keyword LoginToApplication
2020-08-26 22:52:28,132  INFO - Keyword LoginToApplication complete.
2020-08-26 22:52:28,511 DEBUG - Arguments: {Username=siva_surya_prasand.arivalagan@genesys.com.qa, URL=https://genesys--qa.my.salesforce.com/, Browser=Chrome, Password=S@lesforce2}
2020-08-26 22:52:28,826 DEBUG - <a href="screenshots/shot_2020-8-26_22h52m28s511ms.jpg">Screen Shot</a>
2020-08-26 22:52:28,826 DEBUG - Args: {RecordType=EMG - Customer Record Type}
2020-08-26 22:52:28,826  INFO - Initializing keyword SelectAccountRecordType
2020-08-26 22:52:28,827  INFO - Executing keyword SelectAccountRecordType
2020-08-26 22:52:34,152  INFO - Cleaning up keyword SelectAccountRecordType
2020-08-26 22:52:34,152  INFO - Keyword SelectAccountRecordType complete.
2020-08-26 22:52:34,475 DEBUG - Arguments: {RecordType=EMG - Customer Record Type}
2020-08-26 22:52:34,815 DEBUG - <a href="screenshots/shot_2020-8-26_22h52m34s476ms.jpg">Screen Shot</a>
2020-08-26 22:52:34,815 DEBUG - Args: {RecordType=EMG - Customer Record Type, AccountName=ACCT_0001}
2020-08-26 22:52:34,816  INFO - Initializing keyword AccountSearchByName
2020-08-26 22:52:34,816  INFO - Executing keyword AccountSearchByName
2020-08-26 22:52:40,637  INFO - Cleaning up keyword AccountSearchByName
2020-08-26 22:52:40,637  INFO - Keyword AccountSearchByName complete.
2020-08-26 22:52:41,016 DEBUG - Arguments: {RecordType=EMG - Customer Record Type, AccountName=ACCT_0001}
2020-08-26 22:52:41,338 DEBUG - <a href="screenshots/shot_2020-8-26_22h52m41s17ms.jpg">Screen Shot</a>
2020-08-26 22:52:41,338 DEBUG - Args: {AccountFieldValues=Automation|400 New York Ave|88310|Alamogordo|United States|BUSINESS SERVICES|Small|Business-to-Consumer|40664|8100|Creating Account, ContactFieldValues=400 New York Ave|4th Lane|Near Office|Alamogordo|88310}
2020-08-26 22:52:41,339  INFO - Initializing keyword EnterAccountMandatoryDetails
2020-08-26 22:52:41,339  INFO - Executing keyword EnterAccountMandatoryDetails
2020-08-26 22:53:08,420  INFO - Cleaning up keyword EnterAccountMandatoryDetails
2020-08-26 22:53:08,421  INFO - Keyword EnterAccountMandatoryDetails complete.
2020-08-26 22:53:08,726 DEBUG - Arguments: {AccountFieldValues=Automation|400 New York Ave|88310|Alamogordo|United States|BUSINESS SERVICES|Small|Business-to-Consumer|40664|8100|Creating Account, ContactFieldValues=400 New York Ave|4th Lane|Near Office|Alamogordo|88310}
2020-08-26 22:53:09,024 DEBUG - <a href="screenshots/shot_2020-8-26_22h53m8s726ms.jpg">Screen Shot</a>
2020-08-26 22:53:09,025 DEBUG - Args: {}
2020-08-26 22:53:09,025  INFO - Initializing keyword SaveAccountDetails
2020-08-26 22:53:09,025  INFO - Executing keyword SaveAccountDetails
2020-08-26 22:53:24,117  INFO - Cleaning up keyword SaveAccountDetails
2020-08-26 22:53:24,117  INFO - Keyword SaveAccountDetails complete.
2020-08-26 22:53:25,590 DEBUG - Arguments: {}
2020-08-26 22:53:26,014 DEBUG - <a href="screenshots/shot_2020-8-26_22h53m25s590ms.jpg">Screen Shot</a>
2020-08-26 22:53:26,014 DEBUG - Args: {}
2020-08-26 22:53:26,014  INFO - Initializing keyword LogoutOfApplication
2020-08-26 22:53:26,015  INFO - Executing keyword LogoutOfApplication
2020-08-26 22:53:42,283  INFO - Cleaning up keyword LogoutOfApplication
2020-08-26 22:53:42,284  INFO - Keyword LogoutOfApplication complete.
2020-08-26 22:53:42,737 DEBUG - Arguments: {}
2020-08-26 22:53:43,091 DEBUG - <a href="screenshots/shot_2020-8-26_22h53m42s738ms.jpg">Screen Shot</a>
2020-08-26 22:53:43,101  INFO - Verify Creation of New Account completed.
2020-08-26 22:53:44,774  INFO - Test Passed
