2020-10-25 14:49:08,376  INFO - Run by: QUALITEST\ramanamma.robbi
2020-10-25 14:49:08,392  INFO - Opening C:\genesys\Genesys-Automation-master\Datasheets\CPQ_Automation_POC_Classic_ExistingAccount_NORAMP_Monthly.xls
2020-10-25 14:49:08,629  INFO - Changing log level
2020-10-25 14:49:08,629  INFO - Log Level has successfuly changed to: TRACE
2020-10-25 14:49:08,629 DEBUG - Loading test case 'Verify  the user is able to  Create a New Quote on a existing Opportunity and add the Products to the same Quote'
2020-10-25 14:49:08,632 DEBUG - Creating test case Verify  the user is able to  Create a New Quote on a existing Opportunity and add the Products to the same Quote
2020-10-25 14:49:08,659 DEBUG - Loading keyword 'LoginToApplication' in app 'Classic'
2020-10-25 14:49:08,662 DEBUG - Checking in com.qualitestgroup.keywords.classic.Classic
2020-10-25 14:49:08,671 DEBUG - Loading keyword 'AddAccountOrderAddressForQuote' in app 'Classic'
2020-10-25 14:49:08,671 DEBUG - Checking in com.qualitestgroup.keywords.classic.Classic
2020-10-25 14:49:08,675  INFO - Checking Verify  the user is able to  Create a New Quote on a existing Opportunity and add the Products to the same Quote's dependencies.
2020-10-25 14:49:08,676  INFO - Dependencies OK, running test.
2020-10-25 14:49:08,677  INFO - Changing log level
2020-10-25 14:49:08,677  INFO - Log Level has successfuly changed to: TRACE
2020-10-25 14:49:08,677  INFO - Changing log level
2020-10-25 14:49:08,677  INFO - Log Level has successfuly changed to: TRACE
2020-10-25 14:49:08,694  INFO - Loading test data for Verify  the user is able to  Create a New Quote on a existing Opportunity and add the Products to the same Quote
2020-10-25 14:49:08,708  INFO - Changing log level
2020-10-25 14:49:08,708  INFO - Log Level has successfuly changed to: TRACE
2020-10-25 14:49:08,708  INFO - Verify  the user is able to  Create a New Quote on a existing Opportunity and add the Products to the same Quote run #1
2020-10-25 14:49:08,709 DEBUG - Args: {Username=robbi.ramanamma@genesys.com.qa, URL=https://genesys--qa.my.salesforce.com/, Browser=Chrome, Password=Zen@1234}
2020-10-25 14:49:08,709  INFO - Initializing keyword LoginToApplication
2020-10-25 14:49:08,709  INFO - Executing keyword LoginToApplication
2020-10-25 14:49:08,711 DEBUG - Checking in com.qualitestgroup.keywords.browser.Browser
2020-10-25 14:49:08,712 DEBUG - Checking in com.qualitestgroup.keywords.common.Browser
2020-10-25 14:49:08,717 DEBUG - Args: {Browser=Chrome}
2020-10-25 14:49:08,717  INFO - Initializing keyword Launch
2020-10-25 14:49:08,717  INFO - Executing keyword Launch
2020-10-25 14:49:18,442  INFO - Cleaning up keyword Launch
2020-10-25 14:49:18,443  INFO - Keyword Launch complete.
2020-10-25 14:49:41,330  INFO - Cleaning up keyword LoginToApplication
2020-10-25 14:49:41,331  INFO - Keyword LoginToApplication complete.
2020-10-25 14:49:43,230 DEBUG - Arguments: {Username=robbi.ramanamma@genesys.com.qa, URL=https://genesys--qa.my.salesforce.com/, Browser=Chrome, Password=Zen@1234}
2020-10-25 14:49:43,766 DEBUG - <a href="screenshots/shot_2020-10-25_14h49m43s233ms.jpg">Screen Shot</a>
2020-10-25 14:49:43,767 DEBUG - Args: {AddressTypeValues=Primary Address|Ship To|Bill To|Sold To|End User|Corporate|Activation Email|Legal|Order Acknowledgement, AOAValues=400 New York Ave|4th Lane|Alamogordo|WA|United States|88310|test@test.com|Economy}
2020-10-25 14:49:43,767  INFO - Initializing keyword AddAccountOrderAddressForQuote
2020-10-25 14:49:43,768  INFO - Executing keyword AddAccountOrderAddressForQuote
2020-10-25 14:51:11,688  INFO - Cleaning up keyword AddAccountOrderAddressForQuote
2020-10-25 14:51:11,688  INFO - Keyword AddAccountOrderAddressForQuote complete.
2020-10-25 14:51:12,051 DEBUG - Arguments: {AddressTypeValues=Primary Address|Ship To|Bill To|Sold To|End User|Corporate|Activation Email|Legal|Order Acknowledgement, AOAValues=400 New York Ave|4th Lane|Alamogordo|WA|United States|88310|test@test.com|Economy}
2020-10-25 14:51:12,450 DEBUG - <a href="screenshots/shot_2020-10-25_14h51m12s51ms.jpg">Screen Shot</a>
2020-10-25 14:51:12,471  INFO - Verify  the user is able to  Create a New Quote on a existing Opportunity and add the Products to the same Quote completed.
2020-10-25 14:51:15,723  INFO - Test Passed
