2020-08-28 20:13:28,115  INFO - Run by: QUALITEST\ramanamma.robbi
2020-08-28 20:13:28,119  INFO - Opening C:\genesys\Genesys-Automation-master\Datasheets\CPQ_Automation_POC_Classic.xls
2020-08-28 20:13:28,362  INFO - Changing log level
2020-08-28 20:13:28,363  INFO - Log Level has successfuly changed to: TRACE
2020-08-28 20:13:28,363 DEBUG - Loading test case 'Verify Creation of New Account'
2020-08-28 20:13:28,371 DEBUG - Creating test case Verify Creation of New Account
2020-08-28 20:13:28,394 DEBUG - Loading keyword 'LoginToApplication' in app 'Classic'
2020-08-28 20:13:28,427 DEBUG - Checking in com.qualitestgroup.keywords.classic.Classic
2020-08-28 20:13:28,501 DEBUG - Loading keyword 'SelectAccountRecordType' in app 'Classic'
2020-08-28 20:13:28,501 DEBUG - Checking in com.qualitestgroup.keywords.classic.Classic
2020-08-28 20:13:28,511 DEBUG - Loading keyword 'AccountSearchByName' in app 'Classic'
2020-08-28 20:13:28,511 DEBUG - Checking in com.qualitestgroup.keywords.classic.Classic
2020-08-28 20:13:28,515 DEBUG - Loading keyword 'EnterAccountMandatoryDetails' in app 'Classic'
2020-08-28 20:13:28,515 DEBUG - Checking in com.qualitestgroup.keywords.classic.Classic
2020-08-28 20:13:28,522 DEBUG - Loading keyword 'SaveAccountDetails' in app 'Classic'
2020-08-28 20:13:28,523 DEBUG - Checking in com.qualitestgroup.keywords.classic.Classic
2020-08-28 20:13:28,533 DEBUG - Loading keyword 'CreateContactFromAccount' in app 'Classic'
2020-08-28 20:13:28,534 DEBUG - Checking in com.qualitestgroup.keywords.classic.Classic
2020-08-28 20:13:28,545 DEBUG - Loading keyword 'EnterContactMandatoryDetails' in app 'Classic'
2020-08-28 20:13:28,545 DEBUG - Checking in com.qualitestgroup.keywords.classic.Classic
2020-08-28 20:13:28,556 DEBUG - Loading keyword 'LogoutOfApplication' in app 'Classic'
2020-08-28 20:13:28,557 DEBUG - Checking in com.qualitestgroup.keywords.classic.Classic
2020-08-28 20:13:28,566  INFO - Checking Verify Creation of New Account's dependencies.
2020-08-28 20:13:28,566  INFO - Dependencies OK, running test.
2020-08-28 20:13:28,566  INFO - Changing log level
2020-08-28 20:13:28,566  INFO - Log Level has successfuly changed to: TRACE
2020-08-28 20:13:28,566  INFO - Changing log level
2020-08-28 20:13:28,567  INFO - Log Level has successfuly changed to: TRACE
2020-08-28 20:13:28,741  INFO - Loading test data for Verify Creation of New Account
2020-08-28 20:13:28,764  INFO - Changing log level
2020-08-28 20:13:28,764  INFO - Log Level has successfuly changed to: TRACE
2020-08-28 20:13:28,764  INFO - Verify Creation of New Account run #1
2020-08-28 20:13:28,765 DEBUG - Args: {Username=siva_surya_prasand.arivalagan@genesys.com.qa, URL=https://genesys--qa.my.salesforce.com/, Browser=Chrome, Password=S@lesforce2}
2020-08-28 20:13:28,765  INFO - Initializing keyword LoginToApplication
2020-08-28 20:13:28,765  INFO - Executing keyword LoginToApplication
2020-08-28 20:13:28,766 DEBUG - Checking in com.qualitestgroup.keywords.browser.Browser
2020-08-28 20:13:28,767 DEBUG - Checking in com.qualitestgroup.keywords.common.Browser
2020-08-28 20:13:28,802 DEBUG - Args: {Browser=Chrome}
2020-08-28 20:13:28,802  INFO - Initializing keyword Launch
2020-08-28 20:13:28,802  INFO - Executing keyword Launch
2020-08-28 20:13:36,325  INFO - Cleaning up keyword Launch
2020-08-28 20:13:36,325  INFO - Keyword Launch complete.
2020-08-28 20:13:54,504  INFO - Cleaning up keyword LoginToApplication
2020-08-28 20:13:54,504  INFO - Keyword LoginToApplication complete.
2020-08-28 20:13:55,380 DEBUG - Arguments: {Username=siva_surya_prasand.arivalagan@genesys.com.qa, URL=https://genesys--qa.my.salesforce.com/, Browser=Chrome, Password=S@lesforce2}
2020-08-28 20:13:55,902 DEBUG - <a href="screenshots/shot_2020-8-28_20h13m55s381ms.jpg">Screen Shot</a>
2020-08-28 20:13:55,903 DEBUG - Args: {RecordType=EMG - Customer Record Type}
2020-08-28 20:13:55,903  INFO - Initializing keyword SelectAccountRecordType
2020-08-28 20:13:55,903  INFO - Executing keyword SelectAccountRecordType
2020-08-28 20:14:01,421  INFO - Cleaning up keyword SelectAccountRecordType
2020-08-28 20:14:01,421  INFO - Keyword SelectAccountRecordType complete.
2020-08-28 20:14:01,737 DEBUG - Arguments: {RecordType=EMG - Customer Record Type}
2020-08-28 20:14:02,042 DEBUG - <a href="screenshots/shot_2020-8-28_20h14m1s737ms.jpg">Screen Shot</a>
2020-08-28 20:14:02,043 DEBUG - Args: {RecordType=EMG - Customer Record Type, AccountName=ACCT_0001}
2020-08-28 20:14:02,043  INFO - Initializing keyword AccountSearchByName
2020-08-28 20:14:02,043  INFO - Executing keyword AccountSearchByName
2020-08-28 20:14:08,733  INFO - Cleaning up keyword AccountSearchByName
2020-08-28 20:14:08,734  INFO - Keyword AccountSearchByName complete.
2020-08-28 20:14:09,062 DEBUG - Arguments: {RecordType=EMG - Customer Record Type, AccountName=ACCT_0001}
2020-08-28 20:14:09,377 DEBUG - <a href="screenshots/shot_2020-8-28_20h14m9s63ms.jpg">Screen Shot</a>
2020-08-28 20:14:09,378 DEBUG - Args: {AccountProfiling=OTHER|Non-Classifiable Other|Private|Business-to-Consumer|0 to 5|Sent to SSA, AccountFieldValues=Automation|Creating Account|Active|01. Active|40664|8100, ContactFieldValues=400 New York Ave|4th Lane|Near Office|Alamogordo|88310|United States|WA}
2020-08-28 20:14:09,378  INFO - Initializing keyword EnterAccountMandatoryDetails
2020-08-28 20:14:09,378  INFO - Executing keyword EnterAccountMandatoryDetails
2020-08-28 20:15:18,350  INFO - Cleaning up keyword EnterAccountMandatoryDetails
2020-08-28 20:15:18,351  INFO - Keyword EnterAccountMandatoryDetails complete.
2020-08-28 20:15:18,710 DEBUG - Arguments: {AccountProfiling=OTHER|Non-Classifiable Other|Private|Business-to-Consumer|0 to 5|Sent to SSA, AccountFieldValues=Automation|Creating Account|Active|01. Active|40664|8100, ContactFieldValues=400 New York Ave|4th Lane|Near Office|Alamogordo|88310|United States|WA}
2020-08-28 20:15:19,055 DEBUG - <a href="screenshots/shot_2020-8-28_20h15m18s711ms.jpg">Screen Shot</a>
2020-08-28 20:15:19,055 DEBUG - Args: {}
2020-08-28 20:15:19,056  INFO - Initializing keyword SaveAccountDetails
2020-08-28 20:15:19,056  INFO - Executing keyword SaveAccountDetails
2020-08-28 20:15:33,809  INFO - Cleaning up keyword SaveAccountDetails
2020-08-28 20:15:33,810  INFO - Keyword SaveAccountDetails complete.
2020-08-28 20:15:34,263 DEBUG - Arguments: {}
2020-08-28 20:15:34,837 DEBUG - <a href="screenshots/shot_2020-8-28_20h15m34s263ms.jpg">Screen Shot</a>
2020-08-28 20:15:34,837 DEBUG - Args: {}
2020-08-28 20:15:34,837  INFO - Initializing keyword CreateContactFromAccount
2020-08-28 20:15:34,838  INFO - Executing keyword CreateContactFromAccount
2020-08-28 20:16:54,567  INFO - Cleaning up keyword CreateContactFromAccount
2020-08-28 20:16:54,567  INFO - Keyword CreateContactFromAccount complete.
2020-08-28 20:16:54,905 DEBUG - Arguments: {}
2020-08-28 20:16:55,198 DEBUG - <a href="screenshots/shot_2020-8-28_20h16m54s906ms.jpg">Screen Shot</a>
2020-08-28 20:16:55,199 DEBUG - Args: {ContactFieldValues=Automation|Creating Account|Active|01. Active|40664|8100}
2020-08-28 20:16:55,199  INFO - Initializing keyword EnterContactMandatoryDetails
2020-08-28 20:16:55,199  INFO - Executing keyword EnterContactMandatoryDetails
2020-08-28 20:16:55,515 ERROR - java.lang.ArrayIndexOutOfBoundsException: 7
	at com.qualitestgroup.keywords.classic.Classic$EnterContactMandatoryDetails.exec(Classic.java:819)
	at com.qualitestgroup.kdt.Keyword.run(Keyword.java:153)
	at com.qualitestgroup.kdt.TestStep.run(TestStep.java:163)
	at com.qualitestgroup.kdt.TestCase.run(TestCase.java:327)
	at com.qualitestgroup.kdt.KDTDriver.run(KDTDriver.java:250)
	at com.qualitestgroup.kdt.KDTDriver.main(KDTDriver.java:571)

2020-08-28 20:16:55,516  INFO - Cleaning up keyword EnterContactMandatoryDetails
2020-08-28 20:16:55,516  INFO - Keyword EnterContactMandatoryDetails complete.
2020-08-28 20:16:56,126 DEBUG - Arguments: {ContactFieldValues=Automation|Creating Account|Active|01. Active|40664|8100}
2020-08-28 20:16:56,445 DEBUG - <a href="screenshots/shot_2020-8-28_20h16m56s126ms.jpg">Screen Shot</a>
2020-08-28 20:16:56,445 ERROR - Verify Creation of New Account run #1 failed.
2020-08-28 20:16:56,519  INFO - Verify Creation of New Account completed.
2020-08-28 20:16:59,066  INFO - Test Failed
