2020-10-23 01:28:46,379  INFO - Run by: QUALITEST\ramanamma.robbi
2020-10-23 01:28:46,383  INFO - Opening C:\genesys\Genesys-Automation-master\Datasheets\CPQ_Automation_POC_Classic_ExistingAccount_NORAMP_Monthly.xls
2020-10-23 01:28:46,603  INFO - Changing log level
2020-10-23 01:28:46,603  INFO - Log Level has successfuly changed to: TRACE
2020-10-23 01:28:46,603 DEBUG - Loading test case 'Verify  the user is able to  Create a New Quote on a existing Opportunity and add the Products to the same Quote'
2020-10-23 01:28:46,605 DEBUG - Creating test case Verify  the user is able to  Create a New Quote on a existing Opportunity and add the Products to the same Quote
2020-10-23 01:28:46,616 DEBUG - Loading keyword 'LoginToApplication' in app 'Classic'
2020-10-23 01:28:46,619 DEBUG - Checking in com.qualitestgroup.keywords.classic.Classic
2020-10-23 01:28:46,627 DEBUG - Loading keyword 'SearchAndAddWrapperProduct' in app 'Classic'
2020-10-23 01:28:46,628 DEBUG - Checking in com.qualitestgroup.keywords.classic.Classic
2020-10-23 01:28:46,632  INFO - Checking Verify  the user is able to  Create a New Quote on a existing Opportunity and add the Products to the same Quote's dependencies.
2020-10-23 01:28:46,633  INFO - Dependencies OK, running test.
2020-10-23 01:28:46,633  INFO - Changing log level
2020-10-23 01:28:46,633  INFO - Log Level has successfuly changed to: TRACE
2020-10-23 01:28:46,633  INFO - Changing log level
2020-10-23 01:28:46,633  INFO - Log Level has successfuly changed to: TRACE
2020-10-23 01:28:46,657  INFO - Loading test data for Verify  the user is able to  Create a New Quote on a existing Opportunity and add the Products to the same Quote
2020-10-23 01:28:46,671  INFO - Changing log level
2020-10-23 01:28:46,671  INFO - Log Level has successfuly changed to: TRACE
2020-10-23 01:28:46,671  INFO - Verify  the user is able to  Create a New Quote on a existing Opportunity and add the Products to the same Quote run #1
2020-10-23 01:28:46,672 DEBUG - Args: {Username=robbi.ramanamma@genesys.com.qa, URL=https://genesys--qa.my.salesforce.com/, Browser=Chrome, Password=Zen@1234}
2020-10-23 01:28:46,672  INFO - Initializing keyword LoginToApplication
2020-10-23 01:28:46,672  INFO - Executing keyword LoginToApplication
2020-10-23 01:28:46,674 DEBUG - Checking in com.qualitestgroup.keywords.browser.Browser
2020-10-23 01:28:46,674 DEBUG - Checking in com.qualitestgroup.keywords.common.Browser
2020-10-23 01:28:46,679 DEBUG - Args: {Browser=Chrome}
2020-10-23 01:28:46,679  INFO - Initializing keyword Launch
2020-10-23 01:28:46,679  INFO - Executing keyword Launch
2020-10-23 01:28:53,598  INFO - Cleaning up keyword Launch
2020-10-23 01:28:53,598  INFO - Keyword Launch complete.
2020-10-23 01:29:15,845  INFO - Cleaning up keyword LoginToApplication
2020-10-23 01:29:15,845  INFO - Keyword LoginToApplication complete.
2020-10-23 01:29:16,295 DEBUG - Arguments: {Username=robbi.ramanamma@genesys.com.qa, URL=https://genesys--qa.my.salesforce.com/, Browser=Chrome, Password=Zen@1234}
2020-10-23 01:29:16,649 DEBUG - <a href="screenshots/shot_2020-10-23_1h29m16s296ms.jpg">Screen Shot</a>
2020-10-23 01:29:16,650 DEBUG - Args: {BundleProduct1=PureCloud 2 User - Wrapper@1.00}
2020-10-23 01:29:16,651  INFO - Initializing keyword SearchAndAddWrapperProduct
2020-10-23 01:29:16,651  INFO - Executing keyword SearchAndAddWrapperProduct
2020-10-23 01:30:29,257  INFO - Cleaning up keyword SearchAndAddWrapperProduct
2020-10-23 01:30:29,258  INFO - Keyword SearchAndAddWrapperProduct complete.
2020-10-23 01:30:29,664 DEBUG - Arguments: {BundleProduct1=PureCloud 2 User - Wrapper@1.00}
2020-10-23 01:30:30,019 DEBUG - <a href="screenshots/shot_2020-10-23_1h30m29s665ms.jpg">Screen Shot</a>
2020-10-23 01:30:30,042  INFO - Verify  the user is able to  Create a New Quote on a existing Opportunity and add the Products to the same Quote completed.
2020-10-23 01:30:31,630  INFO - Test Passed
