2020-09-22 15:22:44,942  INFO - Run by: QUALITEST\ramanamma.robbi
2020-09-22 15:22:44,946  INFO - Opening C:\genesys\Genesys-Automation-master\Datasheets\CPQ_Automation_POC_Classic.xls
2020-09-22 15:22:45,439  INFO - Changing log level
2020-09-22 15:22:45,439  INFO - Log Level has successfuly changed to: TRACE
2020-09-22 15:22:45,439 DEBUG - Loading test case 'Verify  the user is able to  Create a New Quote on a existing Opportunity and add the Products to the same Quote'
2020-09-22 15:22:45,470 DEBUG - Creating test case Verify  the user is able to  Create a New Quote on a existing Opportunity and add the Products to the same Quote
2020-09-22 15:22:45,530 DEBUG - Loading keyword 'LoginToApplication' in app 'Classic'
2020-09-22 15:22:45,538 DEBUG - Checking in com.qualitestgroup.keywords.classic.Classic
2020-09-22 15:22:45,614 DEBUG - Loading keyword 'SearchAndAddOneHardwareProduct' in app 'Classic'
2020-09-22 15:22:45,614 DEBUG - Checking in com.qualitestgroup.keywords.classic.Classic
2020-09-22 15:22:45,647  INFO - Checking Verify  the user is able to  Create a New Quote on a existing Opportunity and add the Products to the same Quote's dependencies.
2020-09-22 15:22:45,647  INFO - Dependencies OK, running test.
2020-09-22 15:22:45,647  INFO - Changing log level
2020-09-22 15:22:45,647  INFO - Log Level has successfuly changed to: TRACE
2020-09-22 15:22:45,647  INFO - Changing log level
2020-09-22 15:22:45,647  INFO - Log Level has successfuly changed to: TRACE
2020-09-22 15:22:46,092  INFO - Loading test data for Verify  the user is able to  Create a New Quote on a existing Opportunity and add the Products to the same Quote
2020-09-22 15:22:46,114  INFO - Changing log level
2020-09-22 15:22:46,114  INFO - Log Level has successfuly changed to: TRACE
2020-09-22 15:22:46,115  INFO - Verify  the user is able to  Create a New Quote on a existing Opportunity and add the Products to the same Quote run #1
2020-09-22 15:22:46,116 DEBUG - Args: {Username=robbi.ramanamma@genesys.com.qa, URL=https://genesys--qa.my.salesforce.com/, Browser=Chrome, Password=Zen@1234}
2020-09-22 15:22:46,117  INFO - Initializing keyword LoginToApplication
2020-09-22 15:22:46,117  INFO - Executing keyword LoginToApplication
2020-09-22 15:22:46,120 DEBUG - Checking in com.qualitestgroup.keywords.browser.Browser
2020-09-22 15:22:46,121 DEBUG - Checking in com.qualitestgroup.keywords.common.Browser
2020-09-22 15:22:46,144 DEBUG - Args: {Browser=Chrome}
2020-09-22 15:22:46,144  INFO - Initializing keyword Launch
2020-09-22 15:22:46,144  INFO - Executing keyword Launch
2020-09-22 15:22:53,339  INFO - Cleaning up keyword Launch
2020-09-22 15:22:53,339  INFO - Keyword Launch complete.
2020-09-22 15:23:30,235  INFO - Cleaning up keyword LoginToApplication
2020-09-22 15:23:30,235  INFO - Keyword LoginToApplication complete.
2020-09-22 15:23:32,006 DEBUG - Arguments: {Username=robbi.ramanamma@genesys.com.qa, URL=https://genesys--qa.my.salesforce.com/, Browser=Chrome, Password=Zen@1234}
2020-09-22 15:23:32,306 DEBUG - <a href="screenshots/shot_2020-9-22_15h23m32s7ms.jpg">Screen Shot</a>
2020-09-22 15:23:32,307 DEBUG - Args: {HardwareProd1=10 Rack Mounting Shelves - Bulk Pack for MP-11x@5.00|2U 15" Rack Shelf@5.00, HardwareProd1MandateFieldValues=12||2, QuoteFieldValues=Monthly|2 Years| 9/9/2020|Test|New Subscription|12|9/9/2020|Annual M2M|Net 30|Yes|Yes|Test}
2020-09-22 15:23:32,307  INFO - Initializing keyword SearchAndAddOneHardwareProduct
2020-09-22 15:23:32,307  INFO - Executing keyword SearchAndAddOneHardwareProduct
