2020-10-23 00:14:33,526  INFO - Run by: QUALITEST\ramanamma.robbi
2020-10-23 00:14:33,531  INFO - Opening C:\genesys\Genesys-Automation-master\Datasheets\CPQ_Automation_POC_Classic_ExistingAccount_NORAMP_Monthly.xls
2020-10-23 00:14:33,805  INFO - Changing log level
2020-10-23 00:14:33,806  INFO - Log Level has successfuly changed to: TRACE
2020-10-23 00:14:33,806 DEBUG - Loading test case 'Verify  the user is able to  Create a New Quote on a existing Opportunity and add the Products to the same Quote'
2020-10-23 00:14:33,808 DEBUG - Creating test case Verify  the user is able to  Create a New Quote on a existing Opportunity and add the Products to the same Quote
2020-10-23 00:14:33,825 DEBUG - Loading keyword 'LoginToApplication' in app 'Classic'
2020-10-23 00:14:33,830 DEBUG - Checking in com.qualitestgroup.keywords.classic.Classic
2020-10-23 00:14:33,892 DEBUG - Loading keyword 'SearchAndAddProducts' in app 'Classic'
2020-10-23 00:14:33,892 DEBUG - Checking in com.qualitestgroup.keywords.classic.Classic
2020-10-23 00:14:34,029  INFO - Checking Verify  the user is able to  Create a New Quote on a existing Opportunity and add the Products to the same Quote's dependencies.
2020-10-23 00:14:34,030  INFO - Dependencies OK, running test.
2020-10-23 00:14:34,031  INFO - Changing log level
2020-10-23 00:14:34,031  INFO - Log Level has successfuly changed to: TRACE
2020-10-23 00:14:34,032  INFO - Changing log level
2020-10-23 00:14:34,033  INFO - Log Level has successfuly changed to: TRACE
2020-10-23 00:14:34,286  INFO - Loading test data for Verify  the user is able to  Create a New Quote on a existing Opportunity and add the Products to the same Quote
2020-10-23 00:14:34,306  INFO - Changing log level
2020-10-23 00:14:34,306  INFO - Log Level has successfuly changed to: TRACE
2020-10-23 00:14:34,306  INFO - Verify  the user is able to  Create a New Quote on a existing Opportunity and add the Products to the same Quote run #1
2020-10-23 00:14:34,307 DEBUG - Args: {Username=robbi.ramanamma@genesys.com.qa, URL=https://genesys--qa.my.salesforce.com/, Browser=Chrome, Password=Zen@1234}
2020-10-23 00:14:34,307  INFO - Initializing keyword LoginToApplication
2020-10-23 00:14:34,307  INFO - Executing keyword LoginToApplication
2020-10-23 00:14:34,309 DEBUG - Checking in com.qualitestgroup.keywords.browser.Browser
2020-10-23 00:14:34,310 DEBUG - Checking in com.qualitestgroup.keywords.common.Browser
2020-10-23 00:14:34,316 DEBUG - Args: {Browser=Chrome}
2020-10-23 00:14:34,316  INFO - Initializing keyword Launch
2020-10-23 00:14:34,316  INFO - Executing keyword Launch
2020-10-23 00:14:42,459  INFO - Cleaning up keyword Launch
2020-10-23 00:14:42,459  INFO - Keyword Launch complete.
2020-10-23 00:15:01,155  INFO - Cleaning up keyword LoginToApplication
2020-10-23 00:15:01,156  INFO - Keyword LoginToApplication complete.
2020-10-23 00:15:01,513 DEBUG - Arguments: {Username=robbi.ramanamma@genesys.com.qa, URL=https://genesys--qa.my.salesforce.com/, Browser=Chrome, Password=Zen@1234}
2020-10-23 00:15:01,840 DEBUG - <a href="screenshots/shot_2020-10-23_0h15m1s514ms.jpg">Screen Shot</a>
2020-10-23 00:15:01,841 DEBUG - Args: {HardwareProd1=10 Rack Mounting Shelves - Bulk Pack for MP-11x@5.00|2U 15" Rack Shelf@5.00}
2020-10-23 00:15:01,841  INFO - Initializing keyword SearchAndAddProducts
2020-10-23 00:15:01,841  INFO - Executing keyword SearchAndAddProducts
2020-10-23 00:15:48,542  WARN - Keyword SearchAndAddProducts execution fail: Not able to click on an element having xpath - <b>//sb-search-bar[@id='headersearch']//paper-button[@id='search']</b>
2020-10-23 00:15:48,626  WARN - element click intercepted: Element <paper-button id="search" class="sbPrimaryAction sb-icon-search style-scope sb-search-bar x-scope paper-button-0" noink="" role="button" tabindex="0" animated="" aria-disabled="false" elevation="0">...</paper-button> is not clickable at point (841, 193). Other element would receive the click: <div id="mask" class="sbLoadingMask fixed style-scope sf-loading-spinner">...</div>
  (Session info: chrome=86.0.4240.75)
Build info: version: '3.4.0', revision: 'unknown', time: 'unknown'
System info: host: 'QT-INBG-LT0557', ip: '10.31.234.161', os.name: 'Windows 10', os.arch: 'amd64', os.version: '10.0', java.version: '1.8.0_261'
Driver info: org.openqa.selenium.chrome.ChromeDriver
Capabilities [{networkConnectionEnabled=false, chrome={chromedriverVersion=85.0.4183.87 (cd6713ebf92fa1cacc0f1a598df280093af0c5d7-refs/branch-heads/4183@{#1689}), userDataDir=C:\Users\RAMANA~1.ROB\AppData\Local\Temp\scoped_dir18320_573908756}, timeouts={implicit=0.0, pageLoad=300000.0, script=30000.0}, pageLoadStrategy=normal, unhandledPromptBehavior=dismiss and notify, strictFileInteractability=false, platform=ANY, proxy=Proxy(), goog:chromeOptions={debuggerAddress=localhost:65497}, acceptInsecureCerts=false, browserVersion=86.0.4240.75, browserName=chrome, javascriptEnabled=true, platformName=windows, setWindowRect=true, webauthn:virtualAuthenticators=true}]
Session ID: b32f339e75f53f30e99b963ef36ecb38
2020-10-23 00:15:48,626  INFO - Cleaning up keyword SearchAndAddProducts
2020-10-23 00:15:48,627  INFO - Keyword SearchAndAddProducts complete.
2020-10-23 00:15:49,399 DEBUG - Arguments: {HardwareProd1=10 Rack Mounting Shelves - Bulk Pack for MP-11x@5.00|2U 15" Rack Shelf@5.00}
2020-10-23 00:15:49,791 DEBUG - <a href="screenshots/shot_2020-10-23_0h15m49s400ms.jpg">Screen Shot</a>
2020-10-23 00:15:49,792 ERROR - Verify  the user is able to  Create a New Quote on a existing Opportunity and add the Products to the same Quote run #1 failed.
2020-10-23 00:15:49,931  INFO - Verify  the user is able to  Create a New Quote on a existing Opportunity and add the Products to the same Quote completed.
2020-10-23 00:15:53,724  INFO - Test Failed
