2020-10-23 23:41:52,343  INFO - Run by: QUALITEST\ramanamma.robbi
2020-10-23 23:41:52,345  INFO - Opening C:\genesys\Genesys-Automation-master\Datasheets\CPQ_Automation_POC_Classic_ExistingAccount_NORAMP_Monthly.xls
2020-10-23 23:41:52,573  INFO - Changing log level
2020-10-23 23:41:52,573  INFO - Log Level has successfuly changed to: TRACE
2020-10-23 23:41:52,573 DEBUG - Loading test case 'Verify  the user is able to  Create a New Quote on a existing Opportunity and add the Products to the same Quote'
2020-10-23 23:41:52,575 DEBUG - Creating test case Verify  the user is able to  Create a New Quote on a existing Opportunity and add the Products to the same Quote
2020-10-23 23:41:52,591 DEBUG - Loading keyword 'LoginToApplication' in app 'Classic'
2020-10-23 23:41:52,596 DEBUG - Checking in com.qualitestgroup.keywords.classic.Classic
2020-10-23 23:41:52,604 DEBUG - Loading keyword 'ConfigureProducts' in app 'Classic'
2020-10-23 23:41:52,604 DEBUG - Checking in com.qualitestgroup.keywords.classic.Classic
2020-10-23 23:41:52,608  INFO - Checking Verify  the user is able to  Create a New Quote on a existing Opportunity and add the Products to the same Quote's dependencies.
2020-10-23 23:41:52,608  INFO - Dependencies OK, running test.
2020-10-23 23:41:52,608  INFO - Changing log level
2020-10-23 23:41:52,609  INFO - Log Level has successfuly changed to: TRACE
2020-10-23 23:41:52,609  INFO - Changing log level
2020-10-23 23:41:52,609  INFO - Log Level has successfuly changed to: TRACE
2020-10-23 23:41:52,626  INFO - Loading test data for Verify  the user is able to  Create a New Quote on a existing Opportunity and add the Products to the same Quote
2020-10-23 23:41:52,643  INFO - Changing log level
2020-10-23 23:41:52,643  INFO - Log Level has successfuly changed to: TRACE
2020-10-23 23:41:52,644  INFO - Verify  the user is able to  Create a New Quote on a existing Opportunity and add the Products to the same Quote run #1
2020-10-23 23:41:52,644 DEBUG - Args: {Username=robbi.ramanamma@genesys.com.qa, URL=https://genesys--qa.my.salesforce.com/, Browser=Chrome, Password=Zen@1234}
2020-10-23 23:41:52,644  INFO - Initializing keyword LoginToApplication
2020-10-23 23:41:52,644  INFO - Executing keyword LoginToApplication
2020-10-23 23:41:52,646 DEBUG - Checking in com.qualitestgroup.keywords.browser.Browser
2020-10-23 23:41:52,647 DEBUG - Checking in com.qualitestgroup.keywords.common.Browser
2020-10-23 23:41:52,653 DEBUG - Args: {Browser=Chrome}
2020-10-23 23:41:52,653  INFO - Initializing keyword Launch
2020-10-23 23:41:52,653  INFO - Executing keyword Launch
2020-10-23 23:41:59,170  INFO - Cleaning up keyword Launch
2020-10-23 23:41:59,171  INFO - Keyword Launch complete.
2020-10-23 23:42:15,646  INFO - Cleaning up keyword LoginToApplication
2020-10-23 23:42:15,646  INFO - Keyword LoginToApplication complete.
2020-10-23 23:42:15,993 DEBUG - Arguments: {Username=robbi.ramanamma@genesys.com.qa, URL=https://genesys--qa.my.salesforce.com/, Browser=Chrome, Password=Zen@1234}
2020-10-23 23:42:16,364 DEBUG - <a href="screenshots/shot_2020-10-23_23h42m15s994ms.jpg">Screen Shot</a>
2020-10-23 23:42:16,365 DEBUG - Args: {WrapperSubProducts=PureCloud 2 User|PureCloud Communicate User|PureCloud Collaborate User|PureCloud Communicate Stand-alone Phone|PureCloud for Wallboard Device Charge, HardwareProd1=10 Rack Mounting Shelves - Bulk Pack for MP-11x@5.00, HardwareProd1MandateFieldValues=2|2|30|100, QuoteFieldValues=Monthly|2 Years|Test|New Subscription|24|Annual M2M|Net 30|Yes|Yes|Test}
2020-10-23 23:42:16,365  INFO - Initializing keyword ConfigureProducts
2020-10-23 23:42:16,366  INFO - Executing keyword ConfigureProducts
2020-10-23 23:42:52,355  INFO - Cleaning up keyword ConfigureProducts
2020-10-23 23:42:52,356  INFO - Keyword ConfigureProducts complete.
2020-10-23 23:42:52,676 DEBUG - Arguments: {WrapperSubProducts=PureCloud 2 User|PureCloud Communicate User|PureCloud Collaborate User|PureCloud Communicate Stand-alone Phone|PureCloud for Wallboard Device Charge, HardwareProd1=10 Rack Mounting Shelves - Bulk Pack for MP-11x@5.00, HardwareProd1MandateFieldValues=2|2|30|100, QuoteFieldValues=Monthly|2 Years|Test|New Subscription|24|Annual M2M|Net 30|Yes|Yes|Test}
2020-10-23 23:42:53,006 DEBUG - <a href="screenshots/shot_2020-10-23_23h42m52s677ms.jpg">Screen Shot</a>
2020-10-23 23:42:53,015  INFO - Verify  the user is able to  Create a New Quote on a existing Opportunity and add the Products to the same Quote completed.
2020-10-23 23:42:54,315  INFO - Test Passed
