2020-10-24 23:02:51,906  INFO - Run by: QUALITEST\ramanamma.robbi
2020-10-24 23:02:51,924  INFO - Opening C:\genesys\Genesys-Automation-master\Datasheets\CPQ_Automation_POC_Classic_ExistingAccount_NORAMP_Monthly.xls
2020-10-24 23:02:52,454  INFO - Changing log level
2020-10-24 23:02:52,455  INFO - Log Level has successfuly changed to: TRACE
2020-10-24 23:02:52,457 DEBUG - Loading test case 'Verify  the user is able to  Create a New Quote on a existing Opportunity and add the Products to the same Quote'
2020-10-24 23:02:52,501 DEBUG - Creating test case Verify  the user is able to  Create a New Quote on a existing Opportunity and add the Products to the same Quote
2020-10-24 23:02:52,557 DEBUG - Loading keyword 'LoginToApplication' in app 'Classic'
2020-10-24 23:02:52,565 DEBUG - Checking in com.qualitestgroup.keywords.classic.Classic
2020-10-24 23:02:52,595 DEBUG - Loading keyword 'EnterQuoteMandatoryDetailsForRAMP' in app 'Classic'
2020-10-24 23:02:52,596 DEBUG - Checking in com.qualitestgroup.keywords.classic.Classic
2020-10-24 23:02:52,598 DEBUG - Loading keyword 'SearchAndAddProducts' in app 'Classic'
2020-10-24 23:02:52,598 DEBUG - Checking in com.qualitestgroup.keywords.classic.Classic
2020-10-24 23:02:52,600 DEBUG - Loading keyword 'SearchAndAddWrapperProduct' in app 'Classic'
2020-10-24 23:02:52,601 DEBUG - Checking in com.qualitestgroup.keywords.classic.Classic
2020-10-24 23:02:52,603 DEBUG - Loading keyword 'ConfigureProducts' in app 'Classic'
2020-10-24 23:02:52,603 DEBUG - Checking in com.qualitestgroup.keywords.classic.Classic
2020-10-24 23:02:52,607 DEBUG - Loading keyword 'EnterValuesToTheProductsForRamp' in app 'Classic'
2020-10-24 23:02:52,607 DEBUG - Checking in com.qualitestgroup.keywords.classic.Classic
2020-10-24 23:02:52,630  INFO - Checking Verify  the user is able to  Create a New Quote on a existing Opportunity and add the Products to the same Quote's dependencies.
2020-10-24 23:02:52,631  INFO - Dependencies OK, running test.
2020-10-24 23:02:52,631  INFO - Changing log level
2020-10-24 23:02:52,631  INFO - Log Level has successfuly changed to: TRACE
2020-10-24 23:02:52,632  INFO - Changing log level
2020-10-24 23:02:52,632  INFO - Log Level has successfuly changed to: TRACE
2020-10-24 23:02:52,697  INFO - Loading test data for Verify  the user is able to  Create a New Quote on a existing Opportunity and add the Products to the same Quote
2020-10-24 23:02:52,735  INFO - Changing log level
2020-10-24 23:02:52,735  INFO - Log Level has successfuly changed to: TRACE
2020-10-24 23:02:52,736  INFO - Verify  the user is able to  Create a New Quote on a existing Opportunity and add the Products to the same Quote run #1
2020-10-24 23:02:52,736 DEBUG - Args: {Username=robbi.ramanamma@genesys.com.qa, URL=https://genesys--qa.my.salesforce.com/, Browser=Chrome, Password=Zen@1234}
2020-10-24 23:02:52,736  INFO - Initializing keyword LoginToApplication
2020-10-24 23:02:52,736  INFO - Executing keyword LoginToApplication
2020-10-24 23:02:52,737 DEBUG - Checking in com.qualitestgroup.keywords.browser.Browser
2020-10-24 23:02:52,738 DEBUG - Checking in com.qualitestgroup.keywords.common.Browser
2020-10-24 23:02:52,801 DEBUG - Args: {Browser=Chrome}
2020-10-24 23:02:52,802  INFO - Initializing keyword Launch
2020-10-24 23:02:52,802  INFO - Executing keyword Launch
2020-10-24 23:03:06,936  INFO - Cleaning up keyword Launch
2020-10-24 23:03:06,937  INFO - Keyword Launch complete.
2020-10-24 23:03:31,279  INFO - Cleaning up keyword LoginToApplication
2020-10-24 23:03:31,279  INFO - Keyword LoginToApplication complete.
2020-10-24 23:03:31,753 DEBUG - Arguments: {Username=robbi.ramanamma@genesys.com.qa, URL=https://genesys--qa.my.salesforce.com/, Browser=Chrome, Password=Zen@1234}
2020-10-24 23:03:35,172 DEBUG - <a href="screenshots/shot_2020-10-24_23h3m31s754ms.jpg">Screen Shot</a>
2020-10-24 23:03:35,173 DEBUG - Args: {QuoteFieldValues=Monthly|2 Years|Test|New Subscription|24|Annual M2M|Net 30|Yes|Yes|Test}
2020-10-24 23:03:35,173  INFO - Initializing keyword EnterQuoteMandatoryDetailsForRAMP
2020-10-24 23:03:35,174  INFO - Executing keyword EnterQuoteMandatoryDetailsForRAMP
2020-10-24 23:03:41,587  WARN - Keyword EnterQuoteMandatoryDetailsForRAMP execution fail: Not able to enter on an element having xpath - <b>//label[text()='PO Date']/../following-sibling::td[1]//input</b>
2020-10-24 23:03:41,591  WARN - element click intercepted: Element <input id="00N11000009beYE" name="00N11000009beYE" onfocus="DatePicker.pickDate(false, '00N11000009beYE', false);" size="12" tabindex="79" type="text"> is not clickable at point (1216, 560). Other element would receive the click: <div class="buttonBar">...</div>
  (Session info: chrome=86.0.4240.111)
Build info: version: '3.4.0', revision: 'unknown', time: 'unknown'
System info: host: 'QT-INBG-LT0557', ip: '10.31.234.198', os.name: 'Windows 10', os.arch: 'amd64', os.version: '10.0', java.version: '1.8.0_261'
Driver info: org.openqa.selenium.chrome.ChromeDriver
Capabilities [{networkConnectionEnabled=false, chrome={chromedriverVersion=85.0.4183.87 (cd6713ebf92fa1cacc0f1a598df280093af0c5d7-refs/branch-heads/4183@{#1689}), userDataDir=C:\Users\RAMANA~1.ROB\AppData\Local\Temp\scoped_dir10816_1776243311}, timeouts={implicit=0.0, pageLoad=300000.0, script=30000.0}, pageLoadStrategy=normal, unhandledPromptBehavior=dismiss and notify, strictFileInteractability=false, platform=ANY, proxy=Proxy(), goog:chromeOptions={debuggerAddress=localhost:53409}, acceptInsecureCerts=false, browserVersion=86.0.4240.111, browserName=chrome, javascriptEnabled=true, platformName=windows, setWindowRect=true, webauthn:virtualAuthenticators=true}]
Session ID: cb4b7217d685b29a52febaedf3add1c7
2020-10-24 23:03:41,591  INFO - Cleaning up keyword EnterQuoteMandatoryDetailsForRAMP
2020-10-24 23:03:41,592  INFO - Keyword EnterQuoteMandatoryDetailsForRAMP complete.
2020-10-24 23:03:42,229 DEBUG - Arguments: {QuoteFieldValues=Monthly|2 Years|Test|New Subscription|24|Annual M2M|Net 30|Yes|Yes|Test}
2020-10-24 23:03:42,564 DEBUG - <a href="screenshots/shot_2020-10-24_23h3m42s230ms.jpg">Screen Shot</a>
2020-10-24 23:03:42,565 ERROR - Verify  the user is able to  Create a New Quote on a existing Opportunity and add the Products to the same Quote run #1 failed.
2020-10-24 23:03:42,583  INFO - Verify  the user is able to  Create a New Quote on a existing Opportunity and add the Products to the same Quote completed.
2020-10-24 23:03:45,375  INFO - Test Failed
