2020-08-28 15:32:06,277  INFO - Run by: QUALITEST\ramanamma.robbi
2020-08-28 15:32:06,285  INFO - Opening C:\genesys\Genesys-Automation-master\Datasheets\CPQ_Automation_POC_Classic.xls
2020-08-28 15:32:06,582  INFO - Changing log level
2020-08-28 15:32:06,582  INFO - Log Level has successfuly changed to: TRACE
2020-08-28 15:32:06,582 DEBUG - Loading test case 'Verify Creation of New Account'
2020-08-28 15:32:06,585 DEBUG - Creating test case Verify Creation of New Account
2020-08-28 15:32:06,601 DEBUG - Loading keyword 'LoginToApplication' in app 'Classic'
2020-08-28 15:32:06,607 DEBUG - Checking in com.qualitestgroup.keywords.classic.Classic
2020-08-28 15:32:06,618 DEBUG - Loading keyword 'SelectAccountRecordType' in app 'Classic'
2020-08-28 15:32:06,618 DEBUG - Checking in com.qualitestgroup.keywords.classic.Classic
2020-08-28 15:32:06,621 DEBUG - Loading keyword 'AccountSearchByName' in app 'Classic'
2020-08-28 15:32:06,621 DEBUG - Checking in com.qualitestgroup.keywords.classic.Classic
2020-08-28 15:32:06,624 DEBUG - Loading keyword 'EnterAccountMandatoryDetails' in app 'Classic'
2020-08-28 15:32:06,624 DEBUG - Checking in com.qualitestgroup.keywords.classic.Classic
2020-08-28 15:32:06,627 DEBUG - Loading keyword 'SaveAccountDetails' in app 'Classic'
2020-08-28 15:32:06,627 DEBUG - Checking in com.qualitestgroup.keywords.classic.Classic
2020-08-28 15:32:06,631 DEBUG - Loading keyword 'CreateContactFromAccount' in app 'Classic'
2020-08-28 15:32:06,631 DEBUG - Checking in com.qualitestgroup.keywords.classic.Classic
2020-08-28 15:32:06,636 DEBUG - Loading keyword 'EnterContactMandatoryDetails' in app 'Classic'
2020-08-28 15:32:06,636 DEBUG - Checking in com.qualitestgroup.keywords.classic.Classic
2020-08-28 15:32:06,638 DEBUG - Loading keyword 'LogoutOfApplication' in app 'Classic'
2020-08-28 15:32:06,639 DEBUG - Checking in com.qualitestgroup.keywords.classic.Classic
2020-08-28 15:32:06,683  INFO - Checking Verify Creation of New Account's dependencies.
2020-08-28 15:32:06,683  INFO - Dependencies OK, running test.
2020-08-28 15:32:06,683  INFO - Changing log level
2020-08-28 15:32:06,683  INFO - Log Level has successfuly changed to: TRACE
2020-08-28 15:32:06,684  INFO - Changing log level
2020-08-28 15:32:06,684  INFO - Log Level has successfuly changed to: TRACE
2020-08-28 15:32:06,704  INFO - Loading test data for Verify Creation of New Account
2020-08-28 15:32:06,719  INFO - Changing log level
2020-08-28 15:32:06,719  INFO - Log Level has successfuly changed to: TRACE
2020-08-28 15:32:06,720  INFO - Verify Creation of New Account run #1
2020-08-28 15:32:06,720 DEBUG - Args: {Username=siva_surya_prasand.arivalagan@genesys.com.qa, URL=https://genesys--qa.my.salesforce.com/, Browser=Chrome, Password=S@lesforce2}
2020-08-28 15:32:06,720  INFO - Initializing keyword LoginToApplication
2020-08-28 15:32:06,720  INFO - Executing keyword LoginToApplication
2020-08-28 15:32:06,721 DEBUG - Checking in com.qualitestgroup.keywords.browser.Browser
2020-08-28 15:32:06,722 DEBUG - Checking in com.qualitestgroup.keywords.common.Browser
2020-08-28 15:32:06,728 DEBUG - Args: {Browser=Chrome}
2020-08-28 15:32:06,728  INFO - Initializing keyword Launch
2020-08-28 15:32:06,728  INFO - Executing keyword Launch
2020-08-28 15:32:13,798  INFO - Cleaning up keyword Launch
2020-08-28 15:32:13,798  INFO - Keyword Launch complete.
2020-08-28 15:32:34,141  INFO - Cleaning up keyword LoginToApplication
2020-08-28 15:32:34,142  INFO - Keyword LoginToApplication complete.
2020-08-28 15:32:35,463 DEBUG - Arguments: {Username=siva_surya_prasand.arivalagan@genesys.com.qa, URL=https://genesys--qa.my.salesforce.com/, Browser=Chrome, Password=S@lesforce2}
2020-08-28 15:32:35,849 DEBUG - <a href="screenshots/shot_2020-8-28_15h32m35s464ms.jpg">Screen Shot</a>
2020-08-28 15:32:35,851 DEBUG - Args: {RecordType=EMG - Customer Record Type}
2020-08-28 15:32:35,851  INFO - Initializing keyword SelectAccountRecordType
2020-08-28 15:32:35,851  INFO - Executing keyword SelectAccountRecordType
2020-08-28 15:32:41,254  INFO - Cleaning up keyword SelectAccountRecordType
2020-08-28 15:32:41,255  INFO - Keyword SelectAccountRecordType complete.
2020-08-28 15:32:41,633 DEBUG - Arguments: {RecordType=EMG - Customer Record Type}
2020-08-28 15:32:42,081 DEBUG - <a href="screenshots/shot_2020-8-28_15h32m41s634ms.jpg">Screen Shot</a>
2020-08-28 15:32:42,083 DEBUG - Args: {RecordType=EMG - Customer Record Type, AccountName=ACCT_0001}
2020-08-28 15:32:42,083  INFO - Initializing keyword AccountSearchByName
2020-08-28 15:32:42,084  INFO - Executing keyword AccountSearchByName
2020-08-28 15:32:48,324  INFO - Cleaning up keyword AccountSearchByName
2020-08-28 15:32:48,324  INFO - Keyword AccountSearchByName complete.
2020-08-28 15:32:48,710 DEBUG - Arguments: {RecordType=EMG - Customer Record Type, AccountName=ACCT_0001}
2020-08-28 15:32:49,123 DEBUG - <a href="screenshots/shot_2020-8-28_15h32m48s711ms.jpg">Screen Shot</a>
2020-08-28 15:32:49,123 DEBUG - Args: {AccountProfiling=OTHER|Non-Classifiable Other|Private|Business-to-Consumer|0 to 5|Sent to SSA, AccountFieldValues=Automation|Creating Account|Active|01. Active|40664|8100, ContactFieldValues=400 New York Ave|4th Lane|Near Office|Alamogordo|88310|United States|WA}
2020-08-28 15:32:49,124  INFO - Initializing keyword EnterAccountMandatoryDetails
2020-08-28 15:32:49,124  INFO - Executing keyword EnterAccountMandatoryDetails
2020-08-28 15:33:57,868  INFO - Cleaning up keyword EnterAccountMandatoryDetails
2020-08-28 15:33:57,869  INFO - Keyword EnterAccountMandatoryDetails complete.
2020-08-28 15:33:58,252 DEBUG - Arguments: {AccountProfiling=OTHER|Non-Classifiable Other|Private|Business-to-Consumer|0 to 5|Sent to SSA, AccountFieldValues=Automation|Creating Account|Active|01. Active|40664|8100, ContactFieldValues=400 New York Ave|4th Lane|Near Office|Alamogordo|88310|United States|WA}
2020-08-28 15:33:58,594 DEBUG - <a href="screenshots/shot_2020-8-28_15h33m58s252ms.jpg">Screen Shot</a>
2020-08-28 15:33:58,595 DEBUG - Args: {}
2020-08-28 15:33:58,595  INFO - Initializing keyword SaveAccountDetails
2020-08-28 15:33:58,596  INFO - Executing keyword SaveAccountDetails
2020-08-28 15:34:18,619  INFO - Cleaning up keyword SaveAccountDetails
2020-08-28 15:34:18,619  INFO - Keyword SaveAccountDetails complete.
2020-08-28 15:34:19,177 DEBUG - Arguments: {}
2020-08-28 15:34:21,245 DEBUG - <a href="screenshots/shot_2020-8-28_15h34m19s178ms.jpg">Screen Shot</a>
2020-08-28 15:34:21,246 DEBUG - Args: {}
2020-08-28 15:34:21,246  INFO - Initializing keyword CreateContactFromAccount
2020-08-28 15:34:21,246  INFO - Executing keyword CreateContactFromAccount
