2020-10-25 23:46:13,060  INFO - Run by: QUALITEST\ramanamma.robbi
2020-10-25 23:46:13,064  INFO - Opening C:\genesys\Genesys-Automation-master\Datasheets\CPQ_Automation_POC_Lightning.xls
2020-10-25 23:46:13,245  INFO - Changing log level
2020-10-25 23:46:13,245  INFO - Log Level has successfuly changed to: TRACE
2020-10-25 23:46:13,245 DEBUG - Loading test case 'Verify Creation of New Account'
2020-10-25 23:46:13,247 DEBUG - Creating test case Verify Creation of New Account
2020-10-25 23:46:13,259 DEBUG - Loading keyword 'LoginToApplication' in app 'Lightning'
2020-10-25 23:46:13,263 DEBUG - Checking in com.qualitestgroup.keywords.lightning.Lightning
2020-10-25 23:46:13,271 DEBUG - Loading keyword 'SaveAccountDetails' in app 'Lightning'
2020-10-25 23:46:13,272 DEBUG - Checking in com.qualitestgroup.keywords.lightning.Lightning
2020-10-25 23:46:13,280  INFO - Checking Verify Creation of New Account's dependencies.
2020-10-25 23:46:13,280  INFO - Dependencies OK, running test.
2020-10-25 23:46:13,280  INFO - Changing log level
2020-10-25 23:46:13,280  INFO - Log Level has successfuly changed to: TRACE
2020-10-25 23:46:13,281  INFO - Changing log level
2020-10-25 23:46:13,281  INFO - Log Level has successfuly changed to: TRACE
2020-10-25 23:46:13,292  INFO - Loading test data for Verify Creation of New Account
2020-10-25 23:46:13,313  INFO - Changing log level
2020-10-25 23:46:13,313  INFO - Log Level has successfuly changed to: TRACE
2020-10-25 23:46:13,313  INFO - Verify Creation of New Account run #1
2020-10-25 23:46:13,314 DEBUG - Args: {Username=robbi.ramanamma@genesys.com.qa, URL=https://genesys--qa.my.salesforce.com/, Browser=Chrome, Password=Zen@1234}
2020-10-25 23:46:13,314  INFO - Initializing keyword LoginToApplication
2020-10-25 23:46:13,314  INFO - Executing keyword LoginToApplication
2020-10-25 23:46:13,315 DEBUG - Checking in com.qualitestgroup.keywords.browser.Browser
2020-10-25 23:46:13,316 DEBUG - Checking in com.qualitestgroup.keywords.common.Browser
2020-10-25 23:46:13,321 DEBUG - Args: {Browser=Chrome}
2020-10-25 23:46:13,322  INFO - Initializing keyword Launch
2020-10-25 23:46:13,322  INFO - Executing keyword Launch
2020-10-25 23:46:21,946  INFO - Cleaning up keyword Launch
2020-10-25 23:46:21,947  INFO - Keyword Launch complete.
2020-10-25 23:46:36,806  INFO - Cleaning up keyword LoginToApplication
2020-10-25 23:46:36,806  INFO - Keyword LoginToApplication complete.
2020-10-25 23:46:37,148 DEBUG - Arguments: {Username=robbi.ramanamma@genesys.com.qa, URL=https://genesys--qa.my.salesforce.com/, Browser=Chrome, Password=Zen@1234}
2020-10-25 23:46:38,069 DEBUG - <a href="screenshots/shot_2020-10-25_23h46m37s149ms.jpg">Screen Shot</a>
2020-10-25 23:46:38,070 DEBUG - Args: {AccountProfiling=OTHER|Non-Classifiable Other|Private|Business-to-Consumer|0 to 5|Sent to SSA, AccountFieldValues=Automation|Creating Account|Active|01. Active|40664|8100|ROBBI RAMANAMMA, ContactFieldValues=400 New York Ave|4th Lane|Near Office|Alamogordo|88310|United States|WA}
2020-10-25 23:46:38,070  INFO - Initializing keyword SaveAccountDetails
2020-10-25 23:46:38,070  INFO - Executing keyword SaveAccountDetails
2020-10-25 23:46:50,029  WARN - Keyword SaveAccountDetails execution fail: Intent Status is not same as entered
2020-10-25 23:46:50,029  INFO - Cleaning up keyword SaveAccountDetails
2020-10-25 23:46:50,029  INFO - Keyword SaveAccountDetails complete.
2020-10-25 23:46:50,721 DEBUG - Arguments: {AccountProfiling=OTHER|Non-Classifiable Other|Private|Business-to-Consumer|0 to 5|Sent to SSA, AccountFieldValues=Automation|Creating Account|Active|01. Active|40664|8100|ROBBI RAMANAMMA, ContactFieldValues=400 New York Ave|4th Lane|Near Office|Alamogordo|88310|United States|WA}
2020-10-25 23:46:51,159 DEBUG - <a href="screenshots/shot_2020-10-25_23h46m50s721ms.jpg">Screen Shot</a>
2020-10-25 23:46:51,160 ERROR - Verify Creation of New Account run #1 failed.
2020-10-25 23:46:51,172  INFO - Verify Creation of New Account completed.
2020-10-25 23:46:52,864  INFO - Test Failed
