2020-10-23 14:08:11,756  INFO - Run by: QUALITEST\ramanamma.robbi
2020-10-23 14:08:11,762  INFO - Opening C:\genesys\Genesys-Automation-master\Datasheets\CPQ_Automation_POC_Classic_ExistingAccount_NORAMP_Monthly.xls
2020-10-23 14:08:12,107  INFO - Changing log level
2020-10-23 14:08:12,107  INFO - Log Level has successfuly changed to: TRACE
2020-10-23 14:08:12,107 DEBUG - Loading test case 'Verify  the user is able to  Create a New Quote on a existing Opportunity and add the Products to the same Quote'
2020-10-23 14:08:12,109 DEBUG - Creating test case Verify  the user is able to  Create a New Quote on a existing Opportunity and add the Products to the same Quote
2020-10-23 14:08:12,128 DEBUG - Loading keyword 'LoginToApplication' in app 'Classic'
2020-10-23 14:08:12,158 DEBUG - Checking in com.qualitestgroup.keywords.classic.Classic
2020-10-23 14:08:12,171 DEBUG - Loading keyword 'SearchAndAddProducts' in app 'Classic'
2020-10-23 14:08:12,172 DEBUG - Checking in com.qualitestgroup.keywords.classic.Classic
2020-10-23 14:08:12,176 DEBUG - Loading keyword 'SearchAndAddWrapperProduct' in app 'Classic'
2020-10-23 14:08:12,176 DEBUG - Checking in com.qualitestgroup.keywords.classic.Classic
2020-10-23 14:08:12,186 DEBUG - Loading keyword 'EnterValuesToTheProductsForRamp' in app 'Classic'
2020-10-23 14:08:12,186 DEBUG - Checking in com.qualitestgroup.keywords.classic.Classic
2020-10-23 14:08:12,194  INFO - Checking Verify  the user is able to  Create a New Quote on a existing Opportunity and add the Products to the same Quote's dependencies.
2020-10-23 14:08:12,195  INFO - Dependencies OK, running test.
2020-10-23 14:08:12,196  INFO - Changing log level
2020-10-23 14:08:12,196  INFO - Log Level has successfuly changed to: TRACE
2020-10-23 14:08:12,196  INFO - Changing log level
2020-10-23 14:08:12,196  INFO - Log Level has successfuly changed to: TRACE
2020-10-23 14:08:12,236  INFO - Loading test data for Verify  the user is able to  Create a New Quote on a existing Opportunity and add the Products to the same Quote
2020-10-23 14:08:12,257  INFO - Changing log level
2020-10-23 14:08:12,257  INFO - Log Level has successfuly changed to: TRACE
2020-10-23 14:08:12,258  INFO - Verify  the user is able to  Create a New Quote on a existing Opportunity and add the Products to the same Quote run #1
2020-10-23 14:08:12,258 DEBUG - Args: {Username=robbi.ramanamma@genesys.com.qa, URL=https://genesys--qa.my.salesforce.com/, Browser=Chrome, Password=Zen@1234}
2020-10-23 14:08:12,258  INFO - Initializing keyword LoginToApplication
2020-10-23 14:08:12,259  INFO - Executing keyword LoginToApplication
2020-10-23 14:08:12,260 DEBUG - Checking in com.qualitestgroup.keywords.browser.Browser
2020-10-23 14:08:12,261 DEBUG - Checking in com.qualitestgroup.keywords.common.Browser
2020-10-23 14:08:12,266 DEBUG - Args: {Browser=Chrome}
2020-10-23 14:08:12,266  INFO - Initializing keyword Launch
2020-10-23 14:08:12,266  INFO - Executing keyword Launch
2020-10-23 14:08:20,031  INFO - Cleaning up keyword Launch
2020-10-23 14:08:20,031  INFO - Keyword Launch complete.
2020-10-23 14:08:37,015  INFO - Cleaning up keyword LoginToApplication
2020-10-23 14:08:37,015  INFO - Keyword LoginToApplication complete.
2020-10-23 14:08:37,494 DEBUG - Arguments: {Username=robbi.ramanamma@genesys.com.qa, URL=https://genesys--qa.my.salesforce.com/, Browser=Chrome, Password=Zen@1234}
2020-10-23 14:08:37,850 DEBUG - <a href="screenshots/shot_2020-10-23_14h8m37s495ms.jpg">Screen Shot</a>
2020-10-23 14:08:37,850 DEBUG - Args: {HardwareProd1=10 Rack Mounting Shelves - Bulk Pack for MP-11x@5.00}
2020-10-23 14:08:37,850  INFO - Initializing keyword SearchAndAddProducts
2020-10-23 14:08:37,851  INFO - Executing keyword SearchAndAddProducts
2020-10-23 14:10:47,208  INFO - Cleaning up keyword SearchAndAddProducts
2020-10-23 14:10:47,210  INFO - Keyword SearchAndAddProducts complete.
2020-10-23 14:10:47,632 DEBUG - Arguments: {HardwareProd1=10 Rack Mounting Shelves - Bulk Pack for MP-11x@5.00}
2020-10-23 14:10:47,989 DEBUG - <a href="screenshots/shot_2020-10-23_14h10m47s634ms.jpg">Screen Shot</a>
2020-10-23 14:10:47,989 DEBUG - Args: {BundleProduct1=PureCloud 2 User - Wrapper@1.00|PureCloud 2 User - Ramp@1.00}
2020-10-23 14:10:47,989  INFO - Initializing keyword SearchAndAddWrapperProduct
2020-10-23 14:10:47,989  INFO - Executing keyword SearchAndAddWrapperProduct
2020-10-23 14:21:04,945  INFO - Cleaning up keyword SearchAndAddWrapperProduct
2020-10-23 14:21:04,947  INFO - Keyword SearchAndAddWrapperProduct complete.
2020-10-23 14:21:05,756 DEBUG - Arguments: {BundleProduct1=PureCloud 2 User - Wrapper@1.00|PureCloud 2 User - Ramp@1.00}
2020-10-23 14:21:06,178 DEBUG - <a href="screenshots/shot_2020-10-23_14h21m5s757ms.jpg">Screen Shot</a>
2020-10-23 14:21:06,179 DEBUG - Args: {HardwareProd1=10 Rack Mounting Shelves - Bulk Pack for MP-11x@5.00, HardwareProd1MandateFieldValues=12|2|30, QuoteFieldValues=Monthly|2 Years|Test|New Subscription|24|Annual M2M|Net 30|Yes|Yes|Test}
2020-10-23 14:21:06,179  INFO - Initializing keyword EnterValuesToTheProductsForRamp
2020-10-23 14:21:06,179  INFO - Executing keyword EnterValuesToTheProductsForRamp
2020-10-23 14:21:46,480  INFO - Cleaning up keyword EnterValuesToTheProductsForRamp
2020-10-23 14:21:46,480  INFO - Keyword EnterValuesToTheProductsForRamp complete.
2020-10-23 14:21:47,120 DEBUG - Arguments: {HardwareProd1=10 Rack Mounting Shelves - Bulk Pack for MP-11x@5.00, HardwareProd1MandateFieldValues=12|2|30, QuoteFieldValues=Monthly|2 Years|Test|New Subscription|24|Annual M2M|Net 30|Yes|Yes|Test}
2020-10-23 14:21:47,553 DEBUG - <a href="screenshots/shot_2020-10-23_14h21m47s120ms.jpg">Screen Shot</a>
2020-10-23 14:21:47,563  INFO - Verify  the user is able to  Create a New Quote on a existing Opportunity and add the Products to the same Quote completed.
2020-10-23 14:21:49,212  INFO - Test Passed
