2020-10-24 00:15:06,514  INFO - Run by: QUALITEST\ramanamma.robbi
2020-10-24 00:15:06,520  INFO - Opening C:\genesys\Genesys-Automation-master\Datasheets\CPQ_Automation_POC_Classic_ExistingAccount_NORAMP_Monthly.xls
2020-10-24 00:15:06,777  INFO - Changing log level
2020-10-24 00:15:06,777  INFO - Log Level has successfuly changed to: TRACE
2020-10-24 00:15:06,778 DEBUG - Loading test case 'Verify  the user is able to  Create a New Quote on a existing Opportunity and add the Products to the same Quote'
2020-10-24 00:15:06,780 DEBUG - Creating test case Verify  the user is able to  Create a New Quote on a existing Opportunity and add the Products to the same Quote
2020-10-24 00:15:06,829 DEBUG - Loading keyword 'LoginToApplication' in app 'Classic'
2020-10-24 00:15:06,836 DEBUG - Checking in com.qualitestgroup.keywords.classic.Classic
2020-10-24 00:15:06,849 DEBUG - Loading keyword 'ConfigureProducts' in app 'Classic'
2020-10-24 00:15:06,849 DEBUG - Checking in com.qualitestgroup.keywords.classic.Classic
2020-10-24 00:15:06,854  INFO - Checking Verify  the user is able to  Create a New Quote on a existing Opportunity and add the Products to the same Quote's dependencies.
2020-10-24 00:15:06,854  INFO - Dependencies OK, running test.
2020-10-24 00:15:06,854  INFO - Changing log level
2020-10-24 00:15:06,854  INFO - Log Level has successfuly changed to: TRACE
2020-10-24 00:15:06,854  INFO - Changing log level
2020-10-24 00:15:06,854  INFO - Log Level has successfuly changed to: TRACE
2020-10-24 00:15:06,873  INFO - Loading test data for Verify  the user is able to  Create a New Quote on a existing Opportunity and add the Products to the same Quote
2020-10-24 00:15:06,894  INFO - Changing log level
2020-10-24 00:15:06,895  INFO - Log Level has successfuly changed to: TRACE
2020-10-24 00:15:06,895  INFO - Verify  the user is able to  Create a New Quote on a existing Opportunity and add the Products to the same Quote run #1
2020-10-24 00:15:06,895 DEBUG - Args: {Username=robbi.ramanamma@genesys.com.qa, URL=https://genesys--qa.my.salesforce.com/, Browser=Chrome, Password=Zen@1234}
2020-10-24 00:15:06,896  INFO - Initializing keyword LoginToApplication
2020-10-24 00:15:06,896  INFO - Executing keyword LoginToApplication
2020-10-24 00:15:06,898 DEBUG - Checking in com.qualitestgroup.keywords.browser.Browser
2020-10-24 00:15:06,899 DEBUG - Checking in com.qualitestgroup.keywords.common.Browser
2020-10-24 00:15:06,905 DEBUG - Args: {Browser=Chrome}
2020-10-24 00:15:06,905  INFO - Initializing keyword Launch
2020-10-24 00:15:06,905  INFO - Executing keyword Launch
2020-10-24 00:15:13,729  INFO - Cleaning up keyword Launch
2020-10-24 00:15:13,730  INFO - Keyword Launch complete.
2020-10-24 00:15:30,116  INFO - Cleaning up keyword LoginToApplication
2020-10-24 00:15:30,116  INFO - Keyword LoginToApplication complete.
2020-10-24 00:15:30,714 DEBUG - Arguments: {Username=robbi.ramanamma@genesys.com.qa, URL=https://genesys--qa.my.salesforce.com/, Browser=Chrome, Password=Zen@1234}
2020-10-24 00:15:31,634 DEBUG - <a href="screenshots/shot_2020-10-24_0h15m30s715ms.jpg">Screen Shot</a>
2020-10-24 00:15:31,634 DEBUG - Args: {WrapperSubProducts=PureCloud 2 User|PureCloud Communicate User|PureCloud Collaborate User|PureCloud Communicate Stand-alone Phone|PureCloud for Wallboard Device Charge, HardwareProd1=10 Rack Mounting Shelves - Bulk Pack for MP-11x@5.00, HardwareProd1MandateFieldValues=2|2|30|100, QuoteFieldValues=Monthly|2 Years|Test|New Subscription|24|Annual M2M|Net 30|Yes|Yes|Test}
2020-10-24 00:15:31,635  INFO - Initializing keyword ConfigureProducts
2020-10-24 00:15:31,635  INFO - Executing keyword ConfigureProducts
2020-10-24 00:16:00,871  WARN - Keyword ConfigureProducts execution fail: Not able to click on an element having xpath - <b>(//sb-table-row[@id='row']//child::paper-checkbox[@aria-disabled='false']//div[@id='checkbox'])[1]</b>
2020-10-24 00:16:00,886  WARN - element click intercepted: Element <div id="checkbox" class="checked  style-scope paper-checkbox">...</div> is not clickable at point (260, 7). Other element would receive the click: <div id="checkboxContainer" class="style-scope paper-checkbox">...</div>
  (Session info: chrome=86.0.4240.111)
Build info: version: '3.4.0', revision: 'unknown', time: 'unknown'
System info: host: 'QT-INBG-LT0557', ip: '10.31.234.206', os.name: 'Windows 10', os.arch: 'amd64', os.version: '10.0', java.version: '1.8.0_261'
Driver info: org.openqa.selenium.chrome.ChromeDriver
Capabilities [{networkConnectionEnabled=false, chrome={chromedriverVersion=85.0.4183.87 (cd6713ebf92fa1cacc0f1a598df280093af0c5d7-refs/branch-heads/4183@{#1689}), userDataDir=C:\Users\RAMANA~1.ROB\AppData\Local\Temp\scoped_dir15376_2105890257}, timeouts={implicit=0.0, pageLoad=300000.0, script=30000.0}, pageLoadStrategy=normal, unhandledPromptBehavior=dismiss and notify, strictFileInteractability=false, platform=ANY, proxy=Proxy(), goog:chromeOptions={debuggerAddress=localhost:49621}, acceptInsecureCerts=false, browserVersion=86.0.4240.111, browserName=chrome, javascriptEnabled=true, platformName=windows, setWindowRect=true, webauthn:virtualAuthenticators=true}]
Session ID: f27f6eaee9b75c6b4e3f36c13486f5a1
2020-10-24 00:16:00,886  INFO - Cleaning up keyword ConfigureProducts
2020-10-24 00:16:00,886  INFO - Keyword ConfigureProducts complete.
2020-10-24 00:16:01,467 DEBUG - Arguments: {WrapperSubProducts=PureCloud 2 User|PureCloud Communicate User|PureCloud Collaborate User|PureCloud Communicate Stand-alone Phone|PureCloud for Wallboard Device Charge, HardwareProd1=10 Rack Mounting Shelves - Bulk Pack for MP-11x@5.00, HardwareProd1MandateFieldValues=2|2|30|100, QuoteFieldValues=Monthly|2 Years|Test|New Subscription|24|Annual M2M|Net 30|Yes|Yes|Test}
2020-10-24 00:16:01,820 DEBUG - <a href="screenshots/shot_2020-10-24_0h16m1s468ms.jpg">Screen Shot</a>
2020-10-24 00:16:01,821 ERROR - Verify  the user is able to  Create a New Quote on a existing Opportunity and add the Products to the same Quote run #1 failed.
2020-10-24 00:16:01,831  INFO - Verify  the user is able to  Create a New Quote on a existing Opportunity and add the Products to the same Quote completed.
2020-10-24 00:16:03,420  INFO - Test Failed
