2020-09-22 15:41:43,883  INFO - Run by: QUALITEST\ramanamma.robbi
2020-09-22 15:41:43,887  INFO - Opening C:\genesys\Genesys-Automation-master\Datasheets\CPQ_Automation_POC_Classic.xls
2020-09-22 15:41:44,094  INFO - Changing log level
2020-09-22 15:41:44,094  INFO - Log Level has successfuly changed to: TRACE
2020-09-22 15:41:44,094 DEBUG - Loading test case 'Verify  the user is able to  Create a New Quote on a existing Opportunity and add the Products to the same Quote'
2020-09-22 15:41:44,097 DEBUG - Creating test case Verify  the user is able to  Create a New Quote on a existing Opportunity and add the Products to the same Quote
2020-09-22 15:41:44,112 DEBUG - Loading keyword 'LoginToApplication' in app 'Classic'
2020-09-22 15:41:44,117 DEBUG - Checking in com.qualitestgroup.keywords.classic.Classic
2020-09-22 15:41:44,126 DEBUG - Loading keyword 'SearchAndAddOneHardwareProduct' in app 'Classic'
2020-09-22 15:41:44,126 DEBUG - Checking in com.qualitestgroup.keywords.classic.Classic
2020-09-22 15:41:44,130  INFO - Checking Verify  the user is able to  Create a New Quote on a existing Opportunity and add the Products to the same Quote's dependencies.
2020-09-22 15:41:44,131  INFO - Dependencies OK, running test.
2020-09-22 15:41:44,131  INFO - Changing log level
2020-09-22 15:41:44,131  INFO - Log Level has successfuly changed to: TRACE
2020-09-22 15:41:44,131  INFO - Changing log level
2020-09-22 15:41:44,131  INFO - Log Level has successfuly changed to: TRACE
2020-09-22 15:41:44,153  INFO - Loading test data for Verify  the user is able to  Create a New Quote on a existing Opportunity and add the Products to the same Quote
2020-09-22 15:41:44,175  INFO - Changing log level
2020-09-22 15:41:44,176  INFO - Log Level has successfuly changed to: TRACE
2020-09-22 15:41:44,176  INFO - Verify  the user is able to  Create a New Quote on a existing Opportunity and add the Products to the same Quote run #1
2020-09-22 15:41:44,176 DEBUG - Args: {Username=robbi.ramanamma@genesys.com.qa, URL=https://genesys--qa.my.salesforce.com/, Browser=Chrome, Password=Zen@1234}
2020-09-22 15:41:44,176  INFO - Initializing keyword LoginToApplication
2020-09-22 15:41:44,177  INFO - Executing keyword LoginToApplication
2020-09-22 15:41:44,178 DEBUG - Checking in com.qualitestgroup.keywords.browser.Browser
2020-09-22 15:41:44,179 DEBUG - Checking in com.qualitestgroup.keywords.common.Browser
2020-09-22 15:41:44,183 DEBUG - Args: {Browser=Chrome}
2020-09-22 15:41:44,183  INFO - Initializing keyword Launch
2020-09-22 15:41:44,183  INFO - Executing keyword Launch
2020-09-22 15:41:50,892  INFO - Cleaning up keyword Launch
2020-09-22 15:41:50,892  INFO - Keyword Launch complete.
2020-09-22 15:42:05,965  INFO - Cleaning up keyword LoginToApplication
2020-09-22 15:42:05,965  INFO - Keyword LoginToApplication complete.
2020-09-22 15:42:06,309 DEBUG - Arguments: {Username=robbi.ramanamma@genesys.com.qa, URL=https://genesys--qa.my.salesforce.com/, Browser=Chrome, Password=Zen@1234}
2020-09-22 15:42:06,860 DEBUG - <a href="screenshots/shot_2020-9-22_15h42m6s310ms.jpg">Screen Shot</a>
2020-09-22 15:42:06,861 DEBUG - Args: {HardwareProd1=10 Rack Mounting Shelves - Bulk Pack for MP-11x@5.00|2U 15" Rack Shelf@5.00, HardwareProd1MandateFieldValues=12||2, QuoteFieldValues=Monthly|2 Years| 9/9/2020|Test|New Subscription|12|9/9/2020|Annual M2M|Net 30|Yes|Yes|Test}
2020-09-22 15:42:06,861  INFO - Initializing keyword SearchAndAddOneHardwareProduct
2020-09-22 15:42:06,861  INFO - Executing keyword SearchAndAddOneHardwareProduct
2020-09-22 15:44:34,809  INFO - Cleaning up keyword SearchAndAddOneHardwareProduct
2020-09-22 15:44:34,809  INFO - Keyword SearchAndAddOneHardwareProduct complete.
2020-09-22 15:44:35,150 DEBUG - Arguments: {HardwareProd1=10 Rack Mounting Shelves - Bulk Pack for MP-11x@5.00|2U 15" Rack Shelf@5.00, HardwareProd1MandateFieldValues=12||2, QuoteFieldValues=Monthly|2 Years| 9/9/2020|Test|New Subscription|12|9/9/2020|Annual M2M|Net 30|Yes|Yes|Test}
2020-09-22 15:44:35,466 DEBUG - <a href="screenshots/shot_2020-9-22_15h44m35s150ms.jpg">Screen Shot</a>
2020-09-22 15:44:35,475  INFO - Verify  the user is able to  Create a New Quote on a existing Opportunity and add the Products to the same Quote completed.
2020-09-22 15:44:37,292  INFO - Test Passed
