2020-10-24 00:38:57,978  INFO - Run by: QUALITEST\ramanamma.robbi
2020-10-24 00:38:57,982  INFO - Opening C:\genesys\Genesys-Automation-master\Datasheets\CPQ_Automation_POC_Classic_ExistingAccount_NORAMP_Monthly.xls
2020-10-24 00:38:58,187  INFO - Changing log level
2020-10-24 00:38:58,188  INFO - Log Level has successfuly changed to: TRACE
2020-10-24 00:38:58,188 DEBUG - Loading test case 'Verify  the user is able to  Create a New Quote on a existing Opportunity and add the Products to the same Quote'
2020-10-24 00:38:58,191 DEBUG - Creating test case Verify  the user is able to  Create a New Quote on a existing Opportunity and add the Products to the same Quote
2020-10-24 00:38:58,209 DEBUG - Loading keyword 'LoginToApplication' in app 'Classic'
2020-10-24 00:38:58,213 DEBUG - Checking in com.qualitestgroup.keywords.classic.Classic
2020-10-24 00:38:58,221 DEBUG - Loading keyword 'SearchAndAddProducts' in app 'Classic'
2020-10-24 00:38:58,221 DEBUG - Checking in com.qualitestgroup.keywords.classic.Classic
2020-10-24 00:38:58,222 DEBUG - Loading keyword 'SearchAndAddWrapperProduct' in app 'Classic'
2020-10-24 00:38:58,222 DEBUG - Checking in com.qualitestgroup.keywords.classic.Classic
2020-10-24 00:38:58,223 DEBUG - Loading keyword 'ConfigureProducts' in app 'Classic'
2020-10-24 00:38:58,223 DEBUG - Checking in com.qualitestgroup.keywords.classic.Classic
2020-10-24 00:38:58,224 DEBUG - Loading keyword 'EnterValuesToTheProductsForRamp' in app 'Classic'
2020-10-24 00:38:58,224 DEBUG - Checking in com.qualitestgroup.keywords.classic.Classic
2020-10-24 00:38:58,229  INFO - Checking Verify  the user is able to  Create a New Quote on a existing Opportunity and add the Products to the same Quote's dependencies.
2020-10-24 00:38:58,229  INFO - Dependencies OK, running test.
2020-10-24 00:38:58,230  INFO - Changing log level
2020-10-24 00:38:58,230  INFO - Log Level has successfuly changed to: TRACE
2020-10-24 00:38:58,230  INFO - Changing log level
2020-10-24 00:38:58,230  INFO - Log Level has successfuly changed to: TRACE
2020-10-24 00:38:58,253  INFO - Loading test data for Verify  the user is able to  Create a New Quote on a existing Opportunity and add the Products to the same Quote
2020-10-24 00:38:58,272  INFO - Changing log level
2020-10-24 00:38:58,273  INFO - Log Level has successfuly changed to: TRACE
2020-10-24 00:38:58,273  INFO - Verify  the user is able to  Create a New Quote on a existing Opportunity and add the Products to the same Quote run #1
2020-10-24 00:38:58,274 DEBUG - Args: {Username=robbi.ramanamma@genesys.com.qa, URL=https://genesys--qa.my.salesforce.com/, Browser=Chrome, Password=Zen@1234}
2020-10-24 00:38:58,274  INFO - Initializing keyword LoginToApplication
2020-10-24 00:38:58,274  INFO - Executing keyword LoginToApplication
2020-10-24 00:38:58,276 DEBUG - Checking in com.qualitestgroup.keywords.browser.Browser
2020-10-24 00:38:58,277 DEBUG - Checking in com.qualitestgroup.keywords.common.Browser
2020-10-24 00:38:58,281 DEBUG - Args: {Browser=Chrome}
2020-10-24 00:38:58,282  INFO - Initializing keyword Launch
2020-10-24 00:38:58,282  INFO - Executing keyword Launch
2020-10-24 00:39:05,036  INFO - Cleaning up keyword Launch
2020-10-24 00:39:05,036  INFO - Keyword Launch complete.
2020-10-24 00:39:25,142  INFO - Cleaning up keyword LoginToApplication
2020-10-24 00:39:25,142  INFO - Keyword LoginToApplication complete.
2020-10-24 00:39:25,472 DEBUG - Arguments: {Username=robbi.ramanamma@genesys.com.qa, URL=https://genesys--qa.my.salesforce.com/, Browser=Chrome, Password=Zen@1234}
2020-10-24 00:39:25,808 DEBUG - <a href="screenshots/shot_2020-10-24_0h39m25s473ms.jpg">Screen Shot</a>
2020-10-24 00:39:25,809 DEBUG - Args: {HardwareProd1=10 Rack Mounting Shelves - Bulk Pack for MP-11x@5.00}
2020-10-24 00:39:25,809  INFO - Initializing keyword SearchAndAddProducts
2020-10-24 00:39:25,809  INFO - Executing keyword SearchAndAddProducts
2020-10-24 00:40:11,968  WARN - Keyword SearchAndAddProducts execution fail: Not able to click on an element having xpath - <b>//paper-button[@id="plSelect"]</b>
2020-10-24 00:40:11,971  WARN - element click intercepted: Element <paper-button noink="" id="plSelect" class="style-scope sb-product-lookup x-scope paper-button-0" role="button" tabindex="0" animated="" aria-disabled="false" elevation="0">...</paper-button> is not clickable at point (1072, 193). Other element would receive the click: <div id="mask" class="sbLoadingMask fixed style-scope sf-loading-spinner">...</div>
  (Session info: chrome=86.0.4240.111)
Build info: version: '3.4.0', revision: 'unknown', time: 'unknown'
System info: host: 'QT-INBG-LT0557', ip: '10.31.234.206', os.name: 'Windows 10', os.arch: 'amd64', os.version: '10.0', java.version: '1.8.0_261'
Driver info: org.openqa.selenium.chrome.ChromeDriver
Capabilities [{networkConnectionEnabled=false, chrome={chromedriverVersion=85.0.4183.87 (cd6713ebf92fa1cacc0f1a598df280093af0c5d7-refs/branch-heads/4183@{#1689}), userDataDir=C:\Users\RAMANA~1.ROB\AppData\Local\Temp\scoped_dir5344_635063145}, timeouts={implicit=0.0, pageLoad=300000.0, script=30000.0}, pageLoadStrategy=normal, unhandledPromptBehavior=dismiss and notify, strictFileInteractability=false, platform=ANY, proxy=Proxy(), goog:chromeOptions={debuggerAddress=localhost:52016}, acceptInsecureCerts=false, browserVersion=86.0.4240.111, browserName=chrome, javascriptEnabled=true, platformName=windows, setWindowRect=true, webauthn:virtualAuthenticators=true}]
Session ID: d53bd148b97630baf15fb283b20655b8
2020-10-24 00:40:11,971  INFO - Cleaning up keyword SearchAndAddProducts
2020-10-24 00:40:11,971  INFO - Keyword SearchAndAddProducts complete.
2020-10-24 00:40:12,624 DEBUG - Arguments: {HardwareProd1=10 Rack Mounting Shelves - Bulk Pack for MP-11x@5.00}
2020-10-24 00:40:12,931 DEBUG - <a href="screenshots/shot_2020-10-24_0h40m12s624ms.jpg">Screen Shot</a>
2020-10-24 00:40:12,931 ERROR - Verify  the user is able to  Create a New Quote on a existing Opportunity and add the Products to the same Quote run #1 failed.
2020-10-24 00:40:12,940  INFO - Verify  the user is able to  Create a New Quote on a existing Opportunity and add the Products to the same Quote completed.
2020-10-24 00:40:14,366  INFO - Test Failed
