2020-10-24 23:26:59,564  INFO - Run by: QUALITEST\ramanamma.robbi
2020-10-24 23:26:59,568  INFO - Opening C:\genesys\Genesys-Automation-master\Datasheets\CPQ_Automation_POC_Classic_ExistingAccount_NORAMP_Monthly.xls
2020-10-24 23:26:59,761  INFO - Changing log level
2020-10-24 23:26:59,761  INFO - Log Level has successfuly changed to: TRACE
2020-10-24 23:26:59,762 DEBUG - Loading test case 'Verify  the user is able to  Create a New Quote on a existing Opportunity and add the Products to the same Quote'
2020-10-24 23:26:59,763 DEBUG - Creating test case Verify  the user is able to  Create a New Quote on a existing Opportunity and add the Products to the same Quote
2020-10-24 23:26:59,779 DEBUG - Loading keyword 'LoginToApplication' in app 'Classic'
2020-10-24 23:26:59,783 DEBUG - Checking in com.qualitestgroup.keywords.classic.Classic
2020-10-24 23:26:59,790 DEBUG - Loading keyword 'EnterQuoteMandatoryDetailsForRAMP' in app 'Classic'
2020-10-24 23:26:59,791 DEBUG - Checking in com.qualitestgroup.keywords.classic.Classic
2020-10-24 23:26:59,795  INFO - Checking Verify  the user is able to  Create a New Quote on a existing Opportunity and add the Products to the same Quote's dependencies.
2020-10-24 23:26:59,795  INFO - Dependencies OK, running test.
2020-10-24 23:26:59,795  INFO - Changing log level
2020-10-24 23:26:59,795  INFO - Log Level has successfuly changed to: TRACE
2020-10-24 23:26:59,795  INFO - Changing log level
2020-10-24 23:26:59,795  INFO - Log Level has successfuly changed to: TRACE
2020-10-24 23:26:59,815  INFO - Loading test data for Verify  the user is able to  Create a New Quote on a existing Opportunity and add the Products to the same Quote
2020-10-24 23:26:59,834  INFO - Changing log level
2020-10-24 23:26:59,834  INFO - Log Level has successfuly changed to: TRACE
2020-10-24 23:26:59,834  INFO - Verify  the user is able to  Create a New Quote on a existing Opportunity and add the Products to the same Quote run #1
2020-10-24 23:26:59,834 DEBUG - Args: {Username=robbi.ramanamma@genesys.com.qa, URL=https://genesys--qa.my.salesforce.com/, Browser=Chrome, Password=Zen@1234}
2020-10-24 23:26:59,835  INFO - Initializing keyword LoginToApplication
2020-10-24 23:26:59,835  INFO - Executing keyword LoginToApplication
2020-10-24 23:26:59,837 DEBUG - Checking in com.qualitestgroup.keywords.browser.Browser
2020-10-24 23:26:59,837 DEBUG - Checking in com.qualitestgroup.keywords.common.Browser
2020-10-24 23:26:59,843 DEBUG - Args: {Browser=Chrome}
2020-10-24 23:26:59,844  INFO - Initializing keyword Launch
2020-10-24 23:26:59,844  INFO - Executing keyword Launch
2020-10-24 23:27:06,747  INFO - Cleaning up keyword Launch
2020-10-24 23:27:06,748  INFO - Keyword Launch complete.
2020-10-24 23:27:22,266  INFO - Cleaning up keyword LoginToApplication
2020-10-24 23:27:22,267  INFO - Keyword LoginToApplication complete.
2020-10-24 23:27:22,651 DEBUG - Arguments: {Username=robbi.ramanamma@genesys.com.qa, URL=https://genesys--qa.my.salesforce.com/, Browser=Chrome, Password=Zen@1234}
2020-10-24 23:27:23,225 DEBUG - <a href="screenshots/shot_2020-10-24_23h27m22s651ms.jpg">Screen Shot</a>
2020-10-24 23:27:23,225 DEBUG - Args: {QuoteFieldValues=Monthly|2 Years|Test|New Subscription|24|Annual M2M|Net 30|Yes|Yes|Test}
2020-10-24 23:27:23,226  INFO - Initializing keyword EnterQuoteMandatoryDetailsForRAMP
2020-10-24 23:27:23,226  INFO - Executing keyword EnterQuoteMandatoryDetailsForRAMP
2020-10-24 23:27:33,038  WARN - Keyword EnterQuoteMandatoryDetailsForRAMP execution fail: Not able to enter on an element having xpath - <b>//label[text()='PO Date']/../following-sibling::td[1]//input</b>
2020-10-24 23:27:33,040  WARN - element click intercepted: Element <input id="00N11000009beYE" name="00N11000009beYE" onfocus="DatePicker.pickDate(false, '00N11000009beYE', false);" size="12" tabindex="79" type="text"> is not clickable at point (1216, 560). Other element would receive the click: <div class="buttonBar">...</div>
  (Session info: chrome=86.0.4240.111)
Build info: version: '3.4.0', revision: 'unknown', time: 'unknown'
System info: host: 'QT-INBG-LT0557', ip: '10.31.234.198', os.name: 'Windows 10', os.arch: 'amd64', os.version: '10.0', java.version: '1.8.0_261'
Driver info: org.openqa.selenium.chrome.ChromeDriver
Capabilities [{networkConnectionEnabled=false, chrome={chromedriverVersion=85.0.4183.87 (cd6713ebf92fa1cacc0f1a598df280093af0c5d7-refs/branch-heads/4183@{#1689}), userDataDir=C:\Users\RAMANA~1.ROB\AppData\Local\Temp\scoped_dir1112_1961131348}, timeouts={implicit=0.0, pageLoad=300000.0, script=30000.0}, pageLoadStrategy=normal, unhandledPromptBehavior=dismiss and notify, strictFileInteractability=false, platform=ANY, proxy=Proxy(), goog:chromeOptions={debuggerAddress=localhost:54994}, acceptInsecureCerts=false, browserVersion=86.0.4240.111, browserName=chrome, javascriptEnabled=true, platformName=windows, setWindowRect=true, webauthn:virtualAuthenticators=true}]
Session ID: 299c17412ba4243787a5451bfd01e9d0
2020-10-24 23:27:33,041  INFO - Cleaning up keyword EnterQuoteMandatoryDetailsForRAMP
2020-10-24 23:27:33,041  INFO - Keyword EnterQuoteMandatoryDetailsForRAMP complete.
2020-10-24 23:27:33,645 DEBUG - Arguments: {QuoteFieldValues=Monthly|2 Years|Test|New Subscription|24|Annual M2M|Net 30|Yes|Yes|Test}
2020-10-24 23:27:33,926 DEBUG - <a href="screenshots/shot_2020-10-24_23h27m33s646ms.jpg">Screen Shot</a>
2020-10-24 23:27:33,927 ERROR - Verify  the user is able to  Create a New Quote on a existing Opportunity and add the Products to the same Quote run #1 failed.
2020-10-24 23:27:33,936  INFO - Verify  the user is able to  Create a New Quote on a existing Opportunity and add the Products to the same Quote completed.
2020-10-24 23:27:35,286  INFO - Test Failed
