2020-10-23 00:17:42,157  INFO - Run by: QUALITEST\ramanamma.robbi
2020-10-23 00:17:42,163  INFO - Opening C:\genesys\Genesys-Automation-master\Datasheets\CPQ_Automation_POC_Classic_ExistingAccount_NORAMP_Monthly.xls
2020-10-23 00:17:42,739  INFO - Changing log level
2020-10-23 00:17:42,740  INFO - Log Level has successfuly changed to: TRACE
2020-10-23 00:17:42,741 DEBUG - Loading test case 'Verify  the user is able to  Create a New Quote on a existing Opportunity and add the Products to the same Quote'
2020-10-23 00:17:42,862 DEBUG - Creating test case Verify  the user is able to  Create a New Quote on a existing Opportunity and add the Products to the same Quote
2020-10-23 00:17:42,915 DEBUG - Loading keyword 'LoginToApplication' in app 'Classic'
2020-10-23 00:17:42,995 DEBUG - Checking in com.qualitestgroup.keywords.classic.Classic
2020-10-23 00:17:43,173 DEBUG - Loading keyword 'SearchAndAddProducts' in app 'Classic'
2020-10-23 00:17:43,174 DEBUG - Checking in com.qualitestgroup.keywords.classic.Classic
2020-10-23 00:17:43,191  INFO - Checking Verify  the user is able to  Create a New Quote on a existing Opportunity and add the Products to the same Quote's dependencies.
2020-10-23 00:17:43,192  INFO - Dependencies OK, running test.
2020-10-23 00:17:43,192  INFO - Changing log level
2020-10-23 00:17:43,192  INFO - Log Level has successfuly changed to: TRACE
2020-10-23 00:17:43,192  INFO - Changing log level
2020-10-23 00:17:43,192  INFO - Log Level has successfuly changed to: TRACE
2020-10-23 00:17:44,027  INFO - Loading test data for Verify  the user is able to  Create a New Quote on a existing Opportunity and add the Products to the same Quote
2020-10-23 00:17:44,082  INFO - Changing log level
2020-10-23 00:17:44,083  INFO - Log Level has successfuly changed to: TRACE
2020-10-23 00:17:44,083  INFO - Verify  the user is able to  Create a New Quote on a existing Opportunity and add the Products to the same Quote run #1
2020-10-23 00:17:44,083 DEBUG - Args: {Username=robbi.ramanamma@genesys.com.qa, URL=https://genesys--qa.my.salesforce.com/, Browser=Chrome, Password=Zen@1234}
2020-10-23 00:17:44,084  INFO - Initializing keyword LoginToApplication
2020-10-23 00:17:44,084  INFO - Executing keyword LoginToApplication
2020-10-23 00:17:44,085 DEBUG - Checking in com.qualitestgroup.keywords.browser.Browser
2020-10-23 00:17:44,086 DEBUG - Checking in com.qualitestgroup.keywords.common.Browser
2020-10-23 00:17:44,175 DEBUG - Args: {Browser=Chrome}
2020-10-23 00:17:44,176  INFO - Initializing keyword Launch
2020-10-23 00:17:44,176  INFO - Executing keyword Launch
2020-10-23 00:17:53,035  INFO - Cleaning up keyword Launch
2020-10-23 00:17:53,035  INFO - Keyword Launch complete.
2020-10-23 00:18:07,379  INFO - Cleaning up keyword LoginToApplication
2020-10-23 00:18:07,380  INFO - Keyword LoginToApplication complete.
2020-10-23 00:18:07,740 DEBUG - Arguments: {Username=robbi.ramanamma@genesys.com.qa, URL=https://genesys--qa.my.salesforce.com/, Browser=Chrome, Password=Zen@1234}
2020-10-23 00:18:08,067 DEBUG - <a href="screenshots/shot_2020-10-23_0h18m7s741ms.jpg">Screen Shot</a>
2020-10-23 00:18:08,067 DEBUG - Args: {HardwareProd1=10 Rack Mounting Shelves - Bulk Pack for MP-11x@5.00|2U 15" Rack Shelf@5.00}
2020-10-23 00:18:08,067  INFO - Initializing keyword SearchAndAddProducts
2020-10-23 00:18:08,068  INFO - Executing keyword SearchAndAddProducts
2020-10-23 00:22:36,651  INFO - Cleaning up keyword SearchAndAddProducts
2020-10-23 00:22:36,651  INFO - Keyword SearchAndAddProducts complete.
2020-10-23 00:22:36,970 DEBUG - Arguments: {HardwareProd1=10 Rack Mounting Shelves - Bulk Pack for MP-11x@5.00|2U 15" Rack Shelf@5.00}
2020-10-23 00:22:37,297 DEBUG - <a href="screenshots/shot_2020-10-23_0h22m36s971ms.jpg">Screen Shot</a>
2020-10-23 00:22:37,324  INFO - Verify  the user is able to  Create a New Quote on a existing Opportunity and add the Products to the same Quote completed.
2020-10-23 00:22:39,427  INFO - Test Passed
