2020-10-23 00:55:35,003  INFO - Run by: QUALITEST\ramanamma.robbi
2020-10-23 00:55:35,012  INFO - Opening C:\genesys\Genesys-Automation-master\Datasheets\CPQ_Automation_POC_Classic_ExistingAccount_NORAMP_Monthly.xls
2020-10-23 00:55:35,368  INFO - Changing log level
2020-10-23 00:55:35,368  INFO - Log Level has successfuly changed to: TRACE
2020-10-23 00:55:35,368 DEBUG - Loading test case 'Verify  the user is able to  Create a New Quote on a existing Opportunity and add the Products to the same Quote'
2020-10-23 00:55:35,371 DEBUG - Creating test case Verify  the user is able to  Create a New Quote on a existing Opportunity and add the Products to the same Quote
2020-10-23 00:55:35,384 DEBUG - Loading keyword 'LoginToApplication' in app 'Classic'
2020-10-23 00:55:35,389 DEBUG - Checking in com.qualitestgroup.keywords.classic.Classic
2020-10-23 00:55:35,493 DEBUG - Loading keyword 'SearchAndAddWrapperProduct' in app 'Classic'
2020-10-23 00:55:35,494 DEBUG - Checking in com.qualitestgroup.keywords.classic.Classic
2020-10-23 00:55:35,537  INFO - Checking Verify  the user is able to  Create a New Quote on a existing Opportunity and add the Products to the same Quote's dependencies.
2020-10-23 00:55:35,538  INFO - Dependencies OK, running test.
2020-10-23 00:55:35,538  INFO - Changing log level
2020-10-23 00:55:35,539  INFO - Log Level has successfuly changed to: TRACE
2020-10-23 00:55:35,539  INFO - Changing log level
2020-10-23 00:55:35,540  INFO - Log Level has successfuly changed to: TRACE
2020-10-23 00:55:35,602  INFO - Loading test data for Verify  the user is able to  Create a New Quote on a existing Opportunity and add the Products to the same Quote
2020-10-23 00:55:35,622  INFO - Changing log level
2020-10-23 00:55:35,622  INFO - Log Level has successfuly changed to: TRACE
2020-10-23 00:55:35,623  INFO - Verify  the user is able to  Create a New Quote on a existing Opportunity and add the Products to the same Quote run #1
2020-10-23 00:55:35,623 DEBUG - Args: {Username=robbi.ramanamma@genesys.com.qa, URL=https://genesys--qa.my.salesforce.com/, Browser=Chrome, Password=Zen@1234}
2020-10-23 00:55:35,623  INFO - Initializing keyword LoginToApplication
2020-10-23 00:55:35,624  INFO - Executing keyword LoginToApplication
2020-10-23 00:55:35,625 DEBUG - Checking in com.qualitestgroup.keywords.browser.Browser
2020-10-23 00:55:35,626 DEBUG - Checking in com.qualitestgroup.keywords.common.Browser
2020-10-23 00:55:35,631 DEBUG - Args: {Browser=Chrome}
2020-10-23 00:55:35,631  INFO - Initializing keyword Launch
2020-10-23 00:55:35,631  INFO - Executing keyword Launch
2020-10-23 00:55:43,253  INFO - Cleaning up keyword Launch
2020-10-23 00:55:43,253  INFO - Keyword Launch complete.
2020-10-23 00:55:59,335  INFO - Cleaning up keyword LoginToApplication
2020-10-23 00:55:59,336  INFO - Keyword LoginToApplication complete.
2020-10-23 00:55:59,855 DEBUG - Arguments: {Username=robbi.ramanamma@genesys.com.qa, URL=https://genesys--qa.my.salesforce.com/, Browser=Chrome, Password=Zen@1234}
2020-10-23 00:56:00,820 DEBUG - <a href="screenshots/shot_2020-10-23_0h55m59s856ms.jpg">Screen Shot</a>
2020-10-23 00:56:00,821 DEBUG - Args: {BundleProduct1=PureCloud 2 User - Wrapper@1.00|PureCloud 2 User - Ramp@1.00}
2020-10-23 00:56:00,821  INFO - Initializing keyword SearchAndAddWrapperProduct
2020-10-23 00:56:00,821  INFO - Executing keyword SearchAndAddWrapperProduct
