2020-10-24 23:49:18,396  INFO - Run by: QUALITEST\ramanamma.robbi
2020-10-24 23:49:18,401  INFO - Opening C:\genesys\Genesys-Automation-master\Datasheets\CPQ_Automation_POC_Classic_ExistingAccount_NORAMP_Monthly.xls
2020-10-24 23:49:18,843  INFO - Changing log level
2020-10-24 23:49:18,844  INFO - Log Level has successfuly changed to: TRACE
2020-10-24 23:49:18,844 DEBUG - Loading test case 'Verify  the user is able to  Create a New Quote on a existing Opportunity and add the Products to the same Quote'
2020-10-24 23:49:18,889 DEBUG - Creating test case Verify  the user is able to  Create a New Quote on a existing Opportunity and add the Products to the same Quote
2020-10-24 23:49:18,962 DEBUG - Loading keyword 'LoginToApplication' in app 'Classic'
2020-10-24 23:49:18,966 DEBUG - Checking in com.qualitestgroup.keywords.classic.Classic
2020-10-24 23:49:19,039 DEBUG - Loading keyword 'EnterQuoteMandatoryDetailsForRAMP' in app 'Classic'
2020-10-24 23:49:19,039 DEBUG - Checking in com.qualitestgroup.keywords.classic.Classic
2020-10-24 23:49:19,047  INFO - Checking Verify  the user is able to  Create a New Quote on a existing Opportunity and add the Products to the same Quote's dependencies.
2020-10-24 23:49:19,048  INFO - Dependencies OK, running test.
2020-10-24 23:49:19,048  INFO - Changing log level
2020-10-24 23:49:19,048  INFO - Log Level has successfuly changed to: TRACE
2020-10-24 23:49:19,048  INFO - Changing log level
2020-10-24 23:49:19,048  INFO - Log Level has successfuly changed to: TRACE
2020-10-24 23:49:19,076  INFO - Loading test data for Verify  the user is able to  Create a New Quote on a existing Opportunity and add the Products to the same Quote
2020-10-24 23:49:19,136  INFO - Changing log level
2020-10-24 23:49:19,136  INFO - Log Level has successfuly changed to: TRACE
2020-10-24 23:49:19,136  INFO - Verify  the user is able to  Create a New Quote on a existing Opportunity and add the Products to the same Quote run #1
2020-10-24 23:49:19,137 DEBUG - Args: {Username=robbi.ramanamma@genesys.com.qa, URL=https://genesys--qa.my.salesforce.com/, Browser=Chrome, Password=Zen@1234}
2020-10-24 23:49:19,137  INFO - Initializing keyword LoginToApplication
2020-10-24 23:49:19,137  INFO - Executing keyword LoginToApplication
2020-10-24 23:49:19,139 DEBUG - Checking in com.qualitestgroup.keywords.browser.Browser
2020-10-24 23:49:19,140 DEBUG - Checking in com.qualitestgroup.keywords.common.Browser
2020-10-24 23:49:19,248 DEBUG - Args: {Browser=Chrome}
2020-10-24 23:49:19,248  INFO - Initializing keyword Launch
2020-10-24 23:49:19,248  INFO - Executing keyword Launch
2020-10-24 23:49:28,554  INFO - Cleaning up keyword Launch
2020-10-24 23:49:28,554  INFO - Keyword Launch complete.
2020-10-24 23:49:42,826  INFO - Cleaning up keyword LoginToApplication
2020-10-24 23:49:42,826  INFO - Keyword LoginToApplication complete.
2020-10-24 23:49:43,223 DEBUG - Arguments: {Username=robbi.ramanamma@genesys.com.qa, URL=https://genesys--qa.my.salesforce.com/, Browser=Chrome, Password=Zen@1234}
2020-10-24 23:49:43,549 DEBUG - <a href="screenshots/shot_2020-10-24_23h49m43s224ms.jpg">Screen Shot</a>
2020-10-24 23:49:43,550 DEBUG - Args: {QuoteFieldValues=Monthly|2 Years|Test|New Subscription|24|Annual M2M|Net 30|Yes|Yes|Test}
2020-10-24 23:49:43,550  INFO - Initializing keyword EnterQuoteMandatoryDetailsForRAMP
2020-10-24 23:49:43,550  INFO - Executing keyword EnterQuoteMandatoryDetailsForRAMP
2020-10-24 23:50:04,151  WARN - Keyword EnterQuoteMandatoryDetailsForRAMP execution fail: Not able to enter on an element having xpath - <b>//label[text()='PO Received Date']/../following-sibling::td[1]//input</b>
2020-10-24 23:50:04,152  WARN - chrome not reachable
  (Session info: chrome=86.0.4240.111)
Build info: version: '3.4.0', revision: 'unknown', time: 'unknown'
System info: host: 'QT-INBG-LT0557', ip: '10.31.234.198', os.name: 'Windows 10', os.arch: 'amd64', os.version: '10.0', java.version: '1.8.0_261'
Driver info: org.openqa.selenium.chrome.ChromeDriver
Capabilities [{networkConnectionEnabled=false, chrome={chromedriverVersion=85.0.4183.87 (cd6713ebf92fa1cacc0f1a598df280093af0c5d7-refs/branch-heads/4183@{#1689}), userDataDir=C:\Users\RAMANA~1.ROB\AppData\Local\Temp\scoped_dir21044_352683141}, timeouts={implicit=0.0, pageLoad=300000.0, script=30000.0}, pageLoadStrategy=normal, unhandledPromptBehavior=dismiss and notify, strictFileInteractability=false, platform=ANY, proxy=Proxy(), goog:chromeOptions={debuggerAddress=localhost:56100}, acceptInsecureCerts=false, browserVersion=86.0.4240.111, browserName=chrome, javascriptEnabled=true, platformName=windows, setWindowRect=true, webauthn:virtualAuthenticators=true}]
Session ID: 8ba369ea027938ec63ee28ba01ebeb07
*** Element info: {Using=xpath, value=//label[text()='PO Received Date']/../following-sibling::td[1]//input}
2020-10-24 23:50:04,152  INFO - Cleaning up keyword EnterQuoteMandatoryDetailsForRAMP
2020-10-24 23:50:04,153  INFO - Keyword EnterQuoteMandatoryDetailsForRAMP complete.
