2020-10-25 23:00:44,916  INFO - Run by: QUALITEST\ramanamma.robbi
2020-10-25 23:00:44,923  INFO - Opening C:\genesys\Genesys-Automation-master\Datasheets\CPQ_Automation_POC_Lightning.xls
2020-10-25 23:00:45,288  INFO - Changing log level
2020-10-25 23:00:45,288  INFO - Log Level has successfuly changed to: TRACE
2020-10-25 23:00:45,289 DEBUG - Loading test case 'Verify Creation of New Account'
2020-10-25 23:00:45,292 DEBUG - Creating test case Verify Creation of New Account
2020-10-25 23:00:45,313 DEBUG - Loading keyword 'LoginToApplication' in app 'Lightning'
2020-10-25 23:00:45,319 DEBUG - Checking in com.qualitestgroup.keywords.lightning.Lightning
2020-10-25 23:00:45,368 DEBUG - Loading keyword 'SelectAccountRecordType' in app 'Lightning'
2020-10-25 23:00:45,368 DEBUG - Checking in com.qualitestgroup.keywords.lightning.Lightning
2020-10-25 23:00:45,370 DEBUG - Loading keyword 'AccountSearchByNameAndClickNew' in app 'Lightning'
2020-10-25 23:00:45,371 DEBUG - Checking in com.qualitestgroup.keywords.lightning.Lightning
2020-10-25 23:00:45,396 DEBUG - Loading keyword 'EnterAccountMandatoryDetails' in app 'Lightning'
2020-10-25 23:00:45,396 DEBUG - Checking in com.qualitestgroup.keywords.lightning.Lightning
2020-10-25 23:00:45,400 DEBUG - Loading keyword 'SaveAccountDetails' in app 'Lightning'
2020-10-25 23:00:45,400 DEBUG - Checking in com.qualitestgroup.keywords.lightning.Lightning
2020-10-25 23:00:45,406 DEBUG - Loading keyword 'LogoutOfApplication' in app 'Lightning'
2020-10-25 23:00:45,407 DEBUG - Checking in com.qualitestgroup.keywords.lightning.Lightning
2020-10-25 23:00:45,421  INFO - Checking Verify Creation of New Account's dependencies.
2020-10-25 23:00:45,421  INFO - Dependencies OK, running test.
2020-10-25 23:00:45,421  INFO - Changing log level
2020-10-25 23:00:45,421  INFO - Log Level has successfuly changed to: TRACE
2020-10-25 23:00:45,422  INFO - Changing log level
2020-10-25 23:00:45,422  INFO - Log Level has successfuly changed to: TRACE
2020-10-25 23:00:45,443  INFO - Loading test data for Verify Creation of New Account
2020-10-25 23:00:45,459  INFO - Changing log level
2020-10-25 23:00:45,460  INFO - Log Level has successfuly changed to: TRACE
2020-10-25 23:00:45,461  INFO - Verify Creation of New Account run #1
2020-10-25 23:00:45,461 DEBUG - Args: {Username=robbi.ramanamma@genesys.com.qa, URL=https://genesys--qa.my.salesforce.com/, Browser=Chrome, Password=Zen@1234}
2020-10-25 23:00:45,461  INFO - Initializing keyword LoginToApplication
2020-10-25 23:00:45,461  INFO - Executing keyword LoginToApplication
2020-10-25 23:00:45,463 DEBUG - Checking in com.qualitestgroup.keywords.browser.Browser
2020-10-25 23:00:45,464 DEBUG - Checking in com.qualitestgroup.keywords.common.Browser
2020-10-25 23:00:45,471 DEBUG - Args: {Browser=Chrome}
2020-10-25 23:00:45,472  INFO - Initializing keyword Launch
2020-10-25 23:00:45,473  INFO - Executing keyword Launch
2020-10-25 23:00:54,120  INFO - Cleaning up keyword Launch
2020-10-25 23:00:54,120  INFO - Keyword Launch complete.
2020-10-25 23:01:15,320  INFO - Cleaning up keyword LoginToApplication
2020-10-25 23:01:15,320  INFO - Keyword LoginToApplication complete.
2020-10-25 23:01:16,385 DEBUG - Arguments: {Username=robbi.ramanamma@genesys.com.qa, URL=https://genesys--qa.my.salesforce.com/, Browser=Chrome, Password=Zen@1234}
2020-10-25 23:01:16,969 DEBUG - <a href="screenshots/shot_2020-10-25_23h1m16s385ms.jpg">Screen Shot</a>
2020-10-25 23:01:16,970 DEBUG - Args: {RecordType=EMG - Customer Record Type}
2020-10-25 23:01:16,970  INFO - Initializing keyword SelectAccountRecordType
2020-10-25 23:01:16,970  INFO - Executing keyword SelectAccountRecordType
2020-10-25 23:01:40,905  INFO - Cleaning up keyword SelectAccountRecordType
2020-10-25 23:01:40,905  INFO - Keyword SelectAccountRecordType complete.
2020-10-25 23:01:41,257 DEBUG - Arguments: {RecordType=EMG - Customer Record Type}
2020-10-25 23:01:41,551 DEBUG - <a href="screenshots/shot_2020-10-25_23h1m41s258ms.jpg">Screen Shot</a>
2020-10-25 23:01:41,551 DEBUG - Args: {RecordType=EMG - Customer Record Type, AccountName=Auto_Acct001}
2020-10-25 23:01:41,552  INFO - Initializing keyword AccountSearchByNameAndClickNew
2020-10-25 23:01:41,553  INFO - Executing keyword AccountSearchByNameAndClickNew
2020-10-25 23:01:52,478  INFO - Cleaning up keyword AccountSearchByNameAndClickNew
2020-10-25 23:01:52,479  INFO - Keyword AccountSearchByNameAndClickNew complete.
2020-10-25 23:01:52,792 DEBUG - Arguments: {RecordType=EMG - Customer Record Type, AccountName=Auto_Acct001}
2020-10-25 23:01:53,131 DEBUG - <a href="screenshots/shot_2020-10-25_23h1m52s792ms.jpg">Screen Shot</a>
2020-10-25 23:01:53,132 DEBUG - Args: {AccountProfiling=OTHER|Non-Classifiable Other|Private|Business-to-Consumer|0 to 5|Sent to SSA, AccountFieldValues=Automation|Creating Account|Active|01. Active|40664|8100|ROBBI RAMANAMMA, ContactFieldValues=400 New York Ave|4th Lane|Near Office|Alamogordo|88310|United States|WA}
2020-10-25 23:01:53,132  INFO - Initializing keyword EnterAccountMandatoryDetails
2020-10-25 23:01:53,133  INFO - Executing keyword EnterAccountMandatoryDetails
