2020-10-23 23:53:48,949  INFO - Run by: QUALITEST\ramanamma.robbi
2020-10-23 23:53:48,954  INFO - Opening C:\genesys\Genesys-Automation-master\Datasheets\CPQ_Automation_POC_Classic_ExistingAccount_NORAMP_Monthly.xls
2020-10-23 23:53:49,163  INFO - Changing log level
2020-10-23 23:53:49,163  INFO - Log Level has successfuly changed to: TRACE
2020-10-23 23:53:49,164 DEBUG - Loading test case 'Verify  the user is able to  Create a New Quote on a existing Opportunity and add the Products to the same Quote'
2020-10-23 23:53:49,165 DEBUG - Creating test case Verify  the user is able to  Create a New Quote on a existing Opportunity and add the Products to the same Quote
2020-10-23 23:53:49,180 DEBUG - Loading keyword 'LoginToApplication' in app 'Classic'
2020-10-23 23:53:49,185 DEBUG - Checking in com.qualitestgroup.keywords.classic.Classic
2020-10-23 23:53:49,193 DEBUG - Loading keyword 'ConfigureProducts' in app 'Classic'
2020-10-23 23:53:49,193 DEBUG - Checking in com.qualitestgroup.keywords.classic.Classic
2020-10-23 23:53:49,197  INFO - Checking Verify  the user is able to  Create a New Quote on a existing Opportunity and add the Products to the same Quote's dependencies.
2020-10-23 23:53:49,197  INFO - Dependencies OK, running test.
2020-10-23 23:53:49,197  INFO - Changing log level
2020-10-23 23:53:49,197  INFO - Log Level has successfuly changed to: TRACE
2020-10-23 23:53:49,197  INFO - Changing log level
2020-10-23 23:53:49,197  INFO - Log Level has successfuly changed to: TRACE
2020-10-23 23:53:49,216  INFO - Loading test data for Verify  the user is able to  Create a New Quote on a existing Opportunity and add the Products to the same Quote
2020-10-23 23:53:49,230  INFO - Changing log level
2020-10-23 23:53:49,230  INFO - Log Level has successfuly changed to: TRACE
2020-10-23 23:53:49,230  INFO - Verify  the user is able to  Create a New Quote on a existing Opportunity and add the Products to the same Quote run #1
2020-10-23 23:53:49,231 DEBUG - Args: {Username=robbi.ramanamma@genesys.com.qa, URL=https://genesys--qa.my.salesforce.com/, Browser=Chrome, Password=Zen@1234}
2020-10-23 23:53:49,231  INFO - Initializing keyword LoginToApplication
2020-10-23 23:53:49,231  INFO - Executing keyword LoginToApplication
2020-10-23 23:53:49,233 DEBUG - Checking in com.qualitestgroup.keywords.browser.Browser
2020-10-23 23:53:49,234 DEBUG - Checking in com.qualitestgroup.keywords.common.Browser
2020-10-23 23:53:49,239 DEBUG - Args: {Browser=Chrome}
2020-10-23 23:53:49,239  INFO - Initializing keyword Launch
2020-10-23 23:53:49,239  INFO - Executing keyword Launch
2020-10-23 23:53:55,568  INFO - Cleaning up keyword Launch
2020-10-23 23:53:55,569  INFO - Keyword Launch complete.
2020-10-23 23:54:11,255  INFO - Cleaning up keyword LoginToApplication
2020-10-23 23:54:11,255  INFO - Keyword LoginToApplication complete.
2020-10-23 23:54:11,606 DEBUG - Arguments: {Username=robbi.ramanamma@genesys.com.qa, URL=https://genesys--qa.my.salesforce.com/, Browser=Chrome, Password=Zen@1234}
2020-10-23 23:54:12,654 DEBUG - <a href="screenshots/shot_2020-10-23_23h54m11s606ms.jpg">Screen Shot</a>
2020-10-23 23:54:12,655 DEBUG - Args: {WrapperSubProducts=PureCloud 2 User|PureCloud Communicate User|PureCloud Collaborate User|PureCloud Communicate Stand-alone Phone|PureCloud for Wallboard Device Charge, HardwareProd1=10 Rack Mounting Shelves - Bulk Pack for MP-11x@5.00, HardwareProd1MandateFieldValues=2|2|30|100, QuoteFieldValues=Monthly|2 Years|Test|New Subscription|24|Annual M2M|Net 30|Yes|Yes|Test}
2020-10-23 23:54:12,655  INFO - Initializing keyword ConfigureProducts
2020-10-23 23:54:12,655  INFO - Executing keyword ConfigureProducts
2020-10-23 23:54:57,400  INFO - Cleaning up keyword ConfigureProducts
2020-10-23 23:54:57,400  INFO - Keyword ConfigureProducts complete.
2020-10-23 23:54:58,255 DEBUG - Arguments: {WrapperSubProducts=PureCloud 2 User|PureCloud Communicate User|PureCloud Collaborate User|PureCloud Communicate Stand-alone Phone|PureCloud for Wallboard Device Charge, HardwareProd1=10 Rack Mounting Shelves - Bulk Pack for MP-11x@5.00, HardwareProd1MandateFieldValues=2|2|30|100, QuoteFieldValues=Monthly|2 Years|Test|New Subscription|24|Annual M2M|Net 30|Yes|Yes|Test}
2020-10-23 23:54:58,571 DEBUG - <a href="screenshots/shot_2020-10-23_23h54m58s255ms.jpg">Screen Shot</a>
2020-10-23 23:54:58,584  INFO - Verify  the user is able to  Create a New Quote on a existing Opportunity and add the Products to the same Quote completed.
2020-10-23 23:54:59,943  INFO - Test Passed
