2020-10-23 23:59:48,867  INFO - Run by: QUALITEST\ramanamma.robbi
2020-10-23 23:59:48,876  INFO - Opening C:\genesys\Genesys-Automation-master\Datasheets\CPQ_Automation_POC_Classic_ExistingAccount_NORAMP_Monthly.xls
2020-10-23 23:59:49,184  INFO - Changing log level
2020-10-23 23:59:49,184  INFO - Log Level has successfuly changed to: TRACE
2020-10-23 23:59:49,185 DEBUG - Loading test case 'Verify  the user is able to  Create a New Quote on a existing Opportunity and add the Products to the same Quote'
2020-10-23 23:59:49,187 DEBUG - Creating test case Verify  the user is able to  Create a New Quote on a existing Opportunity and add the Products to the same Quote
2020-10-23 23:59:49,204 DEBUG - Loading keyword 'LoginToApplication' in app 'Classic'
2020-10-23 23:59:49,234 DEBUG - Checking in com.qualitestgroup.keywords.classic.Classic
2020-10-23 23:59:49,245 DEBUG - Loading keyword 'ConfigureProducts' in app 'Classic'
2020-10-23 23:59:49,245 DEBUG - Checking in com.qualitestgroup.keywords.classic.Classic
2020-10-23 23:59:49,256  INFO - Checking Verify  the user is able to  Create a New Quote on a existing Opportunity and add the Products to the same Quote's dependencies.
2020-10-23 23:59:49,257  INFO - Dependencies OK, running test.
2020-10-23 23:59:49,257  INFO - Changing log level
2020-10-23 23:59:49,257  INFO - Log Level has successfuly changed to: TRACE
2020-10-23 23:59:49,257  INFO - Changing log level
2020-10-23 23:59:49,257  INFO - Log Level has successfuly changed to: TRACE
2020-10-23 23:59:49,292  INFO - Loading test data for Verify  the user is able to  Create a New Quote on a existing Opportunity and add the Products to the same Quote
2020-10-23 23:59:49,308  INFO - Changing log level
2020-10-23 23:59:49,309  INFO - Log Level has successfuly changed to: TRACE
2020-10-23 23:59:49,309  INFO - Verify  the user is able to  Create a New Quote on a existing Opportunity and add the Products to the same Quote run #1
2020-10-23 23:59:49,309 DEBUG - Args: {Username=robbi.ramanamma@genesys.com.qa, URL=https://genesys--qa.my.salesforce.com/, Browser=Chrome, Password=Zen@1234}
2020-10-23 23:59:49,309  INFO - Initializing keyword LoginToApplication
2020-10-23 23:59:49,310  INFO - Executing keyword LoginToApplication
2020-10-23 23:59:49,311 DEBUG - Checking in com.qualitestgroup.keywords.browser.Browser
2020-10-23 23:59:49,313 DEBUG - Checking in com.qualitestgroup.keywords.common.Browser
2020-10-23 23:59:49,322 DEBUG - Args: {Browser=Chrome}
2020-10-23 23:59:49,322  INFO - Initializing keyword Launch
2020-10-23 23:59:49,322  INFO - Executing keyword Launch
2020-10-23 23:59:56,062  INFO - Cleaning up keyword Launch
2020-10-23 23:59:56,063  INFO - Keyword Launch complete.
2020-10-24 00:00:10,979  INFO - Cleaning up keyword LoginToApplication
2020-10-24 00:00:10,979  INFO - Keyword LoginToApplication complete.
2020-10-24 00:00:11,311 DEBUG - Arguments: {Username=robbi.ramanamma@genesys.com.qa, URL=https://genesys--qa.my.salesforce.com/, Browser=Chrome, Password=Zen@1234}
2020-10-24 00:00:12,494 DEBUG - <a href="screenshots/shot_2020-10-24_0h0m11s312ms.jpg">Screen Shot</a>
2020-10-24 00:00:12,494 DEBUG - Args: {WrapperSubProducts=PureCloud 2 User|PureCloud Communicate User|PureCloud Collaborate User|PureCloud Communicate Stand-alone Phone|PureCloud for Wallboard Device Charge, HardwareProd1=10 Rack Mounting Shelves - Bulk Pack for MP-11x@5.00, HardwareProd1MandateFieldValues=2|2|30|100, QuoteFieldValues=Monthly|2 Years|Test|New Subscription|24|Annual M2M|Net 30|Yes|Yes|Test}
2020-10-24 00:00:12,494  INFO - Initializing keyword ConfigureProducts
2020-10-24 00:00:12,495  INFO - Executing keyword ConfigureProducts
