2020-10-25 00:09:00,003  INFO - Run by: QUALITEST\ramanamma.robbi
2020-10-25 00:09:00,008  INFO - Opening C:\genesys\Genesys-Automation-master\Datasheets\CPQ_Automation_POC_Classic_ExistingAccount_NORAMP_Monthly.xls
2020-10-25 00:09:00,211  INFO - Changing log level
2020-10-25 00:09:00,211  INFO - Log Level has successfuly changed to: TRACE
2020-10-25 00:09:00,211 DEBUG - Loading test case 'Verify  the user is able to  Create a New Quote on a existing Opportunity and add the Products to the same Quote'
2020-10-25 00:09:00,214 DEBUG - Creating test case Verify  the user is able to  Create a New Quote on a existing Opportunity and add the Products to the same Quote
2020-10-25 00:09:00,236 DEBUG - Loading keyword 'LoginToApplication' in app 'Classic'
2020-10-25 00:09:00,242 DEBUG - Checking in com.qualitestgroup.keywords.classic.Classic
2020-10-25 00:09:00,250 DEBUG - Loading keyword 'SearchAndAddProducts' in app 'Classic'
2020-10-25 00:09:00,251 DEBUG - Checking in com.qualitestgroup.keywords.classic.Classic
2020-10-25 00:09:00,251 DEBUG - Loading keyword 'SearchAndAddWrapperProduct' in app 'Classic'
2020-10-25 00:09:00,252 DEBUG - Checking in com.qualitestgroup.keywords.classic.Classic
2020-10-25 00:09:00,253 DEBUG - Loading keyword 'ConfigureProducts' in app 'Classic'
2020-10-25 00:09:00,253 DEBUG - Checking in com.qualitestgroup.keywords.classic.Classic
2020-10-25 00:09:00,254 DEBUG - Loading keyword 'EnterValuesToTheProductsForRamp' in app 'Classic'
2020-10-25 00:09:00,254 DEBUG - Checking in com.qualitestgroup.keywords.classic.Classic
2020-10-25 00:09:00,259  INFO - Checking Verify  the user is able to  Create a New Quote on a existing Opportunity and add the Products to the same Quote's dependencies.
2020-10-25 00:09:00,259  INFO - Dependencies OK, running test.
2020-10-25 00:09:00,260  INFO - Changing log level
2020-10-25 00:09:00,260  INFO - Log Level has successfuly changed to: TRACE
2020-10-25 00:09:00,260  INFO - Changing log level
2020-10-25 00:09:00,260  INFO - Log Level has successfuly changed to: TRACE
2020-10-25 00:09:00,283  INFO - Loading test data for Verify  the user is able to  Create a New Quote on a existing Opportunity and add the Products to the same Quote
2020-10-25 00:09:00,298  INFO - Changing log level
2020-10-25 00:09:00,298  INFO - Log Level has successfuly changed to: TRACE
2020-10-25 00:09:00,298  INFO - Verify  the user is able to  Create a New Quote on a existing Opportunity and add the Products to the same Quote run #1
2020-10-25 00:09:00,298 DEBUG - Args: {Username=robbi.ramanamma@genesys.com.qa, URL=https://genesys--qa.my.salesforce.com/, Browser=Chrome, Password=Zen@1234}
2020-10-25 00:09:00,298  INFO - Initializing keyword LoginToApplication
2020-10-25 00:09:00,299  INFO - Executing keyword LoginToApplication
2020-10-25 00:09:00,300 DEBUG - Checking in com.qualitestgroup.keywords.browser.Browser
2020-10-25 00:09:00,300 DEBUG - Checking in com.qualitestgroup.keywords.common.Browser
2020-10-25 00:09:00,305 DEBUG - Args: {Browser=Chrome}
2020-10-25 00:09:00,305  INFO - Initializing keyword Launch
2020-10-25 00:09:00,305  INFO - Executing keyword Launch
2020-10-25 00:09:07,013  INFO - Cleaning up keyword Launch
2020-10-25 00:09:07,014  INFO - Keyword Launch complete.
2020-10-25 00:09:26,661  INFO - Cleaning up keyword LoginToApplication
2020-10-25 00:09:26,661  INFO - Keyword LoginToApplication complete.
2020-10-25 00:09:26,992 DEBUG - Arguments: {Username=robbi.ramanamma@genesys.com.qa, URL=https://genesys--qa.my.salesforce.com/, Browser=Chrome, Password=Zen@1234}
2020-10-25 00:09:27,840 DEBUG - <a href="screenshots/shot_2020-10-25_0h9m26s993ms.jpg">Screen Shot</a>
2020-10-25 00:09:27,841 DEBUG - Args: {HardwareProd1=10 Rack Mounting Shelves - Bulk Pack for MP-11x@5.00}
2020-10-25 00:09:27,841  INFO - Initializing keyword SearchAndAddProducts
2020-10-25 00:09:27,842  INFO - Executing keyword SearchAndAddProducts
2020-10-25 00:10:13,608  WARN - Keyword SearchAndAddProducts execution fail: Not able to click on an element having xpath - <b>//div[@id='buttons']//paper-button[@id="plSelect"]</b>
2020-10-25 00:10:13,610  WARN - element click intercepted: Element <paper-button noink="" id="plSelect" class="style-scope sb-product-lookup x-scope paper-button-0" role="button" tabindex="0" animated="" aria-disabled="false" elevation="0">...</paper-button> is not clickable at point (1072, 193). Other element would receive the click: <div id="mask" class="sbLoadingMask fixed style-scope sf-loading-spinner">...</div>
  (Session info: chrome=86.0.4240.111)
Build info: version: '3.4.0', revision: 'unknown', time: 'unknown'
System info: host: 'QT-INBG-LT0557', ip: '10.31.234.198', os.name: 'Windows 10', os.arch: 'amd64', os.version: '10.0', java.version: '1.8.0_261'
Driver info: org.openqa.selenium.chrome.ChromeDriver
Capabilities [{networkConnectionEnabled=false, chrome={chromedriverVersion=85.0.4183.87 (cd6713ebf92fa1cacc0f1a598df280093af0c5d7-refs/branch-heads/4183@{#1689}), userDataDir=C:\Users\RAMANA~1.ROB\AppData\Local\Temp\scoped_dir17108_1856921521}, timeouts={implicit=0.0, pageLoad=300000.0, script=30000.0}, pageLoadStrategy=normal, unhandledPromptBehavior=dismiss and notify, strictFileInteractability=false, platform=ANY, proxy=Proxy(), goog:chromeOptions={debuggerAddress=localhost:58078}, acceptInsecureCerts=false, browserVersion=86.0.4240.111, browserName=chrome, javascriptEnabled=true, platformName=windows, setWindowRect=true, webauthn:virtualAuthenticators=true}]
Session ID: f21df8ca9ef96557e3a0d7892eefd1b1
2020-10-25 00:10:13,610  INFO - Cleaning up keyword SearchAndAddProducts
2020-10-25 00:10:13,610  INFO - Keyword SearchAndAddProducts complete.
2020-10-25 00:10:14,250 DEBUG - Arguments: {HardwareProd1=10 Rack Mounting Shelves - Bulk Pack for MP-11x@5.00}
2020-10-25 00:10:14,565 DEBUG - <a href="screenshots/shot_2020-10-25_0h10m14s251ms.jpg">Screen Shot</a>
2020-10-25 00:10:14,566 ERROR - Verify  the user is able to  Create a New Quote on a existing Opportunity and add the Products to the same Quote run #1 failed.
2020-10-25 00:10:14,576  INFO - Verify  the user is able to  Create a New Quote on a existing Opportunity and add the Products to the same Quote completed.
2020-10-25 00:10:16,508  INFO - Test Failed
