2020-08-27 13:40:27,405  INFO - Run by: QUALITEST\ramanamma.robbi
2020-08-27 13:40:27,410  INFO - Opening C:\genesys\Genesys-Automation-master\Datasheets\CPQ_Automation_POC_Classic.xls
2020-08-27 13:40:27,595  INFO - Changing log level
2020-08-27 13:40:27,595  INFO - Log Level has successfuly changed to: TRACE
2020-08-27 13:40:27,595 DEBUG - Loading test case 'Verify Creation of New Account'
2020-08-27 13:40:27,597 DEBUG - Creating test case Verify Creation of New Account
2020-08-27 13:40:27,614 DEBUG - Loading keyword 'LoginToApplication' in app 'Classic'
2020-08-27 13:40:27,618 DEBUG - Checking in com.qualitestgroup.keywords.classic.Classic
2020-08-27 13:40:27,626 DEBUG - Loading keyword 'SelectAccountRecordType' in app 'Classic'
2020-08-27 13:40:27,626 DEBUG - Checking in com.qualitestgroup.keywords.classic.Classic
2020-08-27 13:40:27,627 DEBUG - Loading keyword 'AccountSearchByName' in app 'Classic'
2020-08-27 13:40:27,627 DEBUG - Checking in com.qualitestgroup.keywords.classic.Classic
2020-08-27 13:40:27,627 DEBUG - Loading keyword 'EnterAccountMandatoryDetails' in app 'Classic'
2020-08-27 13:40:27,627 DEBUG - Checking in com.qualitestgroup.keywords.classic.Classic
2020-08-27 13:40:27,628 DEBUG - Loading keyword 'SaveAccountDetails' in app 'Classic'
2020-08-27 13:40:27,628 DEBUG - Checking in com.qualitestgroup.keywords.classic.Classic
2020-08-27 13:40:27,630 DEBUG - Loading keyword 'LogoutOfApplication' in app 'Classic'
2020-08-27 13:40:27,630 DEBUG - Checking in com.qualitestgroup.keywords.classic.Classic
2020-08-27 13:40:27,638  INFO - Checking Verify Creation of New Account's dependencies.
2020-08-27 13:40:27,639  INFO - Dependencies OK, running test.
2020-08-27 13:40:27,639  INFO - Changing log level
2020-08-27 13:40:27,639  INFO - Log Level has successfuly changed to: TRACE
2020-08-27 13:40:27,639  INFO - Changing log level
2020-08-27 13:40:27,639  INFO - Log Level has successfuly changed to: TRACE
2020-08-27 13:40:27,652  INFO - Loading test data for Verify Creation of New Account
2020-08-27 13:40:27,666  INFO - Changing log level
2020-08-27 13:40:27,666  INFO - Log Level has successfuly changed to: TRACE
2020-08-27 13:40:27,666  INFO - Verify Creation of New Account run #1
2020-08-27 13:40:27,666 DEBUG - Args: {Username=siva_surya_prasand.arivalagan@genesys.com.qa, URL=https://genesys--qa.my.salesforce.com/, Browser=Chrome, Password=S@lesforce2}
2020-08-27 13:40:27,666  INFO - Initializing keyword LoginToApplication
2020-08-27 13:40:27,667  INFO - Executing keyword LoginToApplication
2020-08-27 13:40:27,668 DEBUG - Checking in com.qualitestgroup.keywords.browser.Browser
2020-08-27 13:40:27,668 DEBUG - Checking in com.qualitestgroup.keywords.common.Browser
2020-08-27 13:40:27,672 DEBUG - Args: {Browser=Chrome}
2020-08-27 13:40:27,672  INFO - Initializing keyword Launch
2020-08-27 13:40:27,672  INFO - Executing keyword Launch
2020-08-27 13:40:34,254  INFO - Cleaning up keyword Launch
2020-08-27 13:40:34,255  INFO - Keyword Launch complete.
2020-08-27 13:40:51,777  INFO - Cleaning up keyword LoginToApplication
2020-08-27 13:40:51,778  INFO - Keyword LoginToApplication complete.
2020-08-27 13:40:52,133 DEBUG - Arguments: {Username=siva_surya_prasand.arivalagan@genesys.com.qa, URL=https://genesys--qa.my.salesforce.com/, Browser=Chrome, Password=S@lesforce2}
2020-08-27 13:40:52,454 DEBUG - <a href="screenshots/shot_2020-8-27_13h40m52s134ms.jpg">Screen Shot</a>
2020-08-27 13:40:52,455 DEBUG - Args: {RecordType=EMG - Customer Record Type}
2020-08-27 13:40:52,455  INFO - Initializing keyword SelectAccountRecordType
2020-08-27 13:40:52,455  INFO - Executing keyword SelectAccountRecordType
2020-08-27 13:40:58,067  INFO - Cleaning up keyword SelectAccountRecordType
2020-08-27 13:40:58,067  INFO - Keyword SelectAccountRecordType complete.
2020-08-27 13:40:58,403 DEBUG - Arguments: {RecordType=EMG - Customer Record Type}
2020-08-27 13:40:58,694 DEBUG - <a href="screenshots/shot_2020-8-27_13h40m58s404ms.jpg">Screen Shot</a>
2020-08-27 13:40:58,695 DEBUG - Args: {RecordType=EMG - Customer Record Type, AccountName=ACCT_0001}
2020-08-27 13:40:58,695  INFO - Initializing keyword AccountSearchByName
2020-08-27 13:40:58,695  INFO - Executing keyword AccountSearchByName
2020-08-27 13:41:04,372  INFO - Cleaning up keyword AccountSearchByName
2020-08-27 13:41:04,372  INFO - Keyword AccountSearchByName complete.
2020-08-27 13:41:04,737 DEBUG - Arguments: {RecordType=EMG - Customer Record Type, AccountName=ACCT_0001}
2020-08-27 13:41:05,088 DEBUG - <a href="screenshots/shot_2020-8-27_13h41m4s738ms.jpg">Screen Shot</a>
2020-08-27 13:41:05,088 DEBUG - Args: {AccountProfiling=OTHER|Non-Classifiable Other|Private|Business-to-Consumer|0 to 5|Sent to SSA, AccountFieldValues=Automation|Creating Account|Active|01. Active|40664|8100, ContactFieldValues=400 New York Ave|4th Lane|Near Office|Alamogordo|88310|United States|WA}
2020-08-27 13:41:05,088  INFO - Initializing keyword EnterAccountMandatoryDetails
2020-08-27 13:41:05,088  INFO - Executing keyword EnterAccountMandatoryDetails
2020-08-27 13:42:11,664  INFO - Cleaning up keyword EnterAccountMandatoryDetails
2020-08-27 13:42:11,664  INFO - Keyword EnterAccountMandatoryDetails complete.
2020-08-27 13:42:11,956 DEBUG - Arguments: {AccountProfiling=OTHER|Non-Classifiable Other|Private|Business-to-Consumer|0 to 5|Sent to SSA, AccountFieldValues=Automation|Creating Account|Active|01. Active|40664|8100, ContactFieldValues=400 New York Ave|4th Lane|Near Office|Alamogordo|88310|United States|WA}
2020-08-27 13:42:12,250 DEBUG - <a href="screenshots/shot_2020-8-27_13h42m11s956ms.jpg">Screen Shot</a>
2020-08-27 13:42:12,251 DEBUG - Args: {}
2020-08-27 13:42:12,251  INFO - Initializing keyword SaveAccountDetails
2020-08-27 13:42:12,251  INFO - Executing keyword SaveAccountDetails
2020-08-27 13:42:24,241  INFO - Cleaning up keyword SaveAccountDetails
2020-08-27 13:42:24,241  INFO - Keyword SaveAccountDetails complete.
2020-08-27 13:42:24,642 DEBUG - Arguments: {}
2020-08-27 13:42:25,735 DEBUG - <a href="screenshots/shot_2020-8-27_13h42m24s643ms.jpg">Screen Shot</a>
2020-08-27 13:42:25,735 DEBUG - Args: {}
2020-08-27 13:42:25,736  INFO - Initializing keyword LogoutOfApplication
2020-08-27 13:42:25,736  INFO - Executing keyword LogoutOfApplication
2020-08-27 13:42:41,018  INFO - Cleaning up keyword LogoutOfApplication
2020-08-27 13:42:41,019  INFO - Keyword LogoutOfApplication complete.
2020-08-27 13:42:41,381 DEBUG - Arguments: {}
2020-08-27 13:42:41,821 DEBUG - <a href="screenshots/shot_2020-8-27_13h42m41s382ms.jpg">Screen Shot</a>
2020-08-27 13:42:41,828  INFO - Verify Creation of New Account completed.
2020-08-27 13:42:44,488  INFO - Test Passed
