2020-10-24 23:23:38,407  INFO - Run by: QUALITEST\ramanamma.robbi
2020-10-24 23:23:38,410  INFO - Opening C:\genesys\Genesys-Automation-master\Datasheets\CPQ_Automation_POC_Classic_ExistingAccount_NORAMP_Monthly.xls
2020-10-24 23:23:38,622  INFO - Changing log level
2020-10-24 23:23:38,623  INFO - Log Level has successfuly changed to: TRACE
2020-10-24 23:23:38,623 DEBUG - Loading test case 'Verify  the user is able to  Create a New Quote on a existing Opportunity and add the Products to the same Quote'
2020-10-24 23:23:38,625 DEBUG - Creating test case Verify  the user is able to  Create a New Quote on a existing Opportunity and add the Products to the same Quote
2020-10-24 23:23:38,642 DEBUG - Loading keyword 'LoginToApplication' in app 'Classic'
2020-10-24 23:23:38,646 DEBUG - Checking in com.qualitestgroup.keywords.classic.Classic
2020-10-24 23:23:38,655 DEBUG - Loading keyword 'EnterQuoteMandatoryDetailsForRAMP' in app 'Classic'
2020-10-24 23:23:38,655 DEBUG - Checking in com.qualitestgroup.keywords.classic.Classic
2020-10-24 23:23:38,656 DEBUG - Loading keyword 'SearchAndAddProducts' in app 'Classic'
2020-10-24 23:23:38,656 DEBUG - Checking in com.qualitestgroup.keywords.classic.Classic
2020-10-24 23:23:38,657 DEBUG - Loading keyword 'SearchAndAddWrapperProduct' in app 'Classic'
2020-10-24 23:23:38,658 DEBUG - Checking in com.qualitestgroup.keywords.classic.Classic
2020-10-24 23:23:38,658 DEBUG - Loading keyword 'ConfigureProducts' in app 'Classic'
2020-10-24 23:23:38,659 DEBUG - Checking in com.qualitestgroup.keywords.classic.Classic
2020-10-24 23:23:38,660 DEBUG - Loading keyword 'EnterValuesToTheProductsForRamp' in app 'Classic'
2020-10-24 23:23:38,661 DEBUG - Checking in com.qualitestgroup.keywords.classic.Classic
2020-10-24 23:23:38,665  INFO - Checking Verify  the user is able to  Create a New Quote on a existing Opportunity and add the Products to the same Quote's dependencies.
2020-10-24 23:23:38,665  INFO - Dependencies OK, running test.
2020-10-24 23:23:38,665  INFO - Changing log level
2020-10-24 23:23:38,666  INFO - Log Level has successfuly changed to: TRACE
2020-10-24 23:23:38,666  INFO - Changing log level
2020-10-24 23:23:38,666  INFO - Log Level has successfuly changed to: TRACE
2020-10-24 23:23:38,688  INFO - Loading test data for Verify  the user is able to  Create a New Quote on a existing Opportunity and add the Products to the same Quote
2020-10-24 23:23:38,704  INFO - Changing log level
2020-10-24 23:23:38,704  INFO - Log Level has successfuly changed to: TRACE
2020-10-24 23:23:38,704  INFO - Verify  the user is able to  Create a New Quote on a existing Opportunity and add the Products to the same Quote run #1
2020-10-24 23:23:38,705 DEBUG - Args: {Username=robbi.ramanamma@genesys.com.qa, URL=https://genesys--qa.my.salesforce.com/, Browser=Chrome, Password=Zen@1234}
2020-10-24 23:23:38,705  INFO - Initializing keyword LoginToApplication
2020-10-24 23:23:38,705  INFO - Executing keyword LoginToApplication
2020-10-24 23:23:38,706 DEBUG - Checking in com.qualitestgroup.keywords.browser.Browser
2020-10-24 23:23:38,707 DEBUG - Checking in com.qualitestgroup.keywords.common.Browser
2020-10-24 23:23:38,711 DEBUG - Args: {Browser=Chrome}
2020-10-24 23:23:38,711  INFO - Initializing keyword Launch
2020-10-24 23:23:38,711  INFO - Executing keyword Launch
2020-10-24 23:23:45,283  INFO - Cleaning up keyword Launch
2020-10-24 23:23:45,283  INFO - Keyword Launch complete.
2020-10-24 23:24:00,380  INFO - Cleaning up keyword LoginToApplication
2020-10-24 23:24:00,381  INFO - Keyword LoginToApplication complete.
2020-10-24 23:24:00,767 DEBUG - Arguments: {Username=robbi.ramanamma@genesys.com.qa, URL=https://genesys--qa.my.salesforce.com/, Browser=Chrome, Password=Zen@1234}
2020-10-24 23:24:01,707 DEBUG - <a href="screenshots/shot_2020-10-24_23h24m0s768ms.jpg">Screen Shot</a>
2020-10-24 23:24:01,708 DEBUG - Args: {QuoteFieldValues=Monthly|2 Years|Test|New Subscription|24|Annual M2M|Net 30|Yes|Yes|Test}
2020-10-24 23:24:01,708  INFO - Initializing keyword EnterQuoteMandatoryDetailsForRAMP
2020-10-24 23:24:01,708  INFO - Executing keyword EnterQuoteMandatoryDetailsForRAMP
2020-10-24 23:24:11,337  WARN - Keyword EnterQuoteMandatoryDetailsForRAMP execution fail: Not able to enter on an element having xpath - <b>//label[text()='PO Date']/../following-sibling::td[1]//input</b>
2020-10-24 23:24:11,338  WARN - element click intercepted: Element <input id="00N11000009beYE" name="00N11000009beYE" onfocus="DatePicker.pickDate(false, '00N11000009beYE', false);" size="12" tabindex="79" type="text"> is not clickable at point (1216, 560). Other element would receive the click: <div class="buttonBar">...</div>
  (Session info: chrome=86.0.4240.111)
Build info: version: '3.4.0', revision: 'unknown', time: 'unknown'
System info: host: 'QT-INBG-LT0557', ip: '10.31.234.198', os.name: 'Windows 10', os.arch: 'amd64', os.version: '10.0', java.version: '1.8.0_261'
Driver info: org.openqa.selenium.chrome.ChromeDriver
Capabilities [{networkConnectionEnabled=false, chrome={chromedriverVersion=85.0.4183.87 (cd6713ebf92fa1cacc0f1a598df280093af0c5d7-refs/branch-heads/4183@{#1689}), userDataDir=C:\Users\RAMANA~1.ROB\AppData\Local\Temp\scoped_dir17316_916388011}, timeouts={implicit=0.0, pageLoad=300000.0, script=30000.0}, pageLoadStrategy=normal, unhandledPromptBehavior=dismiss and notify, strictFileInteractability=false, platform=ANY, proxy=Proxy(), goog:chromeOptions={debuggerAddress=localhost:54731}, acceptInsecureCerts=false, browserVersion=86.0.4240.111, browserName=chrome, javascriptEnabled=true, platformName=windows, setWindowRect=true, webauthn:virtualAuthenticators=true}]
Session ID: 1264f23c53492fd1d157af2dc6c0617e
2020-10-24 23:24:11,339  INFO - Cleaning up keyword EnterQuoteMandatoryDetailsForRAMP
2020-10-24 23:24:11,339  INFO - Keyword EnterQuoteMandatoryDetailsForRAMP complete.
2020-10-24 23:24:11,974 DEBUG - Arguments: {QuoteFieldValues=Monthly|2 Years|Test|New Subscription|24|Annual M2M|Net 30|Yes|Yes|Test}
2020-10-24 23:24:12,251 DEBUG - <a href="screenshots/shot_2020-10-24_23h24m11s974ms.jpg">Screen Shot</a>
2020-10-24 23:24:12,252 ERROR - Verify  the user is able to  Create a New Quote on a existing Opportunity and add the Products to the same Quote run #1 failed.
2020-10-24 23:24:12,261  INFO - Verify  the user is able to  Create a New Quote on a existing Opportunity and add the Products to the same Quote completed.
2020-10-24 23:24:13,605  INFO - Test Failed
