2020-10-23 00:46:33,083  INFO - Run by: QUALITEST\ramanamma.robbi
2020-10-23 00:46:33,090  INFO - Opening C:\genesys\Genesys-Automation-master\Datasheets\CPQ_Automation_POC_Classic_ExistingAccount_NORAMP_Monthly.xls
2020-10-23 00:46:33,423  INFO - Changing log level
2020-10-23 00:46:33,424  INFO - Log Level has successfuly changed to: TRACE
2020-10-23 00:46:33,425 DEBUG - Loading test case 'Verify  the user is able to  Create a New Quote on a existing Opportunity and add the Products to the same Quote'
2020-10-23 00:46:33,462 DEBUG - Creating test case Verify  the user is able to  Create a New Quote on a existing Opportunity and add the Products to the same Quote
2020-10-23 00:46:33,494 DEBUG - Loading keyword 'LoginToApplication' in app 'Classic'
2020-10-23 00:46:33,498 DEBUG - Checking in com.qualitestgroup.keywords.classic.Classic
2020-10-23 00:46:33,507 DEBUG - Loading keyword 'SearchAndAddWrapperProduct' in app 'Classic'
2020-10-23 00:46:33,507 DEBUG - Checking in com.qualitestgroup.keywords.classic.Classic
2020-10-23 00:46:33,511  INFO - Checking Verify  the user is able to  Create a New Quote on a existing Opportunity and add the Products to the same Quote's dependencies.
2020-10-23 00:46:33,511  INFO - Dependencies OK, running test.
2020-10-23 00:46:33,511  INFO - Changing log level
2020-10-23 00:46:33,511  INFO - Log Level has successfuly changed to: TRACE
2020-10-23 00:46:33,511  INFO - Changing log level
2020-10-23 00:46:33,511  INFO - Log Level has successfuly changed to: TRACE
2020-10-23 00:46:33,534  INFO - Loading test data for Verify  the user is able to  Create a New Quote on a existing Opportunity and add the Products to the same Quote
2020-10-23 00:46:33,572  INFO - Changing log level
2020-10-23 00:46:33,572  INFO - Log Level has successfuly changed to: TRACE
2020-10-23 00:46:33,572  INFO - Verify  the user is able to  Create a New Quote on a existing Opportunity and add the Products to the same Quote run #1
2020-10-23 00:46:33,572 DEBUG - Args: {Username=robbi.ramanamma@genesys.com.qa, URL=https://genesys--qa.my.salesforce.com/, Browser=Chrome, Password=Zen@1234}
2020-10-23 00:46:33,573  INFO - Initializing keyword LoginToApplication
2020-10-23 00:46:33,573  INFO - Executing keyword LoginToApplication
2020-10-23 00:46:33,574 DEBUG - Checking in com.qualitestgroup.keywords.browser.Browser
2020-10-23 00:46:33,574 DEBUG - Checking in com.qualitestgroup.keywords.common.Browser
2020-10-23 00:46:33,632 DEBUG - Args: {Browser=Chrome}
2020-10-23 00:46:33,632  INFO - Initializing keyword Launch
2020-10-23 00:46:33,632  INFO - Executing keyword Launch
2020-10-23 00:46:41,494  INFO - Cleaning up keyword Launch
2020-10-23 00:46:41,495  INFO - Keyword Launch complete.
2020-10-23 00:46:57,581  INFO - Cleaning up keyword LoginToApplication
2020-10-23 00:46:57,581  INFO - Keyword LoginToApplication complete.
2020-10-23 00:46:58,651 DEBUG - Arguments: {Username=robbi.ramanamma@genesys.com.qa, URL=https://genesys--qa.my.salesforce.com/, Browser=Chrome, Password=Zen@1234}
2020-10-23 00:46:58,963 DEBUG - <a href="screenshots/shot_2020-10-23_0h46m58s651ms.jpg">Screen Shot</a>
2020-10-23 00:46:58,963 DEBUG - Args: {BundleProduct1=PureCloud 2 User - Wrapper@1.00|PureCloud 2 User - Ramp@1.00}
2020-10-23 00:46:58,964  INFO - Initializing keyword SearchAndAddWrapperProduct
2020-10-23 00:46:58,964  INFO - Executing keyword SearchAndAddWrapperProduct
