2020-10-23 23:44:11,488  INFO - Run by: QUALITEST\ramanamma.robbi
2020-10-23 23:44:11,492  INFO - Opening C:\genesys\Genesys-Automation-master\Datasheets\CPQ_Automation_POC_Classic_ExistingAccount_NORAMP_Monthly.xls
2020-10-23 23:44:11,692  INFO - Changing log level
2020-10-23 23:44:11,693  INFO - Log Level has successfuly changed to: TRACE
2020-10-23 23:44:11,694 DEBUG - Loading test case 'Verify  the user is able to  Create a New Quote on a existing Opportunity and add the Products to the same Quote'
2020-10-23 23:44:11,696 DEBUG - Creating test case Verify  the user is able to  Create a New Quote on a existing Opportunity and add the Products to the same Quote
2020-10-23 23:44:11,718 DEBUG - Loading keyword 'LoginToApplication' in app 'Classic'
2020-10-23 23:44:11,722 DEBUG - Checking in com.qualitestgroup.keywords.classic.Classic
2020-10-23 23:44:11,732 DEBUG - Loading keyword 'ConfigureProducts' in app 'Classic'
2020-10-23 23:44:11,732 DEBUG - Checking in com.qualitestgroup.keywords.classic.Classic
2020-10-23 23:44:11,737  INFO - Checking Verify  the user is able to  Create a New Quote on a existing Opportunity and add the Products to the same Quote's dependencies.
2020-10-23 23:44:11,738  INFO - Dependencies OK, running test.
2020-10-23 23:44:11,738  INFO - Changing log level
2020-10-23 23:44:11,738  INFO - Log Level has successfuly changed to: TRACE
2020-10-23 23:44:11,738  INFO - Changing log level
2020-10-23 23:44:11,738  INFO - Log Level has successfuly changed to: TRACE
2020-10-23 23:44:11,759  INFO - Loading test data for Verify  the user is able to  Create a New Quote on a existing Opportunity and add the Products to the same Quote
2020-10-23 23:44:11,775  INFO - Changing log level
2020-10-23 23:44:11,775  INFO - Log Level has successfuly changed to: TRACE
2020-10-23 23:44:11,775  INFO - Verify  the user is able to  Create a New Quote on a existing Opportunity and add the Products to the same Quote run #1
2020-10-23 23:44:11,775 DEBUG - Args: {Username=robbi.ramanamma@genesys.com.qa, URL=https://genesys--qa.my.salesforce.com/, Browser=Chrome, Password=Zen@1234}
2020-10-23 23:44:11,776  INFO - Initializing keyword LoginToApplication
2020-10-23 23:44:11,776  INFO - Executing keyword LoginToApplication
2020-10-23 23:44:11,778 DEBUG - Checking in com.qualitestgroup.keywords.browser.Browser
2020-10-23 23:44:11,779 DEBUG - Checking in com.qualitestgroup.keywords.common.Browser
2020-10-23 23:44:11,784 DEBUG - Args: {Browser=Chrome}
2020-10-23 23:44:11,784  INFO - Initializing keyword Launch
2020-10-23 23:44:11,784  INFO - Executing keyword Launch
2020-10-23 23:44:18,331  INFO - Cleaning up keyword Launch
2020-10-23 23:44:18,331  INFO - Keyword Launch complete.
2020-10-23 23:44:32,717  INFO - Cleaning up keyword LoginToApplication
2020-10-23 23:44:32,717  INFO - Keyword LoginToApplication complete.
2020-10-23 23:44:33,068 DEBUG - Arguments: {Username=robbi.ramanamma@genesys.com.qa, URL=https://genesys--qa.my.salesforce.com/, Browser=Chrome, Password=Zen@1234}
2020-10-23 23:44:33,371 DEBUG - <a href="screenshots/shot_2020-10-23_23h44m33s69ms.jpg">Screen Shot</a>
2020-10-23 23:44:33,372 DEBUG - Args: {WrapperSubProducts=PureCloud 2 User|PureCloud Communicate User|PureCloud Collaborate User|PureCloud Communicate Stand-alone Phone|PureCloud for Wallboard Device Charge, HardwareProd1=10 Rack Mounting Shelves - Bulk Pack for MP-11x@5.00, HardwareProd1MandateFieldValues=2|2|30|100, QuoteFieldValues=Monthly|2 Years|Test|New Subscription|24|Annual M2M|Net 30|Yes|Yes|Test}
2020-10-23 23:44:33,372  INFO - Initializing keyword ConfigureProducts
2020-10-23 23:44:33,372  INFO - Executing keyword ConfigureProducts
2020-10-23 23:45:44,555  INFO - Cleaning up keyword ConfigureProducts
2020-10-23 23:45:44,555  INFO - Keyword ConfigureProducts complete.
2020-10-23 23:45:45,514 DEBUG - Arguments: {WrapperSubProducts=PureCloud 2 User|PureCloud Communicate User|PureCloud Collaborate User|PureCloud Communicate Stand-alone Phone|PureCloud for Wallboard Device Charge, HardwareProd1=10 Rack Mounting Shelves - Bulk Pack for MP-11x@5.00, HardwareProd1MandateFieldValues=2|2|30|100, QuoteFieldValues=Monthly|2 Years|Test|New Subscription|24|Annual M2M|Net 30|Yes|Yes|Test}
2020-10-23 23:45:45,817 DEBUG - <a href="screenshots/shot_2020-10-23_23h45m45s515ms.jpg">Screen Shot</a>
2020-10-23 23:45:45,826  INFO - Verify  the user is able to  Create a New Quote on a existing Opportunity and add the Products to the same Quote completed.
2020-10-23 23:45:47,139  INFO - Test Passed
