2020-08-27 13:03:59,014  INFO - Run by: QUALITEST\ramanamma.robbi
2020-08-27 13:03:59,018  INFO - Opening C:\genesys\Genesys-Automation-master\Datasheets\CPQ_Automation_POC_Classic.xls
2020-08-27 13:03:59,399  INFO - Changing log level
2020-08-27 13:03:59,400  INFO - Log Level has successfuly changed to: TRACE
2020-08-27 13:03:59,400 DEBUG - Loading test case 'Verify Creation of New Account'
2020-08-27 13:03:59,437 DEBUG - Creating test case Verify Creation of New Account
2020-08-27 13:03:59,459 DEBUG - Loading keyword 'LoginToApplication' in app 'Classic'
2020-08-27 13:03:59,501 DEBUG - Checking in com.qualitestgroup.keywords.classic.Classic
2020-08-27 13:03:59,568 DEBUG - Loading keyword 'SelectAccountRecordType' in app 'Classic'
2020-08-27 13:03:59,568 DEBUG - Checking in com.qualitestgroup.keywords.classic.Classic
2020-08-27 13:03:59,582 DEBUG - Loading keyword 'AccountSearchByName' in app 'Classic'
2020-08-27 13:03:59,582 DEBUG - Checking in com.qualitestgroup.keywords.classic.Classic
2020-08-27 13:03:59,588 DEBUG - Loading keyword 'EnterAccountMandatoryDetails' in app 'Classic'
2020-08-27 13:03:59,588 DEBUG - Checking in com.qualitestgroup.keywords.classic.Classic
2020-08-27 13:03:59,606 DEBUG - Loading keyword 'SaveAccountDetails' in app 'Classic'
2020-08-27 13:03:59,606 DEBUG - Checking in com.qualitestgroup.keywords.classic.Classic
2020-08-27 13:03:59,611 DEBUG - Loading keyword 'LogoutOfApplication' in app 'Classic'
2020-08-27 13:03:59,611 DEBUG - Checking in com.qualitestgroup.keywords.classic.Classic
2020-08-27 13:03:59,657  INFO - Checking Verify Creation of New Account's dependencies.
2020-08-27 13:03:59,658  INFO - Dependencies OK, running test.
2020-08-27 13:03:59,658  INFO - Changing log level
2020-08-27 13:03:59,658  INFO - Log Level has successfuly changed to: TRACE
2020-08-27 13:03:59,658  INFO - Changing log level
2020-08-27 13:03:59,658  INFO - Log Level has successfuly changed to: TRACE
2020-08-27 13:03:59,762  INFO - Loading test data for Verify Creation of New Account
2020-08-27 13:03:59,790  INFO - Changing log level
2020-08-27 13:03:59,790  INFO - Log Level has successfuly changed to: TRACE
2020-08-27 13:03:59,790  INFO - Verify Creation of New Account run #1
2020-08-27 13:03:59,791 DEBUG - Args: {Username=siva_surya_prasand.arivalagan@genesys.com.qa, URL=https://genesys--qa.my.salesforce.com/, Browser=Chrome, Password=S@lesforce2}
2020-08-27 13:03:59,791  INFO - Initializing keyword LoginToApplication
2020-08-27 13:03:59,792  INFO - Executing keyword LoginToApplication
2020-08-27 13:03:59,793 DEBUG - Checking in com.qualitestgroup.keywords.browser.Browser
2020-08-27 13:03:59,794 DEBUG - Checking in com.qualitestgroup.keywords.common.Browser
2020-08-27 13:03:59,844 DEBUG - Args: {Browser=Chrome}
2020-08-27 13:03:59,844  INFO - Initializing keyword Launch
2020-08-27 13:03:59,844  INFO - Executing keyword Launch
2020-08-27 13:04:07,276  INFO - Cleaning up keyword Launch
2020-08-27 13:04:07,276  INFO - Keyword Launch complete.
2020-08-27 13:04:23,935  INFO - Cleaning up keyword LoginToApplication
2020-08-27 13:04:23,935  INFO - Keyword LoginToApplication complete.
2020-08-27 13:04:24,304 DEBUG - Arguments: {Username=siva_surya_prasand.arivalagan@genesys.com.qa, URL=https://genesys--qa.my.salesforce.com/, Browser=Chrome, Password=S@lesforce2}
2020-08-27 13:04:24,625 DEBUG - <a href="screenshots/shot_2020-8-27_13h4m24s304ms.jpg">Screen Shot</a>
2020-08-27 13:04:24,626 DEBUG - Args: {RecordType=EMG - Customer Record Type}
2020-08-27 13:04:24,626  INFO - Initializing keyword SelectAccountRecordType
2020-08-27 13:04:24,626  INFO - Executing keyword SelectAccountRecordType
2020-08-27 13:04:30,811  INFO - Cleaning up keyword SelectAccountRecordType
2020-08-27 13:04:30,812  INFO - Keyword SelectAccountRecordType complete.
2020-08-27 13:04:31,137 DEBUG - Arguments: {RecordType=EMG - Customer Record Type}
2020-08-27 13:04:31,434 DEBUG - <a href="screenshots/shot_2020-8-27_13h4m31s138ms.jpg">Screen Shot</a>
2020-08-27 13:04:31,434 DEBUG - Args: {RecordType=EMG - Customer Record Type, AccountName=ACCT_0001}
2020-08-27 13:04:31,435  INFO - Initializing keyword AccountSearchByName
2020-08-27 13:04:31,435  INFO - Executing keyword AccountSearchByName
2020-08-27 13:04:37,127  INFO - Cleaning up keyword AccountSearchByName
2020-08-27 13:04:37,127  INFO - Keyword AccountSearchByName complete.
2020-08-27 13:04:37,443 DEBUG - Arguments: {RecordType=EMG - Customer Record Type, AccountName=ACCT_0001}
2020-08-27 13:04:37,794 DEBUG - <a href="screenshots/shot_2020-8-27_13h4m37s444ms.jpg">Screen Shot</a>
2020-08-27 13:04:37,794 DEBUG - Args: {AccountProfiling=OTHER|Non-Classifiable Other|Private|Business-to-Consumer|0 to 5|Sent to SSA, AccountFieldValues=Automation|Creating Account|Active|01. Active|40664|8100, ContactFieldValues=400 New York Ave|4th Lane|Near Office|Alamogordo|88310|United States|WA}
2020-08-27 13:04:37,794  INFO - Initializing keyword EnterAccountMandatoryDetails
2020-08-27 13:04:37,794  INFO - Executing keyword EnterAccountMandatoryDetails
2020-08-27 13:07:15,077  WARN - Keyword EnterAccountMandatoryDetails execution fail: In User is not able to enter text in : <b>Country Search Textbox ----WebElement <b>input[placeholder='Search...']<b> is not clickable/found 

2020-08-27 13:07:15,077  INFO - Cleaning up keyword EnterAccountMandatoryDetails
2020-08-27 13:07:15,077  INFO - Keyword EnterAccountMandatoryDetails complete.
2020-08-27 13:07:15,567 DEBUG - Arguments: {AccountProfiling=OTHER|Non-Classifiable Other|Private|Business-to-Consumer|0 to 5|Sent to SSA, AccountFieldValues=Automation|Creating Account|Active|01. Active|40664|8100, ContactFieldValues=400 New York Ave|4th Lane|Near Office|Alamogordo|88310|United States|WA}
2020-08-27 13:07:15,798 DEBUG - <a href="screenshots/shot_2020-8-27_13h7m15s567ms.jpg">Screen Shot</a>
2020-08-27 13:07:15,798 ERROR - Verify Creation of New Account run #1 failed.
2020-08-27 13:07:15,808  INFO - Verify Creation of New Account completed.
2020-08-27 13:07:17,834  INFO - Test Failed
