2020-10-25 22:49:10,161  INFO - Run by: QUALITEST\ramanamma.robbi
2020-10-25 22:49:10,166  INFO - Opening C:\genesys\Genesys-Automation-master\Datasheets\CPQ_Automation_POC_Lightning.xls
2020-10-25 22:49:10,500  INFO - Changing log level
2020-10-25 22:49:10,501  INFO - Log Level has successfuly changed to: TRACE
2020-10-25 22:49:10,501 DEBUG - Loading test case 'Verify Creation of New Account'
2020-10-25 22:49:10,504 DEBUG - Creating test case Verify Creation of New Account
2020-10-25 22:49:10,522 DEBUG - Loading keyword 'LoginToApplication' in app 'Lightning'
2020-10-25 22:49:10,558 DEBUG - Checking in com.qualitestgroup.keywords.lightning.Lightning
2020-10-25 22:49:10,570 DEBUG - Loading keyword 'EnterAccountMandatoryDetails' in app 'Lightning'
2020-10-25 22:49:10,570 DEBUG - Checking in com.qualitestgroup.keywords.lightning.Lightning
2020-10-25 22:49:10,587  INFO - Checking Verify Creation of New Account's dependencies.
2020-10-25 22:49:10,587  INFO - Dependencies OK, running test.
2020-10-25 22:49:10,587  INFO - Changing log level
2020-10-25 22:49:10,587  INFO - Log Level has successfuly changed to: TRACE
2020-10-25 22:49:10,587  INFO - Changing log level
2020-10-25 22:49:10,588  INFO - Log Level has successfuly changed to: TRACE
2020-10-25 22:49:10,606  INFO - Loading test data for Verify Creation of New Account
2020-10-25 22:49:10,622  INFO - Changing log level
2020-10-25 22:49:10,623  INFO - Log Level has successfuly changed to: TRACE
2020-10-25 22:49:10,623  INFO - Verify Creation of New Account run #1
2020-10-25 22:49:10,623 DEBUG - Args: {Username=robbi.ramanamma@genesys.com.qa, URL=https://genesys--qa.my.salesforce.com/, Browser=Chrome, Password=Zen@1234}
2020-10-25 22:49:10,624  INFO - Initializing keyword LoginToApplication
2020-10-25 22:49:10,624  INFO - Executing keyword LoginToApplication
2020-10-25 22:49:10,625 DEBUG - Checking in com.qualitestgroup.keywords.browser.Browser
2020-10-25 22:49:10,626 DEBUG - Checking in com.qualitestgroup.keywords.common.Browser
2020-10-25 22:49:10,632 DEBUG - Args: {Browser=Chrome}
2020-10-25 22:49:10,633  INFO - Initializing keyword Launch
2020-10-25 22:49:10,633  INFO - Executing keyword Launch
2020-10-25 22:49:17,339  INFO - Cleaning up keyword Launch
2020-10-25 22:49:17,340  INFO - Keyword Launch complete.
2020-10-25 22:49:42,534  INFO - Cleaning up keyword LoginToApplication
2020-10-25 22:49:42,535  INFO - Keyword LoginToApplication complete.
2020-10-25 22:49:42,854 DEBUG - Arguments: {Username=robbi.ramanamma@genesys.com.qa, URL=https://genesys--qa.my.salesforce.com/, Browser=Chrome, Password=Zen@1234}
2020-10-25 22:49:43,148 DEBUG - <a href="screenshots/shot_2020-10-25_22h49m42s855ms.jpg">Screen Shot</a>
2020-10-25 22:49:43,148 DEBUG - Args: {AccountProfiling=OTHER|Non-Classifiable Other|Private|Business-to-Consumer|0 to 5|Sent to SSA, AccountFieldValues=Automation|Creating Account|Active|01. Active|40664|8100|ROBBI RAMANAMMA, ContactFieldValues=400 New York Ave|4th Lane|Near Office|Alamogordo|88310|United States|WA}
2020-10-25 22:49:43,149  INFO - Initializing keyword EnterAccountMandatoryDetails
2020-10-25 22:49:43,149  INFO - Executing keyword EnterAccountMandatoryDetails
2020-10-25 22:49:58,258  WARN - Keyword EnterAccountMandatoryDetails execution fail: Not able to enter on an element having xpath - <b>//span[text()='Account Name']/parent::label//following-sibling::input</b>
2020-10-25 22:49:58,299  WARN - no such element: Unable to locate element: {"method":"xpath","selector":"//span[text()='Account Name']/parent::label//following-sibling::input"}
  (Session info: chrome=86.0.4240.111)
For documentation on this error, please visit: http://seleniumhq.org/exceptions/no_such_element.html
Build info: version: '3.4.0', revision: 'unknown', time: 'unknown'
System info: host: 'QT-INBG-LT0557', ip: '10.31.234.182', os.name: 'Windows 10', os.arch: 'amd64', os.version: '10.0', java.version: '1.8.0_261'
Driver info: org.openqa.selenium.chrome.ChromeDriver
Capabilities [{networkConnectionEnabled=false, chrome={chromedriverVersion=85.0.4183.87 (cd6713ebf92fa1cacc0f1a598df280093af0c5d7-refs/branch-heads/4183@{#1689}), userDataDir=C:\Users\RAMANA~1.ROB\AppData\Local\Temp\scoped_dir25252_1398283834}, timeouts={implicit=0.0, pageLoad=300000.0, script=30000.0}, pageLoadStrategy=normal, unhandledPromptBehavior=dismiss and notify, strictFileInteractability=false, platform=ANY, proxy=Proxy(), goog:chromeOptions={debuggerAddress=localhost:62635}, acceptInsecureCerts=false, browserVersion=86.0.4240.111, browserName=chrome, javascriptEnabled=true, platformName=windows, setWindowRect=true, webauthn:virtualAuthenticators=true}]
Session ID: 753d7f3b8ae7f81cef68e3db4d010336
*** Element info: {Using=xpath, value=//span[text()='Account Name']/parent::label//following-sibling::input}
2020-10-25 22:49:58,299  INFO - Cleaning up keyword EnterAccountMandatoryDetails
2020-10-25 22:49:58,299  INFO - Keyword EnterAccountMandatoryDetails complete.
2020-10-25 22:49:59,017 DEBUG - Arguments: {AccountProfiling=OTHER|Non-Classifiable Other|Private|Business-to-Consumer|0 to 5|Sent to SSA, AccountFieldValues=Automation|Creating Account|Active|01. Active|40664|8100|ROBBI RAMANAMMA, ContactFieldValues=400 New York Ave|4th Lane|Near Office|Alamogordo|88310|United States|WA}
2020-10-25 22:49:59,310 DEBUG - <a href="screenshots/shot_2020-10-25_22h49m59s18ms.jpg">Screen Shot</a>
2020-10-25 22:49:59,310 ERROR - Verify Creation of New Account run #1 failed.
2020-10-25 22:49:59,318  INFO - Verify Creation of New Account completed.
2020-10-25 22:50:02,242  INFO - Test Failed
