2020-10-25 14:53:28,091  INFO - Run by: QUALITEST\ramanamma.robbi
2020-10-25 14:53:28,096  INFO - Opening C:\genesys\Genesys-Automation-master\Datasheets\CPQ_Automation_POC_Lightning.xls
2020-10-25 14:53:28,331  INFO - Changing log level
2020-10-25 14:53:28,332  INFO - Log Level has successfuly changed to: TRACE
2020-10-25 14:53:28,332 DEBUG - Loading test case 'Verify cancellation of Account creation'
2020-10-25 14:53:28,335 DEBUG - Creating test case Verify cancellation of Account creation
2020-10-25 14:53:28,349 DEBUG - Loading keyword 'LoginToApplication' in app 'Lightning'
2020-10-25 14:53:28,354 DEBUG - Checking in com.qualitestgroup.keywords.lightning.Lightning
2020-10-25 14:53:28,398 DEBUG - Loading keyword 'SelectAccountRecordType' in app 'Lightning'
2020-10-25 14:53:28,398 DEBUG - Checking in com.qualitestgroup.keywords.lightning.Lightning
2020-10-25 14:53:28,414 DEBUG - Loading keyword 'AccountSearchByNameAndClickNew' in app 'Lightning'
2020-10-25 14:53:28,414 DEBUG - Checking in com.qualitestgroup.keywords.lightning.Lightning
2020-10-25 14:53:28,430 DEBUG - Loading keyword 'CancelAccountCreation' in app 'Lightning'
2020-10-25 14:53:28,430 DEBUG - Checking in com.qualitestgroup.keywords.lightning.Lightning
2020-10-25 14:53:28,450 DEBUG - Loading keyword 'LogoutOfApplication' in app 'Lightning'
2020-10-25 14:53:28,450 DEBUG - Checking in com.qualitestgroup.keywords.lightning.Lightning
2020-10-25 14:53:28,480  INFO - Checking Verify cancellation of Account creation's dependencies.
2020-10-25 14:53:28,480  INFO - Dependencies OK, running test.
2020-10-25 14:53:28,480  INFO - Changing log level
2020-10-25 14:53:28,480  INFO - Log Level has successfuly changed to: TRACE
2020-10-25 14:53:28,480  INFO - Changing log level
2020-10-25 14:53:28,481  INFO - Log Level has successfuly changed to: TRACE
2020-10-25 14:53:28,733  INFO - Loading test data for Verify cancellation of Account creation
2020-10-25 14:53:28,763  INFO - Changing log level
2020-10-25 14:53:28,763  INFO - Log Level has successfuly changed to: TRACE
2020-10-25 14:53:28,763  INFO - Verify cancellation of Account creation run #1
2020-10-25 14:53:28,764 DEBUG - Args: {Username=siva_surya_prasand.arivalagan@genesys.com.qa, URL=https://genesys--qa.my.salesforce.com/, Browser=Chrome, Password=S@lesforce2}
2020-10-25 14:53:28,764  INFO - Initializing keyword LoginToApplication
2020-10-25 14:53:28,764  INFO - Executing keyword LoginToApplication
2020-10-25 14:53:28,786 DEBUG - Checking in com.qualitestgroup.keywords.browser.Browser
2020-10-25 14:53:28,787 DEBUG - Checking in com.qualitestgroup.keywords.common.Browser
2020-10-25 14:53:28,795 DEBUG - Args: {Browser=Chrome}
2020-10-25 14:53:28,797  INFO - Initializing keyword Launch
2020-10-25 14:53:28,797  INFO - Executing keyword Launch
2020-10-25 14:53:36,235  INFO - Cleaning up keyword Launch
2020-10-25 14:53:36,236  INFO - Keyword Launch complete.
2020-10-25 14:54:06,842  INFO - Cleaning up keyword LoginToApplication
2020-10-25 14:54:06,842  INFO - Keyword LoginToApplication complete.
2020-10-25 14:54:07,178 DEBUG - Arguments: {Username=siva_surya_prasand.arivalagan@genesys.com.qa, URL=https://genesys--qa.my.salesforce.com/, Browser=Chrome, Password=S@lesforce2}
2020-10-25 14:54:07,476 DEBUG - <a href="screenshots/shot_2020-10-25_14h54m7s179ms.jpg">Screen Shot</a>
2020-10-25 14:54:07,477 DEBUG - Args: {RecordType=Consultant Record Type}
2020-10-25 14:54:07,477  INFO - Initializing keyword SelectAccountRecordType
2020-10-25 14:54:07,478  INFO - Executing keyword SelectAccountRecordType
2020-10-25 14:55:10,660  WARN - Keyword SelectAccountRecordType execution fail: <b>Accounts Home Page is not displayed --- Waited for <b>60<> Seconds --- WebElement <b>//span[@class='slds-var-p-right_x-small uiOutputText forceBreadCrumbItem'][text()='Accounts']<b> is not found 

2020-10-25 14:55:10,661  INFO - Cleaning up keyword SelectAccountRecordType
2020-10-25 14:55:10,662  INFO - Keyword SelectAccountRecordType complete.
2020-10-25 14:55:11,404 DEBUG - Arguments: {RecordType=Consultant Record Type}
2020-10-25 14:55:11,752 DEBUG - <a href="screenshots/shot_2020-10-25_14h55m11s405ms.jpg">Screen Shot</a>
2020-10-25 14:55:11,752 ERROR - Verify cancellation of Account creation run #1 failed.
2020-10-25 14:55:11,835  INFO - Verify cancellation of Account creation completed.
2020-10-25 14:55:13,789  INFO - Test Failed
