2020-10-23 18:05:04,603  INFO - Run by: QUALITEST\ramanamma.robbi
2020-10-23 18:05:04,608  INFO - Opening C:\genesys\Genesys-Automation-master\Datasheets\CPQ_Automation_POC_Classic_ExistingAccount_NORAMP_Monthly.xls
2020-10-23 18:05:05,018  INFO - Changing log level
2020-10-23 18:05:05,018  INFO - Log Level has successfuly changed to: TRACE
2020-10-23 18:05:05,018 DEBUG - Loading test case 'Verify  the user is able to  Create a New Quote on a existing Opportunity and add the Products to the same Quote'
2020-10-23 18:05:05,022 DEBUG - Creating test case Verify  the user is able to  Create a New Quote on a existing Opportunity and add the Products to the same Quote
2020-10-23 18:05:05,033 DEBUG - Loading keyword 'LoginToApplication' in app 'Classic'
2020-10-23 18:05:05,069 DEBUG - Checking in com.qualitestgroup.keywords.classic.Classic
2020-10-23 18:05:05,083 DEBUG - Loading keyword 'ConfigureProducts' in app 'Classic'
2020-10-23 18:05:05,084 DEBUG - Checking in com.qualitestgroup.keywords.classic.Classic
2020-10-23 18:05:05,095  INFO - Checking Verify  the user is able to  Create a New Quote on a existing Opportunity and add the Products to the same Quote's dependencies.
2020-10-23 18:05:05,096  INFO - Dependencies OK, running test.
2020-10-23 18:05:05,096  INFO - Changing log level
2020-10-23 18:05:05,096  INFO - Log Level has successfuly changed to: TRACE
2020-10-23 18:05:05,096  INFO - Changing log level
2020-10-23 18:05:05,097  INFO - Log Level has successfuly changed to: TRACE
2020-10-23 18:05:05,128  INFO - Loading test data for Verify  the user is able to  Create a New Quote on a existing Opportunity and add the Products to the same Quote
2020-10-23 18:05:05,150  INFO - Changing log level
2020-10-23 18:05:05,150  INFO - Log Level has successfuly changed to: TRACE
2020-10-23 18:05:05,150  INFO - Verify  the user is able to  Create a New Quote on a existing Opportunity and add the Products to the same Quote run #1
2020-10-23 18:05:05,151 DEBUG - Args: {Username=robbi.ramanamma@genesys.com.qa, URL=https://genesys--qa.my.salesforce.com/, Browser=Chrome, Password=Zen@1234}
2020-10-23 18:05:05,151  INFO - Initializing keyword LoginToApplication
2020-10-23 18:05:05,151  INFO - Executing keyword LoginToApplication
2020-10-23 18:05:05,153 DEBUG - Checking in com.qualitestgroup.keywords.browser.Browser
2020-10-23 18:05:05,154 DEBUG - Checking in com.qualitestgroup.keywords.common.Browser
2020-10-23 18:05:05,162 DEBUG - Args: {Browser=Chrome}
2020-10-23 18:05:05,162  INFO - Initializing keyword Launch
2020-10-23 18:05:05,163  INFO - Executing keyword Launch
2020-10-23 18:05:12,454  INFO - Cleaning up keyword Launch
2020-10-23 18:05:12,454  INFO - Keyword Launch complete.
2020-10-23 18:05:27,919  INFO - Cleaning up keyword LoginToApplication
2020-10-23 18:05:27,919  INFO - Keyword LoginToApplication complete.
2020-10-23 18:05:29,266 DEBUG - Arguments: {Username=robbi.ramanamma@genesys.com.qa, URL=https://genesys--qa.my.salesforce.com/, Browser=Chrome, Password=Zen@1234}
2020-10-23 18:05:29,607 DEBUG - <a href="screenshots/shot_2020-10-23_18h5m29s267ms.jpg">Screen Shot</a>
2020-10-23 18:05:29,607 DEBUG - Args: {HardwareProd1=10 Rack Mounting Shelves - Bulk Pack for MP-11x@5.00, HardwareProd1MandateFieldValues=2|2|30, QuoteFieldValues=Monthly|2 Years|Test|New Subscription|24|Annual M2M|Net 30|Yes|Yes|Test}
2020-10-23 18:05:29,608  INFO - Initializing keyword ConfigureProducts
2020-10-23 18:05:29,608  INFO - Executing keyword ConfigureProducts
