2020-08-28 20:03:18,413  INFO - Run by: QUALITEST\ramanamma.robbi
2020-08-28 20:03:18,423  INFO - Opening C:\genesys\Genesys-Automation-master\Datasheets\CPQ_Automation_POC_Classic.xls
2020-08-28 20:03:18,731  INFO - Changing log level
2020-08-28 20:03:18,732  INFO - Log Level has successfuly changed to: TRACE
2020-08-28 20:03:18,732 DEBUG - Loading test case 'Verify Creation of New Account'
2020-08-28 20:03:18,734 DEBUG - Creating test case Verify Creation of New Account
2020-08-28 20:03:18,749 DEBUG - Loading keyword 'LoginToApplication' in app 'Classic'
2020-08-28 20:03:18,754 DEBUG - Checking in com.qualitestgroup.keywords.classic.Classic
2020-08-28 20:03:18,765 DEBUG - Loading keyword 'SelectAccountRecordType' in app 'Classic'
2020-08-28 20:03:18,765 DEBUG - Checking in com.qualitestgroup.keywords.classic.Classic
2020-08-28 20:03:18,767 DEBUG - Loading keyword 'AccountSearchByName' in app 'Classic'
2020-08-28 20:03:18,768 DEBUG - Checking in com.qualitestgroup.keywords.classic.Classic
2020-08-28 20:03:18,770 DEBUG - Loading keyword 'EnterAccountMandatoryDetails' in app 'Classic'
2020-08-28 20:03:18,771 DEBUG - Checking in com.qualitestgroup.keywords.classic.Classic
2020-08-28 20:03:18,773 DEBUG - Loading keyword 'SaveAccountDetails' in app 'Classic'
2020-08-28 20:03:18,774 DEBUG - Checking in com.qualitestgroup.keywords.classic.Classic
2020-08-28 20:03:18,777 DEBUG - Loading keyword 'CreateContactFromAccount' in app 'Classic'
2020-08-28 20:03:18,777 DEBUG - Checking in com.qualitestgroup.keywords.classic.Classic
2020-08-28 20:03:18,780 DEBUG - Loading keyword 'EnterContactMandatoryDetails' in app 'Classic'
2020-08-28 20:03:18,780 DEBUG - Checking in com.qualitestgroup.keywords.classic.Classic
2020-08-28 20:03:18,784 DEBUG - Loading keyword 'LogoutOfApplication' in app 'Classic'
2020-08-28 20:03:18,785 DEBUG - Checking in com.qualitestgroup.keywords.classic.Classic
2020-08-28 20:03:18,829  INFO - Checking Verify Creation of New Account's dependencies.
2020-08-28 20:03:18,829  INFO - Dependencies OK, running test.
2020-08-28 20:03:18,829  INFO - Changing log level
2020-08-28 20:03:18,830  INFO - Log Level has successfuly changed to: TRACE
2020-08-28 20:03:18,830  INFO - Changing log level
2020-08-28 20:03:18,830  INFO - Log Level has successfuly changed to: TRACE
2020-08-28 20:03:18,851  INFO - Loading test data for Verify Creation of New Account
2020-08-28 20:03:18,867  INFO - Changing log level
2020-08-28 20:03:18,868  INFO - Log Level has successfuly changed to: TRACE
2020-08-28 20:03:18,868  INFO - Verify Creation of New Account run #1
2020-08-28 20:03:18,868 DEBUG - Args: {Username=siva_surya_prasand.arivalagan@genesys.com.qa, URL=https://genesys--qa.my.salesforce.com/, Browser=Chrome, Password=S@lesforce2}
2020-08-28 20:03:18,868  INFO - Initializing keyword LoginToApplication
2020-08-28 20:03:18,869  INFO - Executing keyword LoginToApplication
2020-08-28 20:03:18,870 DEBUG - Checking in com.qualitestgroup.keywords.browser.Browser
2020-08-28 20:03:18,871 DEBUG - Checking in com.qualitestgroup.keywords.common.Browser
2020-08-28 20:03:18,877 DEBUG - Args: {Browser=Chrome}
2020-08-28 20:03:18,877  INFO - Initializing keyword Launch
2020-08-28 20:03:18,877  INFO - Executing keyword Launch
2020-08-28 20:03:26,388  INFO - Cleaning up keyword Launch
2020-08-28 20:03:26,388  INFO - Keyword Launch complete.
2020-08-28 20:03:43,590  INFO - Cleaning up keyword LoginToApplication
2020-08-28 20:03:43,591  INFO - Keyword LoginToApplication complete.
2020-08-28 20:03:45,272 DEBUG - Arguments: {Username=siva_surya_prasand.arivalagan@genesys.com.qa, URL=https://genesys--qa.my.salesforce.com/, Browser=Chrome, Password=S@lesforce2}
2020-08-28 20:03:45,614 DEBUG - <a href="screenshots/shot_2020-8-28_20h3m45s273ms.jpg">Screen Shot</a>
2020-08-28 20:03:45,615 DEBUG - Args: {RecordType=EMG - Customer Record Type}
2020-08-28 20:03:45,615  INFO - Initializing keyword SelectAccountRecordType
2020-08-28 20:03:45,615  INFO - Executing keyword SelectAccountRecordType
2020-08-28 20:03:50,543  INFO - Cleaning up keyword SelectAccountRecordType
2020-08-28 20:03:50,543  INFO - Keyword SelectAccountRecordType complete.
2020-08-28 20:03:50,894 DEBUG - Arguments: {RecordType=EMG - Customer Record Type}
2020-08-28 20:03:51,242 DEBUG - <a href="screenshots/shot_2020-8-28_20h3m50s895ms.jpg">Screen Shot</a>
2020-08-28 20:03:51,242 DEBUG - Args: {RecordType=EMG - Customer Record Type, AccountName=ACCT_0001}
2020-08-28 20:03:51,242  INFO - Initializing keyword AccountSearchByName
2020-08-28 20:03:51,243  INFO - Executing keyword AccountSearchByName
2020-08-28 20:03:57,562  INFO - Cleaning up keyword AccountSearchByName
2020-08-28 20:03:57,562  INFO - Keyword AccountSearchByName complete.
2020-08-28 20:03:57,915 DEBUG - Arguments: {RecordType=EMG - Customer Record Type, AccountName=ACCT_0001}
2020-08-28 20:03:58,309 DEBUG - <a href="screenshots/shot_2020-8-28_20h3m57s916ms.jpg">Screen Shot</a>
2020-08-28 20:03:58,310 DEBUG - Args: {AccountProfiling=OTHER|Non-Classifiable Other|Private|Business-to-Consumer|0 to 5|Sent to SSA, AccountFieldValues=Automation|Creating Account|Active|01. Active|40664|8100, ContactFieldValues=400 New York Ave|4th Lane|Near Office|Alamogordo|88310|United States|WA}
2020-08-28 20:03:58,310  INFO - Initializing keyword EnterAccountMandatoryDetails
2020-08-28 20:03:58,311  INFO - Executing keyword EnterAccountMandatoryDetails
2020-08-28 20:05:06,901  INFO - Cleaning up keyword EnterAccountMandatoryDetails
2020-08-28 20:05:06,903  INFO - Keyword EnterAccountMandatoryDetails complete.
2020-08-28 20:05:07,240 DEBUG - Arguments: {AccountProfiling=OTHER|Non-Classifiable Other|Private|Business-to-Consumer|0 to 5|Sent to SSA, AccountFieldValues=Automation|Creating Account|Active|01. Active|40664|8100, ContactFieldValues=400 New York Ave|4th Lane|Near Office|Alamogordo|88310|United States|WA}
2020-08-28 20:05:07,527 DEBUG - <a href="screenshots/shot_2020-8-28_20h5m7s240ms.jpg">Screen Shot</a>
2020-08-28 20:05:07,528 DEBUG - Args: {}
2020-08-28 20:05:07,528  INFO - Initializing keyword SaveAccountDetails
2020-08-28 20:05:07,528  INFO - Executing keyword SaveAccountDetails
2020-08-28 20:05:22,364  INFO - Cleaning up keyword SaveAccountDetails
2020-08-28 20:05:22,365  INFO - Keyword SaveAccountDetails complete.
2020-08-28 20:05:23,358 DEBUG - Arguments: {}
2020-08-28 20:05:24,133 DEBUG - <a href="screenshots/shot_2020-8-28_20h5m23s359ms.jpg">Screen Shot</a>
2020-08-28 20:05:24,134 DEBUG - Args: {}
2020-08-28 20:05:24,134  INFO - Initializing keyword CreateContactFromAccount
2020-08-28 20:05:24,134  INFO - Executing keyword CreateContactFromAccount
2020-08-28 20:06:42,755  INFO - Cleaning up keyword CreateContactFromAccount
2020-08-28 20:06:42,755  INFO - Keyword CreateContactFromAccount complete.
2020-08-28 20:06:43,073 DEBUG - Arguments: {}
2020-08-28 20:06:43,373 DEBUG - <a href="screenshots/shot_2020-8-28_20h6m43s73ms.jpg">Screen Shot</a>
2020-08-28 20:06:43,373 DEBUG - Args: {ContactFieldValues=Automation|Creating Account|Active|01. Active|40664|8100}
2020-08-28 20:06:43,373  INFO - Initializing keyword EnterContactMandatoryDetails
2020-08-28 20:06:43,373  INFO - Executing keyword EnterContactMandatoryDetails
2020-08-28 20:07:03,068 ERROR - java.lang.ArrayIndexOutOfBoundsException: 7
	at com.qualitestgroup.keywords.classic.Classic$EnterContactMandatoryDetails.exec(Classic.java:819)
	at com.qualitestgroup.kdt.Keyword.run(Keyword.java:153)
	at com.qualitestgroup.kdt.TestStep.run(TestStep.java:163)
	at com.qualitestgroup.kdt.TestCase.run(TestCase.java:327)
	at com.qualitestgroup.kdt.KDTDriver.run(KDTDriver.java:250)
	at com.qualitestgroup.kdt.KDTDriver.main(KDTDriver.java:571)

2020-08-28 20:07:03,070  INFO - Cleaning up keyword EnterContactMandatoryDetails
2020-08-28 20:07:03,071  INFO - Keyword EnterContactMandatoryDetails complete.
2020-08-28 20:07:03,695 DEBUG - Arguments: {ContactFieldValues=Automation|Creating Account|Active|01. Active|40664|8100}
2020-08-28 20:07:03,988 DEBUG - <a href="screenshots/shot_2020-8-28_20h7m3s696ms.jpg">Screen Shot</a>
2020-08-28 20:07:03,989 ERROR - Verify Creation of New Account run #1 failed.
2020-08-28 20:07:03,998  INFO - Verify Creation of New Account completed.
2020-08-28 20:07:06,344  INFO - Test Failed
