2020-10-23 01:07:18,369  INFO - Run by: QUALITEST\ramanamma.robbi
2020-10-23 01:07:18,376  INFO - Opening C:\genesys\Genesys-Automation-master\Datasheets\CPQ_Automation_POC_Classic_ExistingAccount_NORAMP_Monthly.xls
2020-10-23 01:07:18,740  INFO - Changing log level
2020-10-23 01:07:18,740  INFO - Log Level has successfuly changed to: TRACE
2020-10-23 01:07:18,740 DEBUG - Loading test case 'Verify  the user is able to  Create a New Quote on a existing Opportunity and add the Products to the same Quote'
2020-10-23 01:07:18,743 DEBUG - Creating test case Verify  the user is able to  Create a New Quote on a existing Opportunity and add the Products to the same Quote
2020-10-23 01:07:18,756 DEBUG - Loading keyword 'LoginToApplication' in app 'Classic'
2020-10-23 01:07:18,762 DEBUG - Checking in com.qualitestgroup.keywords.classic.Classic
2020-10-23 01:07:18,802 DEBUG - Loading keyword 'SearchAndAddWrapperProduct' in app 'Classic'
2020-10-23 01:07:18,803 DEBUG - Checking in com.qualitestgroup.keywords.classic.Classic
2020-10-23 01:07:18,811  INFO - Checking Verify  the user is able to  Create a New Quote on a existing Opportunity and add the Products to the same Quote's dependencies.
2020-10-23 01:07:18,812  INFO - Dependencies OK, running test.
2020-10-23 01:07:18,812  INFO - Changing log level
2020-10-23 01:07:18,812  INFO - Log Level has successfuly changed to: TRACE
2020-10-23 01:07:18,813  INFO - Changing log level
2020-10-23 01:07:18,813  INFO - Log Level has successfuly changed to: TRACE
2020-10-23 01:07:18,857  INFO - Loading test data for Verify  the user is able to  Create a New Quote on a existing Opportunity and add the Products to the same Quote
2020-10-23 01:07:18,877  INFO - Changing log level
2020-10-23 01:07:18,877  INFO - Log Level has successfuly changed to: TRACE
2020-10-23 01:07:18,877  INFO - Verify  the user is able to  Create a New Quote on a existing Opportunity and add the Products to the same Quote run #1
2020-10-23 01:07:18,877 DEBUG - Args: {Username=robbi.ramanamma@genesys.com.qa, URL=https://genesys--qa.my.salesforce.com/, Browser=Chrome, Password=Zen@1234}
2020-10-23 01:07:18,878  INFO - Initializing keyword LoginToApplication
2020-10-23 01:07:18,878  INFO - Executing keyword LoginToApplication
2020-10-23 01:07:18,880 DEBUG - Checking in com.qualitestgroup.keywords.browser.Browser
2020-10-23 01:07:18,881 DEBUG - Checking in com.qualitestgroup.keywords.common.Browser
2020-10-23 01:07:18,889 DEBUG - Args: {Browser=Chrome}
2020-10-23 01:07:18,889  INFO - Initializing keyword Launch
2020-10-23 01:07:18,890  INFO - Executing keyword Launch
2020-10-23 01:07:32,141  INFO - Cleaning up keyword Launch
2020-10-23 01:07:32,142  INFO - Keyword Launch complete.
2020-10-23 01:07:47,710  INFO - Cleaning up keyword LoginToApplication
2020-10-23 01:07:47,710  INFO - Keyword LoginToApplication complete.
2020-10-23 01:07:48,083 DEBUG - Arguments: {Username=robbi.ramanamma@genesys.com.qa, URL=https://genesys--qa.my.salesforce.com/, Browser=Chrome, Password=Zen@1234}
2020-10-23 01:07:48,419 DEBUG - <a href="screenshots/shot_2020-10-23_1h7m48s84ms.jpg">Screen Shot</a>
2020-10-23 01:07:48,420 DEBUG - Args: {BundleProduct1=PureCloud 2 User - Wrapper@1.00|PureCloud 2 User - Ramp@1.00}
2020-10-23 01:07:48,420  INFO - Initializing keyword SearchAndAddWrapperProduct
2020-10-23 01:07:48,420  INFO - Executing keyword SearchAndAddWrapperProduct
