2020-10-23 17:10:11,738  INFO - Run by: QUALITEST\ramanamma.robbi
2020-10-23 17:10:11,742  INFO - Opening C:\genesys\Genesys-Automation-master\Datasheets\CPQ_Automation_POC_Classic_ExistingAccount_NORAMP_Monthly.xls
2020-10-23 17:10:11,956  INFO - Changing log level
2020-10-23 17:10:11,956  INFO - Log Level has successfuly changed to: TRACE
2020-10-23 17:10:11,957 DEBUG - Loading test case 'Verify  the user is able to  Create a New Quote on a existing Opportunity and add the Products to the same Quote'
2020-10-23 17:10:11,960 DEBUG - Creating test case Verify  the user is able to  Create a New Quote on a existing Opportunity and add the Products to the same Quote
2020-10-23 17:10:11,973 DEBUG - Loading keyword 'LoginToApplication' in app 'Classic'
2020-10-23 17:10:11,977 DEBUG - Checking in com.qualitestgroup.keywords.classic.Classic
2020-10-23 17:10:11,986 DEBUG - Loading keyword 'ConfigureProducts' in app 'Classic'
2020-10-23 17:10:11,986 DEBUG - Checking in com.qualitestgroup.keywords.classic.Classic
2020-10-23 17:10:12,115  INFO - Checking Verify  the user is able to  Create a New Quote on a existing Opportunity and add the Products to the same Quote's dependencies.
2020-10-23 17:10:12,115  INFO - Dependencies OK, running test.
2020-10-23 17:10:12,115  INFO - Changing log level
2020-10-23 17:10:12,115  INFO - Log Level has successfuly changed to: TRACE
2020-10-23 17:10:12,116  INFO - Changing log level
2020-10-23 17:10:12,116  INFO - Log Level has successfuly changed to: TRACE
2020-10-23 17:10:12,139  INFO - Loading test data for Verify  the user is able to  Create a New Quote on a existing Opportunity and add the Products to the same Quote
2020-10-23 17:10:12,152  INFO - Changing log level
2020-10-23 17:10:12,152  INFO - Log Level has successfuly changed to: TRACE
2020-10-23 17:10:12,152  INFO - Verify  the user is able to  Create a New Quote on a existing Opportunity and add the Products to the same Quote run #1
2020-10-23 17:10:12,153 DEBUG - Args: {Username=robbi.ramanamma@genesys.com.qa, URL=https://genesys--qa.my.salesforce.com/, Browser=Chrome, Password=Zen@1234}
2020-10-23 17:10:12,153  INFO - Initializing keyword LoginToApplication
2020-10-23 17:10:12,153  INFO - Executing keyword LoginToApplication
2020-10-23 17:10:12,154 DEBUG - Checking in com.qualitestgroup.keywords.browser.Browser
2020-10-23 17:10:12,155 DEBUG - Checking in com.qualitestgroup.keywords.common.Browser
2020-10-23 17:10:12,159 DEBUG - Args: {Browser=Chrome}
2020-10-23 17:10:12,159  INFO - Initializing keyword Launch
2020-10-23 17:10:12,160  INFO - Executing keyword Launch
2020-10-23 17:10:18,863  INFO - Cleaning up keyword Launch
2020-10-23 17:10:18,863  INFO - Keyword Launch complete.
2020-10-23 17:10:34,104  INFO - Cleaning up keyword LoginToApplication
2020-10-23 17:10:34,104  INFO - Keyword LoginToApplication complete.
2020-10-23 17:10:35,558 DEBUG - Arguments: {Username=robbi.ramanamma@genesys.com.qa, URL=https://genesys--qa.my.salesforce.com/, Browser=Chrome, Password=Zen@1234}
2020-10-23 17:10:35,848 DEBUG - <a href="screenshots/shot_2020-10-23_17h10m35s558ms.jpg">Screen Shot</a>
2020-10-23 17:10:35,849 DEBUG - Args: {HardwareProd1=10 Rack Mounting Shelves - Bulk Pack for MP-11x@5.00, HardwareProd1MandateFieldValues=2|2|30, QuoteFieldValues=Monthly|2 Years|Test|New Subscription|24|Annual M2M|Net 30|Yes|Yes|Test}
2020-10-23 17:10:35,849  INFO - Initializing keyword ConfigureProducts
2020-10-23 17:10:35,849  INFO - Executing keyword ConfigureProducts
2020-10-23 17:11:04,612  WARN - Keyword ConfigureProducts execution fail: Not able to click on an element having xpath - <b>(//sb-table-row[@id='row']//child::paper-checkbox[@aria-disabled='false']/div[@id='checkboxContainer']/div[@id='checkbox'])[1]</b>
2020-10-23 17:11:04,614  WARN - element click intercepted: Element <div id="checkbox" class="style-scope paper-checkbox">...</div> is not clickable at point (260, 589). Other element would receive the click: <div id="checkboxContainer" class="style-scope paper-checkbox">...</div>
  (Session info: chrome=86.0.4240.111)
Build info: version: '3.4.0', revision: 'unknown', time: 'unknown'
System info: host: 'QT-INBG-LT0557', ip: '10.31.234.206', os.name: 'Windows 10', os.arch: 'amd64', os.version: '10.0', java.version: '1.8.0_261'
Driver info: org.openqa.selenium.chrome.ChromeDriver
Capabilities [{networkConnectionEnabled=false, chrome={chromedriverVersion=85.0.4183.87 (cd6713ebf92fa1cacc0f1a598df280093af0c5d7-refs/branch-heads/4183@{#1689}), userDataDir=C:\Users\RAMANA~1.ROB\AppData\Local\Temp\scoped_dir15740_794491960}, timeouts={implicit=0.0, pageLoad=300000.0, script=30000.0}, pageLoadStrategy=normal, unhandledPromptBehavior=dismiss and notify, strictFileInteractability=false, platform=ANY, proxy=Proxy(), goog:chromeOptions={debuggerAddress=localhost:56474}, acceptInsecureCerts=false, browserVersion=86.0.4240.111, browserName=chrome, javascriptEnabled=true, platformName=windows, setWindowRect=true, webauthn:virtualAuthenticators=true}]
Session ID: a3b64c3afc62007935a40e933fb70c63
2020-10-23 17:11:04,614  INFO - Cleaning up keyword ConfigureProducts
2020-10-23 17:11:04,614  INFO - Keyword ConfigureProducts complete.
2020-10-23 17:11:05,227 DEBUG - Arguments: {HardwareProd1=10 Rack Mounting Shelves - Bulk Pack for MP-11x@5.00, HardwareProd1MandateFieldValues=2|2|30, QuoteFieldValues=Monthly|2 Years|Test|New Subscription|24|Annual M2M|Net 30|Yes|Yes|Test}
2020-10-23 17:11:05,609 DEBUG - <a href="screenshots/shot_2020-10-23_17h11m5s228ms.jpg">Screen Shot</a>
2020-10-23 17:11:05,610 ERROR - Verify  the user is able to  Create a New Quote on a existing Opportunity and add the Products to the same Quote run #1 failed.
2020-10-23 17:11:05,619  INFO - Verify  the user is able to  Create a New Quote on a existing Opportunity and add the Products to the same Quote completed.
2020-10-23 17:11:06,951  INFO - Test Failed
