2020-10-23 17:05:59,220  INFO - Run by: QUALITEST\ramanamma.robbi
2020-10-23 17:05:59,236  INFO - Opening C:\genesys\Genesys-Automation-master\Datasheets\CPQ_Automation_POC_Classic_ExistingAccount_NORAMP_Monthly.xls
2020-10-23 17:05:59,438  INFO - Changing log level
2020-10-23 17:05:59,438  INFO - Log Level has successfuly changed to: TRACE
2020-10-23 17:05:59,439 DEBUG - Loading test case 'Verify  the user is able to  Create a New Quote on a existing Opportunity and add the Products to the same Quote'
2020-10-23 17:05:59,441 DEBUG - Creating test case Verify  the user is able to  Create a New Quote on a existing Opportunity and add the Products to the same Quote
2020-10-23 17:05:59,455 DEBUG - Loading keyword 'LoginToApplication' in app 'Classic'
2020-10-23 17:05:59,459 DEBUG - Checking in com.qualitestgroup.keywords.classic.Classic
2020-10-23 17:05:59,467 DEBUG - Loading keyword 'ConfigureProducts' in app 'Classic'
2020-10-23 17:05:59,467 DEBUG - Checking in com.qualitestgroup.keywords.classic.Classic
2020-10-23 17:05:59,477  INFO - Checking Verify  the user is able to  Create a New Quote on a existing Opportunity and add the Products to the same Quote's dependencies.
2020-10-23 17:05:59,477  INFO - Dependencies OK, running test.
2020-10-23 17:05:59,477  INFO - Changing log level
2020-10-23 17:05:59,477  INFO - Log Level has successfuly changed to: TRACE
2020-10-23 17:05:59,477  INFO - Changing log level
2020-10-23 17:05:59,477  INFO - Log Level has successfuly changed to: TRACE
2020-10-23 17:05:59,496  INFO - Loading test data for Verify  the user is able to  Create a New Quote on a existing Opportunity and add the Products to the same Quote
2020-10-23 17:05:59,512  INFO - Changing log level
2020-10-23 17:05:59,512  INFO - Log Level has successfuly changed to: TRACE
2020-10-23 17:05:59,513  INFO - Verify  the user is able to  Create a New Quote on a existing Opportunity and add the Products to the same Quote run #1
2020-10-23 17:05:59,513 DEBUG - Args: {Username=robbi.ramanamma@genesys.com.qa, URL=https://genesys--qa.my.salesforce.com/, Browser=Chrome, Password=Zen@1234}
2020-10-23 17:05:59,514  INFO - Initializing keyword LoginToApplication
2020-10-23 17:05:59,515  INFO - Executing keyword LoginToApplication
2020-10-23 17:05:59,516 DEBUG - Checking in com.qualitestgroup.keywords.browser.Browser
2020-10-23 17:05:59,517 DEBUG - Checking in com.qualitestgroup.keywords.common.Browser
2020-10-23 17:05:59,521 DEBUG - Args: {Browser=Chrome}
2020-10-23 17:05:59,521  INFO - Initializing keyword Launch
2020-10-23 17:05:59,521  INFO - Executing keyword Launch
2020-10-23 17:06:08,864  INFO - Cleaning up keyword Launch
2020-10-23 17:06:08,865  INFO - Keyword Launch complete.
2020-10-23 17:06:24,738  INFO - Cleaning up keyword LoginToApplication
2020-10-23 17:06:24,739  INFO - Keyword LoginToApplication complete.
2020-10-23 17:06:25,408 DEBUG - Arguments: {Username=robbi.ramanamma@genesys.com.qa, URL=https://genesys--qa.my.salesforce.com/, Browser=Chrome, Password=Zen@1234}
2020-10-23 17:06:25,870 DEBUG - <a href="screenshots/shot_2020-10-23_17h6m25s410ms.jpg">Screen Shot</a>
2020-10-23 17:06:25,871 DEBUG - Args: {HardwareProd1=10 Rack Mounting Shelves - Bulk Pack for MP-11x@5.00, HardwareProd1MandateFieldValues=2|2|30, QuoteFieldValues=Monthly|2 Years|Test|New Subscription|24|Annual M2M|Net 30|Yes|Yes|Test}
2020-10-23 17:06:25,872  INFO - Initializing keyword ConfigureProducts
2020-10-23 17:06:25,872  INFO - Executing keyword ConfigureProducts
2020-10-23 17:06:55,403  WARN - Keyword ConfigureProducts execution fail: Not able to click on an element having xpath - <b>(//sb-table-row[@id='row']//child::paper-checkbox[@aria-disabled='false']//div[@id='checkbox'])[1]</b>
2020-10-23 17:06:55,404  WARN - element click intercepted: Element <div id="checkbox" class="style-scope paper-checkbox">...</div> is not clickable at point (260, 589). Other element would receive the click: <div id="checkboxContainer" class="style-scope paper-checkbox">...</div>
  (Session info: chrome=86.0.4240.111)
Build info: version: '3.4.0', revision: 'unknown', time: 'unknown'
System info: host: 'QT-INBG-LT0557', ip: '10.31.234.206', os.name: 'Windows 10', os.arch: 'amd64', os.version: '10.0', java.version: '1.8.0_261'
Driver info: org.openqa.selenium.chrome.ChromeDriver
Capabilities [{networkConnectionEnabled=false, chrome={chromedriverVersion=85.0.4183.87 (cd6713ebf92fa1cacc0f1a598df280093af0c5d7-refs/branch-heads/4183@{#1689}), userDataDir=C:\Users\RAMANA~1.ROB\AppData\Local\Temp\scoped_dir1336_2111673752}, timeouts={implicit=0.0, pageLoad=300000.0, script=30000.0}, pageLoadStrategy=normal, unhandledPromptBehavior=dismiss and notify, strictFileInteractability=false, platform=ANY, proxy=Proxy(), goog:chromeOptions={debuggerAddress=localhost:56298}, acceptInsecureCerts=false, browserVersion=86.0.4240.111, browserName=chrome, javascriptEnabled=true, platformName=windows, setWindowRect=true, webauthn:virtualAuthenticators=true}]
Session ID: ba2c12e5c9be910bf162be4794f05dc5
2020-10-23 17:06:55,404  INFO - Cleaning up keyword ConfigureProducts
2020-10-23 17:06:55,404  INFO - Keyword ConfigureProducts complete.
2020-10-23 17:06:56,024 DEBUG - Arguments: {HardwareProd1=10 Rack Mounting Shelves - Bulk Pack for MP-11x@5.00, HardwareProd1MandateFieldValues=2|2|30, QuoteFieldValues=Monthly|2 Years|Test|New Subscription|24|Annual M2M|Net 30|Yes|Yes|Test}
2020-10-23 17:06:56,320 DEBUG - <a href="screenshots/shot_2020-10-23_17h6m56s24ms.jpg">Screen Shot</a>
2020-10-23 17:06:56,321 ERROR - Verify  the user is able to  Create a New Quote on a existing Opportunity and add the Products to the same Quote run #1 failed.
2020-10-23 17:06:56,328  INFO - Verify  the user is able to  Create a New Quote on a existing Opportunity and add the Products to the same Quote completed.
2020-10-23 17:06:58,633  INFO - Test Failed
