2020-10-25 20:06:57,267  INFO - Run by: QUALITEST\ramanamma.robbi
2020-10-25 20:06:57,291  INFO - Opening C:\genesys\Genesys-Automation-master\Datasheets\CPQ_Automation_POC_Lightning.xls
2020-10-25 20:06:57,478  INFO - Changing log level
2020-10-25 20:06:57,479  INFO - Log Level has successfuly changed to: TRACE
2020-10-25 20:06:57,479 DEBUG - Loading test case 'Verify Creation of New Account'
2020-10-25 20:06:57,482 DEBUG - Creating test case Verify Creation of New Account
2020-10-25 20:06:57,498 DEBUG - Loading keyword 'LoginToApplication' in app 'Lightning'
2020-10-25 20:06:57,504 DEBUG - Checking in com.qualitestgroup.keywords.lightning.Lightning
2020-10-25 20:06:57,513 DEBUG - Loading keyword 'SelectAccountRecordType' in app 'Lightning'
2020-10-25 20:06:57,513 DEBUG - Checking in com.qualitestgroup.keywords.lightning.Lightning
2020-10-25 20:06:57,515 DEBUG - Loading keyword 'AccountSearchByNameAndClickNew' in app 'Lightning'
2020-10-25 20:06:57,516 DEBUG - Checking in com.qualitestgroup.keywords.lightning.Lightning
2020-10-25 20:06:57,517 DEBUG - Loading keyword 'EnterAccountMandatoryDetails' in app 'Lightning'
2020-10-25 20:06:57,517 DEBUG - Checking in com.qualitestgroup.keywords.lightning.Lightning
2020-10-25 20:06:57,519 DEBUG - Loading keyword 'SaveAccountDetails' in app 'Lightning'
2020-10-25 20:06:57,519 DEBUG - Checking in com.qualitestgroup.keywords.lightning.Lightning
2020-10-25 20:06:57,521 DEBUG - Loading keyword 'LogoutOfApplication' in app 'Lightning'
2020-10-25 20:06:57,521 DEBUG - Checking in com.qualitestgroup.keywords.lightning.Lightning
2020-10-25 20:06:57,534  INFO - Checking Verify Creation of New Account's dependencies.
2020-10-25 20:06:57,535  INFO - Dependencies OK, running test.
2020-10-25 20:06:57,535  INFO - Changing log level
2020-10-25 20:06:57,535  INFO - Log Level has successfuly changed to: TRACE
2020-10-25 20:06:57,535  INFO - Changing log level
2020-10-25 20:06:57,535  INFO - Log Level has successfuly changed to: TRACE
2020-10-25 20:06:57,553  INFO - Loading test data for Verify Creation of New Account
2020-10-25 20:06:57,569  INFO - Changing log level
2020-10-25 20:06:57,569  INFO - Log Level has successfuly changed to: TRACE
2020-10-25 20:06:57,570  INFO - Verify Creation of New Account run #1
2020-10-25 20:06:57,570 DEBUG - Args: {Username=robbi.ramanamma@genesys.com.qa, URL=https://genesys--qa.my.salesforce.com/, Browser=Chrome, Password=Zen@1234}
2020-10-25 20:06:57,570  INFO - Initializing keyword LoginToApplication
2020-10-25 20:06:57,570  INFO - Executing keyword LoginToApplication
2020-10-25 20:06:57,571 DEBUG - Checking in com.qualitestgroup.keywords.browser.Browser
2020-10-25 20:06:57,572 DEBUG - Checking in com.qualitestgroup.keywords.common.Browser
2020-10-25 20:06:57,576 DEBUG - Args: {Browser=Chrome}
2020-10-25 20:06:57,576  INFO - Initializing keyword Launch
2020-10-25 20:06:57,577  INFO - Executing keyword Launch
2020-10-25 20:07:04,911  INFO - Cleaning up keyword Launch
2020-10-25 20:07:04,911  INFO - Keyword Launch complete.
2020-10-25 20:07:31,742  INFO - Cleaning up keyword LoginToApplication
2020-10-25 20:07:31,743  INFO - Keyword LoginToApplication complete.
2020-10-25 20:07:32,232 DEBUG - Arguments: {Username=robbi.ramanamma@genesys.com.qa, URL=https://genesys--qa.my.salesforce.com/, Browser=Chrome, Password=Zen@1234}
2020-10-25 20:07:32,600 DEBUG - <a href="screenshots/shot_2020-10-25_20h7m32s234ms.jpg">Screen Shot</a>
2020-10-25 20:07:32,601 DEBUG - Args: {RecordType=EMG - Customer Record Type}
2020-10-25 20:07:32,601  INFO - Initializing keyword SelectAccountRecordType
2020-10-25 20:07:32,603  INFO - Executing keyword SelectAccountRecordType
2020-10-25 20:07:49,364  INFO - Cleaning up keyword SelectAccountRecordType
2020-10-25 20:07:49,365  INFO - Keyword SelectAccountRecordType complete.
2020-10-25 20:07:49,666 DEBUG - Arguments: {RecordType=EMG - Customer Record Type}
2020-10-25 20:07:49,981 DEBUG - <a href="screenshots/shot_2020-10-25_20h7m49s666ms.jpg">Screen Shot</a>
2020-10-25 20:07:49,981 DEBUG - Args: {RecordType=EMG - Customer Record Type, AccountName=Auto_Acct001}
2020-10-25 20:07:49,981  INFO - Initializing keyword AccountSearchByNameAndClickNew
2020-10-25 20:07:49,982  INFO - Executing keyword AccountSearchByNameAndClickNew
2020-10-25 20:07:58,303  INFO - Cleaning up keyword AccountSearchByNameAndClickNew
2020-10-25 20:07:58,304  INFO - Keyword AccountSearchByNameAndClickNew complete.
2020-10-25 20:07:58,607 DEBUG - Arguments: {RecordType=EMG - Customer Record Type, AccountName=Auto_Acct001}
2020-10-25 20:07:58,924 DEBUG - <a href="screenshots/shot_2020-10-25_20h7m58s608ms.jpg">Screen Shot</a>
2020-10-25 20:07:58,925 DEBUG - Args: {AccountProfiling=OTHER|Non-Classifiable Other|Private|Business-to-Consumer|0 to 5|Sent to SSA, AccountFieldValues=Automation|Creating Account|Active|01. Active|40664|8100|ROBBI RAMANAMMA, ContactFieldValues=400 New York Ave|4th Lane|Near Office|Alamogordo|88310|United States|WA}
2020-10-25 20:07:58,925  INFO - Initializing keyword EnterAccountMandatoryDetails
2020-10-25 20:07:58,926  INFO - Executing keyword EnterAccountMandatoryDetails
