2020-10-25 00:01:08,102  INFO - Run by: QUALITEST\ramanamma.robbi
2020-10-25 00:01:08,106  INFO - Opening C:\genesys\Genesys-Automation-master\Datasheets\CPQ_Automation_POC_Classic_ExistingAccount_NORAMP_Monthly.xls
2020-10-25 00:01:08,317  INFO - Changing log level
2020-10-25 00:01:08,317  INFO - Log Level has successfuly changed to: TRACE
2020-10-25 00:01:08,317 DEBUG - Loading test case 'Verify the User is able to Create a New Opportunity'
2020-10-25 00:01:08,320 DEBUG - Creating test case Verify the User is able to Create a New Opportunity
2020-10-25 00:01:08,344 DEBUG - Loading keyword 'LoginToApplication' in app 'Classic'
2020-10-25 00:01:08,350 DEBUG - Checking in com.qualitestgroup.keywords.classic.Classic
2020-10-25 00:01:08,363 DEBUG - Loading keyword 'EnterOpportunitiesMandatoryDetails' in app 'Classic'
2020-10-25 00:01:08,364 DEBUG - Checking in com.qualitestgroup.keywords.classic.Classic
2020-10-25 00:01:08,375  INFO - Checking Verify the User is able to Create a New Opportunity's dependencies.
2020-10-25 00:01:08,376  INFO - Dependencies OK, running test.
2020-10-25 00:01:08,376  INFO - Changing log level
2020-10-25 00:01:08,376  INFO - Log Level has successfuly changed to: TRACE
2020-10-25 00:01:08,376  INFO - Changing log level
2020-10-25 00:01:08,376  INFO - Log Level has successfuly changed to: TRACE
2020-10-25 00:01:08,401  INFO - Loading test data for Verify the User is able to Create a New Opportunity
2020-10-25 00:01:08,421  INFO - Changing log level
2020-10-25 00:01:08,421  INFO - Log Level has successfuly changed to: TRACE
2020-10-25 00:01:08,421  INFO - Verify the User is able to Create a New Opportunity run #1
2020-10-25 00:01:08,422 DEBUG - Args: {Username=robbi.ramanamma@genesys.com.qa, URL=https://genesys--qa.my.salesforce.com/, Browser=Chrome, Password=Zen@1234}
2020-10-25 00:01:08,422  INFO - Initializing keyword LoginToApplication
2020-10-25 00:01:08,422  INFO - Executing keyword LoginToApplication
2020-10-25 00:01:08,424 DEBUG - Checking in com.qualitestgroup.keywords.browser.Browser
2020-10-25 00:01:08,425 DEBUG - Checking in com.qualitestgroup.keywords.common.Browser
2020-10-25 00:01:08,431 DEBUG - Args: {Browser=Chrome}
2020-10-25 00:01:08,431  INFO - Initializing keyword Launch
2020-10-25 00:01:08,432  INFO - Executing keyword Launch
2020-10-25 00:01:15,165  INFO - Cleaning up keyword Launch
2020-10-25 00:01:15,166  INFO - Keyword Launch complete.
2020-10-25 00:01:29,602  INFO - Cleaning up keyword LoginToApplication
2020-10-25 00:01:29,602  INFO - Keyword LoginToApplication complete.
2020-10-25 00:01:30,780 DEBUG - Arguments: {Username=robbi.ramanamma@genesys.com.qa, URL=https://genesys--qa.my.salesforce.com/, Browser=Chrome, Password=Zen@1234}
2020-10-25 00:01:31,113 DEBUG - <a href="screenshots/shot_2020-10-25_0h1m30s780ms.jpg">Screen Shot</a>
2020-10-25 00:01:31,113 DEBUG - Args: {OpportunitiesFieldValues=Auto_Opp|12/31/2021|1.Understand Needs|Automation_|Partner Co-sell|United States|Direct|New logo|PureCloud|Cloud|Customer Dev Bundle|NORTH AMERICA}
2020-10-25 00:01:31,113  INFO - Initializing keyword EnterOpportunitiesMandatoryDetails
2020-10-25 00:01:31,113  INFO - Executing keyword EnterOpportunitiesMandatoryDetails
2020-10-25 00:02:08,120  INFO - Cleaning up keyword EnterOpportunitiesMandatoryDetails
2020-10-25 00:02:08,120  INFO - Keyword EnterOpportunitiesMandatoryDetails complete.
