2020-10-23 12:41:36,625  INFO - Run by: QUALITEST\ramanamma.robbi
2020-10-23 12:41:36,635  INFO - Opening C:\genesys\Genesys-Automation-master\Datasheets\CPQ_Automation_POC_Classic_ExistingAccount_NORAMP_Monthly.xls
2020-10-23 12:41:37,043  INFO - Changing log level
2020-10-23 12:41:37,043  INFO - Log Level has successfuly changed to: TRACE
2020-10-23 12:41:37,044 DEBUG - Loading test case 'Verify  the user is able to  Create a New Quote on a existing Opportunity and add the Products to the same Quote'
2020-10-23 12:41:37,048 DEBUG - Creating test case Verify  the user is able to  Create a New Quote on a existing Opportunity and add the Products to the same Quote
2020-10-23 12:41:37,062 DEBUG - Loading keyword 'LoginToApplication' in app 'Classic'
2020-10-23 12:41:37,068 DEBUG - Checking in com.qualitestgroup.keywords.classic.Classic
2020-10-23 12:41:37,117 DEBUG - Loading keyword 'SearchAndAddWrapperProduct' in app 'Classic'
2020-10-23 12:41:37,117 DEBUG - Checking in com.qualitestgroup.keywords.classic.Classic
2020-10-23 12:41:37,120 DEBUG - Loading keyword 'EnterValuesToTheProductsForRamp' in app 'Classic'
2020-10-23 12:41:37,120 DEBUG - Checking in com.qualitestgroup.keywords.classic.Classic
2020-10-23 12:41:37,128  INFO - Checking Verify  the user is able to  Create a New Quote on a existing Opportunity and add the Products to the same Quote's dependencies.
2020-10-23 12:41:37,128  INFO - Dependencies OK, running test.
2020-10-23 12:41:37,128  INFO - Changing log level
2020-10-23 12:41:37,129  INFO - Log Level has successfuly changed to: TRACE
2020-10-23 12:41:37,130  INFO - Changing log level
2020-10-23 12:41:37,130  INFO - Log Level has successfuly changed to: TRACE
2020-10-23 12:41:37,166  INFO - Loading test data for Verify  the user is able to  Create a New Quote on a existing Opportunity and add the Products to the same Quote
2020-10-23 12:41:37,191  INFO - Changing log level
2020-10-23 12:41:37,191  INFO - Log Level has successfuly changed to: TRACE
2020-10-23 12:41:37,191  INFO - Verify  the user is able to  Create a New Quote on a existing Opportunity and add the Products to the same Quote run #1
2020-10-23 12:41:37,192 DEBUG - Args: {Username=robbi.ramanamma@genesys.com.qa, URL=https://genesys--qa.my.salesforce.com/, Browser=Chrome, Password=Zen@1234}
2020-10-23 12:41:37,192  INFO - Initializing keyword LoginToApplication
2020-10-23 12:41:37,192  INFO - Executing keyword LoginToApplication
2020-10-23 12:41:37,194 DEBUG - Checking in com.qualitestgroup.keywords.browser.Browser
2020-10-23 12:41:37,195 DEBUG - Checking in com.qualitestgroup.keywords.common.Browser
2020-10-23 12:41:37,200 DEBUG - Args: {Browser=Chrome}
2020-10-23 12:41:37,201  INFO - Initializing keyword Launch
2020-10-23 12:41:37,201  INFO - Executing keyword Launch
2020-10-23 12:41:44,466  INFO - Cleaning up keyword Launch
2020-10-23 12:41:44,466  INFO - Keyword Launch complete.
2020-10-23 12:42:14,243  INFO - Cleaning up keyword LoginToApplication
2020-10-23 12:42:14,244  INFO - Keyword LoginToApplication complete.
2020-10-23 12:42:14,710 DEBUG - Arguments: {Username=robbi.ramanamma@genesys.com.qa, URL=https://genesys--qa.my.salesforce.com/, Browser=Chrome, Password=Zen@1234}
2020-10-23 12:42:15,030 DEBUG - <a href="screenshots/shot_2020-10-23_12h42m14s712ms.jpg">Screen Shot</a>
2020-10-23 12:42:15,031 DEBUG - Args: {BundleProduct1=PureCloud 2 User - Wrapper@1.00|PureCloud 2 User - Ramp@1.00}
2020-10-23 12:42:15,031  INFO - Initializing keyword SearchAndAddWrapperProduct
2020-10-23 12:42:15,031  INFO - Executing keyword SearchAndAddWrapperProduct
2020-10-23 12:44:20,878  INFO - Cleaning up keyword SearchAndAddWrapperProduct
2020-10-23 12:44:20,878  INFO - Keyword SearchAndAddWrapperProduct complete.
2020-10-23 12:44:21,226 DEBUG - Arguments: {BundleProduct1=PureCloud 2 User - Wrapper@1.00|PureCloud 2 User - Ramp@1.00}
2020-10-23 12:44:21,599 DEBUG - <a href="screenshots/shot_2020-10-23_12h44m21s227ms.jpg">Screen Shot</a>
2020-10-23 12:44:21,600 DEBUG - Args: {HardwareProd1=10 Rack Mounting Shelves - Bulk Pack for MP-11x@5.00|2U 15" Rack Shelf@5.00, HardwareProd1MandateFieldValues=12|2|30, QuoteFieldValues=Monthly|2 Years|Test|New Subscription|24|Annual M2M|Net 30|Yes|Yes|Test}
2020-10-23 12:44:21,600  INFO - Initializing keyword EnterValuesToTheProductsForRamp
2020-10-23 12:44:21,601  INFO - Executing keyword EnterValuesToTheProductsForRamp
2020-10-23 12:45:21,946  INFO - Cleaning up keyword EnterValuesToTheProductsForRamp
2020-10-23 12:45:21,947  INFO - Keyword EnterValuesToTheProductsForRamp complete.
2020-10-23 12:45:22,707 DEBUG - Arguments: {HardwareProd1=10 Rack Mounting Shelves - Bulk Pack for MP-11x@5.00|2U 15" Rack Shelf@5.00, HardwareProd1MandateFieldValues=12|2|30, QuoteFieldValues=Monthly|2 Years|Test|New Subscription|24|Annual M2M|Net 30|Yes|Yes|Test}
2020-10-23 12:45:23,208 DEBUG - <a href="screenshots/shot_2020-10-23_12h45m22s707ms.jpg">Screen Shot</a>
2020-10-23 12:45:23,229  INFO - Verify  the user is able to  Create a New Quote on a existing Opportunity and add the Products to the same Quote completed.
2020-10-23 12:45:25,418  INFO - Test Passed
