2020-08-26 20:09:15,664  INFO - Run by: QUALITEST\ramanamma.robbi
2020-08-26 20:09:15,669  INFO - Opening C:\genesys\Genesys-Automation-master\Datasheets\CPQ_Automation_POC_Classic.xls
2020-08-26 20:09:15,882  INFO - Changing log level
2020-08-26 20:09:15,882  INFO - Log Level has successfuly changed to: TRACE
2020-08-26 20:09:15,883 DEBUG - Loading test case 'Verify Creation of New Account'
2020-08-26 20:09:15,886 DEBUG - Creating test case Verify Creation of New Account
2020-08-26 20:09:15,902 DEBUG - Loading keyword 'LoginToApplication' in app 'Classic'
2020-08-26 20:09:15,906 DEBUG - Checking in com.qualitestgroup.keywords.classic.Classic
2020-08-26 20:09:15,913 DEBUG - Loading keyword 'SelectAccountRecordType' in app 'Classic'
2020-08-26 20:09:15,914 DEBUG - Checking in com.qualitestgroup.keywords.classic.Classic
2020-08-26 20:09:15,914 DEBUG - Loading keyword 'AccountSearchByName' in app 'Classic'
2020-08-26 20:09:15,915 DEBUG - Checking in com.qualitestgroup.keywords.classic.Classic
2020-08-26 20:09:15,915 DEBUG - Loading keyword 'EnterAccountMandatoryDetails' in app 'Classic'
2020-08-26 20:09:15,916 DEBUG - Checking in com.qualitestgroup.keywords.classic.Classic
2020-08-26 20:09:15,916 DEBUG - Loading keyword 'SaveAccountDetails' in app 'Classic'
2020-08-26 20:09:15,917 DEBUG - Checking in com.qualitestgroup.keywords.classic.Classic
2020-08-26 20:09:15,918 DEBUG - Loading keyword 'LogoutOfApplication' in app 'Classic'
2020-08-26 20:09:15,918 DEBUG - Checking in com.qualitestgroup.keywords.classic.Classic
2020-08-26 20:09:15,928  INFO - Checking Verify Creation of New Account's dependencies.
2020-08-26 20:09:15,928  INFO - Dependencies OK, running test.
2020-08-26 20:09:15,928  INFO - Changing log level
2020-08-26 20:09:15,928  INFO - Log Level has successfuly changed to: TRACE
2020-08-26 20:09:15,929  INFO - Changing log level
2020-08-26 20:09:15,929  INFO - Log Level has successfuly changed to: TRACE
2020-08-26 20:09:15,941  INFO - Loading test data for Verify Creation of New Account
2020-08-26 20:09:15,954  INFO - Changing log level
2020-08-26 20:09:15,954  INFO - Log Level has successfuly changed to: TRACE
2020-08-26 20:09:15,954  INFO - Verify Creation of New Account run #1
2020-08-26 20:09:15,955 DEBUG - Args: {Username=siva_surya_prasand.arivalagan@genesys.com.qa, URL=https://genesys--qa.my.salesforce.com/, Browser=Chrome, Password=S@lesforce2}
2020-08-26 20:09:15,955  INFO - Initializing keyword LoginToApplication
2020-08-26 20:09:15,955  INFO - Executing keyword LoginToApplication
2020-08-26 20:09:15,956 DEBUG - Checking in com.qualitestgroup.keywords.browser.Browser
2020-08-26 20:09:15,956 DEBUG - Checking in com.qualitestgroup.keywords.common.Browser
2020-08-26 20:09:15,961 DEBUG - Args: {Browser=Chrome}
2020-08-26 20:09:15,961  INFO - Initializing keyword Launch
2020-08-26 20:09:15,962  INFO - Executing keyword Launch
2020-08-26 20:09:23,157  INFO - Cleaning up keyword Launch
2020-08-26 20:09:23,158  INFO - Keyword Launch complete.
2020-08-26 20:09:39,569  INFO - Cleaning up keyword LoginToApplication
2020-08-26 20:09:39,570  INFO - Keyword LoginToApplication complete.
2020-08-26 20:09:40,026 DEBUG - Arguments: {Username=siva_surya_prasand.arivalagan@genesys.com.qa, URL=https://genesys--qa.my.salesforce.com/, Browser=Chrome, Password=S@lesforce2}
2020-08-26 20:09:40,388 DEBUG - <a href="screenshots/shot_2020-8-26_20h9m40s27ms.jpg">Screen Shot</a>
2020-08-26 20:09:40,389 DEBUG - Args: {RecordType=EMG - Customer Record Type}
2020-08-26 20:09:40,390  INFO - Initializing keyword SelectAccountRecordType
2020-08-26 20:09:40,390  INFO - Executing keyword SelectAccountRecordType
2020-08-26 20:09:46,132  INFO - Cleaning up keyword SelectAccountRecordType
2020-08-26 20:09:46,133  INFO - Keyword SelectAccountRecordType complete.
2020-08-26 20:09:46,601 DEBUG - Arguments: {RecordType=EMG - Customer Record Type}
2020-08-26 20:09:46,959 DEBUG - <a href="screenshots/shot_2020-8-26_20h9m46s602ms.jpg">Screen Shot</a>
2020-08-26 20:09:46,960 DEBUG - Args: {RecordType=EMG - Customer Record Type, AccountName=ACCT_0001}
2020-08-26 20:09:46,960  INFO - Initializing keyword AccountSearchByName
2020-08-26 20:09:46,961  INFO - Executing keyword AccountSearchByName
2020-08-26 20:09:53,095  INFO - Cleaning up keyword AccountSearchByName
2020-08-26 20:09:53,095  INFO - Keyword AccountSearchByName complete.
2020-08-26 20:09:53,533 DEBUG - Arguments: {RecordType=EMG - Customer Record Type, AccountName=ACCT_0001}
2020-08-26 20:09:53,919 DEBUG - <a href="screenshots/shot_2020-8-26_20h9m53s533ms.jpg">Screen Shot</a>
2020-08-26 20:09:54,281 ERROR - Verify Creation of New Account run #1 failed.
2020-08-26 20:09:54,303  INFO - Verify Creation of New Account completed.
2020-08-26 20:09:56,272  INFO - Test Failed
