2020-10-25 20:02:37,409  INFO - Run by: QUALITEST\ramanamma.robbi
2020-10-25 20:02:37,420  INFO - Opening C:\genesys\Genesys-Automation-master\Datasheets\CPQ_Automation_POC_Lightning.xls
2020-10-25 20:02:37,751  INFO - Changing log level
2020-10-25 20:02:37,751  INFO - Log Level has successfuly changed to: TRACE
2020-10-25 20:02:37,751 DEBUG - Loading test case 'Verify Creation of New Account'
2020-10-25 20:02:37,754 DEBUG - Creating test case Verify Creation of New Account
2020-10-25 20:02:37,773 DEBUG - Loading keyword 'LoginToApplication' in app 'Lightning'
2020-10-25 20:02:37,781 DEBUG - Checking in com.qualitestgroup.keywords.lightning.Lightning
2020-10-25 20:02:37,795 DEBUG - Loading keyword 'SelectAccountRecordType' in app 'Lightning'
2020-10-25 20:02:37,796 DEBUG - Checking in com.qualitestgroup.keywords.lightning.Lightning
2020-10-25 20:02:37,799 DEBUG - Loading keyword 'AccountSearchByNameAndClickNew' in app 'Lightning'
2020-10-25 20:02:37,799 DEBUG - Checking in com.qualitestgroup.keywords.lightning.Lightning
2020-10-25 20:02:37,803 DEBUG - Loading keyword 'EnterAccountMandatoryDetails' in app 'Lightning'
2020-10-25 20:02:37,803 DEBUG - Checking in com.qualitestgroup.keywords.lightning.Lightning
2020-10-25 20:02:37,809 DEBUG - Loading keyword 'SaveAccountDetails' in app 'Lightning'
2020-10-25 20:02:37,809 DEBUG - Checking in com.qualitestgroup.keywords.lightning.Lightning
2020-10-25 20:02:37,814 DEBUG - Loading keyword 'LogoutOfApplication' in app 'Lightning'
2020-10-25 20:02:37,814 DEBUG - Checking in com.qualitestgroup.keywords.lightning.Lightning
2020-10-25 20:02:37,874  INFO - Checking Verify Creation of New Account's dependencies.
2020-10-25 20:02:37,876  INFO - Dependencies OK, running test.
2020-10-25 20:02:37,876  INFO - Changing log level
2020-10-25 20:02:37,876  INFO - Log Level has successfuly changed to: TRACE
2020-10-25 20:02:37,877  INFO - Changing log level
2020-10-25 20:02:37,878  INFO - Log Level has successfuly changed to: TRACE
2020-10-25 20:02:37,900  INFO - Loading test data for Verify Creation of New Account
2020-10-25 20:02:37,920  INFO - Changing log level
2020-10-25 20:02:37,920  INFO - Log Level has successfuly changed to: TRACE
2020-10-25 20:02:37,921  INFO - Verify Creation of New Account run #1
2020-10-25 20:02:37,921 DEBUG - Args: {Username=robbi.ramanamma@genesys.com.qa, URL=https://genesys--qa.my.salesforce.com/, Browser=Chrome, Password=Zen@1234}
2020-10-25 20:02:37,922  INFO - Initializing keyword LoginToApplication
2020-10-25 20:02:37,922  INFO - Executing keyword LoginToApplication
2020-10-25 20:02:37,922 DEBUG - Checking in com.qualitestgroup.keywords.browser.Browser
2020-10-25 20:02:37,924 DEBUG - Checking in com.qualitestgroup.keywords.common.Browser
2020-10-25 20:02:37,930 DEBUG - Args: {Browser=Chrome}
2020-10-25 20:02:37,930  INFO - Initializing keyword Launch
2020-10-25 20:02:37,931  INFO - Executing keyword Launch
2020-10-25 20:02:45,090  INFO - Cleaning up keyword Launch
2020-10-25 20:02:45,090  INFO - Keyword Launch complete.
2020-10-25 20:03:00,403  INFO - Cleaning up keyword LoginToApplication
2020-10-25 20:03:00,403  INFO - Keyword LoginToApplication complete.
2020-10-25 20:03:00,766 DEBUG - Arguments: {Username=robbi.ramanamma@genesys.com.qa, URL=https://genesys--qa.my.salesforce.com/, Browser=Chrome, Password=Zen@1234}
2020-10-25 20:03:01,089 DEBUG - <a href="screenshots/shot_2020-10-25_20h3m0s767ms.jpg">Screen Shot</a>
2020-10-25 20:03:01,089 DEBUG - Args: {RecordType=EMG - Customer Record Type}
2020-10-25 20:03:01,090  INFO - Initializing keyword SelectAccountRecordType
2020-10-25 20:03:01,090  INFO - Executing keyword SelectAccountRecordType
2020-10-25 20:03:19,729  INFO - Cleaning up keyword SelectAccountRecordType
2020-10-25 20:03:19,730  INFO - Keyword SelectAccountRecordType complete.
2020-10-25 20:03:20,084 DEBUG - Arguments: {RecordType=EMG - Customer Record Type}
2020-10-25 20:03:20,397 DEBUG - <a href="screenshots/shot_2020-10-25_20h3m20s85ms.jpg">Screen Shot</a>
2020-10-25 20:03:20,398 DEBUG - Args: {RecordType=EMG - Customer Record Type, AccountName=Auto_Acct001}
2020-10-25 20:03:20,399  INFO - Initializing keyword AccountSearchByNameAndClickNew
2020-10-25 20:03:20,399  INFO - Executing keyword AccountSearchByNameAndClickNew
2020-10-25 20:03:31,334  INFO - Cleaning up keyword AccountSearchByNameAndClickNew
2020-10-25 20:03:31,335  INFO - Keyword AccountSearchByNameAndClickNew complete.
2020-10-25 20:03:31,641 DEBUG - Arguments: {RecordType=EMG - Customer Record Type, AccountName=Auto_Acct001}
2020-10-25 20:03:31,973 DEBUG - <a href="screenshots/shot_2020-10-25_20h3m31s642ms.jpg">Screen Shot</a>
2020-10-25 20:03:31,974 DEBUG - Args: {AccountProfiling=OTHER|Non-Classifiable Other|Private|Business-to-Consumer|0 to 5|Sent to SSA, AccountFieldValues=Automation|Creating Account|Active|01. Active|40664|8100|ROBBI RAMANAMMA, ContactFieldValues=400 New York Ave|4th Lane|Near Office|Alamogordo|88310|United States|WA}
2020-10-25 20:03:31,974  INFO - Initializing keyword EnterAccountMandatoryDetails
2020-10-25 20:03:31,975  INFO - Executing keyword EnterAccountMandatoryDetails
