2020-10-25 23:55:32,040  INFO - Run by: QUALITEST\ramanamma.robbi
2020-10-25 23:55:32,047  INFO - Opening C:\genesys\Genesys-Automation-master\Datasheets\CPQ_Automation_POC_Lightning.xls
2020-10-25 23:55:32,481  INFO - Changing log level
2020-10-25 23:55:32,481  INFO - Log Level has successfuly changed to: TRACE
2020-10-25 23:55:32,482 DEBUG - Loading test case 'Verify Creation of New Account'
2020-10-25 23:55:32,510 DEBUG - Creating test case Verify Creation of New Account
2020-10-25 23:55:32,602 DEBUG - Loading keyword 'LoginToApplication' in app 'Lightning'
2020-10-25 23:55:32,615 DEBUG - Checking in com.qualitestgroup.keywords.lightning.Lightning
2020-10-25 23:55:32,807 DEBUG - Loading keyword 'SelectAccountRecordType' in app 'Lightning'
2020-10-25 23:55:32,808 DEBUG - Checking in com.qualitestgroup.keywords.lightning.Lightning
2020-10-25 23:55:32,829 DEBUG - Loading keyword 'AccountSearchByNameAndClickNew' in app 'Lightning'
2020-10-25 23:55:32,829 DEBUG - Checking in com.qualitestgroup.keywords.lightning.Lightning
2020-10-25 23:55:32,833 DEBUG - Loading keyword 'EnterAccountMandatoryDetails' in app 'Lightning'
2020-10-25 23:55:32,833 DEBUG - Checking in com.qualitestgroup.keywords.lightning.Lightning
2020-10-25 23:55:32,873 DEBUG - Loading keyword 'SaveAccountDetails' in app 'Lightning'
2020-10-25 23:55:32,874 DEBUG - Checking in com.qualitestgroup.keywords.lightning.Lightning
2020-10-25 23:55:32,879 DEBUG - Loading keyword 'LogoutOfApplication' in app 'Lightning'
2020-10-25 23:55:32,880 DEBUG - Checking in com.qualitestgroup.keywords.lightning.Lightning
2020-10-25 23:55:32,893  INFO - Checking Verify Creation of New Account's dependencies.
2020-10-25 23:55:32,894  INFO - Dependencies OK, running test.
2020-10-25 23:55:32,894  INFO - Changing log level
2020-10-25 23:55:32,894  INFO - Log Level has successfuly changed to: TRACE
2020-10-25 23:55:32,894  INFO - Changing log level
2020-10-25 23:55:32,894  INFO - Log Level has successfuly changed to: TRACE
2020-10-25 23:55:32,929  INFO - Loading test data for Verify Creation of New Account
2020-10-25 23:55:32,954  INFO - Changing log level
2020-10-25 23:55:32,955  INFO - Log Level has successfuly changed to: TRACE
2020-10-25 23:55:32,955  INFO - Verify Creation of New Account run #1
2020-10-25 23:55:32,956 DEBUG - Args: {Username=robbi.ramanamma@genesys.com.qa, URL=https://genesys--qa.my.salesforce.com/, Browser=Chrome, Password=Zen@1234}
2020-10-25 23:55:32,956  INFO - Initializing keyword LoginToApplication
2020-10-25 23:55:32,956  INFO - Executing keyword LoginToApplication
2020-10-25 23:55:32,997 DEBUG - Checking in com.qualitestgroup.keywords.browser.Browser
2020-10-25 23:55:32,998 DEBUG - Checking in com.qualitestgroup.keywords.common.Browser
2020-10-25 23:55:33,091 DEBUG - Args: {Browser=Chrome}
2020-10-25 23:55:33,091  INFO - Initializing keyword Launch
2020-10-25 23:55:33,092  INFO - Executing keyword Launch
2020-10-25 23:55:56,282  INFO - Cleaning up keyword Launch
2020-10-25 23:55:56,282  INFO - Keyword Launch complete.
2020-10-25 23:56:38,329  INFO - Cleaning up keyword LoginToApplication
2020-10-25 23:56:38,330  INFO - Keyword LoginToApplication complete.
2020-10-25 23:56:39,726 DEBUG - Arguments: {Username=robbi.ramanamma@genesys.com.qa, URL=https://genesys--qa.my.salesforce.com/, Browser=Chrome, Password=Zen@1234}
2020-10-25 23:56:40,342 DEBUG - <a href="screenshots/shot_2020-10-25_23h56m39s727ms.jpg">Screen Shot</a>
2020-10-25 23:56:40,343 DEBUG - Args: {RecordType=EMG - Customer Record Type}
2020-10-25 23:56:40,343  INFO - Initializing keyword SelectAccountRecordType
2020-10-25 23:56:40,343  INFO - Executing keyword SelectAccountRecordType
2020-10-25 23:57:16,038  INFO - Cleaning up keyword SelectAccountRecordType
2020-10-25 23:57:16,038  INFO - Keyword SelectAccountRecordType complete.
2020-10-25 23:57:16,327 DEBUG - Arguments: {RecordType=EMG - Customer Record Type}
2020-10-25 23:57:16,637 DEBUG - <a href="screenshots/shot_2020-10-25_23h57m16s327ms.jpg">Screen Shot</a>
2020-10-25 23:57:16,638 DEBUG - Args: {RecordType=EMG - Customer Record Type, AccountName=Auto_Acct001}
2020-10-25 23:57:16,638  INFO - Initializing keyword AccountSearchByNameAndClickNew
2020-10-25 23:57:16,638  INFO - Executing keyword AccountSearchByNameAndClickNew
2020-10-25 23:57:27,238  INFO - Cleaning up keyword AccountSearchByNameAndClickNew
2020-10-25 23:57:27,238  INFO - Keyword AccountSearchByNameAndClickNew complete.
2020-10-25 23:57:27,648 DEBUG - Arguments: {RecordType=EMG - Customer Record Type, AccountName=Auto_Acct001}
2020-10-25 23:57:28,038 DEBUG - <a href="screenshots/shot_2020-10-25_23h57m27s649ms.jpg">Screen Shot</a>
2020-10-25 23:57:28,039 DEBUG - Args: {AccountProfiling=OTHER|Non-Classifiable Other|Private|Business-to-Consumer|0 to 5|Sent to SSA, AccountFieldValues=Automation|Creating Account|Active|01. Active|40664|8100|ROBBI RAMANAMMA, ContactFieldValues=400 New York Ave|4th Lane|Near Office|Alamogordo|88310|United States|WA}
2020-10-25 23:57:28,039  INFO - Initializing keyword EnterAccountMandatoryDetails
2020-10-25 23:57:28,039  INFO - Executing keyword EnterAccountMandatoryDetails
2020-10-25 23:59:08,700  INFO - Cleaning up keyword EnterAccountMandatoryDetails
2020-10-25 23:59:08,700  INFO - Keyword EnterAccountMandatoryDetails complete.
2020-10-25 23:59:08,999 DEBUG - Arguments: {AccountProfiling=OTHER|Non-Classifiable Other|Private|Business-to-Consumer|0 to 5|Sent to SSA, AccountFieldValues=Automation|Creating Account|Active|01. Active|40664|8100|ROBBI RAMANAMMA, ContactFieldValues=400 New York Ave|4th Lane|Near Office|Alamogordo|88310|United States|WA}
2020-10-25 23:59:09,279 DEBUG - <a href="screenshots/shot_2020-10-25_23h59m8s999ms.jpg">Screen Shot</a>
2020-10-25 23:59:09,280 DEBUG - Args: {}
2020-10-25 23:59:09,280  INFO - Initializing keyword SaveAccountDetails
2020-10-25 23:59:09,280  INFO - Executing keyword SaveAccountDetails
2020-10-26 00:00:09,469  WARN - Keyword SaveAccountDetails execution fail: <b>Accounts Details Page is not displayed --- Waited for <b>60<> Seconds --- WebElement <b>Edit<b> is not found 

2020-10-26 00:00:09,469  INFO - Cleaning up keyword SaveAccountDetails
2020-10-26 00:00:09,470  INFO - Keyword SaveAccountDetails complete.
2020-10-26 00:00:10,143 DEBUG - Arguments: {}
2020-10-26 00:00:10,440 DEBUG - <a href="screenshots/shot_2020-10-26_0h0m10s144ms.jpg">Screen Shot</a>
2020-10-26 00:00:10,441 ERROR - Verify Creation of New Account run #1 failed.
2020-10-26 00:00:10,613  INFO - Verify Creation of New Account completed.
2020-10-26 00:00:15,319  INFO - Test Failed
