2020-10-26 00:12:49,347  INFO - Run by: QUALITEST\ramanamma.robbi
2020-10-26 00:12:49,350  INFO - Opening C:\genesys\Genesys-Automation-master\Datasheets\CPQ_Automation_POC_Lightning.xls
2020-10-26 00:12:49,562  INFO - Changing log level
2020-10-26 00:12:49,562  INFO - Log Level has successfuly changed to: TRACE
2020-10-26 00:12:49,563 DEBUG - Loading test case 'Verify Creation of New Account'
2020-10-26 00:12:49,566 DEBUG - Creating test case Verify Creation of New Account
2020-10-26 00:12:49,581 DEBUG - Loading keyword 'LoginToApplication' in app 'Lightning'
2020-10-26 00:12:49,601 DEBUG - Checking in com.qualitestgroup.keywords.lightning.Lightning
2020-10-26 00:12:49,613 DEBUG - Loading keyword 'SelectAccountRecordType' in app 'Lightning'
2020-10-26 00:12:49,613 DEBUG - Checking in com.qualitestgroup.keywords.lightning.Lightning
2020-10-26 00:12:49,614 DEBUG - Loading keyword 'AccountSearchByNameAndClickNew' in app 'Lightning'
2020-10-26 00:12:49,614 DEBUG - Checking in com.qualitestgroup.keywords.lightning.Lightning
2020-10-26 00:12:49,615 DEBUG - Loading keyword 'EnterAccountMandatoryDetails' in app 'Lightning'
2020-10-26 00:12:49,615 DEBUG - Checking in com.qualitestgroup.keywords.lightning.Lightning
2020-10-26 00:12:49,617 DEBUG - Loading keyword 'SaveAccountDetails' in app 'Lightning'
2020-10-26 00:12:49,617 DEBUG - Checking in com.qualitestgroup.keywords.lightning.Lightning
2020-10-26 00:12:49,620 DEBUG - Loading keyword 'LogoutOfApplication' in app 'Lightning'
2020-10-26 00:12:49,620 DEBUG - Checking in com.qualitestgroup.keywords.lightning.Lightning
2020-10-26 00:12:49,631  INFO - Checking Verify Creation of New Account's dependencies.
2020-10-26 00:12:49,631  INFO - Dependencies OK, running test.
2020-10-26 00:12:49,631  INFO - Changing log level
2020-10-26 00:12:49,631  INFO - Log Level has successfuly changed to: TRACE
2020-10-26 00:12:49,632  INFO - Changing log level
2020-10-26 00:12:49,632  INFO - Log Level has successfuly changed to: TRACE
2020-10-26 00:12:49,646  INFO - Loading test data for Verify Creation of New Account
2020-10-26 00:12:49,667  INFO - Changing log level
2020-10-26 00:12:49,667  INFO - Log Level has successfuly changed to: TRACE
2020-10-26 00:12:49,667  INFO - Verify Creation of New Account run #1
2020-10-26 00:12:49,667 DEBUG - Args: {Username=robbi.ramanamma@genesys.com.qa, URL=https://genesys--qa.my.salesforce.com/, Browser=Chrome, Password=Zen@1234}
2020-10-26 00:12:49,668  INFO - Initializing keyword LoginToApplication
2020-10-26 00:12:49,668  INFO - Executing keyword LoginToApplication
2020-10-26 00:12:49,669 DEBUG - Checking in com.qualitestgroup.keywords.browser.Browser
2020-10-26 00:12:49,671 DEBUG - Checking in com.qualitestgroup.keywords.common.Browser
2020-10-26 00:12:49,676 DEBUG - Args: {Browser=Chrome}
2020-10-26 00:12:49,676  INFO - Initializing keyword Launch
2020-10-26 00:12:49,676  INFO - Executing keyword Launch
2020-10-26 00:13:00,829  INFO - Cleaning up keyword Launch
2020-10-26 00:13:00,829  INFO - Keyword Launch complete.
2020-10-26 00:13:19,622  INFO - Cleaning up keyword LoginToApplication
2020-10-26 00:13:19,622  INFO - Keyword LoginToApplication complete.
2020-10-26 00:13:20,105 DEBUG - Arguments: {Username=robbi.ramanamma@genesys.com.qa, URL=https://genesys--qa.my.salesforce.com/, Browser=Chrome, Password=Zen@1234}
2020-10-26 00:13:20,612 DEBUG - <a href="screenshots/shot_2020-10-26_0h13m20s106ms.jpg">Screen Shot</a>
2020-10-26 00:13:20,613 DEBUG - Args: {RecordType=EMG - Customer Record Type}
2020-10-26 00:13:20,613  INFO - Initializing keyword SelectAccountRecordType
2020-10-26 00:13:20,614  INFO - Executing keyword SelectAccountRecordType
2020-10-26 00:13:39,726  INFO - Cleaning up keyword SelectAccountRecordType
2020-10-26 00:13:39,726  INFO - Keyword SelectAccountRecordType complete.
2020-10-26 00:13:41,558 DEBUG - Arguments: {RecordType=EMG - Customer Record Type}
2020-10-26 00:13:42,706 DEBUG - <a href="screenshots/shot_2020-10-26_0h13m41s558ms.jpg">Screen Shot</a>
2020-10-26 00:13:42,706 DEBUG - Args: {RecordType=EMG - Customer Record Type, AccountName=Auto_Acct001}
2020-10-26 00:13:42,707  INFO - Initializing keyword AccountSearchByNameAndClickNew
2020-10-26 00:13:42,707  INFO - Executing keyword AccountSearchByNameAndClickNew
2020-10-26 00:13:54,738  INFO - Cleaning up keyword AccountSearchByNameAndClickNew
2020-10-26 00:13:54,738  INFO - Keyword AccountSearchByNameAndClickNew complete.
2020-10-26 00:13:55,558 DEBUG - Arguments: {RecordType=EMG - Customer Record Type, AccountName=Auto_Acct001}
2020-10-26 00:13:57,222 DEBUG - <a href="screenshots/shot_2020-10-26_0h13m55s559ms.jpg">Screen Shot</a>
2020-10-26 00:13:57,222 DEBUG - Args: {AccountProfiling=OTHER|Non-Classifiable Other|Private|Business-to-Consumer|0 to 5|Sent to SSA, AccountFieldValues=Automation|Creating Account|Active|01. Active|40664|8100|ROBBI RAMANAMMA, ContactFieldValues=400 New York Ave|4th Lane|Near Office|Alamogordo|88310|United States|WA}
2020-10-26 00:13:57,223  INFO - Initializing keyword EnterAccountMandatoryDetails
2020-10-26 00:13:57,223  INFO - Executing keyword EnterAccountMandatoryDetails
2020-10-26 00:14:25,071  INFO - Cleaning up keyword EnterAccountMandatoryDetails
2020-10-26 00:14:25,072  INFO - Keyword EnterAccountMandatoryDetails complete.
2020-10-26 00:14:25,723 DEBUG - Arguments: {AccountProfiling=OTHER|Non-Classifiable Other|Private|Business-to-Consumer|0 to 5|Sent to SSA, AccountFieldValues=Automation|Creating Account|Active|01. Active|40664|8100|ROBBI RAMANAMMA, ContactFieldValues=400 New York Ave|4th Lane|Near Office|Alamogordo|88310|United States|WA}
2020-10-26 00:14:25,987 DEBUG - <a href="screenshots/shot_2020-10-26_0h14m25s724ms.jpg">Screen Shot</a>
2020-10-26 00:14:25,987 DEBUG - Args: {}
2020-10-26 00:14:25,987  INFO - Initializing keyword SaveAccountDetails
2020-10-26 00:14:25,987  INFO - Executing keyword SaveAccountDetails
2020-10-26 00:15:36,200  WARN - Keyword SaveAccountDetails execution fail: <b>Accounts Details Page is not displayed --- Waited for <b>60<> Seconds --- WebElement <b>Edit<b> is not found 

2020-10-26 00:15:36,201  INFO - Cleaning up keyword SaveAccountDetails
2020-10-26 00:15:36,201  INFO - Keyword SaveAccountDetails complete.
2020-10-26 00:15:37,098 DEBUG - Arguments: {}
2020-10-26 00:15:37,407 DEBUG - <a href="screenshots/shot_2020-10-26_0h15m37s99ms.jpg">Screen Shot</a>
2020-10-26 00:15:37,408 ERROR - Verify Creation of New Account run #1 failed.
2020-10-26 00:15:37,454  INFO - Verify Creation of New Account completed.
2020-10-26 00:15:53,766  INFO - Test Failed
