2020-09-22 13:41:09,669  INFO - Run by: QUALITEST\ramanamma.robbi
2020-09-22 13:41:09,723  INFO - Opening C:\Users\ramanamma.robbi\Desktop\Genesys\CPQ_Automation_POC_Classic.xls
2020-09-22 13:41:10,526  INFO - Changing log level
2020-09-22 13:41:10,526  INFO - Log Level has successfuly changed to: TRACE
2020-09-22 13:41:10,527 DEBUG - Loading test case 'Verify  the user is able to  Create a New Quote on a existing Opportunity and add the Products to the same Quote'
2020-09-22 13:41:10,555 DEBUG - Creating test case Verify  the user is able to  Create a New Quote on a existing Opportunity and add the Products to the same Quote
2020-09-22 13:41:10,599 DEBUG - Loading keyword 'LoginToApplication' in app 'Classic'
2020-09-22 13:41:10,608 DEBUG - Checking in com.qualitestgroup.keywords.classic.Classic
2020-09-22 13:41:10,660 DEBUG - Loading keyword 'SearchAndAddOneHardwareProduct' in app 'Classic'
2020-09-22 13:41:10,660 DEBUG - Checking in com.qualitestgroup.keywords.classic.Classic
2020-09-22 13:41:10,677  INFO - Checking Verify  the user is able to  Create a New Quote on a existing Opportunity and add the Products to the same Quote's dependencies.
2020-09-22 13:41:10,677  INFO - Dependencies OK, running test.
2020-09-22 13:41:10,677  INFO - Changing log level
2020-09-22 13:41:10,677  INFO - Log Level has successfuly changed to: TRACE
2020-09-22 13:41:10,678  INFO - Changing log level
2020-09-22 13:41:10,678  INFO - Log Level has successfuly changed to: TRACE
2020-09-22 13:41:10,751  INFO - Loading test data for Verify  the user is able to  Create a New Quote on a existing Opportunity and add the Products to the same Quote
2020-09-22 13:41:10,776  INFO - Changing log level
2020-09-22 13:41:10,777  INFO - Log Level has successfuly changed to: TRACE
2020-09-22 13:41:10,777  INFO - Verify  the user is able to  Create a New Quote on a existing Opportunity and add the Products to the same Quote run #1
2020-09-22 13:41:10,778 DEBUG - Args: {Username=robbi.ramanamma@genesys.com.qa, URL=https://genesys--qa.my.salesforce.com/, Browser=Chrome, Password=Zen@1234}
2020-09-22 13:41:10,779  INFO - Initializing keyword LoginToApplication
2020-09-22 13:41:10,780  INFO - Executing keyword LoginToApplication
2020-09-22 13:41:10,782 DEBUG - Checking in com.qualitestgroup.keywords.browser.Browser
2020-09-22 13:41:10,783 DEBUG - Checking in com.qualitestgroup.keywords.common.Browser
2020-09-22 13:41:10,802 DEBUG - Args: {Browser=Chrome}
2020-09-22 13:41:10,802  INFO - Initializing keyword Launch
2020-09-22 13:41:10,802  INFO - Executing keyword Launch
2020-09-22 13:41:30,772  INFO - Cleaning up keyword Launch
2020-09-22 13:41:30,772  INFO - Keyword Launch complete.
2020-09-22 13:41:55,674  INFO - Cleaning up keyword LoginToApplication
2020-09-22 13:41:55,674  INFO - Keyword LoginToApplication complete.
2020-09-22 13:41:56,233 DEBUG - Arguments: {Username=robbi.ramanamma@genesys.com.qa, URL=https://genesys--qa.my.salesforce.com/, Browser=Chrome, Password=Zen@1234}
2020-09-22 13:41:56,590 DEBUG - <a href="screenshots/shot_2020-9-22_13h41m56s237ms.jpg">Screen Shot</a>
2020-09-22 13:41:56,591 DEBUG - Args: {HardwareProd1=10 Rack Mounting Shelves - Bulk Pack for MP-11x@5.00|2U 15" Rack Shelf@5.00, HardwareProd1MandateFieldValues=12||2, QuoteFieldValues=Monthly|2 Years| 9/9/2020|Test|New Subscription|12|9/9/2020|Annual M2M|Net 30|Yes|Yes|Test}
2020-09-22 13:41:56,591  INFO - Initializing keyword SearchAndAddOneHardwareProduct
2020-09-22 13:41:56,591  INFO - Executing keyword SearchAndAddOneHardwareProduct
2020-09-22 13:42:26,321  INFO - Cleaning up keyword SearchAndAddOneHardwareProduct
2020-09-22 13:42:26,322  INFO - Keyword SearchAndAddOneHardwareProduct complete.
2020-09-22 13:42:27,292 DEBUG - Arguments: {HardwareProd1=10 Rack Mounting Shelves - Bulk Pack for MP-11x@5.00|2U 15" Rack Shelf@5.00, HardwareProd1MandateFieldValues=12||2, QuoteFieldValues=Monthly|2 Years| 9/9/2020|Test|New Subscription|12|9/9/2020|Annual M2M|Net 30|Yes|Yes|Test}
2020-09-22 13:42:27,668 DEBUG - <a href="screenshots/shot_2020-9-22_13h42m27s293ms.jpg">Screen Shot</a>
2020-09-22 13:42:27,670 ERROR - Verify  the user is able to  Create a New Quote on a existing Opportunity and add the Products to the same Quote run #1 failed.
2020-09-22 13:42:27,702  INFO - Verify  the user is able to  Create a New Quote on a existing Opportunity and add the Products to the same Quote completed.
2020-09-22 13:42:31,051  INFO - Test Failed
