2020-10-24 23:04:10,417  INFO - Run by: QUALITEST\ramanamma.robbi
2020-10-24 23:04:10,427  INFO - Opening C:\genesys\Genesys-Automation-master\Datasheets\CPQ_Automation_POC_Classic_ExistingAccount_NORAMP_Monthly.xls
2020-10-24 23:04:10,866  INFO - Changing log level
2020-10-24 23:04:10,866  INFO - Log Level has successfuly changed to: TRACE
2020-10-24 23:04:10,867 DEBUG - Loading test case 'Verify  the user is able to  Create a New Quote on a existing Opportunity and add the Products to the same Quote'
2020-10-24 23:04:10,869 DEBUG - Creating test case Verify  the user is able to  Create a New Quote on a existing Opportunity and add the Products to the same Quote
2020-10-24 23:04:10,892 DEBUG - Loading keyword 'LoginToApplication' in app 'Classic'
2020-10-24 23:04:10,924 DEBUG - Checking in com.qualitestgroup.keywords.classic.Classic
2020-10-24 23:04:10,935 DEBUG - Loading keyword 'EnterQuoteMandatoryDetailsForRAMP' in app 'Classic'
2020-10-24 23:04:10,936 DEBUG - Checking in com.qualitestgroup.keywords.classic.Classic
2020-10-24 23:04:10,940 DEBUG - Loading keyword 'SearchAndAddProducts' in app 'Classic'
2020-10-24 23:04:10,941 DEBUG - Checking in com.qualitestgroup.keywords.classic.Classic
2020-10-24 23:04:10,943 DEBUG - Loading keyword 'SearchAndAddWrapperProduct' in app 'Classic'
2020-10-24 23:04:10,944 DEBUG - Checking in com.qualitestgroup.keywords.classic.Classic
2020-10-24 23:04:10,946 DEBUG - Loading keyword 'ConfigureProducts' in app 'Classic'
2020-10-24 23:04:10,947 DEBUG - Checking in com.qualitestgroup.keywords.classic.Classic
2020-10-24 23:04:10,950 DEBUG - Loading keyword 'EnterValuesToTheProductsForRamp' in app 'Classic'
2020-10-24 23:04:10,950 DEBUG - Checking in com.qualitestgroup.keywords.classic.Classic
2020-10-24 23:04:10,960  INFO - Checking Verify  the user is able to  Create a New Quote on a existing Opportunity and add the Products to the same Quote's dependencies.
2020-10-24 23:04:10,960  INFO - Dependencies OK, running test.
2020-10-24 23:04:10,960  INFO - Changing log level
2020-10-24 23:04:10,960  INFO - Log Level has successfuly changed to: TRACE
2020-10-24 23:04:10,960  INFO - Changing log level
2020-10-24 23:04:10,960  INFO - Log Level has successfuly changed to: TRACE
2020-10-24 23:04:11,002  INFO - Loading test data for Verify  the user is able to  Create a New Quote on a existing Opportunity and add the Products to the same Quote
2020-10-24 23:04:11,031  INFO - Changing log level
2020-10-24 23:04:11,032  INFO - Log Level has successfuly changed to: TRACE
2020-10-24 23:04:11,033  INFO - Verify  the user is able to  Create a New Quote on a existing Opportunity and add the Products to the same Quote run #1
2020-10-24 23:04:11,033 DEBUG - Args: {Username=robbi.ramanamma@genesys.com.qa, URL=https://genesys--qa.my.salesforce.com/, Browser=Chrome, Password=Zen@1234}
2020-10-24 23:04:11,033  INFO - Initializing keyword LoginToApplication
2020-10-24 23:04:11,033  INFO - Executing keyword LoginToApplication
2020-10-24 23:04:11,035 DEBUG - Checking in com.qualitestgroup.keywords.browser.Browser
2020-10-24 23:04:11,036 DEBUG - Checking in com.qualitestgroup.keywords.common.Browser
2020-10-24 23:04:11,045 DEBUG - Args: {Browser=Chrome}
2020-10-24 23:04:11,046  INFO - Initializing keyword Launch
2020-10-24 23:04:11,047  INFO - Executing keyword Launch
2020-10-24 23:04:18,220  INFO - Cleaning up keyword Launch
2020-10-24 23:04:18,220  INFO - Keyword Launch complete.
2020-10-24 23:04:33,542  INFO - Cleaning up keyword LoginToApplication
2020-10-24 23:04:33,542  INFO - Keyword LoginToApplication complete.
2020-10-24 23:04:34,076 DEBUG - Arguments: {Username=robbi.ramanamma@genesys.com.qa, URL=https://genesys--qa.my.salesforce.com/, Browser=Chrome, Password=Zen@1234}
2020-10-24 23:04:34,479 DEBUG - <a href="screenshots/shot_2020-10-24_23h4m34s77ms.jpg">Screen Shot</a>
2020-10-24 23:04:34,480 DEBUG - Args: {QuoteFieldValues=Monthly|2 Years|Test|New Subscription|24|Annual M2M|Net 30|Yes|Yes|Test}
2020-10-24 23:04:34,481  INFO - Initializing keyword EnterQuoteMandatoryDetailsForRAMP
2020-10-24 23:04:34,482  INFO - Executing keyword EnterQuoteMandatoryDetailsForRAMP
2020-10-24 23:06:22,027  WARN - Keyword EnterQuoteMandatoryDetailsForRAMP execution fail: Not able to enter on an element having xpath - <b>//label[text()='PO Received Date']/../following-sibling::td[1]//input</b>
2020-10-24 23:06:22,037  WARN - element click intercepted: Element <input id="00N11000009beYG" name="00N11000009beYG" onfocus="DatePicker.pickDate(false, '00N11000009beYG', false);" size="12" tabindex="81" type="text"> is not clickable at point (1216, 164). Other element would receive the click: <select id="calMonthPicker" name="calMonthPicker" title="Month">...</select>
  (Session info: chrome=86.0.4240.111)
Build info: version: '3.4.0', revision: 'unknown', time: 'unknown'
System info: host: 'QT-INBG-LT0557', ip: '10.31.234.198', os.name: 'Windows 10', os.arch: 'amd64', os.version: '10.0', java.version: '1.8.0_261'
Driver info: org.openqa.selenium.chrome.ChromeDriver
Capabilities [{networkConnectionEnabled=false, chrome={chromedriverVersion=85.0.4183.87 (cd6713ebf92fa1cacc0f1a598df280093af0c5d7-refs/branch-heads/4183@{#1689}), userDataDir=C:\Users\RAMANA~1.ROB\AppData\Local\Temp\scoped_dir19684_1814727367}, timeouts={implicit=0.0, pageLoad=300000.0, script=30000.0}, pageLoadStrategy=normal, unhandledPromptBehavior=dismiss and notify, strictFileInteractability=false, platform=ANY, proxy=Proxy(), goog:chromeOptions={debuggerAddress=localhost:53493}, acceptInsecureCerts=false, browserVersion=86.0.4240.111, browserName=chrome, javascriptEnabled=true, platformName=windows, setWindowRect=true, webauthn:virtualAuthenticators=true}]
Session ID: 07efd1635e8ee669bec46deb2312542c
2020-10-24 23:06:22,038  INFO - Cleaning up keyword EnterQuoteMandatoryDetailsForRAMP
2020-10-24 23:06:22,040  INFO - Keyword EnterQuoteMandatoryDetailsForRAMP complete.
2020-10-24 23:06:22,681 DEBUG - Arguments: {QuoteFieldValues=Monthly|2 Years|Test|New Subscription|24|Annual M2M|Net 30|Yes|Yes|Test}
2020-10-24 23:06:23,019 DEBUG - <a href="screenshots/shot_2020-10-24_23h6m22s682ms.jpg">Screen Shot</a>
2020-10-24 23:06:23,021 ERROR - Verify  the user is able to  Create a New Quote on a existing Opportunity and add the Products to the same Quote run #1 failed.
2020-10-24 23:06:23,036  INFO - Verify  the user is able to  Create a New Quote on a existing Opportunity and add the Products to the same Quote completed.
2020-10-24 23:06:25,066  INFO - Test Failed
