2020-10-23 23:26:11,752  INFO - Run by: QUALITEST\ramanamma.robbi
2020-10-23 23:26:11,756  INFO - Opening C:\genesys\Genesys-Automation-master\Datasheets\CPQ_Automation_POC_Classic_ExistingAccount_NORAMP_Monthly.xls
2020-10-23 23:26:11,955  INFO - Changing log level
2020-10-23 23:26:11,956  INFO - Log Level has successfuly changed to: TRACE
2020-10-23 23:26:11,956 DEBUG - Loading test case 'Verify  the user is able to  Create a New Quote on a existing Opportunity and add the Products to the same Quote'
2020-10-23 23:26:11,959 DEBUG - Creating test case Verify  the user is able to  Create a New Quote on a existing Opportunity and add the Products to the same Quote
2020-10-23 23:26:11,977 DEBUG - Loading keyword 'LoginToApplication' in app 'Classic'
2020-10-23 23:26:11,982 DEBUG - Checking in com.qualitestgroup.keywords.classic.Classic
2020-10-23 23:26:11,990 DEBUG - Loading keyword 'ConfigureProducts' in app 'Classic'
2020-10-23 23:26:11,990 DEBUG - Checking in com.qualitestgroup.keywords.classic.Classic
2020-10-23 23:26:11,994  INFO - Checking Verify  the user is able to  Create a New Quote on a existing Opportunity and add the Products to the same Quote's dependencies.
2020-10-23 23:26:11,994  INFO - Dependencies OK, running test.
2020-10-23 23:26:11,994  INFO - Changing log level
2020-10-23 23:26:11,995  INFO - Log Level has successfuly changed to: TRACE
2020-10-23 23:26:11,995  INFO - Changing log level
2020-10-23 23:26:11,995  INFO - Log Level has successfuly changed to: TRACE
2020-10-23 23:26:12,014  INFO - Loading test data for Verify  the user is able to  Create a New Quote on a existing Opportunity and add the Products to the same Quote
2020-10-23 23:26:12,030  INFO - Changing log level
2020-10-23 23:26:12,030  INFO - Log Level has successfuly changed to: TRACE
2020-10-23 23:26:12,030  INFO - Verify  the user is able to  Create a New Quote on a existing Opportunity and add the Products to the same Quote run #1
2020-10-23 23:26:12,031 DEBUG - Args: {Username=robbi.ramanamma@genesys.com.qa, URL=https://genesys--qa.my.salesforce.com/, Browser=Chrome, Password=Zen@1234}
2020-10-23 23:26:12,031  INFO - Initializing keyword LoginToApplication
2020-10-23 23:26:12,031  INFO - Executing keyword LoginToApplication
2020-10-23 23:26:12,033 DEBUG - Checking in com.qualitestgroup.keywords.browser.Browser
2020-10-23 23:26:12,033 DEBUG - Checking in com.qualitestgroup.keywords.common.Browser
2020-10-23 23:26:12,038 DEBUG - Args: {Browser=Chrome}
2020-10-23 23:26:12,038  INFO - Initializing keyword Launch
2020-10-23 23:26:12,038  INFO - Executing keyword Launch
2020-10-23 23:26:18,881  INFO - Cleaning up keyword Launch
2020-10-23 23:26:18,881  INFO - Keyword Launch complete.
2020-10-23 23:26:35,764  INFO - Cleaning up keyword LoginToApplication
2020-10-23 23:26:35,764  INFO - Keyword LoginToApplication complete.
2020-10-23 23:26:36,903 DEBUG - Arguments: {Username=robbi.ramanamma@genesys.com.qa, URL=https://genesys--qa.my.salesforce.com/, Browser=Chrome, Password=Zen@1234}
2020-10-23 23:26:37,219 DEBUG - <a href="screenshots/shot_2020-10-23_23h26m36s903ms.jpg">Screen Shot</a>
2020-10-23 23:26:37,219 DEBUG - Args: {WrapperSubProducts=PureCloud 2 User|PureCloud Communicate User|PureCloud Collaborate User|PureCloud Communicate Stand-alone Phone|PureCloud for Wallboard Device Charge, HardwareProd1=10 Rack Mounting Shelves - Bulk Pack for MP-11x@5.00, HardwareProd1MandateFieldValues=2|2|30|100, QuoteFieldValues=Monthly|2 Years|Test|New Subscription|24|Annual M2M|Net 30|Yes|Yes|Test}
2020-10-23 23:26:37,220  INFO - Initializing keyword ConfigureProducts
2020-10-23 23:26:37,220  INFO - Executing keyword ConfigureProducts
2020-10-23 23:27:15,311  WARN - Keyword ConfigureProducts execution fail: Not able to enter on an element having xpath - <b>//span[text()='PureCloud 2 User']/../..//following-sibling::div[@field='SBQQ__Quantity__c']//input</b>
2020-10-23 23:27:15,326  WARN - no such element: Unable to locate element: {"method":"xpath","selector":"//span[text()='PureCloud 2 User']/../..//following-sibling::div[@field='SBQQ__Quantity__c']//input"}
  (Session info: chrome=86.0.4240.111)
For documentation on this error, please visit: http://seleniumhq.org/exceptions/no_such_element.html
Build info: version: '3.4.0', revision: 'unknown', time: 'unknown'
System info: host: 'QT-INBG-LT0557', ip: '10.31.234.206', os.name: 'Windows 10', os.arch: 'amd64', os.version: '10.0', java.version: '1.8.0_261'
Driver info: org.openqa.selenium.chrome.ChromeDriver
Capabilities [{networkConnectionEnabled=false, chrome={chromedriverVersion=85.0.4183.87 (cd6713ebf92fa1cacc0f1a598df280093af0c5d7-refs/branch-heads/4183@{#1689}), userDataDir=C:\Users\RAMANA~1.ROB\AppData\Local\Temp\scoped_dir10616_99241316}, timeouts={implicit=0.0, pageLoad=300000.0, script=30000.0}, pageLoadStrategy=normal, unhandledPromptBehavior=dismiss and notify, strictFileInteractability=false, platform=ANY, proxy=Proxy(), goog:chromeOptions={debuggerAddress=localhost:63201}, acceptInsecureCerts=false, browserVersion=86.0.4240.111, browserName=chrome, javascriptEnabled=true, platformName=windows, setWindowRect=true, webauthn:virtualAuthenticators=true}]
Session ID: da23aae82d76aece525dc80411d7bf22
*** Element info: {Using=xpath, value=//span[text()='PureCloud 2 User']/../..//following-sibling::div[@field='SBQQ__Quantity__c']//input}
2020-10-23 23:27:15,327  INFO - Cleaning up keyword ConfigureProducts
2020-10-23 23:27:15,327  INFO - Keyword ConfigureProducts complete.
2020-10-23 23:27:15,968 DEBUG - Arguments: {WrapperSubProducts=PureCloud 2 User|PureCloud Communicate User|PureCloud Collaborate User|PureCloud Communicate Stand-alone Phone|PureCloud for Wallboard Device Charge, HardwareProd1=10 Rack Mounting Shelves - Bulk Pack for MP-11x@5.00, HardwareProd1MandateFieldValues=2|2|30|100, QuoteFieldValues=Monthly|2 Years|Test|New Subscription|24|Annual M2M|Net 30|Yes|Yes|Test}
2020-10-23 23:27:16,278 DEBUG - <a href="screenshots/shot_2020-10-23_23h27m15s969ms.jpg">Screen Shot</a>
2020-10-23 23:27:16,278 ERROR - Verify  the user is able to  Create a New Quote on a existing Opportunity and add the Products to the same Quote run #1 failed.
2020-10-23 23:27:16,287  INFO - Verify  the user is able to  Create a New Quote on a existing Opportunity and add the Products to the same Quote completed.
2020-10-23 23:27:17,708  INFO - Test Failed
