2020-10-23 23:47:51,037  INFO - Run by: QUALITEST\ramanamma.robbi
2020-10-23 23:47:51,042  INFO - Opening C:\genesys\Genesys-Automation-master\Datasheets\CPQ_Automation_POC_Classic_ExistingAccount_NORAMP_Monthly.xls
2020-10-23 23:47:51,365  INFO - Changing log level
2020-10-23 23:47:51,365  INFO - Log Level has successfuly changed to: TRACE
2020-10-23 23:47:51,365 DEBUG - Loading test case 'Verify  the user is able to  Create a New Quote on a existing Opportunity and add the Products to the same Quote'
2020-10-23 23:47:51,368 DEBUG - Creating test case Verify  the user is able to  Create a New Quote on a existing Opportunity and add the Products to the same Quote
2020-10-23 23:47:51,388 DEBUG - Loading keyword 'LoginToApplication' in app 'Classic'
2020-10-23 23:47:51,392 DEBUG - Checking in com.qualitestgroup.keywords.classic.Classic
2020-10-23 23:47:51,430 DEBUG - Loading keyword 'ConfigureProducts' in app 'Classic'
2020-10-23 23:47:51,431 DEBUG - Checking in com.qualitestgroup.keywords.classic.Classic
2020-10-23 23:47:51,440  INFO - Checking Verify  the user is able to  Create a New Quote on a existing Opportunity and add the Products to the same Quote's dependencies.
2020-10-23 23:47:51,440  INFO - Dependencies OK, running test.
2020-10-23 23:47:51,440  INFO - Changing log level
2020-10-23 23:47:51,440  INFO - Log Level has successfuly changed to: TRACE
2020-10-23 23:47:51,440  INFO - Changing log level
2020-10-23 23:47:51,441  INFO - Log Level has successfuly changed to: TRACE
2020-10-23 23:47:51,469  INFO - Loading test data for Verify  the user is able to  Create a New Quote on a existing Opportunity and add the Products to the same Quote
2020-10-23 23:47:51,490  INFO - Changing log level
2020-10-23 23:47:51,491  INFO - Log Level has successfuly changed to: TRACE
2020-10-23 23:47:51,491  INFO - Verify  the user is able to  Create a New Quote on a existing Opportunity and add the Products to the same Quote run #1
2020-10-23 23:47:51,491 DEBUG - Args: {Username=robbi.ramanamma@genesys.com.qa, URL=https://genesys--qa.my.salesforce.com/, Browser=Chrome, Password=Zen@1234}
2020-10-23 23:47:51,492  INFO - Initializing keyword LoginToApplication
2020-10-23 23:47:51,492  INFO - Executing keyword LoginToApplication
2020-10-23 23:47:51,493 DEBUG - Checking in com.qualitestgroup.keywords.browser.Browser
2020-10-23 23:47:51,494 DEBUG - Checking in com.qualitestgroup.keywords.common.Browser
2020-10-23 23:47:51,500 DEBUG - Args: {Browser=Chrome}
2020-10-23 23:47:51,500  INFO - Initializing keyword Launch
2020-10-23 23:47:51,501  INFO - Executing keyword Launch
2020-10-23 23:47:58,636  INFO - Cleaning up keyword Launch
2020-10-23 23:47:58,636  INFO - Keyword Launch complete.
2020-10-23 23:48:14,211  INFO - Cleaning up keyword LoginToApplication
2020-10-23 23:48:14,211  INFO - Keyword LoginToApplication complete.
2020-10-23 23:48:14,617 DEBUG - Arguments: {Username=robbi.ramanamma@genesys.com.qa, URL=https://genesys--qa.my.salesforce.com/, Browser=Chrome, Password=Zen@1234}
2020-10-23 23:48:15,169 DEBUG - <a href="screenshots/shot_2020-10-23_23h48m14s617ms.jpg">Screen Shot</a>
2020-10-23 23:48:15,170 DEBUG - Args: {WrapperSubProducts=PureCloud 2 User|PureCloud Communicate User|PureCloud Collaborate User|PureCloud Communicate Stand-alone Phone|PureCloud for Wallboard Device Charge, HardwareProd1=10 Rack Mounting Shelves - Bulk Pack for MP-11x@5.00, HardwareProd1MandateFieldValues=2|2|30|50, QuoteFieldValues=Monthly|2 Years|Test|New Subscription|24|Annual M2M|Net 30|Yes|Yes|Test}
2020-10-23 23:48:15,170  INFO - Initializing keyword ConfigureProducts
2020-10-23 23:48:15,170  INFO - Executing keyword ConfigureProducts
2020-10-23 23:52:22,874  INFO - Cleaning up keyword ConfigureProducts
2020-10-23 23:52:22,874  INFO - Keyword ConfigureProducts complete.
2020-10-23 23:52:23,700 DEBUG - Arguments: {WrapperSubProducts=PureCloud 2 User|PureCloud Communicate User|PureCloud Collaborate User|PureCloud Communicate Stand-alone Phone|PureCloud for Wallboard Device Charge, HardwareProd1=10 Rack Mounting Shelves - Bulk Pack for MP-11x@5.00, HardwareProd1MandateFieldValues=2|2|30|50, QuoteFieldValues=Monthly|2 Years|Test|New Subscription|24|Annual M2M|Net 30|Yes|Yes|Test}
2020-10-23 23:52:24,028 DEBUG - <a href="screenshots/shot_2020-10-23_23h52m23s700ms.jpg">Screen Shot</a>
2020-10-23 23:52:24,039  INFO - Verify  the user is able to  Create a New Quote on a existing Opportunity and add the Products to the same Quote completed.
2020-10-23 23:52:25,467  INFO - Test Passed
