2020-10-26 00:19:19,980  INFO - Run by: QUALITEST\ramanamma.robbi
2020-10-26 00:19:19,985  INFO - Opening C:\genesys\Genesys-Automation-master\Datasheets\CPQ_Automation_POC_Lightning.xls
2020-10-26 00:19:20,172  INFO - Changing log level
2020-10-26 00:19:20,172  INFO - Log Level has successfuly changed to: TRACE
2020-10-26 00:19:20,173 DEBUG - Loading test case 'Verify Creation of New Account'
2020-10-26 00:19:20,175 DEBUG - Creating test case Verify Creation of New Account
2020-10-26 00:19:20,192 DEBUG - Loading keyword 'LoginToApplication' in app 'Lightning'
2020-10-26 00:19:20,220 DEBUG - Checking in com.qualitestgroup.keywords.lightning.Lightning
2020-10-26 00:19:20,227 DEBUG - Loading keyword 'SaveAccountDetails' in app 'Lightning'
2020-10-26 00:19:20,227 DEBUG - Checking in com.qualitestgroup.keywords.lightning.Lightning
2020-10-26 00:19:20,236  INFO - Checking Verify Creation of New Account's dependencies.
2020-10-26 00:19:20,236  INFO - Dependencies OK, running test.
2020-10-26 00:19:20,236  INFO - Changing log level
2020-10-26 00:19:20,236  INFO - Log Level has successfuly changed to: TRACE
2020-10-26 00:19:20,236  INFO - Changing log level
2020-10-26 00:19:20,236  INFO - Log Level has successfuly changed to: TRACE
2020-10-26 00:19:20,250  INFO - Loading test data for Verify Creation of New Account
2020-10-26 00:19:20,268  INFO - Changing log level
2020-10-26 00:19:20,268  INFO - Log Level has successfuly changed to: TRACE
2020-10-26 00:19:20,268  INFO - Verify Creation of New Account run #1
2020-10-26 00:19:20,269 DEBUG - Args: {Username=robbi.ramanamma@genesys.com.qa, URL=https://genesys--qa.my.salesforce.com/, Browser=Chrome, Password=Zen@1234}
2020-10-26 00:19:20,269  INFO - Initializing keyword LoginToApplication
2020-10-26 00:19:20,269  INFO - Executing keyword LoginToApplication
2020-10-26 00:19:20,271 DEBUG - Checking in com.qualitestgroup.keywords.browser.Browser
2020-10-26 00:19:20,271 DEBUG - Checking in com.qualitestgroup.keywords.common.Browser
2020-10-26 00:19:20,277 DEBUG - Args: {Browser=Chrome}
2020-10-26 00:19:20,277  INFO - Initializing keyword Launch
2020-10-26 00:19:20,277  INFO - Executing keyword Launch
2020-10-26 00:19:27,516  INFO - Cleaning up keyword Launch
2020-10-26 00:19:27,517  INFO - Keyword Launch complete.
2020-10-26 00:19:48,480  INFO - Cleaning up keyword LoginToApplication
2020-10-26 00:19:48,481  INFO - Keyword LoginToApplication complete.
2020-10-26 00:19:49,757 DEBUG - Arguments: {Username=robbi.ramanamma@genesys.com.qa, URL=https://genesys--qa.my.salesforce.com/, Browser=Chrome, Password=Zen@1234}
2020-10-26 00:19:50,885 DEBUG - <a href="screenshots/shot_2020-10-26_0h19m49s758ms.jpg">Screen Shot</a>
2020-10-26 00:19:50,886 DEBUG - Args: {AccountProfiling=OTHER|Non-Classifiable Other|Private|Business-to-Consumer|0 to 5|Sent to SSA, AccountFieldValues=Automation|Creating Account|Active|01. Active|40664|8100|ROBBI RAMANAMMA, ContactFieldValues=400 New York Ave|4th Lane|Near Office|Alamogordo|88310|United States|WA}
2020-10-26 00:19:50,887  INFO - Initializing keyword SaveAccountDetails
2020-10-26 00:19:50,887  INFO - Executing keyword SaveAccountDetails
