2020-08-25 13:15:36,628  INFO - Run by: QUALITEST\ramanamma.robbi
2020-08-25 13:15:36,667  INFO - Opening C:\genesys\Genesys-Automation-master\Datasheets\CPQ_Automation_POC_Classic.xls
2020-08-25 13:15:43,899  INFO - Changing log level
2020-08-25 13:15:43,899  INFO - Log Level has successfuly changed to: TRACE
2020-08-25 13:15:43,901 DEBUG - Loading test case 'Verify cancellation of Account creation'
2020-08-25 13:15:43,919 DEBUG - Creating test case Verify cancellation of Account creation
2020-08-25 13:15:44,247 DEBUG - Loading keyword 'LoginToApplication' in app 'Classic'
2020-08-25 13:15:44,260 DEBUG - Checking in com.qualitestgroup.keywords.classic.Classic
2020-08-25 13:15:44,299 DEBUG - Loading keyword 'SelectAccountRecordType' in app 'Classic'
2020-08-25 13:15:44,300 DEBUG - Checking in com.qualitestgroup.keywords.classic.Classic
2020-08-25 13:15:44,307 DEBUG - Loading keyword 'AccountSearchByName' in app 'Classic'
2020-08-25 13:15:44,308 DEBUG - Checking in com.qualitestgroup.keywords.classic.Classic
2020-08-25 13:15:44,314 DEBUG - Loading keyword 'CancelAccountCreation' in app 'Classic'
2020-08-25 13:15:44,315 DEBUG - Checking in com.qualitestgroup.keywords.classic.Classic
2020-08-25 13:15:44,320 DEBUG - Loading keyword 'LogoutOfApplication' in app 'Classic'
2020-08-25 13:15:44,320 DEBUG - Checking in com.qualitestgroup.keywords.classic.Classic
2020-08-25 13:15:45,706  INFO - Checking Verify cancellation of Account creation's dependencies.
2020-08-25 13:15:45,718  INFO - Dependencies OK, running test.
2020-08-25 13:15:45,723  INFO - Changing log level
2020-08-25 13:15:45,728  INFO - Log Level has successfuly changed to: TRACE
2020-08-25 13:15:45,733  INFO - Changing log level
2020-08-25 13:15:45,737  INFO - Log Level has successfuly changed to: TRACE
2020-08-25 13:15:46,151  INFO - Loading test data for Verify cancellation of Account creation
2020-08-25 13:15:49,931  INFO - Changing log level
2020-08-25 13:15:49,935  INFO - Log Level has successfuly changed to: TRACE
2020-08-25 13:15:49,938  INFO - Verify cancellation of Account creation run #1
2020-08-25 13:15:49,943 DEBUG - Args: {Username=siva_surya_prasand.arivalagan@genesys.com.qa, URL=https://genesys--qa.my.salesforce.com/, Browser=Chrome, Password=S@lesforce2}
2020-08-25 13:15:49,946  INFO - Initializing keyword LoginToApplication
2020-08-25 13:16:25,861  INFO - Executing keyword LoginToApplication
2020-08-25 13:16:26,330 DEBUG - Checking in com.qualitestgroup.keywords.browser.Browser
2020-08-25 13:16:26,344 DEBUG - Checking in com.qualitestgroup.keywords.common.Browser
2020-08-25 13:16:26,448 DEBUG - Args: {Browser=Chrome}
2020-08-25 13:16:26,451  INFO - Initializing keyword Launch
2020-08-25 13:16:26,462  INFO - Executing keyword Launch
2020-08-25 13:16:41,614  INFO - Cleaning up keyword Launch
2020-08-25 13:16:41,615  INFO - Keyword Launch complete.
2020-08-25 13:17:02,287  INFO - Cleaning up keyword LoginToApplication
2020-08-25 13:17:04,860  INFO - Keyword LoginToApplication complete.
2020-08-25 13:17:15,456 DEBUG - Arguments: {Username=siva_surya_prasand.arivalagan@genesys.com.qa, URL=https://genesys--qa.my.salesforce.com/, Browser=Chrome, Password=S@lesforce2}
2020-08-25 13:17:18,810 DEBUG - <a href="screenshots/shot_2020-8-25_13h17m16s405ms.jpg">Screen Shot</a>
2020-08-25 13:17:31,385 DEBUG - Args: {RecordType=Consultant Record Type}
2020-08-25 13:17:31,391  INFO - Initializing keyword SelectAccountRecordType
2020-08-25 13:17:52,210  INFO - Executing keyword SelectAccountRecordType
2020-08-25 13:18:03,489  INFO - Cleaning up keyword SelectAccountRecordType
2020-08-25 13:18:03,489  INFO - Keyword SelectAccountRecordType complete.
2020-08-25 13:18:36,728 DEBUG - Arguments: {RecordType=Consultant Record Type}
2020-08-25 13:18:39,485 DEBUG - <a href="screenshots/shot_2020-8-25_13h18m37s645ms.jpg">Screen Shot</a>
2020-08-25 13:18:46,044 DEBUG - Args: {RecordType=Consultant Record Type, AccountName=Auto_Acct001}
2020-08-25 13:18:46,048  INFO - Initializing keyword AccountSearchByName
2020-08-25 13:19:07,875  INFO - Executing keyword AccountSearchByName
2020-08-25 13:19:22,191  INFO - Cleaning up keyword AccountSearchByName
2020-08-25 13:19:23,517  INFO - Keyword AccountSearchByName complete.
2020-08-25 13:19:30,809 DEBUG - Arguments: {RecordType=Consultant Record Type, AccountName=Auto_Acct001}
2020-08-25 13:19:42,384 DEBUG - <a href="screenshots/shot_2020-8-25_13h19m40s315ms.jpg">Screen Shot</a>
2020-08-25 13:19:59,528 DEBUG - Args: {}
2020-08-25 13:19:59,531  INFO - Initializing keyword CancelAccountCreation
2020-08-25 13:19:59,534  INFO - Executing keyword CancelAccountCreation
2020-08-25 13:23:39,982  INFO - Cleaning up keyword CancelAccountCreation
2020-08-25 13:23:42,154  INFO - Keyword CancelAccountCreation complete.
2020-08-25 13:23:54,656 DEBUG - Arguments: {}
2020-08-25 13:23:58,102 DEBUG - <a href="screenshots/shot_2020-8-25_13h23m55s706ms.jpg">Screen Shot</a>
2020-08-25 13:24:05,829 DEBUG - Args: {}
2020-08-25 13:24:05,835  INFO - Initializing keyword LogoutOfApplication
2020-08-25 13:24:05,839  INFO - Executing keyword LogoutOfApplication
2020-08-25 13:28:59,679  INFO - Cleaning up keyword LogoutOfApplication
2020-08-25 13:29:01,123  INFO - Keyword LogoutOfApplication complete.
2020-08-25 13:29:04,946 DEBUG - Arguments: {}
2020-08-25 13:29:05,343 DEBUG - <a href="screenshots/shot_2020-8-25_13h29m4s947ms.jpg">Screen Shot</a>
2020-08-25 13:29:05,371  INFO - Verify cancellation of Account creation completed.
2020-08-25 13:29:06,923  INFO - Test Passed
