2020-08-26 19:39:57,788  INFO - Run by: QUALITEST\ramanamma.robbi
2020-08-26 19:39:57,812  INFO - Opening C:\genesys\Genesys-Automation-master\Datasheets\CPQ_Automation_POC_Classic.xls
2020-08-26 19:39:58,004  INFO - Changing log level
2020-08-26 19:39:58,004  INFO - Log Level has successfuly changed to: TRACE
2020-08-26 19:39:58,004 DEBUG - Loading test case 'Verify Creation of New Account'
2020-08-26 19:39:58,007 DEBUG - Creating test case Verify Creation of New Account
2020-08-26 19:39:58,023 DEBUG - Loading keyword 'LoginToApplication' in app 'Classic'
2020-08-26 19:39:58,027 DEBUG - Checking in com.qualitestgroup.keywords.classic.Classic
2020-08-26 19:39:58,035 DEBUG - Loading keyword 'SelectAccountRecordType' in app 'Classic'
2020-08-26 19:39:58,036 DEBUG - Checking in com.qualitestgroup.keywords.classic.Classic
2020-08-26 19:39:58,037 DEBUG - Loading keyword 'AccountSearchByName' in app 'Classic'
2020-08-26 19:39:58,037 DEBUG - Checking in com.qualitestgroup.keywords.classic.Classic
2020-08-26 19:39:58,037 DEBUG - Loading keyword 'EnterAccountMandatoryDetails' in app 'Classic'
2020-08-26 19:39:58,038 DEBUG - Checking in com.qualitestgroup.keywords.classic.Classic
2020-08-26 19:39:58,039 DEBUG - Loading keyword 'SaveAccountDetails' in app 'Classic'
2020-08-26 19:39:58,039 DEBUG - Checking in com.qualitestgroup.keywords.classic.Classic
2020-08-26 19:39:58,040 DEBUG - Loading keyword 'LogoutOfApplication' in app 'Classic'
2020-08-26 19:39:58,040 DEBUG - Checking in com.qualitestgroup.keywords.classic.Classic
2020-08-26 19:39:58,051  INFO - Checking Verify Creation of New Account's dependencies.
2020-08-26 19:39:58,051  INFO - Dependencies OK, running test.
2020-08-26 19:39:58,051  INFO - Changing log level
2020-08-26 19:39:58,052  INFO - Log Level has successfuly changed to: TRACE
2020-08-26 19:39:58,052  INFO - Changing log level
2020-08-26 19:39:58,052  INFO - Log Level has successfuly changed to: TRACE
2020-08-26 19:39:58,067  INFO - Loading test data for Verify Creation of New Account
2020-08-26 19:39:58,084  INFO - Changing log level
2020-08-26 19:39:58,085  INFO - Log Level has successfuly changed to: TRACE
2020-08-26 19:39:58,085  INFO - Verify Creation of New Account run #1
2020-08-26 19:39:58,085 DEBUG - Args: {Username=siva_surya_prasand.arivalagan@genesys.com.qa, URL=https://genesys--qa.my.salesforce.com/, Browser=Chrome, Password=S@lesforce2}
2020-08-26 19:39:58,085  INFO - Initializing keyword LoginToApplication
2020-08-26 19:39:58,086  INFO - Executing keyword LoginToApplication
2020-08-26 19:39:58,087 DEBUG - Checking in com.qualitestgroup.keywords.browser.Browser
2020-08-26 19:39:58,088 DEBUG - Checking in com.qualitestgroup.keywords.common.Browser
2020-08-26 19:39:58,093 DEBUG - Args: {Browser=Chrome}
2020-08-26 19:39:58,093  INFO - Initializing keyword Launch
2020-08-26 19:39:58,094  INFO - Executing keyword Launch
2020-08-26 19:40:05,036  INFO - Cleaning up keyword Launch
2020-08-26 19:40:05,036  INFO - Keyword Launch complete.
2020-08-26 19:40:21,844  INFO - Cleaning up keyword LoginToApplication
2020-08-26 19:40:21,844  INFO - Keyword LoginToApplication complete.
2020-08-26 19:40:22,286 DEBUG - Arguments: {Username=siva_surya_prasand.arivalagan@genesys.com.qa, URL=https://genesys--qa.my.salesforce.com/, Browser=Chrome, Password=S@lesforce2}
2020-08-26 19:40:24,135 DEBUG - <a href="screenshots/shot_2020-8-26_19h40m22s287ms.jpg">Screen Shot</a>
2020-08-26 19:40:24,136 DEBUG - Args: {RecordType=EMG - Customer Record Type}
2020-08-26 19:40:24,136  INFO - Initializing keyword SelectAccountRecordType
2020-08-26 19:40:24,137  INFO - Executing keyword SelectAccountRecordType
2020-08-26 19:40:28,586  INFO - Cleaning up keyword SelectAccountRecordType
2020-08-26 19:40:28,586  INFO - Keyword SelectAccountRecordType complete.
2020-08-26 19:40:28,952 DEBUG - Arguments: {RecordType=EMG - Customer Record Type}
2020-08-26 19:40:29,307 DEBUG - <a href="screenshots/shot_2020-8-26_19h40m28s953ms.jpg">Screen Shot</a>
2020-08-26 19:40:29,307 DEBUG - Args: {RecordType=EMG - Customer Record Type, AccountName=ACCT_0001}
2020-08-26 19:40:29,307  INFO - Initializing keyword AccountSearchByName
2020-08-26 19:40:29,307  INFO - Executing keyword AccountSearchByName
2020-08-26 19:40:36,227  INFO - Cleaning up keyword AccountSearchByName
2020-08-26 19:40:36,227  INFO - Keyword AccountSearchByName complete.
2020-08-26 19:40:36,721 DEBUG - Arguments: {RecordType=EMG - Customer Record Type, AccountName=ACCT_0001}
2020-08-26 19:40:37,093 DEBUG - <a href="screenshots/shot_2020-8-26_19h40m36s721ms.jpg">Screen Shot</a>
2020-08-26 19:40:37,094 DEBUG - Args: {AccountFieldValues=Automation|400 New York Ave|88310|Alamogordo|United States|BUSINESS SERVICES|Small|Business-to-Consumer|40664|8100}
2020-08-26 19:40:37,095  INFO - Initializing keyword EnterAccountMandatoryDetails
2020-08-26 19:40:37,095  INFO - Executing keyword EnterAccountMandatoryDetails
2020-08-26 19:41:14,104  WARN - Keyword EnterAccountMandatoryDetails execution fail: Element is not present in the combobox with text having xpath - <b>//label[text()='Account Classification']/../following-sibling::td[1]//select</b>
2020-08-26 19:41:14,105  WARN - Could not find the matching element
2020-08-26 19:41:14,105  INFO - Cleaning up keyword EnterAccountMandatoryDetails
2020-08-26 19:41:14,106  INFO - Keyword EnterAccountMandatoryDetails complete.
2020-08-26 19:41:14,941 DEBUG - Arguments: {AccountFieldValues=Automation|400 New York Ave|88310|Alamogordo|United States|BUSINESS SERVICES|Small|Business-to-Consumer|40664|8100}
2020-08-26 19:41:15,317 DEBUG - <a href="screenshots/shot_2020-8-26_19h41m14s942ms.jpg">Screen Shot</a>
2020-08-26 19:41:15,318 ERROR - Verify Creation of New Account run #1 failed.
2020-08-26 19:41:15,332  INFO - Verify Creation of New Account completed.
2020-08-26 19:41:17,119  INFO - Test Failed
