2020-08-25 18:41:47,237  INFO - Run by: QUALITEST\ramanamma.robbi
2020-08-25 18:41:47,241  INFO - Opening C:\genesys\Genesys-Automation-master\Datasheets\CPQ_Automation_POC_Classic.xls
2020-08-25 18:41:47,425  INFO - Changing log level
2020-08-25 18:41:47,425  INFO - Log Level has successfuly changed to: TRACE
2020-08-25 18:41:47,425 DEBUG - Loading test case 'Verify Creation of New Account'
2020-08-25 18:41:47,428 DEBUG - Creating test case Verify Creation of New Account
2020-08-25 18:41:47,443 DEBUG - Loading keyword 'LoginToApplication' in app 'Classic'
2020-08-25 18:41:47,448 DEBUG - Checking in com.qualitestgroup.keywords.classic.Classic
2020-08-25 18:41:47,458 DEBUG - Loading keyword 'SelectAccountRecordType' in app 'Classic'
2020-08-25 18:41:47,459 DEBUG - Checking in com.qualitestgroup.keywords.classic.Classic
2020-08-25 18:41:47,460 DEBUG - Loading keyword 'AccountSearchByName' in app 'Classic'
2020-08-25 18:41:47,460 DEBUG - Checking in com.qualitestgroup.keywords.classic.Classic
2020-08-25 18:41:47,461 DEBUG - Loading keyword 'EnterAccountMandatoryDetails' in app 'Classic'
2020-08-25 18:41:47,461 DEBUG - Checking in com.qualitestgroup.keywords.classic.Classic
2020-08-25 18:41:47,462 DEBUG - Loading keyword 'SaveAccountDetails' in app 'Classic'
2020-08-25 18:41:47,462 DEBUG - Checking in com.qualitestgroup.keywords.classic.Classic
2020-08-25 18:41:47,464 DEBUG - Loading keyword 'LogoutOfApplication' in app 'Classic'
2020-08-25 18:41:47,464 DEBUG - Checking in com.qualitestgroup.keywords.classic.Classic
2020-08-25 18:41:47,473  INFO - Checking Verify Creation of New Account's dependencies.
2020-08-25 18:41:47,473  INFO - Dependencies OK, running test.
2020-08-25 18:41:47,473  INFO - Changing log level
2020-08-25 18:41:47,474  INFO - Log Level has successfuly changed to: TRACE
2020-08-25 18:41:47,474  INFO - Changing log level
2020-08-25 18:41:47,474  INFO - Log Level has successfuly changed to: TRACE
2020-08-25 18:41:47,489  INFO - Loading test data for Verify Creation of New Account
2020-08-25 18:41:47,503  INFO - Changing log level
2020-08-25 18:41:47,503  INFO - Log Level has successfuly changed to: TRACE
2020-08-25 18:41:47,503  INFO - Verify Creation of New Account run #1
2020-08-25 18:41:47,504 DEBUG - Args: {Username=siva_surya_prasand.arivalagan@genesys.com.qa, URL=https://genesys--qa.my.salesforce.com/, Browser=Chrome, Password=S@lesforce2}
2020-08-25 18:41:47,504  INFO - Initializing keyword LoginToApplication
2020-08-25 18:41:47,504  INFO - Executing keyword LoginToApplication
2020-08-25 18:41:47,506 DEBUG - Checking in com.qualitestgroup.keywords.browser.Browser
2020-08-25 18:41:47,506 DEBUG - Checking in com.qualitestgroup.keywords.common.Browser
2020-08-25 18:41:47,512 DEBUG - Args: {Browser=Chrome}
2020-08-25 18:41:47,512  INFO - Initializing keyword Launch
2020-08-25 18:41:47,513  INFO - Executing keyword Launch
2020-08-25 18:41:54,437  INFO - Cleaning up keyword Launch
2020-08-25 18:41:54,438  INFO - Keyword Launch complete.
2020-08-25 18:42:09,882  INFO - Cleaning up keyword LoginToApplication
2020-08-25 18:42:09,882  INFO - Keyword LoginToApplication complete.
2020-08-25 18:42:10,303 DEBUG - Arguments: {Username=siva_surya_prasand.arivalagan@genesys.com.qa, URL=https://genesys--qa.my.salesforce.com/, Browser=Chrome, Password=S@lesforce2}
2020-08-25 18:42:10,632 DEBUG - <a href="screenshots/shot_2020-8-25_18h42m10s304ms.jpg">Screen Shot</a>
2020-08-25 18:42:10,633 DEBUG - Args: {RecordType=Consultant Record Type}
2020-08-25 18:42:10,633  INFO - Initializing keyword SelectAccountRecordType
2020-08-25 18:42:10,633  INFO - Executing keyword SelectAccountRecordType
2020-08-25 18:42:16,346  INFO - Cleaning up keyword SelectAccountRecordType
2020-08-25 18:42:16,346  INFO - Keyword SelectAccountRecordType complete.
2020-08-25 18:42:16,664 DEBUG - Arguments: {RecordType=Consultant Record Type}
2020-08-25 18:42:16,968 DEBUG - <a href="screenshots/shot_2020-8-25_18h42m16s664ms.jpg">Screen Shot</a>
2020-08-25 18:42:16,968 DEBUG - Args: {RecordType=Consultant Record Type, AccountName=Auto_Acct001}
2020-08-25 18:42:16,968  INFO - Initializing keyword AccountSearchByName
2020-08-25 18:42:16,968  INFO - Executing keyword AccountSearchByName
2020-08-25 18:42:22,850  INFO - Cleaning up keyword AccountSearchByName
2020-08-25 18:42:22,850  INFO - Keyword AccountSearchByName complete.
2020-08-25 18:42:23,177 DEBUG - Arguments: {RecordType=Consultant Record Type, AccountName=Auto_Acct001}
2020-08-25 18:42:23,496 DEBUG - <a href="screenshots/shot_2020-8-25_18h42m23s177ms.jpg">Screen Shot</a>
2020-08-25 18:42:23,496 DEBUG - Args: {AccountFieldValues=Automation|400 New York Ave|88310|Alamogordo|United States|BUSINESS SERVICES|Small|Business-to-Consumer|40664|8100}
2020-08-25 18:42:23,496  INFO - Initializing keyword EnterAccountMandatoryDetails
2020-08-25 18:42:23,496  INFO - Executing keyword EnterAccountMandatoryDetails
2020-08-25 18:42:55,354  INFO - Cleaning up keyword EnterAccountMandatoryDetails
2020-08-25 18:42:55,355  INFO - Keyword EnterAccountMandatoryDetails complete.
2020-08-25 18:42:55,668 DEBUG - Arguments: {AccountFieldValues=Automation|400 New York Ave|88310|Alamogordo|United States|BUSINESS SERVICES|Small|Business-to-Consumer|40664|8100}
2020-08-25 18:42:55,948 DEBUG - <a href="screenshots/shot_2020-8-25_18h42m55s669ms.jpg">Screen Shot</a>
2020-08-25 18:42:55,948 DEBUG - Args: {}
2020-08-25 18:42:55,948  INFO - Initializing keyword SaveAccountDetails
2020-08-25 18:42:55,948  INFO - Executing keyword SaveAccountDetails
2020-08-25 18:43:05,188  INFO - Cleaning up keyword SaveAccountDetails
2020-08-25 18:43:05,188  INFO - Keyword SaveAccountDetails complete.
2020-08-25 18:43:05,678 DEBUG - Arguments: {}
2020-08-25 18:43:05,999 DEBUG - <a href="screenshots/shot_2020-8-25_18h43m5s678ms.jpg">Screen Shot</a>
2020-08-25 18:43:05,999 DEBUG - Args: {}
2020-08-25 18:43:05,999  INFO - Initializing keyword LogoutOfApplication
2020-08-25 18:43:06,000  INFO - Executing keyword LogoutOfApplication
2020-08-25 18:43:08,469  INFO - Cleaning up keyword LogoutOfApplication
2020-08-25 18:43:08,469  INFO - Keyword LogoutOfApplication complete.
2020-08-25 18:43:08,860 DEBUG - Arguments: {}
2020-08-25 18:43:09,302 DEBUG - <a href="screenshots/shot_2020-8-25_18h43m8s860ms.jpg">Screen Shot</a>
2020-08-25 18:43:09,311  INFO - Verify Creation of New Account completed.
2020-08-25 18:43:11,065  INFO - Test Passed
