2020-08-26 16:25:55,250  INFO - Run by: QUALITEST\ramanamma.robbi
2020-08-26 16:25:55,256  INFO - Opening C:\genesys\Genesys-Automation-master\Datasheets\CPQ_Automation_POC_Classic.xls
2020-08-26 16:25:55,554  INFO - Changing log level
2020-08-26 16:25:55,555  INFO - Log Level has successfuly changed to: TRACE
2020-08-26 16:25:55,555 DEBUG - Loading test case 'Verify user is able to edit account'
2020-08-26 16:25:55,559 DEBUG - Creating test case Verify user is able to edit account
2020-08-26 16:25:55,571 DEBUG - Loading keyword 'LoginToApplication' in app 'Classic'
2020-08-26 16:25:55,577 DEBUG - Checking in com.qualitestgroup.keywords.classic.Classic
2020-08-26 16:25:55,622 DEBUG - Loading keyword 'EditAccount' in app 'Classic'
2020-08-26 16:25:55,622 DEBUG - Checking in com.qualitestgroup.keywords.classic.Classic
2020-08-26 16:25:55,627 DEBUG - Loading keyword 'SaveAccountDetails' in app 'Classic'
2020-08-26 16:25:55,627 DEBUG - Checking in com.qualitestgroup.keywords.classic.Classic
2020-08-26 16:25:55,629 DEBUG - Loading keyword 'LogoutOfApplication' in app 'Classic'
2020-08-26 16:25:55,630 DEBUG - Checking in com.qualitestgroup.keywords.classic.Classic
2020-08-26 16:25:55,645  INFO - Checking Verify user is able to edit account's dependencies.
2020-08-26 16:25:55,645  INFO - Dependencies OK, running test.
2020-08-26 16:25:55,646  INFO - Changing log level
2020-08-26 16:25:55,647  INFO - Log Level has successfuly changed to: TRACE
2020-08-26 16:25:55,647  INFO - Changing log level
2020-08-26 16:25:55,647  INFO - Log Level has successfuly changed to: TRACE
2020-08-26 16:25:55,665  INFO - Loading test data for Verify user is able to edit account
2020-08-26 16:25:55,688  INFO - Changing log level
2020-08-26 16:25:55,688  INFO - Log Level has successfuly changed to: TRACE
2020-08-26 16:25:55,688  INFO - Verify user is able to edit account run #1
2020-08-26 16:25:55,689 DEBUG - Args: {Username=siva_surya_prasand.arivalagan@genesys.com.qa, URL=https://genesys--qa.my.salesforce.com/, Browser=Chrome, Password=S@lesforce2}
2020-08-26 16:25:55,689  INFO - Initializing keyword LoginToApplication
2020-08-26 16:25:55,689  INFO - Executing keyword LoginToApplication
2020-08-26 16:25:55,691 DEBUG - Checking in com.qualitestgroup.keywords.browser.Browser
2020-08-26 16:25:55,693 DEBUG - Checking in com.qualitestgroup.keywords.common.Browser
2020-08-26 16:25:55,700 DEBUG - Args: {Browser=Chrome}
2020-08-26 16:25:55,700  INFO - Initializing keyword Launch
2020-08-26 16:25:55,702  INFO - Executing keyword Launch
2020-08-26 16:26:02,447  INFO - Cleaning up keyword Launch
2020-08-26 16:26:02,448  INFO - Keyword Launch complete.
2020-08-26 16:26:47,116  INFO - Cleaning up keyword LoginToApplication
2020-08-26 16:26:47,117  INFO - Keyword LoginToApplication complete.
2020-08-26 16:26:47,510 DEBUG - Arguments: {Username=siva_surya_prasand.arivalagan@genesys.com.qa, URL=https://genesys--qa.my.salesforce.com/, Browser=Chrome, Password=S@lesforce2}
2020-08-26 16:26:48,854 DEBUG - <a href="screenshots/shot_2020-8-26_16h26m47s512ms.jpg">Screen Shot</a>
2020-08-26 16:26:48,855 DEBUG - Args: {AccountName=ACCT_1234}
2020-08-26 16:26:48,855  INFO - Initializing keyword EditAccount
2020-08-26 16:26:48,855  INFO - Executing keyword EditAccount
2020-08-26 16:27:55,264  INFO - Cleaning up keyword EditAccount
2020-08-26 16:27:55,265  INFO - Keyword EditAccount complete.
2020-08-26 16:27:55,648 DEBUG - Arguments: {AccountName=ACCT_1234}
2020-08-26 16:27:56,024 DEBUG - <a href="screenshots/shot_2020-8-26_16h27m55s649ms.jpg">Screen Shot</a>
2020-08-26 16:27:56,024 DEBUG - Args: {}
2020-08-26 16:27:56,024  INFO - Initializing keyword SaveAccountDetails
2020-08-26 16:27:56,024  INFO - Executing keyword SaveAccountDetails
2020-08-26 16:28:02,785  INFO - Cleaning up keyword SaveAccountDetails
2020-08-26 16:28:02,786  INFO - Keyword SaveAccountDetails complete.
2020-08-26 16:28:03,388 DEBUG - Arguments: {}
2020-08-26 16:28:03,771 DEBUG - <a href="screenshots/shot_2020-8-26_16h28m3s390ms.jpg">Screen Shot</a>
2020-08-26 16:28:03,772 DEBUG - Args: {}
2020-08-26 16:28:03,772  INFO - Initializing keyword LogoutOfApplication
2020-08-26 16:28:03,772  INFO - Executing keyword LogoutOfApplication
2020-08-26 16:28:08,050  INFO - Cleaning up keyword LogoutOfApplication
2020-08-26 16:28:08,050  INFO - Keyword LogoutOfApplication complete.
2020-08-26 16:28:08,406 DEBUG - Arguments: {}
2020-08-26 16:28:08,839 DEBUG - <a href="screenshots/shot_2020-8-26_16h28m8s407ms.jpg">Screen Shot</a>
2020-08-26 16:28:08,849  INFO - Verify user is able to edit account completed.
2020-08-26 16:28:10,336  INFO - Test Passed
