2020-08-25 20:05:59,853  INFO - Run by: QUALITEST\ramanamma.robbi
2020-08-25 20:05:59,858  INFO - Opening C:\genesys\Genesys-Automation-master\Datasheets\CPQ_Automation_POC_Classic.xls
2020-08-25 20:06:00,090  INFO - Changing log level
2020-08-25 20:06:00,090  INFO - Log Level has successfuly changed to: TRACE
2020-08-25 20:06:00,091 DEBUG - Loading test case 'Verify Creation of New Account'
2020-08-25 20:06:00,094 DEBUG - Creating test case Verify Creation of New Account
2020-08-25 20:06:00,108 DEBUG - Loading keyword 'LoginToApplication' in app 'Classic'
2020-08-25 20:06:00,112 DEBUG - Checking in com.qualitestgroup.keywords.classic.Classic
2020-08-25 20:06:00,120 DEBUG - Loading keyword 'SelectAccountRecordType' in app 'Classic'
2020-08-25 20:06:00,121 DEBUG - Checking in com.qualitestgroup.keywords.classic.Classic
2020-08-25 20:06:00,122 DEBUG - Loading keyword 'AccountSearchByName' in app 'Classic'
2020-08-25 20:06:00,122 DEBUG - Checking in com.qualitestgroup.keywords.classic.Classic
2020-08-25 20:06:00,123 DEBUG - Loading keyword 'EnterAccountMandatoryDetails' in app 'Classic'
2020-08-25 20:06:00,123 DEBUG - Checking in com.qualitestgroup.keywords.classic.Classic
2020-08-25 20:06:00,124 DEBUG - Loading keyword 'SaveAccountDetails' in app 'Classic'
2020-08-25 20:06:00,125 DEBUG - Checking in com.qualitestgroup.keywords.classic.Classic
2020-08-25 20:06:00,126 DEBUG - Loading keyword 'LogoutOfApplication' in app 'Classic'
2020-08-25 20:06:00,126 DEBUG - Checking in com.qualitestgroup.keywords.classic.Classic
2020-08-25 20:06:00,141  INFO - Checking Verify Creation of New Account's dependencies.
2020-08-25 20:06:00,141  INFO - Dependencies OK, running test.
2020-08-25 20:06:00,141  INFO - Changing log level
2020-08-25 20:06:00,141  INFO - Log Level has successfuly changed to: TRACE
2020-08-25 20:06:00,142  INFO - Changing log level
2020-08-25 20:06:00,142  INFO - Log Level has successfuly changed to: TRACE
2020-08-25 20:06:00,159  INFO - Loading test data for Verify Creation of New Account
2020-08-25 20:06:00,179  INFO - Changing log level
2020-08-25 20:06:00,179  INFO - Log Level has successfuly changed to: TRACE
2020-08-25 20:06:00,180  INFO - Verify Creation of New Account run #1
2020-08-25 20:06:00,180 DEBUG - Args: {Username=siva_surya_prasand.arivalagan@genesys.com.qa, URL=https://genesys--qa.my.salesforce.com/, Browser=Chrome, Password=S@lesforce2}
2020-08-25 20:06:00,180  INFO - Initializing keyword LoginToApplication
2020-08-25 20:06:00,181  INFO - Executing keyword LoginToApplication
2020-08-25 20:06:00,182 DEBUG - Checking in com.qualitestgroup.keywords.browser.Browser
2020-08-25 20:06:00,183 DEBUG - Checking in com.qualitestgroup.keywords.common.Browser
2020-08-25 20:06:00,188 DEBUG - Args: {Browser=Chrome}
2020-08-25 20:06:00,189  INFO - Initializing keyword Launch
2020-08-25 20:06:00,189  INFO - Executing keyword Launch
2020-08-25 20:06:06,711  INFO - Cleaning up keyword Launch
2020-08-25 20:06:06,711  INFO - Keyword Launch complete.
2020-08-25 20:06:22,249  INFO - Cleaning up keyword LoginToApplication
2020-08-25 20:06:22,249  INFO - Keyword LoginToApplication complete.
2020-08-25 20:06:22,609 DEBUG - Arguments: {Username=siva_surya_prasand.arivalagan@genesys.com.qa, URL=https://genesys--qa.my.salesforce.com/, Browser=Chrome, Password=S@lesforce2}
2020-08-25 20:06:23,780 DEBUG - <a href="screenshots/shot_2020-8-25_20h6m22s610ms.jpg">Screen Shot</a>
2020-08-25 20:06:23,781 DEBUG - Args: {RecordType=Consultant Record Type}
2020-08-25 20:06:23,781  INFO - Initializing keyword SelectAccountRecordType
2020-08-25 20:06:23,781  INFO - Executing keyword SelectAccountRecordType
2020-08-25 20:06:28,740  INFO - Cleaning up keyword SelectAccountRecordType
2020-08-25 20:06:28,740  INFO - Keyword SelectAccountRecordType complete.
2020-08-25 20:06:29,078 DEBUG - Arguments: {RecordType=Consultant Record Type}
2020-08-25 20:06:29,368 DEBUG - <a href="screenshots/shot_2020-8-25_20h6m29s79ms.jpg">Screen Shot</a>
2020-08-25 20:06:29,368 DEBUG - Args: {RecordType=Consultant Record Type, AccountName=Auto_Acct001}
2020-08-25 20:06:29,368  INFO - Initializing keyword AccountSearchByName
2020-08-25 20:06:29,368  INFO - Executing keyword AccountSearchByName
2020-08-25 20:06:35,241  INFO - Cleaning up keyword AccountSearchByName
2020-08-25 20:06:35,241  INFO - Keyword AccountSearchByName complete.
2020-08-25 20:06:35,650 DEBUG - Arguments: {RecordType=Consultant Record Type, AccountName=Auto_Acct001}
2020-08-25 20:06:35,967 DEBUG - <a href="screenshots/shot_2020-8-25_20h6m35s650ms.jpg">Screen Shot</a>
2020-08-25 20:06:35,968 DEBUG - Args: {AccountFieldValues=Automation|400 New York Ave|88310|Alamogordo|United States|BUSINESS SERVICES|Small|Business-to-Consumer|40664|8100}
2020-08-25 20:06:35,968  INFO - Initializing keyword EnterAccountMandatoryDetails
2020-08-25 20:06:35,968  INFO - Executing keyword EnterAccountMandatoryDetails
2020-08-25 20:07:07,535  INFO - Cleaning up keyword EnterAccountMandatoryDetails
2020-08-25 20:07:07,535  INFO - Keyword EnterAccountMandatoryDetails complete.
2020-08-25 20:07:07,845 DEBUG - Arguments: {AccountFieldValues=Automation|400 New York Ave|88310|Alamogordo|United States|BUSINESS SERVICES|Small|Business-to-Consumer|40664|8100}
2020-08-25 20:07:08,120 DEBUG - <a href="screenshots/shot_2020-8-25_20h7m7s846ms.jpg">Screen Shot</a>
2020-08-25 20:07:08,120 DEBUG - Args: {}
2020-08-25 20:07:08,121  INFO - Initializing keyword SaveAccountDetails
2020-08-25 20:07:08,121  INFO - Executing keyword SaveAccountDetails
2020-08-25 20:07:15,291  INFO - Cleaning up keyword SaveAccountDetails
2020-08-25 20:07:15,291  INFO - Keyword SaveAccountDetails complete.
2020-08-25 20:07:15,600 DEBUG - Arguments: {}
2020-08-25 20:07:15,897 DEBUG - <a href="screenshots/shot_2020-8-25_20h7m15s601ms.jpg">Screen Shot</a>
2020-08-25 20:07:15,897 DEBUG - Args: {}
2020-08-25 20:07:15,898  INFO - Initializing keyword LogoutOfApplication
2020-08-25 20:07:15,898  INFO - Executing keyword LogoutOfApplication
2020-08-25 20:07:20,627  INFO - Cleaning up keyword LogoutOfApplication
2020-08-25 20:07:20,628  INFO - Keyword LogoutOfApplication complete.
2020-08-25 20:07:20,983 DEBUG - Arguments: {}
2020-08-25 20:07:21,359 DEBUG - <a href="screenshots/shot_2020-8-25_20h7m20s984ms.jpg">Screen Shot</a>
2020-08-25 20:07:21,368  INFO - Verify Creation of New Account completed.
2020-08-25 20:07:23,010  INFO - Test Passed
