2020-08-25 12:41:23,558  INFO - Run by: QUALITEST\ramanamma.robbi
2020-08-25 12:41:23,616  INFO - Opening C:\genesys\Genesys-Automation-master\Datasheets\CPQ_Automation_POC_Classic.xls
2020-08-25 12:41:30,576  INFO - Changing log level
2020-08-25 12:41:30,577  INFO - Log Level has successfuly changed to: TRACE
2020-08-25 12:41:30,578 DEBUG - Loading test case 'Verify cancellation of Account creation'
2020-08-25 12:41:30,592 DEBUG - Creating test case Verify cancellation of Account creation
2020-08-25 12:41:30,935 DEBUG - Loading keyword 'LoginToApplication' in app 'Classic'
2020-08-25 12:41:30,984 DEBUG - Checking in com.qualitestgroup.keywords.classic.Classic
2020-08-25 12:41:31,029 DEBUG - Loading keyword 'SelectAccountRecordType' in app 'Classic'
2020-08-25 12:41:31,030 DEBUG - Checking in com.qualitestgroup.keywords.classic.Classic
2020-08-25 12:41:31,033 DEBUG - Loading keyword 'AccountSearchByName' in app 'Classic'
2020-08-25 12:41:31,034 DEBUG - Checking in com.qualitestgroup.keywords.classic.Classic
2020-08-25 12:41:31,037 DEBUG - Loading keyword 'CancelAccountCreation' in app 'Classic'
2020-08-25 12:41:31,037 DEBUG - Checking in com.qualitestgroup.keywords.classic.Classic
2020-08-25 12:41:31,040 DEBUG - Loading keyword 'LogoutOfApplication' in app 'Classic'
2020-08-25 12:41:31,041 DEBUG - Checking in com.qualitestgroup.keywords.classic.Classic
2020-08-25 12:41:31,072  INFO - Changing log level
2020-08-25 12:41:31,072  INFO - Log Level has successfuly changed to: TRACE
2020-08-25 12:41:31,073 DEBUG - Loading test case 'Validation of error message in Accounts page'
2020-08-25 12:41:31,073 DEBUG - Creating test case Validation of error message in Accounts page
2020-08-25 12:41:31,537 DEBUG - Loading keyword 'LoginToApplication' in app 'Classic'
2020-08-25 12:41:31,538 DEBUG - Checking in com.qualitestgroup.keywords.classic.Classic
2020-08-25 12:41:31,539 DEBUG - Loading keyword 'SelectAccountRecordType' in app 'Classic'
2020-08-25 12:41:31,539 DEBUG - Checking in com.qualitestgroup.keywords.classic.Classic
2020-08-25 12:41:31,540 DEBUG - Loading keyword 'AccountSearchByName' in app 'Classic'
2020-08-25 12:41:31,540 DEBUG - Checking in com.qualitestgroup.keywords.classic.Classic
2020-08-25 12:41:31,541 DEBUG - Loading keyword 'ValidateErrorMessage' in app 'Classic'
2020-08-25 12:41:31,541 DEBUG - Checking in com.qualitestgroup.keywords.classic.Classic
2020-08-25 12:41:31,544 DEBUG - Loading keyword 'LogoutOfApplication' in app 'Classic'
2020-08-25 12:41:31,545 DEBUG - Checking in com.qualitestgroup.keywords.classic.Classic
2020-08-25 12:41:31,562  INFO - Changing log level
2020-08-25 12:41:31,562  INFO - Log Level has successfuly changed to: TRACE
2020-08-25 12:41:31,563 DEBUG - Loading test case 'Verify Creation of New Account'
2020-08-25 12:41:31,563 DEBUG - Creating test case Verify Creation of New Account
2020-08-25 12:41:31,922 DEBUG - Loading keyword 'LoginToApplication' in app 'Classic'
2020-08-25 12:41:31,923 DEBUG - Checking in com.qualitestgroup.keywords.classic.Classic
2020-08-25 12:41:31,925 DEBUG - Loading keyword 'SelectAccountRecordType' in app 'Classic'
2020-08-25 12:41:31,925 DEBUG - Checking in com.qualitestgroup.keywords.classic.Classic
2020-08-25 12:41:31,925 DEBUG - Loading keyword 'AccountSearchByName' in app 'Classic'
2020-08-25 12:41:31,925 DEBUG - Checking in com.qualitestgroup.keywords.classic.Classic
2020-08-25 12:41:31,927 DEBUG - Loading keyword 'EnterAccountMandatoryDetails' in app 'Classic'
2020-08-25 12:41:31,927 DEBUG - Checking in com.qualitestgroup.keywords.classic.Classic
2020-08-25 12:41:31,930 DEBUG - Loading keyword 'SaveAccountDetails' in app 'Classic'
2020-08-25 12:41:31,931 DEBUG - Checking in com.qualitestgroup.keywords.classic.Classic
2020-08-25 12:41:31,933 DEBUG - Loading keyword 'LogoutOfApplication' in app 'Classic'
2020-08-25 12:41:31,934 DEBUG - Checking in com.qualitestgroup.keywords.classic.Classic
2020-08-25 12:41:31,952  INFO - Changing log level
2020-08-25 12:41:31,952  INFO - Log Level has successfuly changed to: TRACE
2020-08-25 12:41:31,952 DEBUG - Loading test case 'Verify Account is saved and New Account creation page Opens on clicking Save & New Button'
2020-08-25 12:41:31,952 DEBUG - Creating test case Verify Account is saved and New Account creation page Opens on clicking Save & New Button
2020-08-25 12:41:32,280 DEBUG - Loading keyword 'LoginToApplication' in app 'Classic'
2020-08-25 12:41:32,281 DEBUG - Checking in com.qualitestgroup.keywords.classic.Classic
2020-08-25 12:41:32,281 DEBUG - Loading keyword 'SelectAccountRecordType' in app 'Classic'
2020-08-25 12:41:32,282 DEBUG - Checking in com.qualitestgroup.keywords.classic.Classic
2020-08-25 12:41:32,283 DEBUG - Loading keyword 'AccountSearchByName' in app 'Classic'
2020-08-25 12:41:32,283 DEBUG - Checking in com.qualitestgroup.keywords.classic.Classic
2020-08-25 12:41:32,283 DEBUG - Loading keyword 'EnterAccountMandatoryDetails' in app 'Classic'
2020-08-25 12:41:32,284 DEBUG - Checking in com.qualitestgroup.keywords.classic.Classic
2020-08-25 12:41:32,284 DEBUG - Loading keyword 'SaveAndNewAccount' in app 'Classic'
2020-08-25 12:41:32,285 DEBUG - Checking in com.qualitestgroup.keywords.classic.Classic
2020-08-25 12:41:32,287 DEBUG - Loading keyword 'LogoutOfApplication' in app 'Classic'
2020-08-25 12:41:32,289 DEBUG - Checking in com.qualitestgroup.keywords.classic.Classic
2020-08-25 12:41:32,304  INFO - Changing log level
2020-08-25 12:41:32,305  INFO - Log Level has successfuly changed to: TRACE
2020-08-25 12:41:32,306 DEBUG - Loading test case 'Verify user is able to edit account'
2020-08-25 12:41:32,306 DEBUG - Creating test case Verify user is able to edit account
2020-08-25 12:41:32,628 DEBUG - Loading keyword 'LoginToApplication' in app 'Classic'
2020-08-25 12:41:32,629 DEBUG - Checking in com.qualitestgroup.keywords.classic.Classic
2020-08-25 12:41:32,629 DEBUG - Loading keyword 'EditAccount' in app 'Classic'
2020-08-25 12:41:32,630 DEBUG - Checking in com.qualitestgroup.keywords.classic.Classic
2020-08-25 12:41:32,632 DEBUG - Loading keyword 'SaveAccountDetails' in app 'Classic'
2020-08-25 12:41:32,633 DEBUG - Checking in com.qualitestgroup.keywords.classic.Classic
2020-08-25 12:41:32,634 DEBUG - Loading keyword 'LogoutOfApplication' in app 'Classic'
2020-08-25 12:41:32,634 DEBUG - Checking in com.qualitestgroup.keywords.classic.Classic
2020-08-25 12:41:32,649  INFO - Changing log level
2020-08-25 12:41:32,649  INFO - Log Level has successfuly changed to: TRACE
2020-08-25 12:41:32,650 DEBUG - Loading test case 'Verify Account is saved and New Account creation page Opens on clicking Save & New Button while editing an Account'
2020-08-25 12:41:32,650 DEBUG - Creating test case Verify Account is saved and New Account creation page Opens on clicking Save & New Button while editing an Account
2020-08-25 12:41:33,039 DEBUG - Loading keyword 'LoginToApplication' in app 'Classic'
2020-08-25 12:41:33,040 DEBUG - Checking in com.qualitestgroup.keywords.classic.Classic
2020-08-25 12:41:33,040 DEBUG - Loading keyword 'EditAccount' in app 'Classic'
2020-08-25 12:41:33,041 DEBUG - Checking in com.qualitestgroup.keywords.classic.Classic
2020-08-25 12:41:33,041 DEBUG - Loading keyword 'SaveAndNewAccount' in app 'Classic'
2020-08-25 12:41:33,042 DEBUG - Checking in com.qualitestgroup.keywords.classic.Classic
2020-08-25 12:41:33,042 DEBUG - Loading keyword 'LogoutOfApplication' in app 'Classic'
2020-08-25 12:41:33,043 DEBUG - Checking in com.qualitestgroup.keywords.classic.Classic
2020-08-25 12:41:33,064  INFO - Changing log level
2020-08-25 12:41:33,064  INFO - Log Level has successfuly changed to: TRACE
2020-08-25 12:41:33,065 DEBUG - Loading test case 'Validation of error message in Contacts page'
2020-08-25 12:41:33,065 DEBUG - Creating test case Validation of error message in Contacts page
2020-08-25 12:41:33,521 DEBUG - Loading keyword 'LoginToApplication' in app 'Classic'
2020-08-25 12:41:33,522 DEBUG - Checking in com.qualitestgroup.keywords.classic.Classic
2020-08-25 12:41:33,523 DEBUG - Loading keyword 'SelectContactRecordType' in app 'Classic'
2020-08-25 12:41:33,523 DEBUG - Checking in com.qualitestgroup.keywords.classic.Classic
2020-08-25 12:41:33,527 DEBUG - Loading keyword 'ValidateErrorMessage' in app 'Classic'
2020-08-25 12:41:33,528 DEBUG - Checking in com.qualitestgroup.keywords.classic.Classic
2020-08-25 12:41:33,528 DEBUG - Loading keyword 'LogoutOfApplication' in app 'Classic'
2020-08-25 12:41:33,528 DEBUG - Checking in com.qualitestgroup.keywords.classic.Classic
2020-08-25 12:41:33,549  INFO - Changing log level
2020-08-25 12:41:33,549  INFO - Log Level has successfuly changed to: TRACE
2020-08-25 12:41:33,550 DEBUG - Loading test case 'Verify cancellation of Contact creation'
2020-08-25 12:41:33,550 DEBUG - Creating test case Verify cancellation of Contact creation
2020-08-25 12:41:33,997 DEBUG - Loading keyword 'LoginToApplication' in app 'Classic'
2020-08-25 12:41:33,998 DEBUG - Checking in com.qualitestgroup.keywords.classic.Classic
2020-08-25 12:41:33,998 DEBUG - Loading keyword 'SelectContactRecordType' in app 'Classic'
2020-08-25 12:41:33,999 DEBUG - Checking in com.qualitestgroup.keywords.classic.Classic
2020-08-25 12:41:33,999 DEBUG - Loading keyword 'CancelContactCreation' in app 'Classic'
2020-08-25 12:41:34,000 DEBUG - Checking in com.qualitestgroup.keywords.classic.Classic
2020-08-25 12:41:34,002 DEBUG - Loading keyword 'LogoutOfApplication' in app 'Classic'
2020-08-25 12:41:34,003 DEBUG - Checking in com.qualitestgroup.keywords.classic.Classic
2020-08-25 12:41:34,023  INFO - Changing log level
2020-08-25 12:41:34,024  INFO - Log Level has successfuly changed to: TRACE
2020-08-25 12:41:34,024 DEBUG - Loading test case 'Verify Creation of New Contact'
2020-08-25 12:41:34,025 DEBUG - Creating test case Verify Creation of New Contact
2020-08-25 12:41:34,475 DEBUG - Loading keyword 'LoginToApplication' in app 'Classic'
2020-08-25 12:41:34,476 DEBUG - Checking in com.qualitestgroup.keywords.classic.Classic
2020-08-25 12:41:34,477 DEBUG - Loading keyword 'SelectContactRecordType' in app 'Classic'
2020-08-25 12:41:34,477 DEBUG - Checking in com.qualitestgroup.keywords.classic.Classic
2020-08-25 12:41:34,478 DEBUG - Loading keyword 'EnterContactMandatoryDetails' in app 'Classic'
2020-08-25 12:41:34,479 DEBUG - Checking in com.qualitestgroup.keywords.classic.Classic
2020-08-25 12:41:34,482 DEBUG - Loading keyword 'SaveContactDetails' in app 'Classic'
2020-08-25 12:41:34,482 DEBUG - Checking in com.qualitestgroup.keywords.classic.Classic
2020-08-25 12:41:34,485 DEBUG - Loading keyword 'LogoutOfApplication' in app 'Classic'
2020-08-25 12:41:34,486 DEBUG - Checking in com.qualitestgroup.keywords.classic.Classic
2020-08-25 12:41:34,505  INFO - Changing log level
2020-08-25 12:41:34,505  INFO - Log Level has successfuly changed to: TRACE
2020-08-25 12:41:34,506 DEBUG - Loading test case 'Verify Contact is saved and New Contact creation page Opens on clicking Save & New Button'
2020-08-25 12:41:34,506 DEBUG - Creating test case Verify Contact is saved and New Contact creation page Opens on clicking Save & New Button
2020-08-25 12:41:34,856 DEBUG - Loading keyword 'LoginToApplication' in app 'Classic'
2020-08-25 12:41:34,858 DEBUG - Checking in com.qualitestgroup.keywords.classic.Classic
2020-08-25 12:41:34,858 DEBUG - Loading keyword 'SelectContactRecordType' in app 'Classic'
2020-08-25 12:41:34,859 DEBUG - Checking in com.qualitestgroup.keywords.classic.Classic
2020-08-25 12:41:34,859 DEBUG - Loading keyword 'EnterContactMandatoryDetails' in app 'Classic'
2020-08-25 12:41:34,860 DEBUG - Checking in com.qualitestgroup.keywords.classic.Classic
2020-08-25 12:41:34,860 DEBUG - Loading keyword 'SaveAndNewContact' in app 'Classic'
2020-08-25 12:41:34,861 DEBUG - Checking in com.qualitestgroup.keywords.classic.Classic
2020-08-25 12:41:34,863 DEBUG - Loading keyword 'LogoutOfApplication' in app 'Classic'
2020-08-25 12:41:34,864 DEBUG - Checking in com.qualitestgroup.keywords.classic.Classic
2020-08-25 12:41:34,877  INFO - Changing log level
2020-08-25 12:41:34,878  INFO - Log Level has successfuly changed to: TRACE
2020-08-25 12:41:34,878 DEBUG - Loading test case 'Verify user is able to edit contact'
2020-08-25 12:41:34,879 DEBUG - Creating test case Verify user is able to edit contact
2020-08-25 12:41:35,204 DEBUG - Loading keyword 'LoginToApplication' in app 'Classic'
2020-08-25 12:41:35,205 DEBUG - Checking in com.qualitestgroup.keywords.classic.Classic
2020-08-25 12:41:35,206 DEBUG - Loading keyword 'EditContact' in app 'Classic'
2020-08-25 12:41:35,206 DEBUG - Checking in com.qualitestgroup.keywords.classic.Classic
2020-08-25 12:41:35,209 DEBUG - Loading keyword 'SaveContactDetails' in app 'Classic'
2020-08-25 12:41:35,210 DEBUG - Checking in com.qualitestgroup.keywords.classic.Classic
2020-08-25 12:41:35,210 DEBUG - Loading keyword 'LogoutOfApplication' in app 'Classic'
2020-08-25 12:41:35,210 DEBUG - Checking in com.qualitestgroup.keywords.classic.Classic
2020-08-25 12:41:35,224  INFO - Changing log level
2020-08-25 12:41:35,224  INFO - Log Level has successfuly changed to: TRACE
2020-08-25 12:41:35,224 DEBUG - Loading test case 'Verify Contact is saved and New Contact creation page Opens on clicking Save & New Button while editing an Contact'
2020-08-25 12:41:35,225 DEBUG - Creating test case Verify Contact is saved and New Contact creation page Opens on clicking Save & New Button while editing an Contact
2020-08-25 12:41:35,550 DEBUG - Loading keyword 'LoginToApplication' in app 'Classic'
2020-08-25 12:41:35,551 DEBUG - Checking in com.qualitestgroup.keywords.classic.Classic
2020-08-25 12:41:35,552 DEBUG - Loading keyword 'EditContact' in app 'Classic'
2020-08-25 12:41:35,552 DEBUG - Checking in com.qualitestgroup.keywords.classic.Classic
2020-08-25 12:41:35,552 DEBUG - Loading keyword 'SaveAndNewContact' in app 'Classic'
2020-08-25 12:41:35,553 DEBUG - Checking in com.qualitestgroup.keywords.classic.Classic
2020-08-25 12:41:35,553 DEBUG - Loading keyword 'LogoutOfApplication' in app 'Classic'
2020-08-25 12:41:35,554 DEBUG - Checking in com.qualitestgroup.keywords.classic.Classic
2020-08-25 12:41:35,567  INFO - Changing log level
2020-08-25 12:41:35,567  INFO - Log Level has successfuly changed to: TRACE
2020-08-25 12:41:35,568 DEBUG - Loading test case 'Verify the User is able to Create a New Opportunity'
2020-08-25 12:41:35,568 DEBUG - Creating test case Verify the User is able to Create a New Opportunity
2020-08-25 12:41:35,987 DEBUG - Loading keyword 'LoginToApplication' in app 'Classic'
2020-08-25 12:41:35,988 DEBUG - Checking in com.qualitestgroup.keywords.classic.Classic
2020-08-25 12:41:35,989 DEBUG - Loading keyword 'SelectOpportunitiesRecordType' in app 'Classic'
2020-08-25 12:41:35,989 DEBUG - Checking in com.qualitestgroup.keywords.classic.Classic
2020-08-25 12:41:35,992 DEBUG - Loading keyword 'EnterOpportunitiesMandatoryDetails' in app 'Classic'
2020-08-25 12:41:35,993 DEBUG - Checking in com.qualitestgroup.keywords.classic.Classic
2020-08-25 12:41:35,997 DEBUG - Loading keyword 'SaveOpportunitiesDetails' in app 'Classic'
2020-08-25 12:41:35,998 DEBUG - Checking in com.qualitestgroup.keywords.classic.Classic
2020-08-25 12:41:36,001 DEBUG - Loading keyword 'LogoutOfApplication' in app 'Classic'
2020-08-25 12:41:36,001 DEBUG - Checking in com.qualitestgroup.keywords.classic.Classic
2020-08-25 12:41:36,018  INFO - Changing log level
2020-08-25 12:41:36,019  INFO - Log Level has successfuly changed to: TRACE
2020-08-25 12:41:36,019 DEBUG - Loading test case 'Verify the User is able to Edit the Existing Opportunity'
2020-08-25 12:41:36,020 DEBUG - Creating test case Verify the User is able to Edit the Existing Opportunity
2020-08-25 12:41:36,367 DEBUG - Loading keyword 'LoginToApplication' in app 'Classic'
2020-08-25 12:41:36,368 DEBUG - Checking in com.qualitestgroup.keywords.classic.Classic
2020-08-25 12:41:36,369 DEBUG - Loading keyword 'EditOpportunity' in app 'Classic'
2020-08-25 12:41:36,369 DEBUG - Checking in com.qualitestgroup.keywords.classic.Classic
2020-08-25 12:41:36,372 DEBUG - Loading keyword 'SaveEditedOpportunity' in app 'Classic'
2020-08-25 12:41:36,373 DEBUG - Checking in com.qualitestgroup.keywords.classic.Classic
2020-08-25 12:41:36,376 DEBUG - Loading keyword 'LogoutOfApplication' in app 'Classic'
2020-08-25 12:41:36,376 DEBUG - Checking in com.qualitestgroup.keywords.classic.Classic
2020-08-25 12:41:36,406  INFO - Changing log level
2020-08-25 12:41:36,406  INFO - Log Level has successfuly changed to: TRACE
2020-08-25 12:41:36,407 DEBUG - Loading test case 'Verify  the user is able to  Create a New Quote on a existing Opportunity and add the Products to the same Quote'
2020-08-25 12:41:36,407 DEBUG - Creating test case Verify  the user is able to  Create a New Quote on a existing Opportunity and add the Products to the same Quote
2020-08-25 12:41:36,783 DEBUG - Loading keyword 'LoginToApplication' in app 'Classic'
2020-08-25 12:41:36,784 DEBUG - Checking in com.qualitestgroup.keywords.classic.Classic
2020-08-25 12:41:36,785 DEBUG - Loading keyword 'AddQuoteToOpportunity' in app 'Classic'
2020-08-25 12:41:36,785 DEBUG - Checking in com.qualitestgroup.keywords.classic.Classic
2020-08-25 12:41:36,788 DEBUG - Loading keyword 'SelectQuoteRecordType' in app 'Classic'
2020-08-25 12:41:36,788 DEBUG - Checking in com.qualitestgroup.keywords.classic.Classic
2020-08-25 12:41:36,791 DEBUG - Loading keyword 'EnterQuoteMandatoryDetails' in app 'Classic'
2020-08-25 12:41:36,791 DEBUG - Checking in com.qualitestgroup.keywords.classic.Classic
2020-08-25 12:41:36,793 DEBUG - Loading keyword 'SaveQuoteDetails' in app 'Classic'
2020-08-25 12:41:36,794 DEBUG - Checking in com.qualitestgroup.keywords.classic.Classic
2020-08-25 12:41:36,796 DEBUG - Loading keyword 'NavigateToEditLineItemsPage' in app 'Classic'
2020-08-25 12:41:36,797 DEBUG - Checking in com.qualitestgroup.keywords.classic.Classic
2020-08-25 12:41:36,799 DEBUG - Loading keyword 'SearchAndAddOneHardwareProduct' in app 'Classic'
2020-08-25 12:41:36,799 DEBUG - Checking in com.qualitestgroup.keywords.classic.Classic
2020-08-25 12:41:36,802 DEBUG - Loading keyword 'LogoutOfApplication' in app 'Classic'
2020-08-25 12:41:36,803 DEBUG - Checking in com.qualitestgroup.keywords.classic.Classic
2020-08-25 12:41:36,814  INFO - Changing log level
2020-08-25 12:41:36,815  INFO - Log Level has successfuly changed to: TRACE
2020-08-25 12:41:36,816 DEBUG - Loading test case 'Verify  the user is able to  Edit the Existing Quote'
2020-08-25 12:41:36,816 DEBUG - Creating test case Verify  the user is able to  Edit the Existing Quote
2020-08-25 12:41:37,200 DEBUG - Loading keyword 'LoginToApplication' in app 'Classic'
2020-08-25 12:41:37,201 DEBUG - Checking in com.qualitestgroup.keywords.classic.Classic
2020-08-25 12:41:37,204 DEBUG - Loading keyword 'EditQuoteAddedToOpportunity' in app 'Classic'
2020-08-25 12:41:37,205 DEBUG - Checking in com.qualitestgroup.keywords.classic.Classic
2020-08-25 12:41:37,208 DEBUG - Loading keyword 'LogoutOfApplication' in app 'Classic'
2020-08-25 12:41:37,208 DEBUG - Checking in com.qualitestgroup.keywords.classic.Classic
2020-08-25 12:41:40,094  INFO - Checking Verify cancellation of Account creation's dependencies.
2020-08-25 12:41:40,107  INFO - Dependencies OK, running test.
2020-08-25 12:41:40,114  INFO - Changing log level
2020-08-25 12:41:40,119  INFO - Log Level has successfuly changed to: TRACE
2020-08-25 12:41:40,123  INFO - Changing log level
2020-08-25 12:41:40,127  INFO - Log Level has successfuly changed to: TRACE
2020-08-25 12:41:40,273  INFO - Loading test data for Verify cancellation of Account creation
2020-08-25 12:41:43,526  INFO - Changing log level
2020-08-25 12:41:43,529  INFO - Log Level has successfuly changed to: TRACE
2020-08-25 12:41:43,532  INFO - Verify cancellation of Account creation run #1
2020-08-25 12:41:43,537 DEBUG - Args: {Username=siva_surya_prasand.arivalagan@genesys.com.qa, URL=https://genesys--qa.my.salesforce.com/, Browser=Chrome, Password=S@lesforce2}
2020-08-25 12:41:43,541  INFO - Initializing keyword LoginToApplication
2020-08-25 12:41:43,544  INFO - Executing keyword LoginToApplication
2020-08-25 12:41:43,556 DEBUG - Checking in com.qualitestgroup.keywords.browser.Browser
2020-08-25 12:41:43,572 DEBUG - Checking in com.qualitestgroup.keywords.common.Browser
2020-08-25 12:41:43,678 DEBUG - Args: {Browser=Chrome}
2020-08-25 12:41:43,681  INFO - Initializing keyword Launch
2020-08-25 12:41:43,693  INFO - Executing keyword Launch
2020-08-25 12:42:00,245  INFO - Cleaning up keyword Launch
2020-08-25 12:42:00,246  INFO - Keyword Launch complete.
2020-08-25 12:42:19,341  INFO - Cleaning up keyword LoginToApplication
2020-08-25 12:42:19,343  INFO - Keyword LoginToApplication complete.
2020-08-25 12:42:21,052 DEBUG - Arguments: {Username=siva_surya_prasand.arivalagan@genesys.com.qa, URL=https://genesys--qa.my.salesforce.com/, Browser=Chrome, Password=S@lesforce2}
2020-08-25 12:42:22,037 DEBUG - <a href="screenshots/shot_2020-8-25_12h42m21s63ms.jpg">Screen Shot</a>
2020-08-25 12:42:22,043 DEBUG - Args: {RecordType=Consultant Record Type}
2020-08-25 12:42:22,044  INFO - Initializing keyword SelectAccountRecordType
2020-08-25 12:42:22,045  INFO - Executing keyword SelectAccountRecordType
2020-08-25 12:42:29,388  INFO - Cleaning up keyword SelectAccountRecordType
2020-08-25 12:42:29,389  INFO - Keyword SelectAccountRecordType complete.
2020-08-25 12:42:30,293 DEBUG - Arguments: {RecordType=Consultant Record Type}
2020-08-25 12:42:31,221 DEBUG - <a href="screenshots/shot_2020-8-25_12h42m30s302ms.jpg">Screen Shot</a>
2020-08-25 12:42:31,229 DEBUG - Args: {RecordType=Consultant Record Type, AccountName=Auto_Acct001}
2020-08-25 12:42:31,230  INFO - Initializing keyword AccountSearchByName
2020-08-25 12:42:31,231  INFO - Executing keyword AccountSearchByName
2020-08-25 12:42:39,599  INFO - Cleaning up keyword AccountSearchByName
2020-08-25 12:42:39,601  INFO - Keyword AccountSearchByName complete.
2020-08-25 12:42:40,309 DEBUG - Arguments: {RecordType=Consultant Record Type, AccountName=Auto_Acct001}
2020-08-25 12:42:41,139 DEBUG - <a href="screenshots/shot_2020-8-25_12h42m40s312ms.jpg">Screen Shot</a>
2020-08-25 12:42:41,141 DEBUG - Args: {}
2020-08-25 12:42:41,142  INFO - Initializing keyword CancelAccountCreation
2020-08-25 12:42:41,142  INFO - Executing keyword CancelAccountCreation
2020-08-25 12:42:43,890  INFO - Cleaning up keyword CancelAccountCreation
2020-08-25 12:42:43,891  INFO - Keyword CancelAccountCreation complete.
2020-08-25 12:42:44,915 DEBUG - Arguments: {}
2020-08-25 12:42:45,918 DEBUG - <a href="screenshots/shot_2020-8-25_12h42m44s926ms.jpg">Screen Shot</a>
2020-08-25 12:42:45,922 DEBUG - Args: {}
2020-08-25 12:42:45,924  INFO - Initializing keyword LogoutOfApplication
2020-08-25 12:42:45,925  INFO - Executing keyword LogoutOfApplication
2020-08-25 12:42:48,564  INFO - Cleaning up keyword LogoutOfApplication
2020-08-25 12:42:48,564  INFO - Keyword LogoutOfApplication complete.
2020-08-25 12:42:49,664 DEBUG - Arguments: {}
2020-08-25 12:42:50,730 DEBUG - <a href="screenshots/shot_2020-8-25_12h42m49s672ms.jpg">Screen Shot</a>
2020-08-25 12:42:51,653  INFO - Verify cancellation of Account creation completed.
2020-08-25 12:42:54,616  INFO - Checking Validation of error message in Accounts page's dependencies.
2020-08-25 12:42:54,616  INFO - Dependencies OK, running test.
2020-08-25 12:42:54,617  INFO - Changing log level
2020-08-25 12:42:54,617  INFO - Log Level has successfuly changed to: TRACE
2020-08-25 12:42:54,618  INFO - Changing log level
2020-08-25 12:42:54,618  INFO - Log Level has successfuly changed to: TRACE
2020-08-25 12:42:54,621  INFO - Loading test data for Validation of error message in Accounts page
2020-08-25 12:42:54,960  INFO - Changing log level
2020-08-25 12:42:54,960  INFO - Log Level has successfuly changed to: TRACE
2020-08-25 12:42:54,961  INFO - Validation of error message in Accounts page run #1
2020-08-25 12:42:54,961 DEBUG - Args: {Username=siva_surya_prasand.arivalagan@genesys.com.qa, URL=https://genesys--qa.my.salesforce.com/, Browser=Chrome, Password=S@lesforce2}
2020-08-25 12:42:54,962  INFO - Initializing keyword LoginToApplication
2020-08-25 12:42:54,962  INFO - Executing keyword LoginToApplication
2020-08-25 12:42:54,964 DEBUG - Checking in com.qualitestgroup.keywords.browser.Browser
2020-08-25 12:42:54,968 DEBUG - Checking in com.qualitestgroup.keywords.common.Browser
2020-08-25 12:42:54,969 DEBUG - Args: {Browser=Chrome}
2020-08-25 12:42:54,969  INFO - Initializing keyword Launch
2020-08-25 12:42:54,970  INFO - Executing keyword Launch
2020-08-25 12:43:00,820  INFO - Cleaning up keyword Launch
2020-08-25 12:43:00,823  INFO - Keyword Launch complete.
2020-08-25 12:43:16,227  INFO - Cleaning up keyword LoginToApplication
2020-08-25 12:43:16,229  INFO - Keyword LoginToApplication complete.
2020-08-25 12:43:17,879 DEBUG - Arguments: {Username=siva_surya_prasand.arivalagan@genesys.com.qa, URL=https://genesys--qa.my.salesforce.com/, Browser=Chrome, Password=S@lesforce2}
2020-08-25 12:43:18,689 DEBUG - <a href="screenshots/shot_2020-8-25_12h43m17s885ms.jpg">Screen Shot</a>
2020-08-25 12:43:18,695 DEBUG - Args: {RecordType=Consultant Record Type}
2020-08-25 12:43:18,697  INFO - Initializing keyword SelectAccountRecordType
2020-08-25 12:43:18,698  INFO - Executing keyword SelectAccountRecordType
2020-08-25 12:43:26,230  INFO - Cleaning up keyword SelectAccountRecordType
2020-08-25 12:43:26,232  INFO - Keyword SelectAccountRecordType complete.
2020-08-25 12:43:27,069 DEBUG - Arguments: {RecordType=Consultant Record Type}
2020-08-25 12:43:27,857 DEBUG - <a href="screenshots/shot_2020-8-25_12h43m27s76ms.jpg">Screen Shot</a>
2020-08-25 12:43:27,863 DEBUG - Args: {RecordType=Consultant Record Type, AccountName=Auto_Acct001}
2020-08-25 12:43:27,864  INFO - Initializing keyword AccountSearchByName
2020-08-25 12:43:27,866  INFO - Executing keyword AccountSearchByName
2020-08-25 12:43:36,175  INFO - Cleaning up keyword AccountSearchByName
2020-08-25 12:43:36,176  INFO - Keyword AccountSearchByName complete.
2020-08-25 12:43:37,046 DEBUG - Arguments: {RecordType=Consultant Record Type, AccountName=Auto_Acct001}
2020-08-25 12:43:37,872 DEBUG - <a href="screenshots/shot_2020-8-25_12h43m37s54ms.jpg">Screen Shot</a>
2020-08-25 12:43:37,876 DEBUG - Args: {ErrorMessages=Error: Invalid Data.
Review all error messages below to correct your data.|Error: You must enter a value}
2020-08-25 12:43:37,877  INFO - Initializing keyword ValidateErrorMessage
2020-08-25 12:43:37,878  INFO - Executing keyword ValidateErrorMessage
2020-08-25 12:43:40,805  INFO - Cleaning up keyword ValidateErrorMessage
2020-08-25 12:43:40,808  INFO - Keyword ValidateErrorMessage complete.
2020-08-25 12:43:41,522 DEBUG - Arguments: {ErrorMessages=Error: Invalid Data.
Review all error messages below to correct your data.|Error: You must enter a value}
2020-08-25 12:43:42,032 DEBUG - <a href="screenshots/shot_2020-8-25_12h43m41s526ms.jpg">Screen Shot</a>
2020-08-25 12:43:42,034 DEBUG - Args: {}
2020-08-25 12:43:42,034  INFO - Initializing keyword LogoutOfApplication
2020-08-25 12:43:42,035  INFO - Executing keyword LogoutOfApplication
2020-08-25 12:43:44,563  INFO - Cleaning up keyword LogoutOfApplication
2020-08-25 12:43:44,563  INFO - Keyword LogoutOfApplication complete.
2020-08-25 12:43:45,699 DEBUG - Arguments: {}
2020-08-25 12:43:46,617 DEBUG - <a href="screenshots/shot_2020-8-25_12h43m45s706ms.jpg">Screen Shot</a>
2020-08-25 12:43:47,546  INFO - Validation of error message in Accounts page completed.
2020-08-25 12:43:49,419  INFO - Checking Verify Creation of New Account's dependencies.
2020-08-25 12:43:49,422  INFO - Dependencies OK, running test.
2020-08-25 12:43:49,422  INFO - Changing log level
2020-08-25 12:43:49,423  INFO - Log Level has successfuly changed to: TRACE
2020-08-25 12:43:49,424  INFO - Changing log level
2020-08-25 12:43:49,425  INFO - Log Level has successfuly changed to: TRACE
2020-08-25 12:43:49,430  INFO - Loading test data for Verify Creation of New Account
2020-08-25 12:43:49,825  INFO - Changing log level
2020-08-25 12:43:49,826  INFO - Log Level has successfuly changed to: TRACE
2020-08-25 12:43:49,827  INFO - Verify Creation of New Account run #1
2020-08-25 12:43:49,827 DEBUG - Args: {Username=siva_surya_prasand.arivalagan@genesys.com.qa, URL=https://genesys--qa.my.salesforce.com/, Browser=Chrome, Password=S@lesforce2}
2020-08-25 12:43:49,827  INFO - Initializing keyword LoginToApplication
2020-08-25 12:43:49,829  INFO - Executing keyword LoginToApplication
2020-08-25 12:43:49,830 DEBUG - Checking in com.qualitestgroup.keywords.browser.Browser
2020-08-25 12:43:49,832 DEBUG - Checking in com.qualitestgroup.keywords.common.Browser
2020-08-25 12:43:49,833 DEBUG - Args: {Browser=Chrome}
2020-08-25 12:43:49,834  INFO - Initializing keyword Launch
2020-08-25 12:43:49,834  INFO - Executing keyword Launch
2020-08-25 12:43:55,632  INFO - Cleaning up keyword Launch
2020-08-25 12:43:55,635  INFO - Keyword Launch complete.
2020-08-25 12:44:10,767  INFO - Cleaning up keyword LoginToApplication
2020-08-25 12:44:10,768  INFO - Keyword LoginToApplication complete.
2020-08-25 12:44:11,889 DEBUG - Arguments: {Username=siva_surya_prasand.arivalagan@genesys.com.qa, URL=https://genesys--qa.my.salesforce.com/, Browser=Chrome, Password=S@lesforce2}
2020-08-25 12:44:13,369 DEBUG - <a href="screenshots/shot_2020-8-25_12h44m11s896ms.jpg">Screen Shot</a>
2020-08-25 12:44:13,374 DEBUG - Args: {RecordType=Consultant Record Type}
2020-08-25 12:44:13,375  INFO - Initializing keyword SelectAccountRecordType
2020-08-25 12:44:13,376  INFO - Executing keyword SelectAccountRecordType
2020-08-25 12:44:20,267  INFO - Cleaning up keyword SelectAccountRecordType
2020-08-25 12:44:20,269  INFO - Keyword SelectAccountRecordType complete.
2020-08-25 12:44:21,064 DEBUG - Arguments: {RecordType=Consultant Record Type}
2020-08-25 12:44:21,882 DEBUG - <a href="screenshots/shot_2020-8-25_12h44m21s68ms.jpg">Screen Shot</a>
2020-08-25 12:44:21,888 DEBUG - Args: {RecordType=Consultant Record Type, AccountName=Auto_Acct001}
2020-08-25 12:44:21,889  INFO - Initializing keyword AccountSearchByName
2020-08-25 12:44:21,890  INFO - Executing keyword AccountSearchByName
2020-08-25 12:44:30,166  INFO - Cleaning up keyword AccountSearchByName
2020-08-25 12:44:30,169  INFO - Keyword AccountSearchByName complete.
2020-08-25 12:44:31,002 DEBUG - Arguments: {RecordType=Consultant Record Type, AccountName=Auto_Acct001}
2020-08-25 12:44:31,882 DEBUG - <a href="screenshots/shot_2020-8-25_12h44m31s6ms.jpg">Screen Shot</a>
2020-08-25 12:44:31,887 DEBUG - Args: {AccountFieldValues=Automation|400 New York Ave|88310|Alamogordo|United States|BUSINESS SERVICES|Small|Business-to-Consumer|40664|8100}
2020-08-25 12:44:31,888  INFO - Initializing keyword EnterAccountMandatoryDetails
2020-08-25 12:44:31,890  INFO - Executing keyword EnterAccountMandatoryDetails
2020-08-25 12:45:05,211  INFO - Cleaning up keyword EnterAccountMandatoryDetails
2020-08-25 12:45:05,212  INFO - Keyword EnterAccountMandatoryDetails complete.
2020-08-25 12:45:05,601 DEBUG - Arguments: {AccountFieldValues=Automation|400 New York Ave|88310|Alamogordo|United States|BUSINESS SERVICES|Small|Business-to-Consumer|40664|8100}
2020-08-25 12:45:05,950 DEBUG - <a href="screenshots/shot_2020-8-25_12h45m5s603ms.jpg">Screen Shot</a>
2020-08-25 12:45:05,952 DEBUG - Args: {}
2020-08-25 12:45:05,953  INFO - Initializing keyword SaveAccountDetails
2020-08-25 12:45:05,953  INFO - Executing keyword SaveAccountDetails
2020-08-25 12:45:15,106  INFO - Cleaning up keyword SaveAccountDetails
2020-08-25 12:45:15,107  INFO - Keyword SaveAccountDetails complete.
2020-08-25 12:45:15,637 DEBUG - Arguments: {}
2020-08-25 12:45:16,296 DEBUG - <a href="screenshots/shot_2020-8-25_12h45m15s639ms.jpg">Screen Shot</a>
2020-08-25 12:45:16,300 DEBUG - Args: {}
2020-08-25 12:45:16,300  INFO - Initializing keyword LogoutOfApplication
2020-08-25 12:45:16,301  INFO - Executing keyword LogoutOfApplication
2020-08-25 12:45:18,767  INFO - Cleaning up keyword LogoutOfApplication
2020-08-25 12:45:18,768  INFO - Keyword LogoutOfApplication complete.
2020-08-25 12:45:19,520 DEBUG - Arguments: {}
2020-08-25 12:45:20,078 DEBUG - <a href="screenshots/shot_2020-8-25_12h45m19s521ms.jpg">Screen Shot</a>
2020-08-25 12:45:20,398  INFO - Verify Creation of New Account completed.
2020-08-25 12:45:21,704  INFO - Checking Verify Account is saved and New Account creation page Opens on clicking Save & New Button's dependencies.
2020-08-25 12:45:21,705  INFO - Dependencies OK, running test.
2020-08-25 12:45:21,705  INFO - Changing log level
2020-08-25 12:45:21,706  INFO - Log Level has successfuly changed to: TRACE
2020-08-25 12:45:21,706  INFO - Changing log level
2020-08-25 12:45:21,706  INFO - Log Level has successfuly changed to: TRACE
2020-08-25 12:45:21,709  INFO - Loading test data for Verify Account is saved and New Account creation page Opens on clicking Save & New Button
2020-08-25 12:45:22,126  INFO - Changing log level
2020-08-25 12:45:22,126  INFO - Log Level has successfuly changed to: TRACE
2020-08-25 12:45:22,127  INFO - Verify Account is saved and New Account creation page Opens on clicking Save & New Button run #1
2020-08-25 12:45:22,127 DEBUG - Args: {Username=siva_surya_prasand.arivalagan@genesys.com.qa, URL=https://genesys--qa.my.salesforce.com/, Browser=Chrome, Password=S@lesforce2}
2020-08-25 12:45:22,128  INFO - Initializing keyword LoginToApplication
2020-08-25 12:45:22,128  INFO - Executing keyword LoginToApplication
2020-08-25 12:45:22,131 DEBUG - Checking in com.qualitestgroup.keywords.browser.Browser
2020-08-25 12:45:22,134 DEBUG - Checking in com.qualitestgroup.keywords.common.Browser
2020-08-25 12:45:22,135 DEBUG - Args: {Browser=Chrome}
2020-08-25 12:45:22,135  INFO - Initializing keyword Launch
2020-08-25 12:45:22,135  INFO - Executing keyword Launch
2020-08-25 12:45:27,802  INFO - Cleaning up keyword Launch
2020-08-25 12:45:27,804  INFO - Keyword Launch complete.
2020-08-25 12:45:42,786  INFO - Cleaning up keyword LoginToApplication
2020-08-25 12:45:42,786  INFO - Keyword LoginToApplication complete.
2020-08-25 12:45:43,318 DEBUG - Arguments: {Username=siva_surya_prasand.arivalagan@genesys.com.qa, URL=https://genesys--qa.my.salesforce.com/, Browser=Chrome, Password=S@lesforce2}
2020-08-25 12:45:44,132 DEBUG - <a href="screenshots/shot_2020-8-25_12h45m43s319ms.jpg">Screen Shot</a>
2020-08-25 12:45:44,135 DEBUG - Args: {RecordType=Consultant Record Type}
2020-08-25 12:45:44,135  INFO - Initializing keyword SelectAccountRecordType
2020-08-25 12:45:44,135  INFO - Executing keyword SelectAccountRecordType
2020-08-25 12:45:49,302  INFO - Cleaning up keyword SelectAccountRecordType
2020-08-25 12:45:49,303  INFO - Keyword SelectAccountRecordType complete.
2020-08-25 12:45:49,827 DEBUG - Arguments: {RecordType=Consultant Record Type}
2020-08-25 12:45:50,413 DEBUG - <a href="screenshots/shot_2020-8-25_12h45m49s829ms.jpg">Screen Shot</a>
2020-08-25 12:45:50,415 DEBUG - Args: {RecordType=Consultant Record Type, AccountName=Auto_Acct001}
2020-08-25 12:45:50,415  INFO - Initializing keyword AccountSearchByName
2020-08-25 12:45:50,416  INFO - Executing keyword AccountSearchByName
2020-08-25 12:45:56,873  INFO - Cleaning up keyword AccountSearchByName
2020-08-25 12:45:56,873  INFO - Keyword AccountSearchByName complete.
2020-08-25 12:45:57,348 DEBUG - Arguments: {RecordType=Consultant Record Type, AccountName=Auto_Acct001}
2020-08-25 12:45:57,976 DEBUG - <a href="screenshots/shot_2020-8-25_12h45m57s350ms.jpg">Screen Shot</a>
2020-08-25 12:45:57,979 DEBUG - Args: {AccountFieldValues=Automation|400 New York Ave|88310|Alamogordo|United States|BUSINESS SERVICES|Small|Business-to-Consumer|40664|8100}
2020-08-25 12:45:57,979  INFO - Initializing keyword EnterAccountMandatoryDetails
2020-08-25 12:45:57,980  INFO - Executing keyword EnterAccountMandatoryDetails
2020-08-25 12:46:30,336  INFO - Cleaning up keyword EnterAccountMandatoryDetails
2020-08-25 12:46:30,336  INFO - Keyword EnterAccountMandatoryDetails complete.
2020-08-25 12:46:30,703 DEBUG - Arguments: {AccountFieldValues=Automation|400 New York Ave|88310|Alamogordo|United States|BUSINESS SERVICES|Small|Business-to-Consumer|40664|8100}
2020-08-25 12:46:31,029 DEBUG - <a href="screenshots/shot_2020-8-25_12h46m30s705ms.jpg">Screen Shot</a>
2020-08-25 12:46:31,031 DEBUG - Args: {}
2020-08-25 12:46:31,031  INFO - Initializing keyword SaveAndNewAccount
2020-08-25 12:46:31,032  INFO - Executing keyword SaveAndNewAccount
2020-08-25 12:46:37,159  INFO - Cleaning up keyword SaveAndNewAccount
2020-08-25 12:46:37,159  INFO - Keyword SaveAndNewAccount complete.
2020-08-25 12:46:37,778 DEBUG - Arguments: {}
2020-08-25 12:46:38,264 DEBUG - <a href="screenshots/shot_2020-8-25_12h46m37s779ms.jpg">Screen Shot</a>
2020-08-25 12:46:38,266 DEBUG - Args: {}
2020-08-25 12:46:38,266  INFO - Initializing keyword LogoutOfApplication
2020-08-25 12:46:38,267  INFO - Executing keyword LogoutOfApplication
2020-08-25 12:46:40,342  INFO - Cleaning up keyword LogoutOfApplication
2020-08-25 12:46:40,343  INFO - Keyword LogoutOfApplication complete.
2020-08-25 12:46:40,980 DEBUG - Arguments: {}
2020-08-25 12:46:41,639 DEBUG - <a href="screenshots/shot_2020-8-25_12h46m40s984ms.jpg">Screen Shot</a>
2020-08-25 12:46:41,979  INFO - Verify Account is saved and New Account creation page Opens on clicking Save & New Button completed.
2020-08-25 12:46:43,392  INFO - Checking Verify user is able to edit account's dependencies.
2020-08-25 12:46:43,393  INFO - Dependencies OK, running test.
2020-08-25 12:46:43,393  INFO - Changing log level
2020-08-25 12:46:43,394  INFO - Log Level has successfuly changed to: TRACE
2020-08-25 12:46:43,394  INFO - Changing log level
2020-08-25 12:46:43,394  INFO - Log Level has successfuly changed to: TRACE
2020-08-25 12:46:43,396  INFO - Loading test data for Verify user is able to edit account
2020-08-25 12:46:43,799  INFO - Changing log level
2020-08-25 12:46:43,800  INFO - Log Level has successfuly changed to: TRACE
2020-08-25 12:46:43,800  INFO - Verify user is able to edit account run #1
2020-08-25 12:46:43,801 DEBUG - Args: {Username=siva_surya_prasand.arivalagan@genesys.com.qa, URL=https://genesys--qa.my.salesforce.com/, Browser=Chrome, Password=S@lesforce2}
2020-08-25 12:46:43,801  INFO - Initializing keyword LoginToApplication
2020-08-25 12:46:43,802  INFO - Executing keyword LoginToApplication
2020-08-25 12:46:43,805 DEBUG - Checking in com.qualitestgroup.keywords.browser.Browser
2020-08-25 12:46:43,807 DEBUG - Checking in com.qualitestgroup.keywords.common.Browser
2020-08-25 12:46:43,808 DEBUG - Args: {Browser=Chrome}
2020-08-25 12:46:43,808  INFO - Initializing keyword Launch
2020-08-25 12:46:43,809  INFO - Executing keyword Launch
2020-08-25 12:46:49,442  INFO - Cleaning up keyword Launch
2020-08-25 12:46:49,443  INFO - Keyword Launch complete.
2020-08-25 12:47:03,993  INFO - Cleaning up keyword LoginToApplication
2020-08-25 12:47:03,994  INFO - Keyword LoginToApplication complete.
2020-08-25 12:47:04,507 DEBUG - Arguments: {Username=siva_surya_prasand.arivalagan@genesys.com.qa, URL=https://genesys--qa.my.salesforce.com/, Browser=Chrome, Password=S@lesforce2}
2020-08-25 12:47:05,184 DEBUG - <a href="screenshots/shot_2020-8-25_12h47m4s511ms.jpg">Screen Shot</a>
2020-08-25 12:47:05,186 DEBUG - Args: {AccountName=Auto_Acct001}
2020-08-25 12:47:05,186  INFO - Initializing keyword EditAccount
2020-08-25 12:47:05,187  INFO - Executing keyword EditAccount
