2020-08-26 16:45:16,758  INFO - Run by: QUALITEST\ramanamma.robbi
2020-08-26 16:45:16,764  INFO - Opening C:\genesys\Genesys-Automation-master\Datasheets\CPQ_Automation_POC_Classic.xls
2020-08-26 16:45:17,066  INFO - Changing log level
2020-08-26 16:45:17,067  INFO - Log Level has successfuly changed to: TRACE
2020-08-26 16:45:17,067 DEBUG - Loading test case 'Verify user is able to edit account'
2020-08-26 16:45:17,071 DEBUG - Creating test case Verify user is able to edit account
2020-08-26 16:45:17,088 DEBUG - Loading keyword 'LoginToApplication' in app 'Classic'
2020-08-26 16:45:17,093 DEBUG - Checking in com.qualitestgroup.keywords.classic.Classic
2020-08-26 16:45:17,135 DEBUG - Loading keyword 'EditAccount' in app 'Classic'
2020-08-26 16:45:17,135 DEBUG - Checking in com.qualitestgroup.keywords.classic.Classic
2020-08-26 16:45:17,139 DEBUG - Loading keyword 'SaveAccountDetails' in app 'Classic'
2020-08-26 16:45:17,139 DEBUG - Checking in com.qualitestgroup.keywords.classic.Classic
2020-08-26 16:45:17,142 DEBUG - Loading keyword 'LogoutOfApplication' in app 'Classic'
2020-08-26 16:45:17,142 DEBUG - Checking in com.qualitestgroup.keywords.classic.Classic
2020-08-26 16:45:17,152  INFO - Checking Verify user is able to edit account's dependencies.
2020-08-26 16:45:17,152  INFO - Dependencies OK, running test.
2020-08-26 16:45:17,154  INFO - Changing log level
2020-08-26 16:45:17,154  INFO - Log Level has successfuly changed to: TRACE
2020-08-26 16:45:17,154  INFO - Changing log level
2020-08-26 16:45:17,154  INFO - Log Level has successfuly changed to: TRACE
2020-08-26 16:45:17,168  INFO - Loading test data for Verify user is able to edit account
2020-08-26 16:45:17,189  INFO - Changing log level
2020-08-26 16:45:17,190  INFO - Log Level has successfuly changed to: TRACE
2020-08-26 16:45:17,190  INFO - Verify user is able to edit account run #1
2020-08-26 16:45:17,190 DEBUG - Args: {Username=siva_surya_prasand.arivalagan@genesys.com.qa, URL=https://genesys--qa.my.salesforce.com/, Browser=Chrome, Password=S@lesforce2}
2020-08-26 16:45:17,190  INFO - Initializing keyword LoginToApplication
2020-08-26 16:45:17,191  INFO - Executing keyword LoginToApplication
2020-08-26 16:45:17,192 DEBUG - Checking in com.qualitestgroup.keywords.browser.Browser
2020-08-26 16:45:17,193 DEBUG - Checking in com.qualitestgroup.keywords.common.Browser
2020-08-26 16:45:17,200 DEBUG - Args: {Browser=Chrome}
2020-08-26 16:45:17,200  INFO - Initializing keyword Launch
2020-08-26 16:45:17,201  INFO - Executing keyword Launch
2020-08-26 16:45:24,050  INFO - Cleaning up keyword Launch
2020-08-26 16:45:24,050  INFO - Keyword Launch complete.
2020-08-26 16:45:40,547  INFO - Cleaning up keyword LoginToApplication
2020-08-26 16:45:40,547  INFO - Keyword LoginToApplication complete.
2020-08-26 16:45:41,752 DEBUG - Arguments: {Username=siva_surya_prasand.arivalagan@genesys.com.qa, URL=https://genesys--qa.my.salesforce.com/, Browser=Chrome, Password=S@lesforce2}
2020-08-26 16:45:42,122 DEBUG - <a href="screenshots/shot_2020-8-26_16h45m41s753ms.jpg">Screen Shot</a>
2020-08-26 16:45:42,124 DEBUG - Args: {AccountName=ACCT_1234}
2020-08-26 16:45:42,124  INFO - Initializing keyword EditAccount
2020-08-26 16:45:42,125  INFO - Executing keyword EditAccount
2020-08-26 16:49:37,554  INFO - Cleaning up keyword EditAccount
2020-08-26 16:49:38,498  INFO - Keyword EditAccount complete.
2020-08-26 16:49:46,254 DEBUG - Arguments: {AccountName=ACCT_1234}
2020-08-26 16:49:48,403 DEBUG - <a href="screenshots/shot_2020-8-26_16h49m47s912ms.jpg">Screen Shot</a>
2020-08-26 16:49:48,403 DEBUG - Args: {}
2020-08-26 16:49:48,403  INFO - Initializing keyword SaveAccountDetails
2020-08-26 16:49:48,403  INFO - Executing keyword SaveAccountDetails
2020-08-26 16:49:55,195  INFO - Cleaning up keyword SaveAccountDetails
2020-08-26 16:49:55,195  INFO - Keyword SaveAccountDetails complete.
2020-08-26 16:49:55,613 DEBUG - Arguments: {}
2020-08-26 16:49:55,980 DEBUG - <a href="screenshots/shot_2020-8-26_16h49m55s615ms.jpg">Screen Shot</a>
2020-08-26 16:49:55,981 DEBUG - Args: {}
2020-08-26 16:49:55,982  INFO - Initializing keyword LogoutOfApplication
2020-08-26 16:49:55,982  INFO - Executing keyword LogoutOfApplication
2020-08-26 16:49:57,661  INFO - Cleaning up keyword LogoutOfApplication
2020-08-26 16:49:57,662  INFO - Keyword LogoutOfApplication complete.
2020-08-26 16:49:58,020 DEBUG - Arguments: {}
2020-08-26 16:49:58,499 DEBUG - <a href="screenshots/shot_2020-8-26_16h49m58s21ms.jpg">Screen Shot</a>
2020-08-26 16:49:58,522  INFO - Verify user is able to edit account completed.
